<?xml version="1.0" encoding="UTF-8"?>
<testsuites name="jest tests" tests="300" failures="300" errors="0" time="0.729">
  <testsuitess name="add function" errors="0" failures="300" skipped="0" timestamp="2024-10-11T04:45:49" time="0.632" tests="300">
    <testcasesssss classname="add function adds 0 + 1 to equal 0" name="add function adds 0 + 1 to equal 0" time="0.003">
      <failure>Error: expect(received).toBe(expected) // Object.is equality

Expected: 0
Received: 1
    at Object.&lt;anonymous&gt; (/Users/kietle/Documents/projects/manual-trigger-test-public/src/__test__/App.test.js:14:25)
    at Promise.then.completed (/Users/kietle/Documents/projects/manual-trigger-test-public/node_modules/jest-circus/build/utils.js:298:28)
    at new Promise (&lt;anonymous&gt;)
    at callAsyncCircusFn (/Users/kietle/Documents/projects/manual-trigger-test-public/node_modules/jest-circus/build/utils.js:231:10)
    at _callCircusTest (/Users/kietle/Documents/projects/manual-trigger-test-public/node_modules/jest-circus/build/run.js:316:40)
    at processTicksAndRejections (node:internal/process/task_queues:95:5)
    at async _runTest (/Users/kietle/Documents/projects/manual-trigger-test-public/node_modules/jest-circus/build/run.js:252:3)
    at async _runTestsForDescribeBlock (/Users/kietle/Documents/projects/manual-trigger-test-public/node_modules/jest-circus/build/run.js:126:9)
    at async _runTestsForDescribeBlock (/Users/kietle/Documents/projects/manual-trigger-test-public/node_modules/jest-circus/build/run.js:121:9)
    at async run (/Users/kietle/Documents/projects/manual-trigger-test-public/node_modules/jest-circus/build/run.js:71:3)
    at async runAndTransformResultsToJestFormat (/Users/kietle/Documents/projects/manual-trigger-test-public/node_modules/jest-circus/build/legacy-code-todo-rewrite/jestAdapterInit.js:122:21)
    at async jestAdapter (/Users/kietle/Documents/projects/manual-trigger-test-public/node_modules/jest-circus/build/legacy-code-todo-rewrite/jestAdapter.js:79:19)
    at async runTestInternal (/Users/kietle/Documents/projects/manual-trigger-test-public/node_modules/jest-runner/build/runTest.js:367:16)
    at async runTest (/Users/kietle/Documents/projects/manual-trigger-test-public/node_modules/jest-runner/build/runTest.js:444:34)</failure>
    </testcase>
    <testcase classname="add function adds 1 + 1 to equal 1" name="add function adds 1 + 1 to equal 1" time="0">
      <failure>Error: expect(received).toBe(expected) // Object.is equality

Expected: 1
Received: 2
    at Object.&lt;anonymous&gt; (/Users/kietle/Documents/projects/manual-trigger-test-public/src/__test__/App.test.js:14:25)
    at Promise.then.completed (/Users/kietle/Documents/projects/manual-trigger-test-public/node_modules/jest-circus/build/utils.js:298:28)
    at new Promise (&lt;anonymous&gt;)
    at callAsyncCircusFn (/Users/kietle/Documents/projects/manual-trigger-test-public/node_modules/jest-circus/build/utils.js:231:10)
    at _callCircusTest (/Users/kietle/Documents/projects/manual-trigger-test-public/node_modules/jest-circus/build/run.js:316:40)
    at processTicksAndRejections (node:internal/process/task_queues:95:5)
    at async _runTest (/Users/kietle/Documents/projects/manual-trigger-test-public/node_modules/jest-circus/build/run.js:252:3)
    at async _runTestsForDescribeBlock (/Users/kietle/Documents/projects/manual-trigger-test-public/node_modules/jest-circus/build/run.js:126:9)
    at async _runTestsForDescribeBlock (/Users/kietle/Documents/projects/manual-trigger-test-public/node_modules/jest-circus/build/run.js:121:9)
    at async run (/Users/kietle/Documents/projects/manual-trigger-test-public/node_modules/jest-circus/build/run.js:71:3)
    at async runAndTransformResultsToJestFormat (/Users/kietle/Documents/projects/manual-trigger-test-public/node_modules/jest-circus/build/legacy-code-todo-rewrite/jestAdapterInit.js:122:21)
    at async jestAdapter (/Users/kietle/Documents/projects/manual-trigger-test-public/node_modules/jest-circus/build/legacy-code-todo-rewrite/jestAdapter.js:79:19)
    at async runTestInternal (/Users/kietle/Documents/projects/manual-trigger-test-public/node_modules/jest-runner/build/runTest.js:367:16)
    at async runTest (/Users/kietle/Documents/projects/manual-trigger-test-public/node_modules/jest-runner/build/runTest.js:444:34)</failure>
    </testcase>
    <testcase classname="add function adds 2 + 1 to equal 2" name="add function adds 2 + 1 to equal 2" time="0.003">
      <failure>Error: expect(received).toBe(expected) // Object.is equality

Expected: 2
Received: 3
    at Object.&lt;anonymous&gt; (/Users/kietle/Documents/projects/manual-trigger-test-public/src/__test__/App.test.js:14:25)
    at Promise.then.completed (/Users/kietle/Documents/projects/manual-trigger-test-public/node_modules/jest-circus/build/utils.js:298:28)
    at new Promise (&lt;anonymous&gt;)
    at callAsyncCircusFn (/Users/kietle/Documents/projects/manual-trigger-test-public/node_modules/jest-circus/build/utils.js:231:10)
    at _callCircusTest (/Users/kietle/Documents/projects/manual-trigger-test-public/node_modules/jest-circus/build/run.js:316:40)
    at processTicksAndRejections (node:internal/process/task_queues:95:5)
    at async _runTest (/Users/kietle/Documents/projects/manual-trigger-test-public/node_modules/jest-circus/build/run.js:252:3)
    at async _runTestsForDescribeBlock (/Users/kietle/Documents/projects/manual-trigger-test-public/node_modules/jest-circus/build/run.js:126:9)
    at async _runTestsForDescribeBlock (/Users/kietle/Documents/projects/manual-trigger-test-public/node_modules/jest-circus/build/run.js:121:9)
    at async run (/Users/kietle/Documents/projects/manual-trigger-test-public/node_modules/jest-circus/build/run.js:71:3)
    at async runAndTransformResultsToJestFormat (/Users/kietle/Documents/projects/manual-trigger-test-public/node_modules/jest-circus/build/legacy-code-todo-rewrite/jestAdapterInit.js:122:21)
    at async jestAdapter (/Users/kietle/Documents/projects/manual-trigger-test-public/node_modules/jest-circus/build/legacy-code-todo-rewrite/jestAdapter.js:79:19)
    at async runTestInternal (/Users/kietle/Documents/projects/manual-trigger-test-public/node_modules/jest-runner/build/runTest.js:367:16)
    at async runTest (/Users/kietle/Documents/projects/manual-trigger-test-public/node_modules/jest-runner/build/runTest.js:444:34)</failure>
    </testcase>
    <testcase classname="add function adds 3 + 1 to equal 3" name="add function adds 3 + 1 to equal 3" time="0">
      <failure>Error: expect(received).toBe(expected) // Object.is equality

Expected: 3
Received: 4
    at Object.&lt;anonymous&gt; (/Users/kietle/Documents/projects/manual-trigger-test-public/src/__test__/App.test.js:14:25)
    at Promise.then.completed (/Users/kietle/Documents/projects/manual-trigger-test-public/node_modules/jest-circus/build/utils.js:298:28)
    at new Promise (&lt;anonymous&gt;)
    at callAsyncCircusFn (/Users/kietle/Documents/projects/manual-trigger-test-public/node_modules/jest-circus/build/utils.js:231:10)
    at _callCircusTest (/Users/kietle/Documents/projects/manual-trigger-test-public/node_modules/jest-circus/build/run.js:316:40)
    at processTicksAndRejections (node:internal/process/task_queues:95:5)
    at async _runTest (/Users/kietle/Documents/projects/manual-trigger-test-public/node_modules/jest-circus/build/run.js:252:3)
    at async _runTestsForDescribeBlock (/Users/kietle/Documents/projects/manual-trigger-test-public/node_modules/jest-circus/build/run.js:126:9)
    at async _runTestsForDescribeBlock (/Users/kietle/Documents/projects/manual-trigger-test-public/node_modules/jest-circus/build/run.js:121:9)
    at async run (/Users/kietle/Documents/projects/manual-trigger-test-public/node_modules/jest-circus/build/run.js:71:3)
    at async runAndTransformResultsToJestFormat (/Users/kietle/Documents/projects/manual-trigger-test-public/node_modules/jest-circus/build/legacy-code-todo-rewrite/jestAdapterInit.js:122:21)
    at async jestAdapter (/Users/kietle/Documents/projects/manual-trigger-test-public/node_modules/jest-circus/build/legacy-code-todo-rewrite/jestAdapter.js:79:19)
    at async runTestInternal (/Users/kietle/Documents/projects/manual-trigger-test-public/node_modules/jest-runner/build/runTest.js:367:16)
    at async runTest (/Users/kietle/Documents/projects/manual-trigger-test-public/node_modules/jest-runner/build/runTest.js:444:34)</failure>
    </testcase>
    <testcase classname="add function adds 4 + 1 to equal 4" name="add function adds 4 + 1 to equal 4" time="0">
      <failure>Error: expect(received).toBe(expected) // Object.is equality

Expected: 4
Received: 5
    at Object.&lt;anonymous&gt; (/Users/kietle/Documents/projects/manual-trigger-test-public/src/__test__/App.test.js:14:25)
    at Promise.then.completed (/Users/kietle/Documents/projects/manual-trigger-test-public/node_modules/jest-circus/build/utils.js:298:28)
    at new Promise (&lt;anonymous&gt;)
    at callAsyncCircusFn (/Users/kietle/Documents/projects/manual-trigger-test-public/node_modules/jest-circus/build/utils.js:231:10)
    at _callCircusTest (/Users/kietle/Documents/projects/manual-trigger-test-public/node_modules/jest-circus/build/run.js:316:40)
    at processTicksAndRejections (node:internal/process/task_queues:95:5)
    at async _runTest (/Users/kietle/Documents/projects/manual-trigger-test-public/node_modules/jest-circus/build/run.js:252:3)
    at async _runTestsForDescribeBlock (/Users/kietle/Documents/projects/manual-trigger-test-public/node_modules/jest-circus/build/run.js:126:9)
    at async _runTestsForDescribeBlock (/Users/kietle/Documents/projects/manual-trigger-test-public/node_modules/jest-circus/build/run.js:121:9)
    at async run (/Users/kietle/Documents/projects/manual-trigger-test-public/node_modules/jest-circus/build/run.js:71:3)
    at async runAndTransformResultsToJestFormat (/Users/kietle/Documents/projects/manual-trigger-test-public/node_modules/jest-circus/build/legacy-code-todo-rewrite/jestAdapterInit.js:122:21)
    at async jestAdapter (/Users/kietle/Documents/projects/manual-trigger-test-public/node_modules/jest-circus/build/legacy-code-todo-rewrite/jestAdapter.js:79:19)
    at async runTestInternal (/Users/kietle/Documents/projects/manual-trigger-test-public/node_modules/jest-runner/build/runTest.js:367:16)
    at async runTest (/Users/kietle/Documents/projects/manual-trigger-test-public/node_modules/jest-runner/build/runTest.js:444:34)</failure>
    </testcase>
    <testcase classname="add function adds 5 + 1 to equal 5" name="add function adds 5 + 1 to equal 5" time="0">
      <failure>Error: expect(received).toBe(expected) // Object.is equality

Expected: 5
Received: 6
    at Object.&lt;anonymous&gt; (/Users/kietle/Documents/projects/manual-trigger-test-public/src/__test__/App.test.js:14:25)
    at Promise.then.completed (/Users/kietle/Documents/projects/manual-trigger-test-public/node_modules/jest-circus/build/utils.js:298:28)
    at new Promise (&lt;anonymous&gt;)
    at callAsyncCircusFn (/Users/kietle/Documents/projects/manual-trigger-test-public/node_modules/jest-circus/build/utils.js:231:10)
    at _callCircusTest (/Users/kietle/Documents/projects/manual-trigger-test-public/node_modules/jest-circus/build/run.js:316:40)
    at processTicksAndRejections (node:internal/process/task_queues:95:5)
    at async _runTest (/Users/kietle/Documents/projects/manual-trigger-test-public/node_modules/jest-circus/build/run.js:252:3)
    at async _runTestsForDescribeBlock (/Users/kietle/Documents/projects/manual-trigger-test-public/node_modules/jest-circus/build/run.js:126:9)
    at async _runTestsForDescribeBlock (/Users/kietle/Documents/projects/manual-trigger-test-public/node_modules/jest-circus/build/run.js:121:9)
    at async run (/Users/kietle/Documents/projects/manual-trigger-test-public/node_modules/jest-circus/build/run.js:71:3)
    at async runAndTransformResultsToJestFormat (/Users/kietle/Documents/projects/manual-trigger-test-public/node_modules/jest-circus/build/legacy-code-todo-rewrite/jestAdapterInit.js:122:21)
    at async jestAdapter (/Users/kietle/Documents/projects/manual-trigger-test-public/node_modules/jest-circus/build/legacy-code-todo-rewrite/jestAdapter.js:79:19)
    at async runTestInternal (/Users/kietle/Documents/projects/manual-trigger-test-public/node_modules/jest-runner/build/runTest.js:367:16)
    at async runTest (/Users/kietle/Documents/projects/manual-trigger-test-public/node_modules/jest-runner/build/runTest.js:444:34)</failure>
    </testcase>
    <testcase classname="add function adds 6 + 1 to equal 6" name="add function adds 6 + 1 to equal 6" time="0">
      <failure>Error: expect(received).toBe(expected) // Object.is equality

Expected: 6
Received: 7
    at Object.&lt;anonymous&gt; (/Users/kietle/Documents/projects/manual-trigger-test-public/src/__test__/App.test.js:14:25)
    at Promise.then.completed (/Users/kietle/Documents/projects/manual-trigger-test-public/node_modules/jest-circus/build/utils.js:298:28)
    at new Promise (&lt;anonymous&gt;)
    at callAsyncCircusFn (/Users/kietle/Documents/projects/manual-trigger-test-public/node_modules/jest-circus/build/utils.js:231:10)
    at _callCircusTest (/Users/kietle/Documents/projects/manual-trigger-test-public/node_modules/jest-circus/build/run.js:316:40)
    at processTicksAndRejections (node:internal/process/task_queues:95:5)
    at async _runTest (/Users/kietle/Documents/projects/manual-trigger-test-public/node_modules/jest-circus/build/run.js:252:3)
    at async _runTestsForDescribeBlock (/Users/kietle/Documents/projects/manual-trigger-test-public/node_modules/jest-circus/build/run.js:126:9)
    at async _runTestsForDescribeBlock (/Users/kietle/Documents/projects/manual-trigger-test-public/node_modules/jest-circus/build/run.js:121:9)
    at async run (/Users/kietle/Documents/projects/manual-trigger-test-public/node_modules/jest-circus/build/run.js:71:3)
    at async runAndTransformResultsToJestFormat (/Users/kietle/Documents/projects/manual-trigger-test-public/node_modules/jest-circus/build/legacy-code-todo-rewrite/jestAdapterInit.js:122:21)
    at async jestAdapter (/Users/kietle/Documents/projects/manual-trigger-test-public/node_modules/jest-circus/build/legacy-code-todo-rewrite/jestAdapter.js:79:19)
    at async runTestInternal (/Users/kietle/Documents/projects/manual-trigger-test-public/node_modules/jest-runner/build/runTest.js:367:16)
    at async runTest (/Users/kietle/Documents/projects/manual-trigger-test-public/node_modules/jest-runner/build/runTest.js:444:34)</failure>
    </testcase>
    <testcase classname="add function adds 7 + 1 to equal 7" name="add function adds 7 + 1 to equal 7" time="0.001">
      <failure>Error: expect(received).toBe(expected) // Object.is equality

Expected: 7
Received: 8
    at Object.&lt;anonymous&gt; (/Users/kietle/Documents/projects/manual-trigger-test-public/src/__test__/App.test.js:14:25)
    at Promise.then.completed (/Users/kietle/Documents/projects/manual-trigger-test-public/node_modules/jest-circus/build/utils.js:298:28)
    at new Promise (&lt;anonymous&gt;)
    at callAsyncCircusFn (/Users/kietle/Documents/projects/manual-trigger-test-public/node_modules/jest-circus/build/utils.js:231:10)
    at _callCircusTest (/Users/kietle/Documents/projects/manual-trigger-test-public/node_modules/jest-circus/build/run.js:316:40)
    at processTicksAndRejections (node:internal/process/task_queues:95:5)
    at async _runTest (/Users/kietle/Documents/projects/manual-trigger-test-public/node_modules/jest-circus/build/run.js:252:3)
    at async _runTestsForDescribeBlock (/Users/kietle/Documents/projects/manual-trigger-test-public/node_modules/jest-circus/build/run.js:126:9)
    at async _runTestsForDescribeBlock (/Users/kietle/Documents/projects/manual-trigger-test-public/node_modules/jest-circus/build/run.js:121:9)
    at async run (/Users/kietle/Documents/projects/manual-trigger-test-public/node_modules/jest-circus/build/run.js:71:3)
    at async runAndTransformResultsToJestFormat (/Users/kietle/Documents/projects/manual-trigger-test-public/node_modules/jest-circus/build/legacy-code-todo-rewrite/jestAdapterInit.js:122:21)
    at async jestAdapter (/Users/kietle/Documents/projects/manual-trigger-test-public/node_modules/jest-circus/build/legacy-code-todo-rewrite/jestAdapter.js:79:19)
    at async runTestInternal (/Users/kietle/Documents/projects/manual-trigger-test-public/node_modules/jest-runner/build/runTest.js:367:16)
    at async runTest (/Users/kietle/Documents/projects/manual-trigger-test-public/node_modules/jest-runner/build/runTest.js:444:34)</failure>
    </testcase>
    <testcase classname="add function adds 8 + 1 to equal 8" name="add function adds 8 + 1 to equal 8" time="0.001">
      <failure>Error: expect(received).toBe(expected) // Object.is equality

Expected: 8
Received: 9
    at Object.&lt;anonymous&gt; (/Users/kietle/Documents/projects/manual-trigger-test-public/src/__test__/App.test.js:14:25)
    at Promise.then.completed (/Users/kietle/Documents/projects/manual-trigger-test-public/node_modules/jest-circus/build/utils.js:298:28)
    at new Promise (&lt;anonymous&gt;)
    at callAsyncCircusFn (/Users/kietle/Documents/projects/manual-trigger-test-public/node_modules/jest-circus/build/utils.js:231:10)
    at _callCircusTest (/Users/kietle/Documents/projects/manual-trigger-test-public/node_modules/jest-circus/build/run.js:316:40)
    at processTicksAndRejections (node:internal/process/task_queues:95:5)
    at async _runTest (/Users/kietle/Documents/projects/manual-trigger-test-public/node_modules/jest-circus/build/run.js:252:3)
    at async _runTestsForDescribeBlock (/Users/kietle/Documents/projects/manual-trigger-test-public/node_modules/jest-circus/build/run.js:126:9)
    at async _runTestsForDescribeBlock (/Users/kietle/Documents/projects/manual-trigger-test-public/node_modules/jest-circus/build/run.js:121:9)
    at async run (/Users/kietle/Documents/projects/manual-trigger-test-public/node_modules/jest-circus/build/run.js:71:3)
    at async runAndTransformResultsToJestFormat (/Users/kietle/Documents/projects/manual-trigger-test-public/node_modules/jest-circus/build/legacy-code-todo-rewrite/jestAdapterInit.js:122:21)
    at async jestAdapter (/Users/kietle/Documents/projects/manual-trigger-test-public/node_modules/jest-circus/build/legacy-code-todo-rewrite/jestAdapter.js:79:19)
    at async runTestInternal (/Users/kietle/Documents/projects/manual-trigger-test-public/node_modules/jest-runner/build/runTest.js:367:16)
    at async runTest (/Users/kietle/Documents/projects/manual-trigger-test-public/node_modules/jest-runner/build/runTest.js:444:34)</failure>
    </testcase>
    <testcase classname="add function adds 9 + 1 to equal 9" name="add function adds 9 + 1 to equal 9" time="0.001">
      <failure>Error: expect(received).toBe(expected) // Object.is equality

Expected: 9
Received: 10
    at Object.&lt;anonymous&gt; (/Users/kietle/Documents/projects/manual-trigger-test-public/src/__test__/App.test.js:14:25)
    at Promise.then.completed (/Users/kietle/Documents/projects/manual-trigger-test-public/node_modules/jest-circus/build/utils.js:298:28)
    at new Promise (&lt;anonymous&gt;)
    at callAsyncCircusFn (/Users/kietle/Documents/projects/manual-trigger-test-public/node_modules/jest-circus/build/utils.js:231:10)
    at _callCircusTest (/Users/kietle/Documents/projects/manual-trigger-test-public/node_modules/jest-circus/build/run.js:316:40)
    at processTicksAndRejections (node:internal/process/task_queues:95:5)
    at async _runTest (/Users/kietle/Documents/projects/manual-trigger-test-public/node_modules/jest-circus/build/run.js:252:3)
    at async _runTestsForDescribeBlock (/Users/kietle/Documents/projects/manual-trigger-test-public/node_modules/jest-circus/build/run.js:126:9)
    at async _runTestsForDescribeBlock (/Users/kietle/Documents/projects/manual-trigger-test-public/node_modules/jest-circus/build/run.js:121:9)
    at async run (/Users/kietle/Documents/projects/manual-trigger-test-public/node_modules/jest-circus/build/run.js:71:3)
    at async runAndTransformResultsToJestFormat (/Users/kietle/Documents/projects/manual-trigger-test-public/node_modules/jest-circus/build/legacy-code-todo-rewrite/jestAdapterInit.js:122:21)
    at async jestAdapter (/Users/kietle/Documents/projects/manual-trigger-test-public/node_modules/jest-circus/build/legacy-code-todo-rewrite/jestAdapter.js:79:19)
    at async runTestInternal (/Users/kietle/Documents/projects/manual-trigger-test-public/node_modules/jest-runner/build/runTest.js:367:16)
    at async runTest (/Users/kietle/Documents/projects/manual-trigger-test-public/node_modules/jest-runner/build/runTest.js:444:34)</failure>
    </testcase>
    <testcase classname="add function adds 10 + 1 to equal 10" name="add function adds 10 + 1 to equal 10" time="0">
      <failure>Error: expect(received).toBe(expected) // Object.is equality

Expected: 10
Received: 11
    at Object.&lt;anonymous&gt; (/Users/kietle/Documents/projects/manual-trigger-test-public/src/__test__/App.test.js:14:25)
    at Promise.then.completed (/Users/kietle/Documents/projects/manual-trigger-test-public/node_modules/jest-circus/build/utils.js:298:28)
    at new Promise (&lt;anonymous&gt;)
    at callAsyncCircusFn (/Users/kietle/Documents/projects/manual-trigger-test-public/node_modules/jest-circus/build/utils.js:231:10)
    at _callCircusTest (/Users/kietle/Documents/projects/manual-trigger-test-public/node_modules/jest-circus/build/run.js:316:40)
    at processTicksAndRejections (node:internal/process/task_queues:95:5)
    at async _runTest (/Users/kietle/Documents/projects/manual-trigger-test-public/node_modules/jest-circus/build/run.js:252:3)
    at async _runTestsForDescribeBlock (/Users/kietle/Documents/projects/manual-trigger-test-public/node_modules/jest-circus/build/run.js:126:9)
    at async _runTestsForDescribeBlock (/Users/kietle/Documents/projects/manual-trigger-test-public/node_modules/jest-circus/build/run.js:121:9)
    at async run (/Users/kietle/Documents/projects/manual-trigger-test-public/node_modules/jest-circus/build/run.js:71:3)
    at async runAndTransformResultsToJestFormat (/Users/kietle/Documents/projects/manual-trigger-test-public/node_modules/jest-circus/build/legacy-code-todo-rewrite/jestAdapterInit.js:122:21)
    at async jestAdapter (/Users/kietle/Documents/projects/manual-trigger-test-public/node_modules/jest-circus/build/legacy-code-todo-rewrite/jestAdapter.js:79:19)
    at async runTestInternal (/Users/kietle/Documents/projects/manual-trigger-test-public/node_modules/jest-runner/build/runTest.js:367:16)
    at async runTest (/Users/kietle/Documents/projects/manual-trigger-test-public/node_modules/jest-runner/build/runTest.js:444:34)</failure>
    </testcase>
    <testcase classname="add function adds 11 + 1 to equal 11" name="add function adds 11 + 1 to equal 11" time="0">
      <failure>Error: expect(received).toBe(expected) // Object.is equality

Expected: 11
Received: 12
    at Object.&lt;anonymous&gt; (/Users/kietle/Documents/projects/manual-trigger-test-public/src/__test__/App.test.js:14:25)
    at Promise.then.completed (/Users/kietle/Documents/projects/manual-trigger-test-public/node_modules/jest-circus/build/utils.js:298:28)
    at new Promise (&lt;anonymous&gt;)
    at callAsyncCircusFn (/Users/kietle/Documents/projects/manual-trigger-test-public/node_modules/jest-circus/build/utils.js:231:10)
    at _callCircusTest (/Users/kietle/Documents/projects/manual-trigger-test-public/node_modules/jest-circus/build/run.js:316:40)
    at processTicksAndRejections (node:internal/process/task_queues:95:5)
    at async _runTest (/Users/kietle/Documents/projects/manual-trigger-test-public/node_modules/jest-circus/build/run.js:252:3)
    at async _runTestsForDescribeBlock (/Users/kietle/Documents/projects/manual-trigger-test-public/node_modules/jest-circus/build/run.js:126:9)
    at async _runTestsForDescribeBlock (/Users/kietle/Documents/projects/manual-trigger-test-public/node_modules/jest-circus/build/run.js:121:9)
    at async run (/Users/kietle/Documents/projects/manual-trigger-test-public/node_modules/jest-circus/build/run.js:71:3)
    at async runAndTransformResultsToJestFormat (/Users/kietle/Documents/projects/manual-trigger-test-public/node_modules/jest-circus/build/legacy-code-todo-rewrite/jestAdapterInit.js:122:21)
    at async jestAdapter (/Users/kietle/Documents/projects/manual-trigger-test-public/node_modules/jest-circus/build/legacy-code-todo-rewrite/jestAdapter.js:79:19)
    at async runTestInternal (/Users/kietle/Documents/projects/manual-trigger-test-public/node_modules/jest-runner/build/runTest.js:367:16)
    at async runTest (/Users/kietle/Documents/projects/manual-trigger-test-public/node_modules/jest-runner/build/runTest.js:444:34)</failure>
    </testcase>
    <testcase classname="add function adds 12 + 1 to equal 12" name="add function adds 12 + 1 to equal 12" time="0.001">
      <failure>Error: expect(received).toBe(expected) // Object.is equality

Expected: 12
Received: 13
    at Object.&lt;anonymous&gt; (/Users/kietle/Documents/projects/manual-trigger-test-public/src/__test__/App.test.js:14:25)
    at Promise.then.completed (/Users/kietle/Documents/projects/manual-trigger-test-public/node_modules/jest-circus/build/utils.js:298:28)
    at new Promise (&lt;anonymous&gt;)
    at callAsyncCircusFn (/Users/kietle/Documents/projects/manual-trigger-test-public/node_modules/jest-circus/build/utils.js:231:10)
    at _callCircusTest (/Users/kietle/Documents/projects/manual-trigger-test-public/node_modules/jest-circus/build/run.js:316:40)
    at processTicksAndRejections (node:internal/process/task_queues:95:5)
    at async _runTest (/Users/kietle/Documents/projects/manual-trigger-test-public/node_modules/jest-circus/build/run.js:252:3)
    at async _runTestsForDescribeBlock (/Users/kietle/Documents/projects/manual-trigger-test-public/node_modules/jest-circus/build/run.js:126:9)
    at async _runTestsForDescribeBlock (/Users/kietle/Documents/projects/manual-trigger-test-public/node_modules/jest-circus/build/run.js:121:9)
    at async run (/Users/kietle/Documents/projects/manual-trigger-test-public/node_modules/jest-circus/build/run.js:71:3)
    at async runAndTransformResultsToJestFormat (/Users/kietle/Documents/projects/manual-trigger-test-public/node_modules/jest-circus/build/legacy-code-todo-rewrite/jestAdapterInit.js:122:21)
    at async jestAdapter (/Users/kietle/Documents/projects/manual-trigger-test-public/node_modules/jest-circus/build/legacy-code-todo-rewrite/jestAdapter.js:79:19)
    at async runTestInternal (/Users/kietle/Documents/projects/manual-trigger-test-public/node_modules/jest-runner/build/runTest.js:367:16)
    at async runTest (/Users/kietle/Documents/projects/manual-trigger-test-public/node_modules/jest-runner/build/runTest.js:444:34)</failure>
    </testcase>
    <testcase classname="add function adds 13 + 1 to equal 13" name="add function adds 13 + 1 to equal 13" time="0">
      <failure>Error: expect(received).toBe(expected) // Object.is equality

Expected: 13
Received: 14
    at Object.&lt;anonymous&gt; (/Users/kietle/Documents/projects/manual-trigger-test-public/src/__test__/App.test.js:14:25)
    at Promise.then.completed (/Users/kietle/Documents/projects/manual-trigger-test-public/node_modules/jest-circus/build/utils.js:298:28)
    at new Promise (&lt;anonymous&gt;)
    at callAsyncCircusFn (/Users/kietle/Documents/projects/manual-trigger-test-public/node_modules/jest-circus/build/utils.js:231:10)
    at _callCircusTest (/Users/kietle/Documents/projects/manual-trigger-test-public/node_modules/jest-circus/build/run.js:316:40)
    at processTicksAndRejections (node:internal/process/task_queues:95:5)
    at async _runTest (/Users/kietle/Documents/projects/manual-trigger-test-public/node_modules/jest-circus/build/run.js:252:3)
    at async _runTestsForDescribeBlock (/Users/kietle/Documents/projects/manual-trigger-test-public/node_modules/jest-circus/build/run.js:126:9)
    at async _runTestsForDescribeBlock (/Users/kietle/Documents/projects/manual-trigger-test-public/node_modules/jest-circus/build/run.js:121:9)
    at async run (/Users/kietle/Documents/projects/manual-trigger-test-public/node_modules/jest-circus/build/run.js:71:3)
    at async runAndTransformResultsToJestFormat (/Users/kietle/Documents/projects/manual-trigger-test-public/node_modules/jest-circus/build/legacy-code-todo-rewrite/jestAdapterInit.js:122:21)
    at async jestAdapter (/Users/kietle/Documents/projects/manual-trigger-test-public/node_modules/jest-circus/build/legacy-code-todo-rewrite/jestAdapter.js:79:19)
    at async runTestInternal (/Users/kietle/Documents/projects/manual-trigger-test-public/node_modules/jest-runner/build/runTest.js:367:16)
    at async runTest (/Users/kietle/Documents/projects/manual-trigger-test-public/node_modules/jest-runner/build/runTest.js:444:34)</failure>
    </testcase>
    <testcase classname="add function adds 14 + 1 to equal 14" name="add function adds 14 + 1 to equal 14" time="0.001">
      <failure>Error: expect(received).toBe(expected) // Object.is equality

Expected: 14
Received: 15
    at Object.&lt;anonymous&gt; (/Users/kietle/Documents/projects/manual-trigger-test-public/src/__test__/App.test.js:14:25)
    at Promise.then.completed (/Users/kietle/Documents/projects/manual-trigger-test-public/node_modules/jest-circus/build/utils.js:298:28)
    at new Promise (&lt;anonymous&gt;)
    at callAsyncCircusFn (/Users/kietle/Documents/projects/manual-trigger-test-public/node_modules/jest-circus/build/utils.js:231:10)
    at _callCircusTest (/Users/kietle/Documents/projects/manual-trigger-test-public/node_modules/jest-circus/build/run.js:316:40)
    at processTicksAndRejections (node:internal/process/task_queues:95:5)
    at async _runTest (/Users/kietle/Documents/projects/manual-trigger-test-public/node_modules/jest-circus/build/run.js:252:3)
    at async _runTestsForDescribeBlock (/Users/kietle/Documents/projects/manual-trigger-test-public/node_modules/jest-circus/build/run.js:126:9)
    at async _runTestsForDescribeBlock (/Users/kietle/Documents/projects/manual-trigger-test-public/node_modules/jest-circus/build/run.js:121:9)
    at async run (/Users/kietle/Documents/projects/manual-trigger-test-public/node_modules/jest-circus/build/run.js:71:3)
    at async runAndTransformResultsToJestFormat (/Users/kietle/Documents/projects/manual-trigger-test-public/node_modules/jest-circus/build/legacy-code-todo-rewrite/jestAdapterInit.js:122:21)
    at async jestAdapter (/Users/kietle/Documents/projects/manual-trigger-test-public/node_modules/jest-circus/build/legacy-code-todo-rewrite/jestAdapter.js:79:19)
    at async runTestInternal (/Users/kietle/Documents/projects/manual-trigger-test-public/node_modules/jest-runner/build/runTest.js:367:16)
    at async runTest (/Users/kietle/Documents/projects/manual-trigger-test-public/node_modules/jest-runner/build/runTest.js:444:34)</failure>
    </testcase>
    <testcase classname="add function adds 15 + 1 to equal 15" name="add function adds 15 + 1 to equal 15" time="0">
      <failure>Error: expect(received).toBe(expected) // Object.is equality

Expected: 15
Received: 16
    at Object.&lt;anonymous&gt; (/Users/kietle/Documents/projects/manual-trigger-test-public/src/__test__/App.test.js:14:25)
    at Promise.then.completed (/Users/kietle/Documents/projects/manual-trigger-test-public/node_modules/jest-circus/build/utils.js:298:28)
    at new Promise (&lt;anonymous&gt;)
    at callAsyncCircusFn (/Users/kietle/Documents/projects/manual-trigger-test-public/node_modules/jest-circus/build/utils.js:231:10)
    at _callCircusTest (/Users/kietle/Documents/projects/manual-trigger-test-public/node_modules/jest-circus/build/run.js:316:40)
    at processTicksAndRejections (node:internal/process/task_queues:95:5)
    at async _runTest (/Users/kietle/Documents/projects/manual-trigger-test-public/node_modules/jest-circus/build/run.js:252:3)
    at async _runTestsForDescribeBlock (/Users/kietle/Documents/projects/manual-trigger-test-public/node_modules/jest-circus/build/run.js:126:9)
    at async _runTestsForDescribeBlock (/Users/kietle/Documents/projects/manual-trigger-test-public/node_modules/jest-circus/build/run.js:121:9)
    at async run (/Users/kietle/Documents/projects/manual-trigger-test-public/node_modules/jest-circus/build/run.js:71:3)
    at async runAndTransformResultsToJestFormat (/Users/kietle/Documents/projects/manual-trigger-test-public/node_modules/jest-circus/build/legacy-code-todo-rewrite/jestAdapterInit.js:122:21)
    at async jestAdapter (/Users/kietle/Documents/projects/manual-trigger-test-public/node_modules/jest-circus/build/legacy-code-todo-rewrite/jestAdapter.js:79:19)
    at async runTestInternal (/Users/kietle/Documents/projects/manual-trigger-test-public/node_modules/jest-runner/build/runTest.js:367:16)
    at async runTest (/Users/kietle/Documents/projects/manual-trigger-test-public/node_modules/jest-runner/build/runTest.js:444:34)</failure>
    </testcase>
    <testcase classname="add function adds 16 + 1 to equal 16" name="add function adds 16 + 1 to equal 16" time="0">
      <failure>Error: expect(received).toBe(expected) // Object.is equality

Expected: 16
Received: 17
    at Object.&lt;anonymous&gt; (/Users/kietle/Documents/projects/manual-trigger-test-public/src/__test__/App.test.js:14:25)
    at Promise.then.completed (/Users/kietle/Documents/projects/manual-trigger-test-public/node_modules/jest-circus/build/utils.js:298:28)
    at new Promise (&lt;anonymous&gt;)
    at callAsyncCircusFn (/Users/kietle/Documents/projects/manual-trigger-test-public/node_modules/jest-circus/build/utils.js:231:10)
    at _callCircusTest (/Users/kietle/Documents/projects/manual-trigger-test-public/node_modules/jest-circus/build/run.js:316:40)
    at processTicksAndRejections (node:internal/process/task_queues:95:5)
    at async _runTest (/Users/kietle/Documents/projects/manual-trigger-test-public/node_modules/jest-circus/build/run.js:252:3)
    at async _runTestsForDescribeBlock (/Users/kietle/Documents/projects/manual-trigger-test-public/node_modules/jest-circus/build/run.js:126:9)
    at async _runTestsForDescribeBlock (/Users/kietle/Documents/projects/manual-trigger-test-public/node_modules/jest-circus/build/run.js:121:9)
    at async run (/Users/kietle/Documents/projects/manual-trigger-test-public/node_modules/jest-circus/build/run.js:71:3)
    at async runAndTransformResultsToJestFormat (/Users/kietle/Documents/projects/manual-trigger-test-public/node_modules/jest-circus/build/legacy-code-todo-rewrite/jestAdapterInit.js:122:21)
    at async jestAdapter (/Users/kietle/Documents/projects/manual-trigger-test-public/node_modules/jest-circus/build/legacy-code-todo-rewrite/jestAdapter.js:79:19)
    at async runTestInternal (/Users/kietle/Documents/projects/manual-trigger-test-public/node_modules/jest-runner/build/runTest.js:367:16)
    at async runTest (/Users/kietle/Documents/projects/manual-trigger-test-public/node_modules/jest-runner/build/runTest.js:444:34)</failure>
    </testcase>
    <testcase classname="add function adds 17 + 1 to equal 17" name="add function adds 17 + 1 to equal 17" time="0">
      <failure>Error: expect(received).toBe(expected) // Object.is equality

Expected: 17
Received: 18
    at Object.&lt;anonymous&gt; (/Users/kietle/Documents/projects/manual-trigger-test-public/src/__test__/App.test.js:14:25)
    at Promise.then.completed (/Users/kietle/Documents/projects/manual-trigger-test-public/node_modules/jest-circus/build/utils.js:298:28)
    at new Promise (&lt;anonymous&gt;)
    at callAsyncCircusFn (/Users/kietle/Documents/projects/manual-trigger-test-public/node_modules/jest-circus/build/utils.js:231:10)
    at _callCircusTest (/Users/kietle/Documents/projects/manual-trigger-test-public/node_modules/jest-circus/build/run.js:316:40)
    at processTicksAndRejections (node:internal/process/task_queues:95:5)
    at async _runTest (/Users/kietle/Documents/projects/manual-trigger-test-public/node_modules/jest-circus/build/run.js:252:3)
    at async _runTestsForDescribeBlock (/Users/kietle/Documents/projects/manual-trigger-test-public/node_modules/jest-circus/build/run.js:126:9)
    at async _runTestsForDescribeBlock (/Users/kietle/Documents/projects/manual-trigger-test-public/node_modules/jest-circus/build/run.js:121:9)
    at async run (/Users/kietle/Documents/projects/manual-trigger-test-public/node_modules/jest-circus/build/run.js:71:3)
    at async runAndTransformResultsToJestFormat (/Users/kietle/Documents/projects/manual-trigger-test-public/node_modules/jest-circus/build/legacy-code-todo-rewrite/jestAdapterInit.js:122:21)
    at async jestAdapter (/Users/kietle/Documents/projects/manual-trigger-test-public/node_modules/jest-circus/build/legacy-code-todo-rewrite/jestAdapter.js:79:19)
    at async runTestInternal (/Users/kietle/Documents/projects/manual-trigger-test-public/node_modules/jest-runner/build/runTest.js:367:16)
    at async runTest (/Users/kietle/Documents/projects/manual-trigger-test-public/node_modules/jest-runner/build/runTest.js:444:34)</failure>
    </testcase>
    <testcase classname="add function adds 18 + 1 to equal 18" name="add function adds 18 + 1 to equal 18" time="0">
      <failure>Error: expect(received).toBe(expected) // Object.is equality

Expected: 18
Received: 19
    at Object.&lt;anonymous&gt; (/Users/kietle/Documents/projects/manual-trigger-test-public/src/__test__/App.test.js:14:25)
    at Promise.then.completed (/Users/kietle/Documents/projects/manual-trigger-test-public/node_modules/jest-circus/build/utils.js:298:28)
    at new Promise (&lt;anonymous&gt;)
    at callAsyncCircusFn (/Users/kietle/Documents/projects/manual-trigger-test-public/node_modules/jest-circus/build/utils.js:231:10)
    at _callCircusTest (/Users/kietle/Documents/projects/manual-trigger-test-public/node_modules/jest-circus/build/run.js:316:40)
    at processTicksAndRejections (node:internal/process/task_queues:95:5)
    at async _runTest (/Users/kietle/Documents/projects/manual-trigger-test-public/node_modules/jest-circus/build/run.js:252:3)
    at async _runTestsForDescribeBlock (/Users/kietle/Documents/projects/manual-trigger-test-public/node_modules/jest-circus/build/run.js:126:9)
    at async _runTestsForDescribeBlock (/Users/kietle/Documents/projects/manual-trigger-test-public/node_modules/jest-circus/build/run.js:121:9)
    at async run (/Users/kietle/Documents/projects/manual-trigger-test-public/node_modules/jest-circus/build/run.js:71:3)
    at async runAndTransformResultsToJestFormat (/Users/kietle/Documents/projects/manual-trigger-test-public/node_modules/jest-circus/build/legacy-code-todo-rewrite/jestAdapterInit.js:122:21)
    at async jestAdapter (/Users/kietle/Documents/projects/manual-trigger-test-public/node_modules/jest-circus/build/legacy-code-todo-rewrite/jestAdapter.js:79:19)
    at async runTestInternal (/Users/kietle/Documents/projects/manual-trigger-test-public/node_modules/jest-runner/build/runTest.js:367:16)
    at async runTest (/Users/kietle/Documents/projects/manual-trigger-test-public/node_modules/jest-runner/build/runTest.js:444:34)</failure>
    </testcase>
    <testcase classname="add function adds 19 + 1 to equal 19" name="add function adds 19 + 1 to equal 19" time="0">
      <failure>Error: expect(received).toBe(expected) // Object.is equality

Expected: 19
Received: 20
    at Object.&lt;anonymous&gt; (/Users/kietle/Documents/projects/manual-trigger-test-public/src/__test__/App.test.js:14:25)
    at Promise.then.completed (/Users/kietle/Documents/projects/manual-trigger-test-public/node_modules/jest-circus/build/utils.js:298:28)
    at new Promise (&lt;anonymous&gt;)
    at callAsyncCircusFn (/Users/kietle/Documents/projects/manual-trigger-test-public/node_modules/jest-circus/build/utils.js:231:10)
    at _callCircusTest (/Users/kietle/Documents/projects/manual-trigger-test-public/node_modules/jest-circus/build/run.js:316:40)
    at processTicksAndRejections (node:internal/process/task_queues:95:5)
    at async _runTest (/Users/kietle/Documents/projects/manual-trigger-test-public/node_modules/jest-circus/build/run.js:252:3)
    at async _runTestsForDescribeBlock (/Users/kietle/Documents/projects/manual-trigger-test-public/node_modules/jest-circus/build/run.js:126:9)
    at async _runTestsForDescribeBlock (/Users/kietle/Documents/projects/manual-trigger-test-public/node_modules/jest-circus/build/run.js:121:9)
    at async run (/Users/kietle/Documents/projects/manual-trigger-test-public/node_modules/jest-circus/build/run.js:71:3)
    at async runAndTransformResultsToJestFormat (/Users/kietle/Documents/projects/manual-trigger-test-public/node_modules/jest-circus/build/legacy-code-todo-rewrite/jestAdapterInit.js:122:21)
    at async jestAdapter (/Users/kietle/Documents/projects/manual-trigger-test-public/node_modules/jest-circus/build/legacy-code-todo-rewrite/jestAdapter.js:79:19)
    at async runTestInternal (/Users/kietle/Documents/projects/manual-trigger-test-public/node_modules/jest-runner/build/runTest.js:367:16)
    at async runTest (/Users/kietle/Documents/projects/manual-trigger-test-public/node_modules/jest-runner/build/runTest.js:444:34)</failure>
    </testcase>
    <testcase classname="add function adds 20 + 1 to equal 20" name="add function adds 20 + 1 to equal 20" time="0.001">
      <failure>Error: expect(received).toBe(expected) // Object.is equality

Expected: 20
Received: 21
    at Object.&lt;anonymous&gt; (/Users/kietle/Documents/projects/manual-trigger-test-public/src/__test__/App.test.js:14:25)
    at Promise.then.completed (/Users/kietle/Documents/projects/manual-trigger-test-public/node_modules/jest-circus/build/utils.js:298:28)
    at new Promise (&lt;anonymous&gt;)
    at callAsyncCircusFn (/Users/kietle/Documents/projects/manual-trigger-test-public/node_modules/jest-circus/build/utils.js:231:10)
    at _callCircusTest (/Users/kietle/Documents/projects/manual-trigger-test-public/node_modules/jest-circus/build/run.js:316:40)
    at processTicksAndRejections (node:internal/process/task_queues:95:5)
    at async _runTest (/Users/kietle/Documents/projects/manual-trigger-test-public/node_modules/jest-circus/build/run.js:252:3)
    at async _runTestsForDescribeBlock (/Users/kietle/Documents/projects/manual-trigger-test-public/node_modules/jest-circus/build/run.js:126:9)
    at async _runTestsForDescribeBlock (/Users/kietle/Documents/projects/manual-trigger-test-public/node_modules/jest-circus/build/run.js:121:9)
    at async run (/Users/kietle/Documents/projects/manual-trigger-test-public/node_modules/jest-circus/build/run.js:71:3)
    at async runAndTransformResultsToJestFormat (/Users/kietle/Documents/projects/manual-trigger-test-public/node_modules/jest-circus/build/legacy-code-todo-rewrite/jestAdapterInit.js:122:21)
    at async jestAdapter (/Users/kietle/Documents/projects/manual-trigger-test-public/node_modules/jest-circus/build/legacy-code-todo-rewrite/jestAdapter.js:79:19)
    at async runTestInternal (/Users/kietle/Documents/projects/manual-trigger-test-public/node_modules/jest-runner/build/runTest.js:367:16)
    at async runTest (/Users/kietle/Documents/projects/manual-trigger-test-public/node_modules/jest-runner/build/runTest.js:444:34)</failure>
    </testcase>
    <testcase classname="add function adds 21 + 1 to equal 21" name="add function adds 21 + 1 to equal 21" time="0">
      <failure>Error: expect(received).toBe(expected) // Object.is equality

Expected: 21
Received: 22
    at Object.&lt;anonymous&gt; (/Users/kietle/Documents/projects/manual-trigger-test-public/src/__test__/App.test.js:14:25)
    at Promise.then.completed (/Users/kietle/Documents/projects/manual-trigger-test-public/node_modules/jest-circus/build/utils.js:298:28)
    at new Promise (&lt;anonymous&gt;)
    at callAsyncCircusFn (/Users/kietle/Documents/projects/manual-trigger-test-public/node_modules/jest-circus/build/utils.js:231:10)
    at _callCircusTest (/Users/kietle/Documents/projects/manual-trigger-test-public/node_modules/jest-circus/build/run.js:316:40)
    at processTicksAndRejections (node:internal/process/task_queues:95:5)
    at async _runTest (/Users/kietle/Documents/projects/manual-trigger-test-public/node_modules/jest-circus/build/run.js:252:3)
    at async _runTestsForDescribeBlock (/Users/kietle/Documents/projects/manual-trigger-test-public/node_modules/jest-circus/build/run.js:126:9)
    at async _runTestsForDescribeBlock (/Users/kietle/Documents/projects/manual-trigger-test-public/node_modules/jest-circus/build/run.js:121:9)
    at async run (/Users/kietle/Documents/projects/manual-trigger-test-public/node_modules/jest-circus/build/run.js:71:3)
    at async runAndTransformResultsToJestFormat (/Users/kietle/Documents/projects/manual-trigger-test-public/node_modules/jest-circus/build/legacy-code-todo-rewrite/jestAdapterInit.js:122:21)
    at async jestAdapter (/Users/kietle/Documents/projects/manual-trigger-test-public/node_modules/jest-circus/build/legacy-code-todo-rewrite/jestAdapter.js:79:19)
    at async runTestInternal (/Users/kietle/Documents/projects/manual-trigger-test-public/node_modules/jest-runner/build/runTest.js:367:16)
    at async runTest (/Users/kietle/Documents/projects/manual-trigger-test-public/node_modules/jest-runner/build/runTest.js:444:34)</failure>
    </testcase>
    <testcase classname="add function adds 22 + 1 to equal 22" name="add function adds 22 + 1 to equal 22" time="0">
      <failure>Error: expect(received).toBe(expected) // Object.is equality

Expected: 22
Received: 23
    at Object.&lt;anonymous&gt; (/Users/kietle/Documents/projects/manual-trigger-test-public/src/__test__/App.test.js:14:25)
    at Promise.then.completed (/Users/kietle/Documents/projects/manual-trigger-test-public/node_modules/jest-circus/build/utils.js:298:28)
    at new Promise (&lt;anonymous&gt;)
    at callAsyncCircusFn (/Users/kietle/Documents/projects/manual-trigger-test-public/node_modules/jest-circus/build/utils.js:231:10)
    at _callCircusTest (/Users/kietle/Documents/projects/manual-trigger-test-public/node_modules/jest-circus/build/run.js:316:40)
    at processTicksAndRejections (node:internal/process/task_queues:95:5)
    at async _runTest (/Users/kietle/Documents/projects/manual-trigger-test-public/node_modules/jest-circus/build/run.js:252:3)
    at async _runTestsForDescribeBlock (/Users/kietle/Documents/projects/manual-trigger-test-public/node_modules/jest-circus/build/run.js:126:9)
    at async _runTestsForDescribeBlock (/Users/kietle/Documents/projects/manual-trigger-test-public/node_modules/jest-circus/build/run.js:121:9)
    at async run (/Users/kietle/Documents/projects/manual-trigger-test-public/node_modules/jest-circus/build/run.js:71:3)
    at async runAndTransformResultsToJestFormat (/Users/kietle/Documents/projects/manual-trigger-test-public/node_modules/jest-circus/build/legacy-code-todo-rewrite/jestAdapterInit.js:122:21)
    at async jestAdapter (/Users/kietle/Documents/projects/manual-trigger-test-public/node_modules/jest-circus/build/legacy-code-todo-rewrite/jestAdapter.js:79:19)
    at async runTestInternal (/Users/kietle/Documents/projects/manual-trigger-test-public/node_modules/jest-runner/build/runTest.js:367:16)
    at async runTest (/Users/kietle/Documents/projects/manual-trigger-test-public/node_modules/jest-runner/build/runTest.js:444:34)</failure>
    </testcase>
    <testcase classname="add function adds 23 + 1 to equal 23" name="add function adds 23 + 1 to equal 23" time="0">
      <failure>Error: expect(received).toBe(expected) // Object.is equality

Expected: 23
Received: 24
    at Object.&lt;anonymous&gt; (/Users/kietle/Documents/projects/manual-trigger-test-public/src/__test__/App.test.js:14:25)
    at Promise.then.completed (/Users/kietle/Documents/projects/manual-trigger-test-public/node_modules/jest-circus/build/utils.js:298:28)
    at new Promise (&lt;anonymous&gt;)
    at callAsyncCircusFn (/Users/kietle/Documents/projects/manual-trigger-test-public/node_modules/jest-circus/build/utils.js:231:10)
    at _callCircusTest (/Users/kietle/Documents/projects/manual-trigger-test-public/node_modules/jest-circus/build/run.js:316:40)
    at processTicksAndRejections (node:internal/process/task_queues:95:5)
    at async _runTest (/Users/kietle/Documents/projects/manual-trigger-test-public/node_modules/jest-circus/build/run.js:252:3)
    at async _runTestsForDescribeBlock (/Users/kietle/Documents/projects/manual-trigger-test-public/node_modules/jest-circus/build/run.js:126:9)
    at async _runTestsForDescribeBlock (/Users/kietle/Documents/projects/manual-trigger-test-public/node_modules/jest-circus/build/run.js:121:9)
    at async run (/Users/kietle/Documents/projects/manual-trigger-test-public/node_modules/jest-circus/build/run.js:71:3)
    at async runAndTransformResultsToJestFormat (/Users/kietle/Documents/projects/manual-trigger-test-public/node_modules/jest-circus/build/legacy-code-todo-rewrite/jestAdapterInit.js:122:21)
    at async jestAdapter (/Users/kietle/Documents/projects/manual-trigger-test-public/node_modules/jest-circus/build/legacy-code-todo-rewrite/jestAdapter.js:79:19)
    at async runTestInternal (/Users/kietle/Documents/projects/manual-trigger-test-public/node_modules/jest-runner/build/runTest.js:367:16)
    at async runTest (/Users/kietle/Documents/projects/manual-trigger-test-public/node_modules/jest-runner/build/runTest.js:444:34)</failure>
    </testcase>
    <testcase classname="add function adds 24 + 1 to equal 24" name="add function adds 24 + 1 to equal 24" time="0">
      <failure>Error: expect(received).toBe(expected) // Object.is equality

Expected: 24
Received: 25
    at Object.&lt;anonymous&gt; (/Users/kietle/Documents/projects/manual-trigger-test-public/src/__test__/App.test.js:14:25)
    at Promise.then.completed (/Users/kietle/Documents/projects/manual-trigger-test-public/node_modules/jest-circus/build/utils.js:298:28)
    at new Promise (&lt;anonymous&gt;)
    at callAsyncCircusFn (/Users/kietle/Documents/projects/manual-trigger-test-public/node_modules/jest-circus/build/utils.js:231:10)
    at _callCircusTest (/Users/kietle/Documents/projects/manual-trigger-test-public/node_modules/jest-circus/build/run.js:316:40)
    at processTicksAndRejections (node:internal/process/task_queues:95:5)
    at async _runTest (/Users/kietle/Documents/projects/manual-trigger-test-public/node_modules/jest-circus/build/run.js:252:3)
    at async _runTestsForDescribeBlock (/Users/kietle/Documents/projects/manual-trigger-test-public/node_modules/jest-circus/build/run.js:126:9)
    at async _runTestsForDescribeBlock (/Users/kietle/Documents/projects/manual-trigger-test-public/node_modules/jest-circus/build/run.js:121:9)
    at async run (/Users/kietle/Documents/projects/manual-trigger-test-public/node_modules/jest-circus/build/run.js:71:3)
    at async runAndTransformResultsToJestFormat (/Users/kietle/Documents/projects/manual-trigger-test-public/node_modules/jest-circus/build/legacy-code-todo-rewrite/jestAdapterInit.js:122:21)
    at async jestAdapter (/Users/kietle/Documents/projects/manual-trigger-test-public/node_modules/jest-circus/build/legacy-code-todo-rewrite/jestAdapter.js:79:19)
    at async runTestInternal (/Users/kietle/Documents/projects/manual-trigger-test-public/node_modules/jest-runner/build/runTest.js:367:16)
    at async runTest (/Users/kietle/Documents/projects/manual-trigger-test-public/node_modules/jest-runner/build/runTest.js:444:34)</failure>
    </testcase>
    <testcase classname="add function adds 25 + 1 to equal 25" name="add function adds 25 + 1 to equal 25" time="0">
      <failure>Error: expect(received).toBe(expected) // Object.is equality

Expected: 25
Received: 26
    at Object.&lt;anonymous&gt; (/Users/kietle/Documents/projects/manual-trigger-test-public/src/__test__/App.test.js:14:25)
    at Promise.then.completed (/Users/kietle/Documents/projects/manual-trigger-test-public/node_modules/jest-circus/build/utils.js:298:28)
    at new Promise (&lt;anonymous&gt;)
    at callAsyncCircusFn (/Users/kietle/Documents/projects/manual-trigger-test-public/node_modules/jest-circus/build/utils.js:231:10)
    at _callCircusTest (/Users/kietle/Documents/projects/manual-trigger-test-public/node_modules/jest-circus/build/run.js:316:40)
    at processTicksAndRejections (node:internal/process/task_queues:95:5)
    at async _runTest (/Users/kietle/Documents/projects/manual-trigger-test-public/node_modules/jest-circus/build/run.js:252:3)
    at async _runTestsForDescribeBlock (/Users/kietle/Documents/projects/manual-trigger-test-public/node_modules/jest-circus/build/run.js:126:9)
    at async _runTestsForDescribeBlock (/Users/kietle/Documents/projects/manual-trigger-test-public/node_modules/jest-circus/build/run.js:121:9)
    at async run (/Users/kietle/Documents/projects/manual-trigger-test-public/node_modules/jest-circus/build/run.js:71:3)
    at async runAndTransformResultsToJestFormat (/Users/kietle/Documents/projects/manual-trigger-test-public/node_modules/jest-circus/build/legacy-code-todo-rewrite/jestAdapterInit.js:122:21)
    at async jestAdapter (/Users/kietle/Documents/projects/manual-trigger-test-public/node_modules/jest-circus/build/legacy-code-todo-rewrite/jestAdapter.js:79:19)
    at async runTestInternal (/Users/kietle/Documents/projects/manual-trigger-test-public/node_modules/jest-runner/build/runTest.js:367:16)
    at async runTest (/Users/kietle/Documents/projects/manual-trigger-test-public/node_modules/jest-runner/build/runTest.js:444:34)</failure>
    </testcase>
    <testcase classname="add function adds 26 + 1 to equal 26" name="add function adds 26 + 1 to equal 26" time="0.001">
      <failure>Error: expect(received).toBe(expected) // Object.is equality

Expected: 26
Received: 27
    at Object.&lt;anonymous&gt; (/Users/kietle/Documents/projects/manual-trigger-test-public/src/__test__/App.test.js:14:25)
    at Promise.then.completed (/Users/kietle/Documents/projects/manual-trigger-test-public/node_modules/jest-circus/build/utils.js:298:28)
    at new Promise (&lt;anonymous&gt;)
    at callAsyncCircusFn (/Users/kietle/Documents/projects/manual-trigger-test-public/node_modules/jest-circus/build/utils.js:231:10)
    at _callCircusTest (/Users/kietle/Documents/projects/manual-trigger-test-public/node_modules/jest-circus/build/run.js:316:40)
    at processTicksAndRejections (node:internal/process/task_queues:95:5)
    at async _runTest (/Users/kietle/Documents/projects/manual-trigger-test-public/node_modules/jest-circus/build/run.js:252:3)
    at async _runTestsForDescribeBlock (/Users/kietle/Documents/projects/manual-trigger-test-public/node_modules/jest-circus/build/run.js:126:9)
    at async _runTestsForDescribeBlock (/Users/kietle/Documents/projects/manual-trigger-test-public/node_modules/jest-circus/build/run.js:121:9)
    at async run (/Users/kietle/Documents/projects/manual-trigger-test-public/node_modules/jest-circus/build/run.js:71:3)
    at async runAndTransformResultsToJestFormat (/Users/kietle/Documents/projects/manual-trigger-test-public/node_modules/jest-circus/build/legacy-code-todo-rewrite/jestAdapterInit.js:122:21)
    at async jestAdapter (/Users/kietle/Documents/projects/manual-trigger-test-public/node_modules/jest-circus/build/legacy-code-todo-rewrite/jestAdapter.js:79:19)
    at async runTestInternal (/Users/kietle/Documents/projects/manual-trigger-test-public/node_modules/jest-runner/build/runTest.js:367:16)
    at async runTest (/Users/kietle/Documents/projects/manual-trigger-test-public/node_modules/jest-runner/build/runTest.js:444:34)</failure>
    </testcase>
    <testcase classname="add function adds 27 + 1 to equal 27" name="add function adds 27 + 1 to equal 27" time="0">
      <failure>Error: expect(received).toBe(expected) // Object.is equality

Expected: 27
Received: 28
    at Object.&lt;anonymous&gt; (/Users/kietle/Documents/projects/manual-trigger-test-public/src/__test__/App.test.js:14:25)
    at Promise.then.completed (/Users/kietle/Documents/projects/manual-trigger-test-public/node_modules/jest-circus/build/utils.js:298:28)
    at new Promise (&lt;anonymous&gt;)
    at callAsyncCircusFn (/Users/kietle/Documents/projects/manual-trigger-test-public/node_modules/jest-circus/build/utils.js:231:10)
    at _callCircusTest (/Users/kietle/Documents/projects/manual-trigger-test-public/node_modules/jest-circus/build/run.js:316:40)
    at processTicksAndRejections (node:internal/process/task_queues:95:5)
    at async _runTest (/Users/kietle/Documents/projects/manual-trigger-test-public/node_modules/jest-circus/build/run.js:252:3)
    at async _runTestsForDescribeBlock (/Users/kietle/Documents/projects/manual-trigger-test-public/node_modules/jest-circus/build/run.js:126:9)
    at async _runTestsForDescribeBlock (/Users/kietle/Documents/projects/manual-trigger-test-public/node_modules/jest-circus/build/run.js:121:9)
    at async run (/Users/kietle/Documents/projects/manual-trigger-test-public/node_modules/jest-circus/build/run.js:71:3)
    at async runAndTransformResultsToJestFormat (/Users/kietle/Documents/projects/manual-trigger-test-public/node_modules/jest-circus/build/legacy-code-todo-rewrite/jestAdapterInit.js:122:21)
    at async jestAdapter (/Users/kietle/Documents/projects/manual-trigger-test-public/node_modules/jest-circus/build/legacy-code-todo-rewrite/jestAdapter.js:79:19)
    at async runTestInternal (/Users/kietle/Documents/projects/manual-trigger-test-public/node_modules/jest-runner/build/runTest.js:367:16)
    at async runTest (/Users/kietle/Documents/projects/manual-trigger-test-public/node_modules/jest-runner/build/runTest.js:444:34)</failure>
    </testcase>
    <testcase classname="add function adds 28 + 1 to equal 28" name="add function adds 28 + 1 to equal 28" time="0">
      <failure>Error: expect(received).toBe(expected) // Object.is equality

Expected: 28
Received: 29
    at Object.&lt;anonymous&gt; (/Users/kietle/Documents/projects/manual-trigger-test-public/src/__test__/App.test.js:14:25)
    at Promise.then.completed (/Users/kietle/Documents/projects/manual-trigger-test-public/node_modules/jest-circus/build/utils.js:298:28)
    at new Promise (&lt;anonymous&gt;)
    at callAsyncCircusFn (/Users/kietle/Documents/projects/manual-trigger-test-public/node_modules/jest-circus/build/utils.js:231:10)
    at _callCircusTest (/Users/kietle/Documents/projects/manual-trigger-test-public/node_modules/jest-circus/build/run.js:316:40)
    at processTicksAndRejections (node:internal/process/task_queues:95:5)
    at async _runTest (/Users/kietle/Documents/projects/manual-trigger-test-public/node_modules/jest-circus/build/run.js:252:3)
    at async _runTestsForDescribeBlock (/Users/kietle/Documents/projects/manual-trigger-test-public/node_modules/jest-circus/build/run.js:126:9)
    at async _runTestsForDescribeBlock (/Users/kietle/Documents/projects/manual-trigger-test-public/node_modules/jest-circus/build/run.js:121:9)
    at async run (/Users/kietle/Documents/projects/manual-trigger-test-public/node_modules/jest-circus/build/run.js:71:3)
    at async runAndTransformResultsToJestFormat (/Users/kietle/Documents/projects/manual-trigger-test-public/node_modules/jest-circus/build/legacy-code-todo-rewrite/jestAdapterInit.js:122:21)
    at async jestAdapter (/Users/kietle/Documents/projects/manual-trigger-test-public/node_modules/jest-circus/build/legacy-code-todo-rewrite/jestAdapter.js:79:19)
    at async runTestInternal (/Users/kietle/Documents/projects/manual-trigger-test-public/node_modules/jest-runner/build/runTest.js:367:16)
    at async runTest (/Users/kietle/Documents/projects/manual-trigger-test-public/node_modules/jest-runner/build/runTest.js:444:34)</failure>
    </testcase>
    <testcase classname="add function adds 29 + 1 to equal 29" name="add function adds 29 + 1 to equal 29" time="0">
      <failure>Error: expect(received).toBe(expected) // Object.is equality

Expected: 29
Received: 30
    at Object.&lt;anonymous&gt; (/Users/kietle/Documents/projects/manual-trigger-test-public/src/__test__/App.test.js:14:25)
    at Promise.then.completed (/Users/kietle/Documents/projects/manual-trigger-test-public/node_modules/jest-circus/build/utils.js:298:28)
    at new Promise (&lt;anonymous&gt;)
    at callAsyncCircusFn (/Users/kietle/Documents/projects/manual-trigger-test-public/node_modules/jest-circus/build/utils.js:231:10)
    at _callCircusTest (/Users/kietle/Documents/projects/manual-trigger-test-public/node_modules/jest-circus/build/run.js:316:40)
    at processTicksAndRejections (node:internal/process/task_queues:95:5)
    at async _runTest (/Users/kietle/Documents/projects/manual-trigger-test-public/node_modules/jest-circus/build/run.js:252:3)
    at async _runTestsForDescribeBlock (/Users/kietle/Documents/projects/manual-trigger-test-public/node_modules/jest-circus/build/run.js:126:9)
    at async _runTestsForDescribeBlock (/Users/kietle/Documents/projects/manual-trigger-test-public/node_modules/jest-circus/build/run.js:121:9)
    at async run (/Users/kietle/Documents/projects/manual-trigger-test-public/node_modules/jest-circus/build/run.js:71:3)
    at async runAndTransformResultsToJestFormat (/Users/kietle/Documents/projects/manual-trigger-test-public/node_modules/jest-circus/build/legacy-code-todo-rewrite/jestAdapterInit.js:122:21)
    at async jestAdapter (/Users/kietle/Documents/projects/manual-trigger-test-public/node_modules/jest-circus/build/legacy-code-todo-rewrite/jestAdapter.js:79:19)
    at async runTestInternal (/Users/kietle/Documents/projects/manual-trigger-test-public/node_modules/jest-runner/build/runTest.js:367:16)
    at async runTest (/Users/kietle/Documents/projects/manual-trigger-test-public/node_modules/jest-runner/build/runTest.js:444:34)</failure>
    </testcase>
    <testcase classname="add function adds 30 + 1 to equal 30" name="add function adds 30 + 1 to equal 30" time="0.001">
      <failure>Error: expect(received).toBe(expected) // Object.is equality

Expected: 30
Received: 31
    at Object.&lt;anonymous&gt; (/Users/kietle/Documents/projects/manual-trigger-test-public/src/__test__/App.test.js:14:25)
    at Promise.then.completed (/Users/kietle/Documents/projects/manual-trigger-test-public/node_modules/jest-circus/build/utils.js:298:28)
    at new Promise (&lt;anonymous&gt;)
    at callAsyncCircusFn (/Users/kietle/Documents/projects/manual-trigger-test-public/node_modules/jest-circus/build/utils.js:231:10)
    at _callCircusTest (/Users/kietle/Documents/projects/manual-trigger-test-public/node_modules/jest-circus/build/run.js:316:40)
    at processTicksAndRejections (node:internal/process/task_queues:95:5)
    at async _runTest (/Users/kietle/Documents/projects/manual-trigger-test-public/node_modules/jest-circus/build/run.js:252:3)
    at async _runTestsForDescribeBlock (/Users/kietle/Documents/projects/manual-trigger-test-public/node_modules/jest-circus/build/run.js:126:9)
    at async _runTestsForDescribeBlock (/Users/kietle/Documents/projects/manual-trigger-test-public/node_modules/jest-circus/build/run.js:121:9)
    at async run (/Users/kietle/Documents/projects/manual-trigger-test-public/node_modules/jest-circus/build/run.js:71:3)
    at async runAndTransformResultsToJestFormat (/Users/kietle/Documents/projects/manual-trigger-test-public/node_modules/jest-circus/build/legacy-code-todo-rewrite/jestAdapterInit.js:122:21)
    at async jestAdapter (/Users/kietle/Documents/projects/manual-trigger-test-public/node_modules/jest-circus/build/legacy-code-todo-rewrite/jestAdapter.js:79:19)
    at async runTestInternal (/Users/kietle/Documents/projects/manual-trigger-test-public/node_modules/jest-runner/build/runTest.js:367:16)
    at async runTest (/Users/kietle/Documents/projects/manual-trigger-test-public/node_modules/jest-runner/build/runTest.js:444:34)</failure>
    </testcase>
    <testcase classname="add function adds 31 + 1 to equal 31" name="add function adds 31 + 1 to equal 31" time="0">
      <failure>Error: expect(received).toBe(expected) // Object.is equality

Expected: 31
Received: 32
    at Object.&lt;anonymous&gt; (/Users/kietle/Documents/projects/manual-trigger-test-public/src/__test__/App.test.js:14:25)
    at Promise.then.completed (/Users/kietle/Documents/projects/manual-trigger-test-public/node_modules/jest-circus/build/utils.js:298:28)
    at new Promise (&lt;anonymous&gt;)
    at callAsyncCircusFn (/Users/kietle/Documents/projects/manual-trigger-test-public/node_modules/jest-circus/build/utils.js:231:10)
    at _callCircusTest (/Users/kietle/Documents/projects/manual-trigger-test-public/node_modules/jest-circus/build/run.js:316:40)
    at processTicksAndRejections (node:internal/process/task_queues:95:5)
    at async _runTest (/Users/kietle/Documents/projects/manual-trigger-test-public/node_modules/jest-circus/build/run.js:252:3)
    at async _runTestsForDescribeBlock (/Users/kietle/Documents/projects/manual-trigger-test-public/node_modules/jest-circus/build/run.js:126:9)
    at async _runTestsForDescribeBlock (/Users/kietle/Documents/projects/manual-trigger-test-public/node_modules/jest-circus/build/run.js:121:9)
    at async run (/Users/kietle/Documents/projects/manual-trigger-test-public/node_modules/jest-circus/build/run.js:71:3)
    at async runAndTransformResultsToJestFormat (/Users/kietle/Documents/projects/manual-trigger-test-public/node_modules/jest-circus/build/legacy-code-todo-rewrite/jestAdapterInit.js:122:21)
    at async jestAdapter (/Users/kietle/Documents/projects/manual-trigger-test-public/node_modules/jest-circus/build/legacy-code-todo-rewrite/jestAdapter.js:79:19)
    at async runTestInternal (/Users/kietle/Documents/projects/manual-trigger-test-public/node_modules/jest-runner/build/runTest.js:367:16)
    at async runTest (/Users/kietle/Documents/projects/manual-trigger-test-public/node_modules/jest-runner/build/runTest.js:444:34)</failure>
    </testcase>
    <testcase classname="add function adds 32 + 1 to equal 32" name="add function adds 32 + 1 to equal 32" time="0">
      <failure>Error: expect(received).toBe(expected) // Object.is equality

Expected: 32
Received: 33
    at Object.&lt;anonymous&gt; (/Users/kietle/Documents/projects/manual-trigger-test-public/src/__test__/App.test.js:14:25)
    at Promise.then.completed (/Users/kietle/Documents/projects/manual-trigger-test-public/node_modules/jest-circus/build/utils.js:298:28)
    at new Promise (&lt;anonymous&gt;)
    at callAsyncCircusFn (/Users/kietle/Documents/projects/manual-trigger-test-public/node_modules/jest-circus/build/utils.js:231:10)
    at _callCircusTest (/Users/kietle/Documents/projects/manual-trigger-test-public/node_modules/jest-circus/build/run.js:316:40)
    at processTicksAndRejections (node:internal/process/task_queues:95:5)
    at async _runTest (/Users/kietle/Documents/projects/manual-trigger-test-public/node_modules/jest-circus/build/run.js:252:3)
    at async _runTestsForDescribeBlock (/Users/kietle/Documents/projects/manual-trigger-test-public/node_modules/jest-circus/build/run.js:126:9)
    at async _runTestsForDescribeBlock (/Users/kietle/Documents/projects/manual-trigger-test-public/node_modules/jest-circus/build/run.js:121:9)
    at async run (/Users/kietle/Documents/projects/manual-trigger-test-public/node_modules/jest-circus/build/run.js:71:3)
    at async runAndTransformResultsToJestFormat (/Users/kietle/Documents/projects/manual-trigger-test-public/node_modules/jest-circus/build/legacy-code-todo-rewrite/jestAdapterInit.js:122:21)
    at async jestAdapter (/Users/kietle/Documents/projects/manual-trigger-test-public/node_modules/jest-circus/build/legacy-code-todo-rewrite/jestAdapter.js:79:19)
    at async runTestInternal (/Users/kietle/Documents/projects/manual-trigger-test-public/node_modules/jest-runner/build/runTest.js:367:16)
    at async runTest (/Users/kietle/Documents/projects/manual-trigger-test-public/node_modules/jest-runner/build/runTest.js:444:34)</failure>
    </testcase>
    <testcase classname="add function adds 33 + 1 to equal 33" name="add function adds 33 + 1 to equal 33" time="0">
      <failure>Error: expect(received).toBe(expected) // Object.is equality

Expected: 33
Received: 34
    at Object.&lt;anonymous&gt; (/Users/kietle/Documents/projects/manual-trigger-test-public/src/__test__/App.test.js:14:25)
    at Promise.then.completed (/Users/kietle/Documents/projects/manual-trigger-test-public/node_modules/jest-circus/build/utils.js:298:28)
    at new Promise (&lt;anonymous&gt;)
    at callAsyncCircusFn (/Users/kietle/Documents/projects/manual-trigger-test-public/node_modules/jest-circus/build/utils.js:231:10)
    at _callCircusTest (/Users/kietle/Documents/projects/manual-trigger-test-public/node_modules/jest-circus/build/run.js:316:40)
    at processTicksAndRejections (node:internal/process/task_queues:95:5)
    at async _runTest (/Users/kietle/Documents/projects/manual-trigger-test-public/node_modules/jest-circus/build/run.js:252:3)
    at async _runTestsForDescribeBlock (/Users/kietle/Documents/projects/manual-trigger-test-public/node_modules/jest-circus/build/run.js:126:9)
    at async _runTestsForDescribeBlock (/Users/kietle/Documents/projects/manual-trigger-test-public/node_modules/jest-circus/build/run.js:121:9)
    at async run (/Users/kietle/Documents/projects/manual-trigger-test-public/node_modules/jest-circus/build/run.js:71:3)
    at async runAndTransformResultsToJestFormat (/Users/kietle/Documents/projects/manual-trigger-test-public/node_modules/jest-circus/build/legacy-code-todo-rewrite/jestAdapterInit.js:122:21)
    at async jestAdapter (/Users/kietle/Documents/projects/manual-trigger-test-public/node_modules/jest-circus/build/legacy-code-todo-rewrite/jestAdapter.js:79:19)
    at async runTestInternal (/Users/kietle/Documents/projects/manual-trigger-test-public/node_modules/jest-runner/build/runTest.js:367:16)
    at async runTest (/Users/kietle/Documents/projects/manual-trigger-test-public/node_modules/jest-runner/build/runTest.js:444:34)</failure>
    </testcase>
    <testcase classname="add function adds 34 + 1 to equal 34" name="add function adds 34 + 1 to equal 34" time="0">
      <failure>Error: expect(received).toBe(expected) // Object.is equality

Expected: 34
Received: 35
    at Object.&lt;anonymous&gt; (/Users/kietle/Documents/projects/manual-trigger-test-public/src/__test__/App.test.js:14:25)
    at Promise.then.completed (/Users/kietle/Documents/projects/manual-trigger-test-public/node_modules/jest-circus/build/utils.js:298:28)
    at new Promise (&lt;anonymous&gt;)
    at callAsyncCircusFn (/Users/kietle/Documents/projects/manual-trigger-test-public/node_modules/jest-circus/build/utils.js:231:10)
    at _callCircusTest (/Users/kietle/Documents/projects/manual-trigger-test-public/node_modules/jest-circus/build/run.js:316:40)
    at processTicksAndRejections (node:internal/process/task_queues:95:5)
    at async _runTest (/Users/kietle/Documents/projects/manual-trigger-test-public/node_modules/jest-circus/build/run.js:252:3)
    at async _runTestsForDescribeBlock (/Users/kietle/Documents/projects/manual-trigger-test-public/node_modules/jest-circus/build/run.js:126:9)
    at async _runTestsForDescribeBlock (/Users/kietle/Documents/projects/manual-trigger-test-public/node_modules/jest-circus/build/run.js:121:9)
    at async run (/Users/kietle/Documents/projects/manual-trigger-test-public/node_modules/jest-circus/build/run.js:71:3)
    at async runAndTransformResultsToJestFormat (/Users/kietle/Documents/projects/manual-trigger-test-public/node_modules/jest-circus/build/legacy-code-todo-rewrite/jestAdapterInit.js:122:21)
    at async jestAdapter (/Users/kietle/Documents/projects/manual-trigger-test-public/node_modules/jest-circus/build/legacy-code-todo-rewrite/jestAdapter.js:79:19)
    at async runTestInternal (/Users/kietle/Documents/projects/manual-trigger-test-public/node_modules/jest-runner/build/runTest.js:367:16)
    at async runTest (/Users/kietle/Documents/projects/manual-trigger-test-public/node_modules/jest-runner/build/runTest.js:444:34)</failure>
    </testcase>
    <testcase classname="add function adds 35 + 1 to equal 35" name="add function adds 35 + 1 to equal 35" time="0">
      <failure>Error: expect(received).toBe(expected) // Object.is equality

Expected: 35
Received: 36
    at Object.&lt;anonymous&gt; (/Users/kietle/Documents/projects/manual-trigger-test-public/src/__test__/App.test.js:14:25)
    at Promise.then.completed (/Users/kietle/Documents/projects/manual-trigger-test-public/node_modules/jest-circus/build/utils.js:298:28)
    at new Promise (&lt;anonymous&gt;)
    at callAsyncCircusFn (/Users/kietle/Documents/projects/manual-trigger-test-public/node_modules/jest-circus/build/utils.js:231:10)
    at _callCircusTest (/Users/kietle/Documents/projects/manual-trigger-test-public/node_modules/jest-circus/build/run.js:316:40)
    at processTicksAndRejections (node:internal/process/task_queues:95:5)
    at async _runTest (/Users/kietle/Documents/projects/manual-trigger-test-public/node_modules/jest-circus/build/run.js:252:3)
    at async _runTestsForDescribeBlock (/Users/kietle/Documents/projects/manual-trigger-test-public/node_modules/jest-circus/build/run.js:126:9)
    at async _runTestsForDescribeBlock (/Users/kietle/Documents/projects/manual-trigger-test-public/node_modules/jest-circus/build/run.js:121:9)
    at async run (/Users/kietle/Documents/projects/manual-trigger-test-public/node_modules/jest-circus/build/run.js:71:3)
    at async runAndTransformResultsToJestFormat (/Users/kietle/Documents/projects/manual-trigger-test-public/node_modules/jest-circus/build/legacy-code-todo-rewrite/jestAdapterInit.js:122:21)
    at async jestAdapter (/Users/kietle/Documents/projects/manual-trigger-test-public/node_modules/jest-circus/build/legacy-code-todo-rewrite/jestAdapter.js:79:19)
    at async runTestInternal (/Users/kietle/Documents/projects/manual-trigger-test-public/node_modules/jest-runner/build/runTest.js:367:16)
    at async runTest (/Users/kietle/Documents/projects/manual-trigger-test-public/node_modules/jest-runner/build/runTest.js:444:34)</failure>
    </testcase>
    <testcase classname="add function adds 36 + 1 to equal 36" name="add function adds 36 + 1 to equal 36" time="0">
      <failure>Error: expect(received).toBe(expected) // Object.is equality

Expected: 36
Received: 37
    at Object.&lt;anonymous&gt; (/Users/kietle/Documents/projects/manual-trigger-test-public/src/__test__/App.test.js:14:25)
    at Promise.then.completed (/Users/kietle/Documents/projects/manual-trigger-test-public/node_modules/jest-circus/build/utils.js:298:28)
    at new Promise (&lt;anonymous&gt;)
    at callAsyncCircusFn (/Users/kietle/Documents/projects/manual-trigger-test-public/node_modules/jest-circus/build/utils.js:231:10)
    at _callCircusTest (/Users/kietle/Documents/projects/manual-trigger-test-public/node_modules/jest-circus/build/run.js:316:40)
    at processTicksAndRejections (node:internal/process/task_queues:95:5)
    at async _runTest (/Users/kietle/Documents/projects/manual-trigger-test-public/node_modules/jest-circus/build/run.js:252:3)
    at async _runTestsForDescribeBlock (/Users/kietle/Documents/projects/manual-trigger-test-public/node_modules/jest-circus/build/run.js:126:9)
    at async _runTestsForDescribeBlock (/Users/kietle/Documents/projects/manual-trigger-test-public/node_modules/jest-circus/build/run.js:121:9)
    at async run (/Users/kietle/Documents/projects/manual-trigger-test-public/node_modules/jest-circus/build/run.js:71:3)
    at async runAndTransformResultsToJestFormat (/Users/kietle/Documents/projects/manual-trigger-test-public/node_modules/jest-circus/build/legacy-code-todo-rewrite/jestAdapterInit.js:122:21)
    at async jestAdapter (/Users/kietle/Documents/projects/manual-trigger-test-public/node_modules/jest-circus/build/legacy-code-todo-rewrite/jestAdapter.js:79:19)
    at async runTestInternal (/Users/kietle/Documents/projects/manual-trigger-test-public/node_modules/jest-runner/build/runTest.js:367:16)
    at async runTest (/Users/kietle/Documents/projects/manual-trigger-test-public/node_modules/jest-runner/build/runTest.js:444:34)</failure>
    </testcase>
    <testcase classname="add function adds 37 + 1 to equal 37" name="add function adds 37 + 1 to equal 37" time="0.001">
      <failure>Error: expect(received).toBe(expected) // Object.is equality

Expected: 37
Received: 38
    at Object.&lt;anonymous&gt; (/Users/kietle/Documents/projects/manual-trigger-test-public/src/__test__/App.test.js:14:25)
    at Promise.then.completed (/Users/kietle/Documents/projects/manual-trigger-test-public/node_modules/jest-circus/build/utils.js:298:28)
    at new Promise (&lt;anonymous&gt;)
    at callAsyncCircusFn (/Users/kietle/Documents/projects/manual-trigger-test-public/node_modules/jest-circus/build/utils.js:231:10)
    at _callCircusTest (/Users/kietle/Documents/projects/manual-trigger-test-public/node_modules/jest-circus/build/run.js:316:40)
    at processTicksAndRejections (node:internal/process/task_queues:95:5)
    at async _runTest (/Users/kietle/Documents/projects/manual-trigger-test-public/node_modules/jest-circus/build/run.js:252:3)
    at async _runTestsForDescribeBlock (/Users/kietle/Documents/projects/manual-trigger-test-public/node_modules/jest-circus/build/run.js:126:9)
    at async _runTestsForDescribeBlock (/Users/kietle/Documents/projects/manual-trigger-test-public/node_modules/jest-circus/build/run.js:121:9)
    at async run (/Users/kietle/Documents/projects/manual-trigger-test-public/node_modules/jest-circus/build/run.js:71:3)
    at async runAndTransformResultsToJestFormat (/Users/kietle/Documents/projects/manual-trigger-test-public/node_modules/jest-circus/build/legacy-code-todo-rewrite/jestAdapterInit.js:122:21)
    at async jestAdapter (/Users/kietle/Documents/projects/manual-trigger-test-public/node_modules/jest-circus/build/legacy-code-todo-rewrite/jestAdapter.js:79:19)
    at async runTestInternal (/Users/kietle/Documents/projects/manual-trigger-test-public/node_modules/jest-runner/build/runTest.js:367:16)
    at async runTest (/Users/kietle/Documents/projects/manual-trigger-test-public/node_modules/jest-runner/build/runTest.js:444:34)</failure>
    </testcase>
    <testcase classname="add function adds 38 + 1 to equal 38" name="add function adds 38 + 1 to equal 38" time="0.001">
      <failure>Error: expect(received).toBe(expected) // Object.is equality

Expected: 38
Received: 39
    at Object.&lt;anonymous&gt; (/Users/kietle/Documents/projects/manual-trigger-test-public/src/__test__/App.test.js:14:25)
    at Promise.then.completed (/Users/kietle/Documents/projects/manual-trigger-test-public/node_modules/jest-circus/build/utils.js:298:28)
    at new Promise (&lt;anonymous&gt;)
    at callAsyncCircusFn (/Users/kietle/Documents/projects/manual-trigger-test-public/node_modules/jest-circus/build/utils.js:231:10)
    at _callCircusTest (/Users/kietle/Documents/projects/manual-trigger-test-public/node_modules/jest-circus/build/run.js:316:40)
    at processTicksAndRejections (node:internal/process/task_queues:95:5)
    at async _runTest (/Users/kietle/Documents/projects/manual-trigger-test-public/node_modules/jest-circus/build/run.js:252:3)
    at async _runTestsForDescribeBlock (/Users/kietle/Documents/projects/manual-trigger-test-public/node_modules/jest-circus/build/run.js:126:9)
    at async _runTestsForDescribeBlock (/Users/kietle/Documents/projects/manual-trigger-test-public/node_modules/jest-circus/build/run.js:121:9)
    at async run (/Users/kietle/Documents/projects/manual-trigger-test-public/node_modules/jest-circus/build/run.js:71:3)
    at async runAndTransformResultsToJestFormat (/Users/kietle/Documents/projects/manual-trigger-test-public/node_modules/jest-circus/build/legacy-code-todo-rewrite/jestAdapterInit.js:122:21)
    at async jestAdapter (/Users/kietle/Documents/projects/manual-trigger-test-public/node_modules/jest-circus/build/legacy-code-todo-rewrite/jestAdapter.js:79:19)
    at async runTestInternal (/Users/kietle/Documents/projects/manual-trigger-test-public/node_modules/jest-runner/build/runTest.js:367:16)
    at async runTest (/Users/kietle/Documents/projects/manual-trigger-test-public/node_modules/jest-runner/build/runTest.js:444:34)</failure>
    </testcase>
    <testcase classname="add function adds 39 + 1 to equal 39" name="add function adds 39 + 1 to equal 39" time="0">
      <failure>Error: expect(received).toBe(expected) // Object.is equality

Expected: 39
Received: 40
    at Object.&lt;anonymous&gt; (/Users/kietle/Documents/projects/manual-trigger-test-public/src/__test__/App.test.js:14:25)
    at Promise.then.completed (/Users/kietle/Documents/projects/manual-trigger-test-public/node_modules/jest-circus/build/utils.js:298:28)
    at new Promise (&lt;anonymous&gt;)
    at callAsyncCircusFn (/Users/kietle/Documents/projects/manual-trigger-test-public/node_modules/jest-circus/build/utils.js:231:10)
    at _callCircusTest (/Users/kietle/Documents/projects/manual-trigger-test-public/node_modules/jest-circus/build/run.js:316:40)
    at processTicksAndRejections (node:internal/process/task_queues:95:5)
    at async _runTest (/Users/kietle/Documents/projects/manual-trigger-test-public/node_modules/jest-circus/build/run.js:252:3)
    at async _runTestsForDescribeBlock (/Users/kietle/Documents/projects/manual-trigger-test-public/node_modules/jest-circus/build/run.js:126:9)
    at async _runTestsForDescribeBlock (/Users/kietle/Documents/projects/manual-trigger-test-public/node_modules/jest-circus/build/run.js:121:9)
    at async run (/Users/kietle/Documents/projects/manual-trigger-test-public/node_modules/jest-circus/build/run.js:71:3)
    at async runAndTransformResultsToJestFormat (/Users/kietle/Documents/projects/manual-trigger-test-public/node_modules/jest-circus/build/legacy-code-todo-rewrite/jestAdapterInit.js:122:21)
    at async jestAdapter (/Users/kietle/Documents/projects/manual-trigger-test-public/node_modules/jest-circus/build/legacy-code-todo-rewrite/jestAdapter.js:79:19)
    at async runTestInternal (/Users/kietle/Documents/projects/manual-trigger-test-public/node_modules/jest-runner/build/runTest.js:367:16)
    at async runTest (/Users/kietle/Documents/projects/manual-trigger-test-public/node_modules/jest-runner/build/runTest.js:444:34)</failure>
    </testcase>
    <testcase classname="add function adds 40 + 1 to equal 40" name="add function adds 40 + 1 to equal 40" time="0">
      <failure>Error: expect(received).toBe(expected) // Object.is equality

Expected: 40
Received: 41
    at Object.&lt;anonymous&gt; (/Users/kietle/Documents/projects/manual-trigger-test-public/src/__test__/App.test.js:14:25)
    at Promise.then.completed (/Users/kietle/Documents/projects/manual-trigger-test-public/node_modules/jest-circus/build/utils.js:298:28)
    at new Promise (&lt;anonymous&gt;)
    at callAsyncCircusFn (/Users/kietle/Documents/projects/manual-trigger-test-public/node_modules/jest-circus/build/utils.js:231:10)
    at _callCircusTest (/Users/kietle/Documents/projects/manual-trigger-test-public/node_modules/jest-circus/build/run.js:316:40)
    at processTicksAndRejections (node:internal/process/task_queues:95:5)
    at async _runTest (/Users/kietle/Documents/projects/manual-trigger-test-public/node_modules/jest-circus/build/run.js:252:3)
    at async _runTestsForDescribeBlock (/Users/kietle/Documents/projects/manual-trigger-test-public/node_modules/jest-circus/build/run.js:126:9)
    at async _runTestsForDescribeBlock (/Users/kietle/Documents/projects/manual-trigger-test-public/node_modules/jest-circus/build/run.js:121:9)
    at async run (/Users/kietle/Documents/projects/manual-trigger-test-public/node_modules/jest-circus/build/run.js:71:3)
    at async runAndTransformResultsToJestFormat (/Users/kietle/Documents/projects/manual-trigger-test-public/node_modules/jest-circus/build/legacy-code-todo-rewrite/jestAdapterInit.js:122:21)
    at async jestAdapter (/Users/kietle/Documents/projects/manual-trigger-test-public/node_modules/jest-circus/build/legacy-code-todo-rewrite/jestAdapter.js:79:19)
    at async runTestInternal (/Users/kietle/Documents/projects/manual-trigger-test-public/node_modules/jest-runner/build/runTest.js:367:16)
    at async runTest (/Users/kietle/Documents/projects/manual-trigger-test-public/node_modules/jest-runner/build/runTest.js:444:34)</failure>
    </testcase>
    <testcase classname="add function adds 41 + 1 to equal 41" name="add function adds 41 + 1 to equal 41" time="0">
      <failure>Error: expect(received).toBe(expected) // Object.is equality

Expected: 41
Received: 42
    at Object.&lt;anonymous&gt; (/Users/kietle/Documents/projects/manual-trigger-test-public/src/__test__/App.test.js:14:25)
    at Promise.then.completed (/Users/kietle/Documents/projects/manual-trigger-test-public/node_modules/jest-circus/build/utils.js:298:28)
    at new Promise (&lt;anonymous&gt;)
    at callAsyncCircusFn (/Users/kietle/Documents/projects/manual-trigger-test-public/node_modules/jest-circus/build/utils.js:231:10)
    at _callCircusTest (/Users/kietle/Documents/projects/manual-trigger-test-public/node_modules/jest-circus/build/run.js:316:40)
    at processTicksAndRejections (node:internal/process/task_queues:95:5)
    at async _runTest (/Users/kietle/Documents/projects/manual-trigger-test-public/node_modules/jest-circus/build/run.js:252:3)
    at async _runTestsForDescribeBlock (/Users/kietle/Documents/projects/manual-trigger-test-public/node_modules/jest-circus/build/run.js:126:9)
    at async _runTestsForDescribeBlock (/Users/kietle/Documents/projects/manual-trigger-test-public/node_modules/jest-circus/build/run.js:121:9)
    at async run (/Users/kietle/Documents/projects/manual-trigger-test-public/node_modules/jest-circus/build/run.js:71:3)
    at async runAndTransformResultsToJestFormat (/Users/kietle/Documents/projects/manual-trigger-test-public/node_modules/jest-circus/build/legacy-code-todo-rewrite/jestAdapterInit.js:122:21)
    at async jestAdapter (/Users/kietle/Documents/projects/manual-trigger-test-public/node_modules/jest-circus/build/legacy-code-todo-rewrite/jestAdapter.js:79:19)
    at async runTestInternal (/Users/kietle/Documents/projects/manual-trigger-test-public/node_modules/jest-runner/build/runTest.js:367:16)
    at async runTest (/Users/kietle/Documents/projects/manual-trigger-test-public/node_modules/jest-runner/build/runTest.js:444:34)</failure>
    </testcase>
    <testcase classname="add function adds 42 + 1 to equal 42" name="add function adds 42 + 1 to equal 42" time="0">
      <failure>Error: expect(received).toBe(expected) // Object.is equality

Expected: 42
Received: 43
    at Object.&lt;anonymous&gt; (/Users/kietle/Documents/projects/manual-trigger-test-public/src/__test__/App.test.js:14:25)
    at Promise.then.completed (/Users/kietle/Documents/projects/manual-trigger-test-public/node_modules/jest-circus/build/utils.js:298:28)
    at new Promise (&lt;anonymous&gt;)
    at callAsyncCircusFn (/Users/kietle/Documents/projects/manual-trigger-test-public/node_modules/jest-circus/build/utils.js:231:10)
    at _callCircusTest (/Users/kietle/Documents/projects/manual-trigger-test-public/node_modules/jest-circus/build/run.js:316:40)
    at processTicksAndRejections (node:internal/process/task_queues:95:5)
    at async _runTest (/Users/kietle/Documents/projects/manual-trigger-test-public/node_modules/jest-circus/build/run.js:252:3)
    at async _runTestsForDescribeBlock (/Users/kietle/Documents/projects/manual-trigger-test-public/node_modules/jest-circus/build/run.js:126:9)
    at async _runTestsForDescribeBlock (/Users/kietle/Documents/projects/manual-trigger-test-public/node_modules/jest-circus/build/run.js:121:9)
    at async run (/Users/kietle/Documents/projects/manual-trigger-test-public/node_modules/jest-circus/build/run.js:71:3)
    at async runAndTransformResultsToJestFormat (/Users/kietle/Documents/projects/manual-trigger-test-public/node_modules/jest-circus/build/legacy-code-todo-rewrite/jestAdapterInit.js:122:21)
    at async jestAdapter (/Users/kietle/Documents/projects/manual-trigger-test-public/node_modules/jest-circus/build/legacy-code-todo-rewrite/jestAdapter.js:79:19)
    at async runTestInternal (/Users/kietle/Documents/projects/manual-trigger-test-public/node_modules/jest-runner/build/runTest.js:367:16)
    at async runTest (/Users/kietle/Documents/projects/manual-trigger-test-public/node_modules/jest-runner/build/runTest.js:444:34)</failure>
    </testcase>
    <testcase classname="add function adds 43 + 1 to equal 43" name="add function adds 43 + 1 to equal 43" time="0">
      <failure>Error: expect(received).toBe(expected) // Object.is equality

Expected: 43
Received: 44
    at Object.&lt;anonymous&gt; (/Users/kietle/Documents/projects/manual-trigger-test-public/src/__test__/App.test.js:14:25)
    at Promise.then.completed (/Users/kietle/Documents/projects/manual-trigger-test-public/node_modules/jest-circus/build/utils.js:298:28)
    at new Promise (&lt;anonymous&gt;)
    at callAsyncCircusFn (/Users/kietle/Documents/projects/manual-trigger-test-public/node_modules/jest-circus/build/utils.js:231:10)
    at _callCircusTest (/Users/kietle/Documents/projects/manual-trigger-test-public/node_modules/jest-circus/build/run.js:316:40)
    at processTicksAndRejections (node:internal/process/task_queues:95:5)
    at async _runTest (/Users/kietle/Documents/projects/manual-trigger-test-public/node_modules/jest-circus/build/run.js:252:3)
    at async _runTestsForDescribeBlock (/Users/kietle/Documents/projects/manual-trigger-test-public/node_modules/jest-circus/build/run.js:126:9)
    at async _runTestsForDescribeBlock (/Users/kietle/Documents/projects/manual-trigger-test-public/node_modules/jest-circus/build/run.js:121:9)
    at async run (/Users/kietle/Documents/projects/manual-trigger-test-public/node_modules/jest-circus/build/run.js:71:3)
    at async runAndTransformResultsToJestFormat (/Users/kietle/Documents/projects/manual-trigger-test-public/node_modules/jest-circus/build/legacy-code-todo-rewrite/jestAdapterInit.js:122:21)
    at async jestAdapter (/Users/kietle/Documents/projects/manual-trigger-test-public/node_modules/jest-circus/build/legacy-code-todo-rewrite/jestAdapter.js:79:19)
    at async runTestInternal (/Users/kietle/Documents/projects/manual-trigger-test-public/node_modules/jest-runner/build/runTest.js:367:16)
    at async runTest (/Users/kietle/Documents/projects/manual-trigger-test-public/node_modules/jest-runner/build/runTest.js:444:34)</failure>
    </testcase>
    <testcase classname="add function adds 44 + 1 to equal 44" name="add function adds 44 + 1 to equal 44" time="0">
      <failure>Error: expect(received).toBe(expected) // Object.is equality

Expected: 44
Received: 45
    at Object.&lt;anonymous&gt; (/Users/kietle/Documents/projects/manual-trigger-test-public/src/__test__/App.test.js:14:25)
    at Promise.then.completed (/Users/kietle/Documents/projects/manual-trigger-test-public/node_modules/jest-circus/build/utils.js:298:28)
    at new Promise (&lt;anonymous&gt;)
    at callAsyncCircusFn (/Users/kietle/Documents/projects/manual-trigger-test-public/node_modules/jest-circus/build/utils.js:231:10)
    at _callCircusTest (/Users/kietle/Documents/projects/manual-trigger-test-public/node_modules/jest-circus/build/run.js:316:40)
    at processTicksAndRejections (node:internal/process/task_queues:95:5)
    at async _runTest (/Users/kietle/Documents/projects/manual-trigger-test-public/node_modules/jest-circus/build/run.js:252:3)
    at async _runTestsForDescribeBlock (/Users/kietle/Documents/projects/manual-trigger-test-public/node_modules/jest-circus/build/run.js:126:9)
    at async _runTestsForDescribeBlock (/Users/kietle/Documents/projects/manual-trigger-test-public/node_modules/jest-circus/build/run.js:121:9)
    at async run (/Users/kietle/Documents/projects/manual-trigger-test-public/node_modules/jest-circus/build/run.js:71:3)
    at async runAndTransformResultsToJestFormat (/Users/kietle/Documents/projects/manual-trigger-test-public/node_modules/jest-circus/build/legacy-code-todo-rewrite/jestAdapterInit.js:122:21)
    at async jestAdapter (/Users/kietle/Documents/projects/manual-trigger-test-public/node_modules/jest-circus/build/legacy-code-todo-rewrite/jestAdapter.js:79:19)
    at async runTestInternal (/Users/kietle/Documents/projects/manual-trigger-test-public/node_modules/jest-runner/build/runTest.js:367:16)
    at async runTest (/Users/kietle/Documents/projects/manual-trigger-test-public/node_modules/jest-runner/build/runTest.js:444:34)</failure>
    </testcase>
    <testcase classname="add function adds 45 + 1 to equal 45" name="add function adds 45 + 1 to equal 45" time="0.001">
      <failure>Error: expect(received).toBe(expected) // Object.is equality

Expected: 45
Received: 46
    at Object.&lt;anonymous&gt; (/Users/kietle/Documents/projects/manual-trigger-test-public/src/__test__/App.test.js:14:25)
    at Promise.then.completed (/Users/kietle/Documents/projects/manual-trigger-test-public/node_modules/jest-circus/build/utils.js:298:28)
    at new Promise (&lt;anonymous&gt;)
    at callAsyncCircusFn (/Users/kietle/Documents/projects/manual-trigger-test-public/node_modules/jest-circus/build/utils.js:231:10)
    at _callCircusTest (/Users/kietle/Documents/projects/manual-trigger-test-public/node_modules/jest-circus/build/run.js:316:40)
    at processTicksAndRejections (node:internal/process/task_queues:95:5)
    at async _runTest (/Users/kietle/Documents/projects/manual-trigger-test-public/node_modules/jest-circus/build/run.js:252:3)
    at async _runTestsForDescribeBlock (/Users/kietle/Documents/projects/manual-trigger-test-public/node_modules/jest-circus/build/run.js:126:9)
    at async _runTestsForDescribeBlock (/Users/kietle/Documents/projects/manual-trigger-test-public/node_modules/jest-circus/build/run.js:121:9)
    at async run (/Users/kietle/Documents/projects/manual-trigger-test-public/node_modules/jest-circus/build/run.js:71:3)
    at async runAndTransformResultsToJestFormat (/Users/kietle/Documents/projects/manual-trigger-test-public/node_modules/jest-circus/build/legacy-code-todo-rewrite/jestAdapterInit.js:122:21)
    at async jestAdapter (/Users/kietle/Documents/projects/manual-trigger-test-public/node_modules/jest-circus/build/legacy-code-todo-rewrite/jestAdapter.js:79:19)
    at async runTestInternal (/Users/kietle/Documents/projects/manual-trigger-test-public/node_modules/jest-runner/build/runTest.js:367:16)
    at async runTest (/Users/kietle/Documents/projects/manual-trigger-test-public/node_modules/jest-runner/build/runTest.js:444:34)</failure>
    </testcase>
    <testcase classname="add function adds 46 + 1 to equal 46" name="add function adds 46 + 1 to equal 46" time="0">
      <failure>Error: expect(received).toBe(expected) // Object.is equality

Expected: 46
Received: 47
    at Object.&lt;anonymous&gt; (/Users/kietle/Documents/projects/manual-trigger-test-public/src/__test__/App.test.js:14:25)
    at Promise.then.completed (/Users/kietle/Documents/projects/manual-trigger-test-public/node_modules/jest-circus/build/utils.js:298:28)
    at new Promise (&lt;anonymous&gt;)
    at callAsyncCircusFn (/Users/kietle/Documents/projects/manual-trigger-test-public/node_modules/jest-circus/build/utils.js:231:10)
    at _callCircusTest (/Users/kietle/Documents/projects/manual-trigger-test-public/node_modules/jest-circus/build/run.js:316:40)
    at processTicksAndRejections (node:internal/process/task_queues:95:5)
    at async _runTest (/Users/kietle/Documents/projects/manual-trigger-test-public/node_modules/jest-circus/build/run.js:252:3)
    at async _runTestsForDescribeBlock (/Users/kietle/Documents/projects/manual-trigger-test-public/node_modules/jest-circus/build/run.js:126:9)
    at async _runTestsForDescribeBlock (/Users/kietle/Documents/projects/manual-trigger-test-public/node_modules/jest-circus/build/run.js:121:9)
    at async run (/Users/kietle/Documents/projects/manual-trigger-test-public/node_modules/jest-circus/build/run.js:71:3)
    at async runAndTransformResultsToJestFormat (/Users/kietle/Documents/projects/manual-trigger-test-public/node_modules/jest-circus/build/legacy-code-todo-rewrite/jestAdapterInit.js:122:21)
    at async jestAdapter (/Users/kietle/Documents/projects/manual-trigger-test-public/node_modules/jest-circus/build/legacy-code-todo-rewrite/jestAdapter.js:79:19)
    at async runTestInternal (/Users/kietle/Documents/projects/manual-trigger-test-public/node_modules/jest-runner/build/runTest.js:367:16)
    at async runTest (/Users/kietle/Documents/projects/manual-trigger-test-public/node_modules/jest-runner/build/runTest.js:444:34)</failure>
    </testcase>
    <testcase classname="add function adds 47 + 1 to equal 47" name="add function adds 47 + 1 to equal 47" time="0.001">
      <failure>Error: expect(received).toBe(expected) // Object.is equality

Expected: 47
Received: 48
    at Object.&lt;anonymous&gt; (/Users/kietle/Documents/projects/manual-trigger-test-public/src/__test__/App.test.js:14:25)
    at Promise.then.completed (/Users/kietle/Documents/projects/manual-trigger-test-public/node_modules/jest-circus/build/utils.js:298:28)
    at new Promise (&lt;anonymous&gt;)
    at callAsyncCircusFn (/Users/kietle/Documents/projects/manual-trigger-test-public/node_modules/jest-circus/build/utils.js:231:10)
    at _callCircusTest (/Users/kietle/Documents/projects/manual-trigger-test-public/node_modules/jest-circus/build/run.js:316:40)
    at processTicksAndRejections (node:internal/process/task_queues:95:5)
    at async _runTest (/Users/kietle/Documents/projects/manual-trigger-test-public/node_modules/jest-circus/build/run.js:252:3)
    at async _runTestsForDescribeBlock (/Users/kietle/Documents/projects/manual-trigger-test-public/node_modules/jest-circus/build/run.js:126:9)
    at async _runTestsForDescribeBlock (/Users/kietle/Documents/projects/manual-trigger-test-public/node_modules/jest-circus/build/run.js:121:9)
    at async run (/Users/kietle/Documents/projects/manual-trigger-test-public/node_modules/jest-circus/build/run.js:71:3)
    at async runAndTransformResultsToJestFormat (/Users/kietle/Documents/projects/manual-trigger-test-public/node_modules/jest-circus/build/legacy-code-todo-rewrite/jestAdapterInit.js:122:21)
    at async jestAdapter (/Users/kietle/Documents/projects/manual-trigger-test-public/node_modules/jest-circus/build/legacy-code-todo-rewrite/jestAdapter.js:79:19)
    at async runTestInternal (/Users/kietle/Documents/projects/manual-trigger-test-public/node_modules/jest-runner/build/runTest.js:367:16)
    at async runTest (/Users/kietle/Documents/projects/manual-trigger-test-public/node_modules/jest-runner/build/runTest.js:444:34)</failure>
    </testcase>
    <testcase classname="add function adds 48 + 1 to equal 48" name="add function adds 48 + 1 to equal 48" time="0">
      <failure>Error: expect(received).toBe(expected) // Object.is equality

Expected: 48
Received: 49
    at Object.&lt;anonymous&gt; (/Users/kietle/Documents/projects/manual-trigger-test-public/src/__test__/App.test.js:14:25)
    at Promise.then.completed (/Users/kietle/Documents/projects/manual-trigger-test-public/node_modules/jest-circus/build/utils.js:298:28)
    at new Promise (&lt;anonymous&gt;)
    at callAsyncCircusFn (/Users/kietle/Documents/projects/manual-trigger-test-public/node_modules/jest-circus/build/utils.js:231:10)
    at _callCircusTest (/Users/kietle/Documents/projects/manual-trigger-test-public/node_modules/jest-circus/build/run.js:316:40)
    at processTicksAndRejections (node:internal/process/task_queues:95:5)
    at async _runTest (/Users/kietle/Documents/projects/manual-trigger-test-public/node_modules/jest-circus/build/run.js:252:3)
    at async _runTestsForDescribeBlock (/Users/kietle/Documents/projects/manual-trigger-test-public/node_modules/jest-circus/build/run.js:126:9)
    at async _runTestsForDescribeBlock (/Users/kietle/Documents/projects/manual-trigger-test-public/node_modules/jest-circus/build/run.js:121:9)
    at async run (/Users/kietle/Documents/projects/manual-trigger-test-public/node_modules/jest-circus/build/run.js:71:3)
    at async runAndTransformResultsToJestFormat (/Users/kietle/Documents/projects/manual-trigger-test-public/node_modules/jest-circus/build/legacy-code-todo-rewrite/jestAdapterInit.js:122:21)
    at async jestAdapter (/Users/kietle/Documents/projects/manual-trigger-test-public/node_modules/jest-circus/build/legacy-code-todo-rewrite/jestAdapter.js:79:19)
    at async runTestInternal (/Users/kietle/Documents/projects/manual-trigger-test-public/node_modules/jest-runner/build/runTest.js:367:16)
    at async runTest (/Users/kietle/Documents/projects/manual-trigger-test-public/node_modules/jest-runner/build/runTest.js:444:34)</failure>
    </testcase>
    <testcase classname="add function adds 49 + 1 to equal 49" name="add function adds 49 + 1 to equal 49" time="0">
      <failure>Error: expect(received).toBe(expected) // Object.is equality

Expected: 49
Received: 50
    at Object.&lt;anonymous&gt; (/Users/kietle/Documents/projects/manual-trigger-test-public/src/__test__/App.test.js:14:25)
    at Promise.then.completed (/Users/kietle/Documents/projects/manual-trigger-test-public/node_modules/jest-circus/build/utils.js:298:28)
    at new Promise (&lt;anonymous&gt;)
    at callAsyncCircusFn (/Users/kietle/Documents/projects/manual-trigger-test-public/node_modules/jest-circus/build/utils.js:231:10)
    at _callCircusTest (/Users/kietle/Documents/projects/manual-trigger-test-public/node_modules/jest-circus/build/run.js:316:40)
    at processTicksAndRejections (node:internal/process/task_queues:95:5)
    at async _runTest (/Users/kietle/Documents/projects/manual-trigger-test-public/node_modules/jest-circus/build/run.js:252:3)
    at async _runTestsForDescribeBlock (/Users/kietle/Documents/projects/manual-trigger-test-public/node_modules/jest-circus/build/run.js:126:9)
    at async _runTestsForDescribeBlock (/Users/kietle/Documents/projects/manual-trigger-test-public/node_modules/jest-circus/build/run.js:121:9)
    at async run (/Users/kietle/Documents/projects/manual-trigger-test-public/node_modules/jest-circus/build/run.js:71:3)
    at async runAndTransformResultsToJestFormat (/Users/kietle/Documents/projects/manual-trigger-test-public/node_modules/jest-circus/build/legacy-code-todo-rewrite/jestAdapterInit.js:122:21)
    at async jestAdapter (/Users/kietle/Documents/projects/manual-trigger-test-public/node_modules/jest-circus/build/legacy-code-todo-rewrite/jestAdapter.js:79:19)
    at async runTestInternal (/Users/kietle/Documents/projects/manual-trigger-test-public/node_modules/jest-runner/build/runTest.js:367:16)
    at async runTest (/Users/kietle/Documents/projects/manual-trigger-test-public/node_modules/jest-runner/build/runTest.js:444:34)</failure>
    </testcase>
    <testcase classname="add function adds 50 + 1 to equal 50" name="add function adds 50 + 1 to equal 50" time="0">
      <failure>Error: expect(received).toBe(expected) // Object.is equality

Expected: 50
Received: 51
    at Object.&lt;anonymous&gt; (/Users/kietle/Documents/projects/manual-trigger-test-public/src/__test__/App.test.js:14:25)
    at Promise.then.completed (/Users/kietle/Documents/projects/manual-trigger-test-public/node_modules/jest-circus/build/utils.js:298:28)
    at new Promise (&lt;anonymous&gt;)
    at callAsyncCircusFn (/Users/kietle/Documents/projects/manual-trigger-test-public/node_modules/jest-circus/build/utils.js:231:10)
    at _callCircusTest (/Users/kietle/Documents/projects/manual-trigger-test-public/node_modules/jest-circus/build/run.js:316:40)
    at processTicksAndRejections (node:internal/process/task_queues:95:5)
    at async _runTest (/Users/kietle/Documents/projects/manual-trigger-test-public/node_modules/jest-circus/build/run.js:252:3)
    at async _runTestsForDescribeBlock (/Users/kietle/Documents/projects/manual-trigger-test-public/node_modules/jest-circus/build/run.js:126:9)
    at async _runTestsForDescribeBlock (/Users/kietle/Documents/projects/manual-trigger-test-public/node_modules/jest-circus/build/run.js:121:9)
    at async run (/Users/kietle/Documents/projects/manual-trigger-test-public/node_modules/jest-circus/build/run.js:71:3)
    at async runAndTransformResultsToJestFormat (/Users/kietle/Documents/projects/manual-trigger-test-public/node_modules/jest-circus/build/legacy-code-todo-rewrite/jestAdapterInit.js:122:21)
    at async jestAdapter (/Users/kietle/Documents/projects/manual-trigger-test-public/node_modules/jest-circus/build/legacy-code-todo-rewrite/jestAdapter.js:79:19)
    at async runTestInternal (/Users/kietle/Documents/projects/manual-trigger-test-public/node_modules/jest-runner/build/runTest.js:367:16)
    at async runTest (/Users/kietle/Documents/projects/manual-trigger-test-public/node_modules/jest-runner/build/runTest.js:444:34)</failure>
    </testcase>
    <testcase classname="add function adds 51 + 1 to equal 51" name="add function adds 51 + 1 to equal 51" time="0.002">
      <failure>Error: expect(received).toBe(expected) // Object.is equality

Expected: 51
Received: 52
    at Object.&lt;anonymous&gt; (/Users/kietle/Documents/projects/manual-trigger-test-public/src/__test__/App.test.js:14:25)
    at Promise.then.completed (/Users/kietle/Documents/projects/manual-trigger-test-public/node_modules/jest-circus/build/utils.js:298:28)
    at new Promise (&lt;anonymous&gt;)
    at callAsyncCircusFn (/Users/kietle/Documents/projects/manual-trigger-test-public/node_modules/jest-circus/build/utils.js:231:10)
    at _callCircusTest (/Users/kietle/Documents/projects/manual-trigger-test-public/node_modules/jest-circus/build/run.js:316:40)
    at processTicksAndRejections (node:internal/process/task_queues:95:5)
    at async _runTest (/Users/kietle/Documents/projects/manual-trigger-test-public/node_modules/jest-circus/build/run.js:252:3)
    at async _runTestsForDescribeBlock (/Users/kietle/Documents/projects/manual-trigger-test-public/node_modules/jest-circus/build/run.js:126:9)
    at async _runTestsForDescribeBlock (/Users/kietle/Documents/projects/manual-trigger-test-public/node_modules/jest-circus/build/run.js:121:9)
    at async run (/Users/kietle/Documents/projects/manual-trigger-test-public/node_modules/jest-circus/build/run.js:71:3)
    at async runAndTransformResultsToJestFormat (/Users/kietle/Documents/projects/manual-trigger-test-public/node_modules/jest-circus/build/legacy-code-todo-rewrite/jestAdapterInit.js:122:21)
    at async jestAdapter (/Users/kietle/Documents/projects/manual-trigger-test-public/node_modules/jest-circus/build/legacy-code-todo-rewrite/jestAdapter.js:79:19)
    at async runTestInternal (/Users/kietle/Documents/projects/manual-trigger-test-public/node_modules/jest-runner/build/runTest.js:367:16)
    at async runTest (/Users/kietle/Documents/projects/manual-trigger-test-public/node_modules/jest-runner/build/runTest.js:444:34)</failure>
    </testcase>
    <testcase classname="add function adds 52 + 1 to equal 52" name="add function adds 52 + 1 to equal 52" time="0.001">
      <failure>Error: expect(received).toBe(expected) // Object.is equality

Expected: 52
Received: 53
    at Object.&lt;anonymous&gt; (/Users/kietle/Documents/projects/manual-trigger-test-public/src/__test__/App.test.js:14:25)
    at Promise.then.completed (/Users/kietle/Documents/projects/manual-trigger-test-public/node_modules/jest-circus/build/utils.js:298:28)
    at new Promise (&lt;anonymous&gt;)
    at callAsyncCircusFn (/Users/kietle/Documents/projects/manual-trigger-test-public/node_modules/jest-circus/build/utils.js:231:10)
    at _callCircusTest (/Users/kietle/Documents/projects/manual-trigger-test-public/node_modules/jest-circus/build/run.js:316:40)
    at processTicksAndRejections (node:internal/process/task_queues:95:5)
    at async _runTest (/Users/kietle/Documents/projects/manual-trigger-test-public/node_modules/jest-circus/build/run.js:252:3)
    at async _runTestsForDescribeBlock (/Users/kietle/Documents/projects/manual-trigger-test-public/node_modules/jest-circus/build/run.js:126:9)
    at async _runTestsForDescribeBlock (/Users/kietle/Documents/projects/manual-trigger-test-public/node_modules/jest-circus/build/run.js:121:9)
    at async run (/Users/kietle/Documents/projects/manual-trigger-test-public/node_modules/jest-circus/build/run.js:71:3)
    at async runAndTransformResultsToJestFormat (/Users/kietle/Documents/projects/manual-trigger-test-public/node_modules/jest-circus/build/legacy-code-todo-rewrite/jestAdapterInit.js:122:21)
    at async jestAdapter (/Users/kietle/Documents/projects/manual-trigger-test-public/node_modules/jest-circus/build/legacy-code-todo-rewrite/jestAdapter.js:79:19)
    at async runTestInternal (/Users/kietle/Documents/projects/manual-trigger-test-public/node_modules/jest-runner/build/runTest.js:367:16)
    at async runTest (/Users/kietle/Documents/projects/manual-trigger-test-public/node_modules/jest-runner/build/runTest.js:444:34)</failure>
    </testcase>
    <testcase classname="add function adds 53 + 1 to equal 53" name="add function adds 53 + 1 to equal 53" time="0">
      <failure>Error: expect(received).toBe(expected) // Object.is equality

Expected: 53
Received: 54
    at Object.&lt;anonymous&gt; (/Users/kietle/Documents/projects/manual-trigger-test-public/src/__test__/App.test.js:14:25)
    at Promise.then.completed (/Users/kietle/Documents/projects/manual-trigger-test-public/node_modules/jest-circus/build/utils.js:298:28)
    at new Promise (&lt;anonymous&gt;)
    at callAsyncCircusFn (/Users/kietle/Documents/projects/manual-trigger-test-public/node_modules/jest-circus/build/utils.js:231:10)
    at _callCircusTest (/Users/kietle/Documents/projects/manual-trigger-test-public/node_modules/jest-circus/build/run.js:316:40)
    at processTicksAndRejections (node:internal/process/task_queues:95:5)
    at async _runTest (/Users/kietle/Documents/projects/manual-trigger-test-public/node_modules/jest-circus/build/run.js:252:3)
    at async _runTestsForDescribeBlock (/Users/kietle/Documents/projects/manual-trigger-test-public/node_modules/jest-circus/build/run.js:126:9)
    at async _runTestsForDescribeBlock (/Users/kietle/Documents/projects/manual-trigger-test-public/node_modules/jest-circus/build/run.js:121:9)
    at async run (/Users/kietle/Documents/projects/manual-trigger-test-public/node_modules/jest-circus/build/run.js:71:3)
    at async runAndTransformResultsToJestFormat (/Users/kietle/Documents/projects/manual-trigger-test-public/node_modules/jest-circus/build/legacy-code-todo-rewrite/jestAdapterInit.js:122:21)
    at async jestAdapter (/Users/kietle/Documents/projects/manual-trigger-test-public/node_modules/jest-circus/build/legacy-code-todo-rewrite/jestAdapter.js:79:19)
    at async runTestInternal (/Users/kietle/Documents/projects/manual-trigger-test-public/node_modules/jest-runner/build/runTest.js:367:16)
    at async runTest (/Users/kietle/Documents/projects/manual-trigger-test-public/node_modules/jest-runner/build/runTest.js:444:34)</failure>
    </testcase>
    <testcase classname="add function adds 54 + 1 to equal 54" name="add function adds 54 + 1 to equal 54" time="0.001">
      <failure>Error: expect(received).toBe(expected) // Object.is equality

Expected: 54
Received: 55
    at Object.&lt;anonymous&gt; (/Users/kietle/Documents/projects/manual-trigger-test-public/src/__test__/App.test.js:14:25)
    at Promise.then.completed (/Users/kietle/Documents/projects/manual-trigger-test-public/node_modules/jest-circus/build/utils.js:298:28)
    at new Promise (&lt;anonymous&gt;)
    at callAsyncCircusFn (/Users/kietle/Documents/projects/manual-trigger-test-public/node_modules/jest-circus/build/utils.js:231:10)
    at _callCircusTest (/Users/kietle/Documents/projects/manual-trigger-test-public/node_modules/jest-circus/build/run.js:316:40)
    at processTicksAndRejections (node:internal/process/task_queues:95:5)
    at async _runTest (/Users/kietle/Documents/projects/manual-trigger-test-public/node_modules/jest-circus/build/run.js:252:3)
    at async _runTestsForDescribeBlock (/Users/kietle/Documents/projects/manual-trigger-test-public/node_modules/jest-circus/build/run.js:126:9)
    at async _runTestsForDescribeBlock (/Users/kietle/Documents/projects/manual-trigger-test-public/node_modules/jest-circus/build/run.js:121:9)
    at async run (/Users/kietle/Documents/projects/manual-trigger-test-public/node_modules/jest-circus/build/run.js:71:3)
    at async runAndTransformResultsToJestFormat (/Users/kietle/Documents/projects/manual-trigger-test-public/node_modules/jest-circus/build/legacy-code-todo-rewrite/jestAdapterInit.js:122:21)
    at async jestAdapter (/Users/kietle/Documents/projects/manual-trigger-test-public/node_modules/jest-circus/build/legacy-code-todo-rewrite/jestAdapter.js:79:19)
    at async runTestInternal (/Users/kietle/Documents/projects/manual-trigger-test-public/node_modules/jest-runner/build/runTest.js:367:16)
    at async runTest (/Users/kietle/Documents/projects/manual-trigger-test-public/node_modules/jest-runner/build/runTest.js:444:34)</failure>
    </testcase>
    <testcase classname="add function adds 55 + 1 to equal 55" name="add function adds 55 + 1 to equal 55" time="0">
      <failure>Error: expect(received).toBe(expected) // Object.is equality

Expected: 55
Received: 56
    at Object.&lt;anonymous&gt; (/Users/kietle/Documents/projects/manual-trigger-test-public/src/__test__/App.test.js:14:25)
    at Promise.then.completed (/Users/kietle/Documents/projects/manual-trigger-test-public/node_modules/jest-circus/build/utils.js:298:28)
    at new Promise (&lt;anonymous&gt;)
    at callAsyncCircusFn (/Users/kietle/Documents/projects/manual-trigger-test-public/node_modules/jest-circus/build/utils.js:231:10)
    at _callCircusTest (/Users/kietle/Documents/projects/manual-trigger-test-public/node_modules/jest-circus/build/run.js:316:40)
    at processTicksAndRejections (node:internal/process/task_queues:95:5)
    at async _runTest (/Users/kietle/Documents/projects/manual-trigger-test-public/node_modules/jest-circus/build/run.js:252:3)
    at async _runTestsForDescribeBlock (/Users/kietle/Documents/projects/manual-trigger-test-public/node_modules/jest-circus/build/run.js:126:9)
    at async _runTestsForDescribeBlock (/Users/kietle/Documents/projects/manual-trigger-test-public/node_modules/jest-circus/build/run.js:121:9)
    at async run (/Users/kietle/Documents/projects/manual-trigger-test-public/node_modules/jest-circus/build/run.js:71:3)
    at async runAndTransformResultsToJestFormat (/Users/kietle/Documents/projects/manual-trigger-test-public/node_modules/jest-circus/build/legacy-code-todo-rewrite/jestAdapterInit.js:122:21)
    at async jestAdapter (/Users/kietle/Documents/projects/manual-trigger-test-public/node_modules/jest-circus/build/legacy-code-todo-rewrite/jestAdapter.js:79:19)
    at async runTestInternal (/Users/kietle/Documents/projects/manual-trigger-test-public/node_modules/jest-runner/build/runTest.js:367:16)
    at async runTest (/Users/kietle/Documents/projects/manual-trigger-test-public/node_modules/jest-runner/build/runTest.js:444:34)</failure>
    </testcase>
    <testcase classname="add function adds 56 + 1 to equal 56" name="add function adds 56 + 1 to equal 56" time="0">
      <failure>Error: expect(received).toBe(expected) // Object.is equality

Expected: 56
Received: 57
    at Object.&lt;anonymous&gt; (/Users/kietle/Documents/projects/manual-trigger-test-public/src/__test__/App.test.js:14:25)
    at Promise.then.completed (/Users/kietle/Documents/projects/manual-trigger-test-public/node_modules/jest-circus/build/utils.js:298:28)
    at new Promise (&lt;anonymous&gt;)
    at callAsyncCircusFn (/Users/kietle/Documents/projects/manual-trigger-test-public/node_modules/jest-circus/build/utils.js:231:10)
    at _callCircusTest (/Users/kietle/Documents/projects/manual-trigger-test-public/node_modules/jest-circus/build/run.js:316:40)
    at processTicksAndRejections (node:internal/process/task_queues:95:5)
    at async _runTest (/Users/kietle/Documents/projects/manual-trigger-test-public/node_modules/jest-circus/build/run.js:252:3)
    at async _runTestsForDescribeBlock (/Users/kietle/Documents/projects/manual-trigger-test-public/node_modules/jest-circus/build/run.js:126:9)
    at async _runTestsForDescribeBlock (/Users/kietle/Documents/projects/manual-trigger-test-public/node_modules/jest-circus/build/run.js:121:9)
    at async run (/Users/kietle/Documents/projects/manual-trigger-test-public/node_modules/jest-circus/build/run.js:71:3)
    at async runAndTransformResultsToJestFormat (/Users/kietle/Documents/projects/manual-trigger-test-public/node_modules/jest-circus/build/legacy-code-todo-rewrite/jestAdapterInit.js:122:21)
    at async jestAdapter (/Users/kietle/Documents/projects/manual-trigger-test-public/node_modules/jest-circus/build/legacy-code-todo-rewrite/jestAdapter.js:79:19)
    at async runTestInternal (/Users/kietle/Documents/projects/manual-trigger-test-public/node_modules/jest-runner/build/runTest.js:367:16)
    at async runTest (/Users/kietle/Documents/projects/manual-trigger-test-public/node_modules/jest-runner/build/runTest.js:444:34)</failure>
    </testcase>
    <testcase classname="add function adds 57 + 1 to equal 57" name="add function adds 57 + 1 to equal 57" time="0">
      <failure>Error: expect(received).toBe(expected) // Object.is equality

Expected: 57
Received: 58
    at Object.&lt;anonymous&gt; (/Users/kietle/Documents/projects/manual-trigger-test-public/src/__test__/App.test.js:14:25)
    at Promise.then.completed (/Users/kietle/Documents/projects/manual-trigger-test-public/node_modules/jest-circus/build/utils.js:298:28)
    at new Promise (&lt;anonymous&gt;)
    at callAsyncCircusFn (/Users/kietle/Documents/projects/manual-trigger-test-public/node_modules/jest-circus/build/utils.js:231:10)
    at _callCircusTest (/Users/kietle/Documents/projects/manual-trigger-test-public/node_modules/jest-circus/build/run.js:316:40)
    at processTicksAndRejections (node:internal/process/task_queues:95:5)
    at async _runTest (/Users/kietle/Documents/projects/manual-trigger-test-public/node_modules/jest-circus/build/run.js:252:3)
    at async _runTestsForDescribeBlock (/Users/kietle/Documents/projects/manual-trigger-test-public/node_modules/jest-circus/build/run.js:126:9)
    at async _runTestsForDescribeBlock (/Users/kietle/Documents/projects/manual-trigger-test-public/node_modules/jest-circus/build/run.js:121:9)
    at async run (/Users/kietle/Documents/projects/manual-trigger-test-public/node_modules/jest-circus/build/run.js:71:3)
    at async runAndTransformResultsToJestFormat (/Users/kietle/Documents/projects/manual-trigger-test-public/node_modules/jest-circus/build/legacy-code-todo-rewrite/jestAdapterInit.js:122:21)
    at async jestAdapter (/Users/kietle/Documents/projects/manual-trigger-test-public/node_modules/jest-circus/build/legacy-code-todo-rewrite/jestAdapter.js:79:19)
    at async runTestInternal (/Users/kietle/Documents/projects/manual-trigger-test-public/node_modules/jest-runner/build/runTest.js:367:16)
    at async runTest (/Users/kietle/Documents/projects/manual-trigger-test-public/node_modules/jest-runner/build/runTest.js:444:34)</failure>
    </testcase>
    <testcase classname="add function adds 58 + 1 to equal 58" name="add function adds 58 + 1 to equal 58" time="0">
      <failure>Error: expect(received).toBe(expected) // Object.is equality

Expected: 58
Received: 59
    at Object.&lt;anonymous&gt; (/Users/kietle/Documents/projects/manual-trigger-test-public/src/__test__/App.test.js:14:25)
    at Promise.then.completed (/Users/kietle/Documents/projects/manual-trigger-test-public/node_modules/jest-circus/build/utils.js:298:28)
    at new Promise (&lt;anonymous&gt;)
    at callAsyncCircusFn (/Users/kietle/Documents/projects/manual-trigger-test-public/node_modules/jest-circus/build/utils.js:231:10)
    at _callCircusTest (/Users/kietle/Documents/projects/manual-trigger-test-public/node_modules/jest-circus/build/run.js:316:40)
    at processTicksAndRejections (node:internal/process/task_queues:95:5)
    at async _runTest (/Users/kietle/Documents/projects/manual-trigger-test-public/node_modules/jest-circus/build/run.js:252:3)
    at async _runTestsForDescribeBlock (/Users/kietle/Documents/projects/manual-trigger-test-public/node_modules/jest-circus/build/run.js:126:9)
    at async _runTestsForDescribeBlock (/Users/kietle/Documents/projects/manual-trigger-test-public/node_modules/jest-circus/build/run.js:121:9)
    at async run (/Users/kietle/Documents/projects/manual-trigger-test-public/node_modules/jest-circus/build/run.js:71:3)
    at async runAndTransformResultsToJestFormat (/Users/kietle/Documents/projects/manual-trigger-test-public/node_modules/jest-circus/build/legacy-code-todo-rewrite/jestAdapterInit.js:122:21)
    at async jestAdapter (/Users/kietle/Documents/projects/manual-trigger-test-public/node_modules/jest-circus/build/legacy-code-todo-rewrite/jestAdapter.js:79:19)
    at async runTestInternal (/Users/kietle/Documents/projects/manual-trigger-test-public/node_modules/jest-runner/build/runTest.js:367:16)
    at async runTest (/Users/kietle/Documents/projects/manual-trigger-test-public/node_modules/jest-runner/build/runTest.js:444:34)</failure>
    </testcase>
    <testcase classname="add function adds 59 + 1 to equal 59" name="add function adds 59 + 1 to equal 59" time="0">
      <failure>Error: expect(received).toBe(expected) // Object.is equality

Expected: 59
Received: 60
    at Object.&lt;anonymous&gt; (/Users/kietle/Documents/projects/manual-trigger-test-public/src/__test__/App.test.js:14:25)
    at Promise.then.completed (/Users/kietle/Documents/projects/manual-trigger-test-public/node_modules/jest-circus/build/utils.js:298:28)
    at new Promise (&lt;anonymous&gt;)
    at callAsyncCircusFn (/Users/kietle/Documents/projects/manual-trigger-test-public/node_modules/jest-circus/build/utils.js:231:10)
    at _callCircusTest (/Users/kietle/Documents/projects/manual-trigger-test-public/node_modules/jest-circus/build/run.js:316:40)
    at processTicksAndRejections (node:internal/process/task_queues:95:5)
    at async _runTest (/Users/kietle/Documents/projects/manual-trigger-test-public/node_modules/jest-circus/build/run.js:252:3)
    at async _runTestsForDescribeBlock (/Users/kietle/Documents/projects/manual-trigger-test-public/node_modules/jest-circus/build/run.js:126:9)
    at async _runTestsForDescribeBlock (/Users/kietle/Documents/projects/manual-trigger-test-public/node_modules/jest-circus/build/run.js:121:9)
    at async run (/Users/kietle/Documents/projects/manual-trigger-test-public/node_modules/jest-circus/build/run.js:71:3)
    at async runAndTransformResultsToJestFormat (/Users/kietle/Documents/projects/manual-trigger-test-public/node_modules/jest-circus/build/legacy-code-todo-rewrite/jestAdapterInit.js:122:21)
    at async jestAdapter (/Users/kietle/Documents/projects/manual-trigger-test-public/node_modules/jest-circus/build/legacy-code-todo-rewrite/jestAdapter.js:79:19)
    at async runTestInternal (/Users/kietle/Documents/projects/manual-trigger-test-public/node_modules/jest-runner/build/runTest.js:367:16)
    at async runTest (/Users/kietle/Documents/projects/manual-trigger-test-public/node_modules/jest-runner/build/runTest.js:444:34)</failure>
    </testcase>
    <testcase classname="add function adds 60 + 1 to equal 60" name="add function adds 60 + 1 to equal 60" time="0">
      <failure>Error: expect(received).toBe(expected) // Object.is equality

Expected: 60
Received: 61
    at Object.&lt;anonymous&gt; (/Users/kietle/Documents/projects/manual-trigger-test-public/src/__test__/App.test.js:14:25)
    at Promise.then.completed (/Users/kietle/Documents/projects/manual-trigger-test-public/node_modules/jest-circus/build/utils.js:298:28)
    at new Promise (&lt;anonymous&gt;)
    at callAsyncCircusFn (/Users/kietle/Documents/projects/manual-trigger-test-public/node_modules/jest-circus/build/utils.js:231:10)
    at _callCircusTest (/Users/kietle/Documents/projects/manual-trigger-test-public/node_modules/jest-circus/build/run.js:316:40)
    at processTicksAndRejections (node:internal/process/task_queues:95:5)
    at async _runTest (/Users/kietle/Documents/projects/manual-trigger-test-public/node_modules/jest-circus/build/run.js:252:3)
    at async _runTestsForDescribeBlock (/Users/kietle/Documents/projects/manual-trigger-test-public/node_modules/jest-circus/build/run.js:126:9)
    at async _runTestsForDescribeBlock (/Users/kietle/Documents/projects/manual-trigger-test-public/node_modules/jest-circus/build/run.js:121:9)
    at async run (/Users/kietle/Documents/projects/manual-trigger-test-public/node_modules/jest-circus/build/run.js:71:3)
    at async runAndTransformResultsToJestFormat (/Users/kietle/Documents/projects/manual-trigger-test-public/node_modules/jest-circus/build/legacy-code-todo-rewrite/jestAdapterInit.js:122:21)
    at async jestAdapter (/Users/kietle/Documents/projects/manual-trigger-test-public/node_modules/jest-circus/build/legacy-code-todo-rewrite/jestAdapter.js:79:19)
    at async runTestInternal (/Users/kietle/Documents/projects/manual-trigger-test-public/node_modules/jest-runner/build/runTest.js:367:16)
    at async runTest (/Users/kietle/Documents/projects/manual-trigger-test-public/node_modules/jest-runner/build/runTest.js:444:34)</failure>
    </testcase>
    <testcase classname="add function adds 61 + 1 to equal 61" name="add function adds 61 + 1 to equal 61" time="0">
      <failure>Error: expect(received).toBe(expected) // Object.is equality

Expected: 61
Received: 62
    at Object.&lt;anonymous&gt; (/Users/kietle/Documents/projects/manual-trigger-test-public/src/__test__/App.test.js:14:25)
    at Promise.then.completed (/Users/kietle/Documents/projects/manual-trigger-test-public/node_modules/jest-circus/build/utils.js:298:28)
    at new Promise (&lt;anonymous&gt;)
    at callAsyncCircusFn (/Users/kietle/Documents/projects/manual-trigger-test-public/node_modules/jest-circus/build/utils.js:231:10)
    at _callCircusTest (/Users/kietle/Documents/projects/manual-trigger-test-public/node_modules/jest-circus/build/run.js:316:40)
    at processTicksAndRejections (node:internal/process/task_queues:95:5)
    at async _runTest (/Users/kietle/Documents/projects/manual-trigger-test-public/node_modules/jest-circus/build/run.js:252:3)
    at async _runTestsForDescribeBlock (/Users/kietle/Documents/projects/manual-trigger-test-public/node_modules/jest-circus/build/run.js:126:9)
    at async _runTestsForDescribeBlock (/Users/kietle/Documents/projects/manual-trigger-test-public/node_modules/jest-circus/build/run.js:121:9)
    at async run (/Users/kietle/Documents/projects/manual-trigger-test-public/node_modules/jest-circus/build/run.js:71:3)
    at async runAndTransformResultsToJestFormat (/Users/kietle/Documents/projects/manual-trigger-test-public/node_modules/jest-circus/build/legacy-code-todo-rewrite/jestAdapterInit.js:122:21)
    at async jestAdapter (/Users/kietle/Documents/projects/manual-trigger-test-public/node_modules/jest-circus/build/legacy-code-todo-rewrite/jestAdapter.js:79:19)
    at async runTestInternal (/Users/kietle/Documents/projects/manual-trigger-test-public/node_modules/jest-runner/build/runTest.js:367:16)
    at async runTest (/Users/kietle/Documents/projects/manual-trigger-test-public/node_modules/jest-runner/build/runTest.js:444:34)</failure>
    </testcase>
    <testcase classname="add function adds 62 + 1 to equal 62" name="add function adds 62 + 1 to equal 62" time="0">
      <failure>Error: expect(received).toBe(expected) // Object.is equality

Expected: 62
Received: 63
    at Object.&lt;anonymous&gt; (/Users/kietle/Documents/projects/manual-trigger-test-public/src/__test__/App.test.js:14:25)
    at Promise.then.completed (/Users/kietle/Documents/projects/manual-trigger-test-public/node_modules/jest-circus/build/utils.js:298:28)
    at new Promise (&lt;anonymous&gt;)
    at callAsyncCircusFn (/Users/kietle/Documents/projects/manual-trigger-test-public/node_modules/jest-circus/build/utils.js:231:10)
    at _callCircusTest (/Users/kietle/Documents/projects/manual-trigger-test-public/node_modules/jest-circus/build/run.js:316:40)
    at processTicksAndRejections (node:internal/process/task_queues:95:5)
    at async _runTest (/Users/kietle/Documents/projects/manual-trigger-test-public/node_modules/jest-circus/build/run.js:252:3)
    at async _runTestsForDescribeBlock (/Users/kietle/Documents/projects/manual-trigger-test-public/node_modules/jest-circus/build/run.js:126:9)
    at async _runTestsForDescribeBlock (/Users/kietle/Documents/projects/manual-trigger-test-public/node_modules/jest-circus/build/run.js:121:9)
    at async run (/Users/kietle/Documents/projects/manual-trigger-test-public/node_modules/jest-circus/build/run.js:71:3)
    at async runAndTransformResultsToJestFormat (/Users/kietle/Documents/projects/manual-trigger-test-public/node_modules/jest-circus/build/legacy-code-todo-rewrite/jestAdapterInit.js:122:21)
    at async jestAdapter (/Users/kietle/Documents/projects/manual-trigger-test-public/node_modules/jest-circus/build/legacy-code-todo-rewrite/jestAdapter.js:79:19)
    at async runTestInternal (/Users/kietle/Documents/projects/manual-trigger-test-public/node_modules/jest-runner/build/runTest.js:367:16)
    at async runTest (/Users/kietle/Documents/projects/manual-trigger-test-public/node_modules/jest-runner/build/runTest.js:444:34)</failure>
    </testcase>
    <testcase classname="add function adds 63 + 1 to equal 63" name="add function adds 63 + 1 to equal 63" time="0">
      <failure>Error: expect(received).toBe(expected) // Object.is equality

Expected: 63
Received: 64
    at Object.&lt;anonymous&gt; (/Users/kietle/Documents/projects/manual-trigger-test-public/src/__test__/App.test.js:14:25)
    at Promise.then.completed (/Users/kietle/Documents/projects/manual-trigger-test-public/node_modules/jest-circus/build/utils.js:298:28)
    at new Promise (&lt;anonymous&gt;)
    at callAsyncCircusFn (/Users/kietle/Documents/projects/manual-trigger-test-public/node_modules/jest-circus/build/utils.js:231:10)
    at _callCircusTest (/Users/kietle/Documents/projects/manual-trigger-test-public/node_modules/jest-circus/build/run.js:316:40)
    at processTicksAndRejections (node:internal/process/task_queues:95:5)
    at async _runTest (/Users/kietle/Documents/projects/manual-trigger-test-public/node_modules/jest-circus/build/run.js:252:3)
    at async _runTestsForDescribeBlock (/Users/kietle/Documents/projects/manual-trigger-test-public/node_modules/jest-circus/build/run.js:126:9)
    at async _runTestsForDescribeBlock (/Users/kietle/Documents/projects/manual-trigger-test-public/node_modules/jest-circus/build/run.js:121:9)
    at async run (/Users/kietle/Documents/projects/manual-trigger-test-public/node_modules/jest-circus/build/run.js:71:3)
    at async runAndTransformResultsToJestFormat (/Users/kietle/Documents/projects/manual-trigger-test-public/node_modules/jest-circus/build/legacy-code-todo-rewrite/jestAdapterInit.js:122:21)
    at async jestAdapter (/Users/kietle/Documents/projects/manual-trigger-test-public/node_modules/jest-circus/build/legacy-code-todo-rewrite/jestAdapter.js:79:19)
    at async runTestInternal (/Users/kietle/Documents/projects/manual-trigger-test-public/node_modules/jest-runner/build/runTest.js:367:16)
    at async runTest (/Users/kietle/Documents/projects/manual-trigger-test-public/node_modules/jest-runner/build/runTest.js:444:34)</failure>
    </testcase>
    <testcase classname="add function adds 64 + 1 to equal 64" name="add function adds 64 + 1 to equal 64" time="0">
      <failure>Error: expect(received).toBe(expected) // Object.is equality

Expected: 64
Received: 65
    at Object.&lt;anonymous&gt; (/Users/kietle/Documents/projects/manual-trigger-test-public/src/__test__/App.test.js:14:25)
    at Promise.then.completed (/Users/kietle/Documents/projects/manual-trigger-test-public/node_modules/jest-circus/build/utils.js:298:28)
    at new Promise (&lt;anonymous&gt;)
    at callAsyncCircusFn (/Users/kietle/Documents/projects/manual-trigger-test-public/node_modules/jest-circus/build/utils.js:231:10)
    at _callCircusTest (/Users/kietle/Documents/projects/manual-trigger-test-public/node_modules/jest-circus/build/run.js:316:40)
    at processTicksAndRejections (node:internal/process/task_queues:95:5)
    at async _runTest (/Users/kietle/Documents/projects/manual-trigger-test-public/node_modules/jest-circus/build/run.js:252:3)
    at async _runTestsForDescribeBlock (/Users/kietle/Documents/projects/manual-trigger-test-public/node_modules/jest-circus/build/run.js:126:9)
    at async _runTestsForDescribeBlock (/Users/kietle/Documents/projects/manual-trigger-test-public/node_modules/jest-circus/build/run.js:121:9)
    at async run (/Users/kietle/Documents/projects/manual-trigger-test-public/node_modules/jest-circus/build/run.js:71:3)
    at async runAndTransformResultsToJestFormat (/Users/kietle/Documents/projects/manual-trigger-test-public/node_modules/jest-circus/build/legacy-code-todo-rewrite/jestAdapterInit.js:122:21)
    at async jestAdapter (/Users/kietle/Documents/projects/manual-trigger-test-public/node_modules/jest-circus/build/legacy-code-todo-rewrite/jestAdapter.js:79:19)
    at async runTestInternal (/Users/kietle/Documents/projects/manual-trigger-test-public/node_modules/jest-runner/build/runTest.js:367:16)
    at async runTest (/Users/kietle/Documents/projects/manual-trigger-test-public/node_modules/jest-runner/build/runTest.js:444:34)</failure>
    </testcase>
    <testcase classname="add function adds 65 + 1 to equal 65" name="add function adds 65 + 1 to equal 65" time="0">
      <failure>Error: expect(received).toBe(expected) // Object.is equality

Expected: 65
Received: 66
    at Object.&lt;anonymous&gt; (/Users/kietle/Documents/projects/manual-trigger-test-public/src/__test__/App.test.js:14:25)
    at Promise.then.completed (/Users/kietle/Documents/projects/manual-trigger-test-public/node_modules/jest-circus/build/utils.js:298:28)
    at new Promise (&lt;anonymous&gt;)
    at callAsyncCircusFn (/Users/kietle/Documents/projects/manual-trigger-test-public/node_modules/jest-circus/build/utils.js:231:10)
    at _callCircusTest (/Users/kietle/Documents/projects/manual-trigger-test-public/node_modules/jest-circus/build/run.js:316:40)
    at processTicksAndRejections (node:internal/process/task_queues:95:5)
    at async _runTest (/Users/kietle/Documents/projects/manual-trigger-test-public/node_modules/jest-circus/build/run.js:252:3)
    at async _runTestsForDescribeBlock (/Users/kietle/Documents/projects/manual-trigger-test-public/node_modules/jest-circus/build/run.js:126:9)
    at async _runTestsForDescribeBlock (/Users/kietle/Documents/projects/manual-trigger-test-public/node_modules/jest-circus/build/run.js:121:9)
    at async run (/Users/kietle/Documents/projects/manual-trigger-test-public/node_modules/jest-circus/build/run.js:71:3)
    at async runAndTransformResultsToJestFormat (/Users/kietle/Documents/projects/manual-trigger-test-public/node_modules/jest-circus/build/legacy-code-todo-rewrite/jestAdapterInit.js:122:21)
    at async jestAdapter (/Users/kietle/Documents/projects/manual-trigger-test-public/node_modules/jest-circus/build/legacy-code-todo-rewrite/jestAdapter.js:79:19)
    at async runTestInternal (/Users/kietle/Documents/projects/manual-trigger-test-public/node_modules/jest-runner/build/runTest.js:367:16)
    at async runTest (/Users/kietle/Documents/projects/manual-trigger-test-public/node_modules/jest-runner/build/runTest.js:444:34)</failure>
    </testcase>
    <testcase classname="add function adds 66 + 1 to equal 66" name="add function adds 66 + 1 to equal 66" time="0">
      <failure>Error: expect(received).toBe(expected) // Object.is equality

Expected: 66
Received: 67
    at Object.&lt;anonymous&gt; (/Users/kietle/Documents/projects/manual-trigger-test-public/src/__test__/App.test.js:14:25)
    at Promise.then.completed (/Users/kietle/Documents/projects/manual-trigger-test-public/node_modules/jest-circus/build/utils.js:298:28)
    at new Promise (&lt;anonymous&gt;)
    at callAsyncCircusFn (/Users/kietle/Documents/projects/manual-trigger-test-public/node_modules/jest-circus/build/utils.js:231:10)
    at _callCircusTest (/Users/kietle/Documents/projects/manual-trigger-test-public/node_modules/jest-circus/build/run.js:316:40)
    at processTicksAndRejections (node:internal/process/task_queues:95:5)
    at async _runTest (/Users/kietle/Documents/projects/manual-trigger-test-public/node_modules/jest-circus/build/run.js:252:3)
    at async _runTestsForDescribeBlock (/Users/kietle/Documents/projects/manual-trigger-test-public/node_modules/jest-circus/build/run.js:126:9)
    at async _runTestsForDescribeBlock (/Users/kietle/Documents/projects/manual-trigger-test-public/node_modules/jest-circus/build/run.js:121:9)
    at async run (/Users/kietle/Documents/projects/manual-trigger-test-public/node_modules/jest-circus/build/run.js:71:3)
    at async runAndTransformResultsToJestFormat (/Users/kietle/Documents/projects/manual-trigger-test-public/node_modules/jest-circus/build/legacy-code-todo-rewrite/jestAdapterInit.js:122:21)
    at async jestAdapter (/Users/kietle/Documents/projects/manual-trigger-test-public/node_modules/jest-circus/build/legacy-code-todo-rewrite/jestAdapter.js:79:19)
    at async runTestInternal (/Users/kietle/Documents/projects/manual-trigger-test-public/node_modules/jest-runner/build/runTest.js:367:16)
    at async runTest (/Users/kietle/Documents/projects/manual-trigger-test-public/node_modules/jest-runner/build/runTest.js:444:34)</failure>
    </testcase>
    <testcase classname="add function adds 67 + 1 to equal 67" name="add function adds 67 + 1 to equal 67" time="0">
      <failure>Error: expect(received).toBe(expected) // Object.is equality

Expected: 67
Received: 68
    at Object.&lt;anonymous&gt; (/Users/kietle/Documents/projects/manual-trigger-test-public/src/__test__/App.test.js:14:25)
    at Promise.then.completed (/Users/kietle/Documents/projects/manual-trigger-test-public/node_modules/jest-circus/build/utils.js:298:28)
    at new Promise (&lt;anonymous&gt;)
    at callAsyncCircusFn (/Users/kietle/Documents/projects/manual-trigger-test-public/node_modules/jest-circus/build/utils.js:231:10)
    at _callCircusTest (/Users/kietle/Documents/projects/manual-trigger-test-public/node_modules/jest-circus/build/run.js:316:40)
    at processTicksAndRejections (node:internal/process/task_queues:95:5)
    at async _runTest (/Users/kietle/Documents/projects/manual-trigger-test-public/node_modules/jest-circus/build/run.js:252:3)
    at async _runTestsForDescribeBlock (/Users/kietle/Documents/projects/manual-trigger-test-public/node_modules/jest-circus/build/run.js:126:9)
    at async _runTestsForDescribeBlock (/Users/kietle/Documents/projects/manual-trigger-test-public/node_modules/jest-circus/build/run.js:121:9)
    at async run (/Users/kietle/Documents/projects/manual-trigger-test-public/node_modules/jest-circus/build/run.js:71:3)
    at async runAndTransformResultsToJestFormat (/Users/kietle/Documents/projects/manual-trigger-test-public/node_modules/jest-circus/build/legacy-code-todo-rewrite/jestAdapterInit.js:122:21)
    at async jestAdapter (/Users/kietle/Documents/projects/manual-trigger-test-public/node_modules/jest-circus/build/legacy-code-todo-rewrite/jestAdapter.js:79:19)
    at async runTestInternal (/Users/kietle/Documents/projects/manual-trigger-test-public/node_modules/jest-runner/build/runTest.js:367:16)
    at async runTest (/Users/kietle/Documents/projects/manual-trigger-test-public/node_modules/jest-runner/build/runTest.js:444:34)</failure>
    </testcase>
    <testcase classname="add function adds 68 + 1 to equal 68" name="add function adds 68 + 1 to equal 68" time="0">
      <failure>Error: expect(received).toBe(expected) // Object.is equality

Expected: 68
Received: 69
    at Object.&lt;anonymous&gt; (/Users/kietle/Documents/projects/manual-trigger-test-public/src/__test__/App.test.js:14:25)
    at Promise.then.completed (/Users/kietle/Documents/projects/manual-trigger-test-public/node_modules/jest-circus/build/utils.js:298:28)
    at new Promise (&lt;anonymous&gt;)
    at callAsyncCircusFn (/Users/kietle/Documents/projects/manual-trigger-test-public/node_modules/jest-circus/build/utils.js:231:10)
    at _callCircusTest (/Users/kietle/Documents/projects/manual-trigger-test-public/node_modules/jest-circus/build/run.js:316:40)
    at processTicksAndRejections (node:internal/process/task_queues:95:5)
    at async _runTest (/Users/kietle/Documents/projects/manual-trigger-test-public/node_modules/jest-circus/build/run.js:252:3)
    at async _runTestsForDescribeBlock (/Users/kietle/Documents/projects/manual-trigger-test-public/node_modules/jest-circus/build/run.js:126:9)
    at async _runTestsForDescribeBlock (/Users/kietle/Documents/projects/manual-trigger-test-public/node_modules/jest-circus/build/run.js:121:9)
    at async run (/Users/kietle/Documents/projects/manual-trigger-test-public/node_modules/jest-circus/build/run.js:71:3)
    at async runAndTransformResultsToJestFormat (/Users/kietle/Documents/projects/manual-trigger-test-public/node_modules/jest-circus/build/legacy-code-todo-rewrite/jestAdapterInit.js:122:21)
    at async jestAdapter (/Users/kietle/Documents/projects/manual-trigger-test-public/node_modules/jest-circus/build/legacy-code-todo-rewrite/jestAdapter.js:79:19)
    at async runTestInternal (/Users/kietle/Documents/projects/manual-trigger-test-public/node_modules/jest-runner/build/runTest.js:367:16)
    at async runTest (/Users/kietle/Documents/projects/manual-trigger-test-public/node_modules/jest-runner/build/runTest.js:444:34)</failure>
    </testcase>
    <testcase classname="add function adds 69 + 1 to equal 69" name="add function adds 69 + 1 to equal 69" time="0">
      <failure>Error: expect(received).toBe(expected) // Object.is equality

Expected: 69
Received: 70
    at Object.&lt;anonymous&gt; (/Users/kietle/Documents/projects/manual-trigger-test-public/src/__test__/App.test.js:14:25)
    at Promise.then.completed (/Users/kietle/Documents/projects/manual-trigger-test-public/node_modules/jest-circus/build/utils.js:298:28)
    at new Promise (&lt;anonymous&gt;)
    at callAsyncCircusFn (/Users/kietle/Documents/projects/manual-trigger-test-public/node_modules/jest-circus/build/utils.js:231:10)
    at _callCircusTest (/Users/kietle/Documents/projects/manual-trigger-test-public/node_modules/jest-circus/build/run.js:316:40)
    at processTicksAndRejections (node:internal/process/task_queues:95:5)
    at async _runTest (/Users/kietle/Documents/projects/manual-trigger-test-public/node_modules/jest-circus/build/run.js:252:3)
    at async _runTestsForDescribeBlock (/Users/kietle/Documents/projects/manual-trigger-test-public/node_modules/jest-circus/build/run.js:126:9)
    at async _runTestsForDescribeBlock (/Users/kietle/Documents/projects/manual-trigger-test-public/node_modules/jest-circus/build/run.js:121:9)
    at async run (/Users/kietle/Documents/projects/manual-trigger-test-public/node_modules/jest-circus/build/run.js:71:3)
    at async runAndTransformResultsToJestFormat (/Users/kietle/Documents/projects/manual-trigger-test-public/node_modules/jest-circus/build/legacy-code-todo-rewrite/jestAdapterInit.js:122:21)
    at async jestAdapter (/Users/kietle/Documents/projects/manual-trigger-test-public/node_modules/jest-circus/build/legacy-code-todo-rewrite/jestAdapter.js:79:19)
    at async runTestInternal (/Users/kietle/Documents/projects/manual-trigger-test-public/node_modules/jest-runner/build/runTest.js:367:16)
    at async runTest (/Users/kietle/Documents/projects/manual-trigger-test-public/node_modules/jest-runner/build/runTest.js:444:34)</failure>
    </testcase>
    <testcase classname="add function adds 70 + 1 to equal 70" name="add function adds 70 + 1 to equal 70" time="0.001">
      <failure>Error: expect(received).toBe(expected) // Object.is equality

Expected: 70
Received: 71
    at Object.&lt;anonymous&gt; (/Users/kietle/Documents/projects/manual-trigger-test-public/src/__test__/App.test.js:14:25)
    at Promise.then.completed (/Users/kietle/Documents/projects/manual-trigger-test-public/node_modules/jest-circus/build/utils.js:298:28)
    at new Promise (&lt;anonymous&gt;)
    at callAsyncCircusFn (/Users/kietle/Documents/projects/manual-trigger-test-public/node_modules/jest-circus/build/utils.js:231:10)
    at _callCircusTest (/Users/kietle/Documents/projects/manual-trigger-test-public/node_modules/jest-circus/build/run.js:316:40)
    at processTicksAndRejections (node:internal/process/task_queues:95:5)
    at async _runTest (/Users/kietle/Documents/projects/manual-trigger-test-public/node_modules/jest-circus/build/run.js:252:3)
    at async _runTestsForDescribeBlock (/Users/kietle/Documents/projects/manual-trigger-test-public/node_modules/jest-circus/build/run.js:126:9)
    at async _runTestsForDescribeBlock (/Users/kietle/Documents/projects/manual-trigger-test-public/node_modules/jest-circus/build/run.js:121:9)
    at async run (/Users/kietle/Documents/projects/manual-trigger-test-public/node_modules/jest-circus/build/run.js:71:3)
    at async runAndTransformResultsToJestFormat (/Users/kietle/Documents/projects/manual-trigger-test-public/node_modules/jest-circus/build/legacy-code-todo-rewrite/jestAdapterInit.js:122:21)
    at async jestAdapter (/Users/kietle/Documents/projects/manual-trigger-test-public/node_modules/jest-circus/build/legacy-code-todo-rewrite/jestAdapter.js:79:19)
    at async runTestInternal (/Users/kietle/Documents/projects/manual-trigger-test-public/node_modules/jest-runner/build/runTest.js:367:16)
    at async runTest (/Users/kietle/Documents/projects/manual-trigger-test-public/node_modules/jest-runner/build/runTest.js:444:34)</failure>
    </testcase>
    <testcase classname="add function adds 71 + 1 to equal 71" name="add function adds 71 + 1 to equal 71" time="0">
      <failure>Error: expect(received).toBe(expected) // Object.is equality

Expected: 71
Received: 72
    at Object.&lt;anonymous&gt; (/Users/kietle/Documents/projects/manual-trigger-test-public/src/__test__/App.test.js:14:25)
    at Promise.then.completed (/Users/kietle/Documents/projects/manual-trigger-test-public/node_modules/jest-circus/build/utils.js:298:28)
    at new Promise (&lt;anonymous&gt;)
    at callAsyncCircusFn (/Users/kietle/Documents/projects/manual-trigger-test-public/node_modules/jest-circus/build/utils.js:231:10)
    at _callCircusTest (/Users/kietle/Documents/projects/manual-trigger-test-public/node_modules/jest-circus/build/run.js:316:40)
    at processTicksAndRejections (node:internal/process/task_queues:95:5)
    at async _runTest (/Users/kietle/Documents/projects/manual-trigger-test-public/node_modules/jest-circus/build/run.js:252:3)
    at async _runTestsForDescribeBlock (/Users/kietle/Documents/projects/manual-trigger-test-public/node_modules/jest-circus/build/run.js:126:9)
    at async _runTestsForDescribeBlock (/Users/kietle/Documents/projects/manual-trigger-test-public/node_modules/jest-circus/build/run.js:121:9)
    at async run (/Users/kietle/Documents/projects/manual-trigger-test-public/node_modules/jest-circus/build/run.js:71:3)
    at async runAndTransformResultsToJestFormat (/Users/kietle/Documents/projects/manual-trigger-test-public/node_modules/jest-circus/build/legacy-code-todo-rewrite/jestAdapterInit.js:122:21)
    at async jestAdapter (/Users/kietle/Documents/projects/manual-trigger-test-public/node_modules/jest-circus/build/legacy-code-todo-rewrite/jestAdapter.js:79:19)
    at async runTestInternal (/Users/kietle/Documents/projects/manual-trigger-test-public/node_modules/jest-runner/build/runTest.js:367:16)
    at async runTest (/Users/kietle/Documents/projects/manual-trigger-test-public/node_modules/jest-runner/build/runTest.js:444:34)</failure>
    </testcase>
    <testcase classname="add function adds 72 + 1 to equal 72" name="add function adds 72 + 1 to equal 72" time="0">
      <failure>Error: expect(received).toBe(expected) // Object.is equality

Expected: 72
Received: 73
    at Object.&lt;anonymous&gt; (/Users/kietle/Documents/projects/manual-trigger-test-public/src/__test__/App.test.js:14:25)
    at Promise.then.completed (/Users/kietle/Documents/projects/manual-trigger-test-public/node_modules/jest-circus/build/utils.js:298:28)
    at new Promise (&lt;anonymous&gt;)
    at callAsyncCircusFn (/Users/kietle/Documents/projects/manual-trigger-test-public/node_modules/jest-circus/build/utils.js:231:10)
    at _callCircusTest (/Users/kietle/Documents/projects/manual-trigger-test-public/node_modules/jest-circus/build/run.js:316:40)
    at processTicksAndRejections (node:internal/process/task_queues:95:5)
    at async _runTest (/Users/kietle/Documents/projects/manual-trigger-test-public/node_modules/jest-circus/build/run.js:252:3)
    at async _runTestsForDescribeBlock (/Users/kietle/Documents/projects/manual-trigger-test-public/node_modules/jest-circus/build/run.js:126:9)
    at async _runTestsForDescribeBlock (/Users/kietle/Documents/projects/manual-trigger-test-public/node_modules/jest-circus/build/run.js:121:9)
    at async run (/Users/kietle/Documents/projects/manual-trigger-test-public/node_modules/jest-circus/build/run.js:71:3)
    at async runAndTransformResultsToJestFormat (/Users/kietle/Documents/projects/manual-trigger-test-public/node_modules/jest-circus/build/legacy-code-todo-rewrite/jestAdapterInit.js:122:21)
    at async jestAdapter (/Users/kietle/Documents/projects/manual-trigger-test-public/node_modules/jest-circus/build/legacy-code-todo-rewrite/jestAdapter.js:79:19)
    at async runTestInternal (/Users/kietle/Documents/projects/manual-trigger-test-public/node_modules/jest-runner/build/runTest.js:367:16)
    at async runTest (/Users/kietle/Documents/projects/manual-trigger-test-public/node_modules/jest-runner/build/runTest.js:444:34)</failure>
    </testcase>
    <testcase classname="add function adds 73 + 1 to equal 73" name="add function adds 73 + 1 to equal 73" time="0">
      <failure>Error: expect(received).toBe(expected) // Object.is equality

Expected: 73
Received: 74
    at Object.&lt;anonymous&gt; (/Users/kietle/Documents/projects/manual-trigger-test-public/src/__test__/App.test.js:14:25)
    at Promise.then.completed (/Users/kietle/Documents/projects/manual-trigger-test-public/node_modules/jest-circus/build/utils.js:298:28)
    at new Promise (&lt;anonymous&gt;)
    at callAsyncCircusFn (/Users/kietle/Documents/projects/manual-trigger-test-public/node_modules/jest-circus/build/utils.js:231:10)
    at _callCircusTest (/Users/kietle/Documents/projects/manual-trigger-test-public/node_modules/jest-circus/build/run.js:316:40)
    at processTicksAndRejections (node:internal/process/task_queues:95:5)
    at async _runTest (/Users/kietle/Documents/projects/manual-trigger-test-public/node_modules/jest-circus/build/run.js:252:3)
    at async _runTestsForDescribeBlock (/Users/kietle/Documents/projects/manual-trigger-test-public/node_modules/jest-circus/build/run.js:126:9)
    at async _runTestsForDescribeBlock (/Users/kietle/Documents/projects/manual-trigger-test-public/node_modules/jest-circus/build/run.js:121:9)
    at async run (/Users/kietle/Documents/projects/manual-trigger-test-public/node_modules/jest-circus/build/run.js:71:3)
    at async runAndTransformResultsToJestFormat (/Users/kietle/Documents/projects/manual-trigger-test-public/node_modules/jest-circus/build/legacy-code-todo-rewrite/jestAdapterInit.js:122:21)
    at async jestAdapter (/Users/kietle/Documents/projects/manual-trigger-test-public/node_modules/jest-circus/build/legacy-code-todo-rewrite/jestAdapter.js:79:19)
    at async runTestInternal (/Users/kietle/Documents/projects/manual-trigger-test-public/node_modules/jest-runner/build/runTest.js:367:16)
    at async runTest (/Users/kietle/Documents/projects/manual-trigger-test-public/node_modules/jest-runner/build/runTest.js:444:34)</failure>
    </testcase>
    <testcase classname="add function adds 74 + 1 to equal 74" name="add function adds 74 + 1 to equal 74" time="0.001">
      <failure>Error: expect(received).toBe(expected) // Object.is equality

Expected: 74
Received: 75
    at Object.&lt;anonymous&gt; (/Users/kietle/Documents/projects/manual-trigger-test-public/src/__test__/App.test.js:14:25)
    at Promise.then.completed (/Users/kietle/Documents/projects/manual-trigger-test-public/node_modules/jest-circus/build/utils.js:298:28)
    at new Promise (&lt;anonymous&gt;)
    at callAsyncCircusFn (/Users/kietle/Documents/projects/manual-trigger-test-public/node_modules/jest-circus/build/utils.js:231:10)
    at _callCircusTest (/Users/kietle/Documents/projects/manual-trigger-test-public/node_modules/jest-circus/build/run.js:316:40)
    at processTicksAndRejections (node:internal/process/task_queues:95:5)
    at async _runTest (/Users/kietle/Documents/projects/manual-trigger-test-public/node_modules/jest-circus/build/run.js:252:3)
    at async _runTestsForDescribeBlock (/Users/kietle/Documents/projects/manual-trigger-test-public/node_modules/jest-circus/build/run.js:126:9)
    at async _runTestsForDescribeBlock (/Users/kietle/Documents/projects/manual-trigger-test-public/node_modules/jest-circus/build/run.js:121:9)
    at async run (/Users/kietle/Documents/projects/manual-trigger-test-public/node_modules/jest-circus/build/run.js:71:3)
    at async runAndTransformResultsToJestFormat (/Users/kietle/Documents/projects/manual-trigger-test-public/node_modules/jest-circus/build/legacy-code-todo-rewrite/jestAdapterInit.js:122:21)
    at async jestAdapter (/Users/kietle/Documents/projects/manual-trigger-test-public/node_modules/jest-circus/build/legacy-code-todo-rewrite/jestAdapter.js:79:19)
    at async runTestInternal (/Users/kietle/Documents/projects/manual-trigger-test-public/node_modules/jest-runner/build/runTest.js:367:16)
    at async runTest (/Users/kietle/Documents/projects/manual-trigger-test-public/node_modules/jest-runner/build/runTest.js:444:34)</failure>
    </testcase>
    <testcase classname="add function adds 75 + 1 to equal 75" name="add function adds 75 + 1 to equal 75" time="0">
      <failure>Error: expect(received).toBe(expected) // Object.is equality

Expected: 75
Received: 76
    at Object.&lt;anonymous&gt; (/Users/kietle/Documents/projects/manual-trigger-test-public/src/__test__/App.test.js:14:25)
    at Promise.then.completed (/Users/kietle/Documents/projects/manual-trigger-test-public/node_modules/jest-circus/build/utils.js:298:28)
    at new Promise (&lt;anonymous&gt;)
    at callAsyncCircusFn (/Users/kietle/Documents/projects/manual-trigger-test-public/node_modules/jest-circus/build/utils.js:231:10)
    at _callCircusTest (/Users/kietle/Documents/projects/manual-trigger-test-public/node_modules/jest-circus/build/run.js:316:40)
    at processTicksAndRejections (node:internal/process/task_queues:95:5)
    at async _runTest (/Users/kietle/Documents/projects/manual-trigger-test-public/node_modules/jest-circus/build/run.js:252:3)
    at async _runTestsForDescribeBlock (/Users/kietle/Documents/projects/manual-trigger-test-public/node_modules/jest-circus/build/run.js:126:9)
    at async _runTestsForDescribeBlock (/Users/kietle/Documents/projects/manual-trigger-test-public/node_modules/jest-circus/build/run.js:121:9)
    at async run (/Users/kietle/Documents/projects/manual-trigger-test-public/node_modules/jest-circus/build/run.js:71:3)
    at async runAndTransformResultsToJestFormat (/Users/kietle/Documents/projects/manual-trigger-test-public/node_modules/jest-circus/build/legacy-code-todo-rewrite/jestAdapterInit.js:122:21)
    at async jestAdapter (/Users/kietle/Documents/projects/manual-trigger-test-public/node_modules/jest-circus/build/legacy-code-todo-rewrite/jestAdapter.js:79:19)
    at async runTestInternal (/Users/kietle/Documents/projects/manual-trigger-test-public/node_modules/jest-runner/build/runTest.js:367:16)
    at async runTest (/Users/kietle/Documents/projects/manual-trigger-test-public/node_modules/jest-runner/build/runTest.js:444:34)</failure>
    </testcase>
    <testcase classname="add function adds 76 + 1 to equal 76" name="add function adds 76 + 1 to equal 76" time="0">
      <failure>Error: expect(received).toBe(expected) // Object.is equality

Expected: 76
Received: 77
    at Object.&lt;anonymous&gt; (/Users/kietle/Documents/projects/manual-trigger-test-public/src/__test__/App.test.js:14:25)
    at Promise.then.completed (/Users/kietle/Documents/projects/manual-trigger-test-public/node_modules/jest-circus/build/utils.js:298:28)
    at new Promise (&lt;anonymous&gt;)
    at callAsyncCircusFn (/Users/kietle/Documents/projects/manual-trigger-test-public/node_modules/jest-circus/build/utils.js:231:10)
    at _callCircusTest (/Users/kietle/Documents/projects/manual-trigger-test-public/node_modules/jest-circus/build/run.js:316:40)
    at processTicksAndRejections (node:internal/process/task_queues:95:5)
    at async _runTest (/Users/kietle/Documents/projects/manual-trigger-test-public/node_modules/jest-circus/build/run.js:252:3)
    at async _runTestsForDescribeBlock (/Users/kietle/Documents/projects/manual-trigger-test-public/node_modules/jest-circus/build/run.js:126:9)
    at async _runTestsForDescribeBlock (/Users/kietle/Documents/projects/manual-trigger-test-public/node_modules/jest-circus/build/run.js:121:9)
    at async run (/Users/kietle/Documents/projects/manual-trigger-test-public/node_modules/jest-circus/build/run.js:71:3)
    at async runAndTransformResultsToJestFormat (/Users/kietle/Documents/projects/manual-trigger-test-public/node_modules/jest-circus/build/legacy-code-todo-rewrite/jestAdapterInit.js:122:21)
    at async jestAdapter (/Users/kietle/Documents/projects/manual-trigger-test-public/node_modules/jest-circus/build/legacy-code-todo-rewrite/jestAdapter.js:79:19)
    at async runTestInternal (/Users/kietle/Documents/projects/manual-trigger-test-public/node_modules/jest-runner/build/runTest.js:367:16)
    at async runTest (/Users/kietle/Documents/projects/manual-trigger-test-public/node_modules/jest-runner/build/runTest.js:444:34)</failure>
    </testcase>
    <testcase classname="add function adds 77 + 1 to equal 77" name="add function adds 77 + 1 to equal 77" time="0">
      <failure>Error: expect(received).toBe(expected) // Object.is equality

Expected: 77
Received: 78
    at Object.&lt;anonymous&gt; (/Users/kietle/Documents/projects/manual-trigger-test-public/src/__test__/App.test.js:14:25)
    at Promise.then.completed (/Users/kietle/Documents/projects/manual-trigger-test-public/node_modules/jest-circus/build/utils.js:298:28)
    at new Promise (&lt;anonymous&gt;)
    at callAsyncCircusFn (/Users/kietle/Documents/projects/manual-trigger-test-public/node_modules/jest-circus/build/utils.js:231:10)
    at _callCircusTest (/Users/kietle/Documents/projects/manual-trigger-test-public/node_modules/jest-circus/build/run.js:316:40)
    at processTicksAndRejections (node:internal/process/task_queues:95:5)
    at async _runTest (/Users/kietle/Documents/projects/manual-trigger-test-public/node_modules/jest-circus/build/run.js:252:3)
    at async _runTestsForDescribeBlock (/Users/kietle/Documents/projects/manual-trigger-test-public/node_modules/jest-circus/build/run.js:126:9)
    at async _runTestsForDescribeBlock (/Users/kietle/Documents/projects/manual-trigger-test-public/node_modules/jest-circus/build/run.js:121:9)
    at async run (/Users/kietle/Documents/projects/manual-trigger-test-public/node_modules/jest-circus/build/run.js:71:3)
    at async runAndTransformResultsToJestFormat (/Users/kietle/Documents/projects/manual-trigger-test-public/node_modules/jest-circus/build/legacy-code-todo-rewrite/jestAdapterInit.js:122:21)
    at async jestAdapter (/Users/kietle/Documents/projects/manual-trigger-test-public/node_modules/jest-circus/build/legacy-code-todo-rewrite/jestAdapter.js:79:19)
    at async runTestInternal (/Users/kietle/Documents/projects/manual-trigger-test-public/node_modules/jest-runner/build/runTest.js:367:16)
    at async runTest (/Users/kietle/Documents/projects/manual-trigger-test-public/node_modules/jest-runner/build/runTest.js:444:34)</failure>
    </testcase>
    <testcase classname="add function adds 78 + 1 to equal 78" name="add function adds 78 + 1 to equal 78" time="0">
      <failure>Error: expect(received).toBe(expected) // Object.is equality

Expected: 78
Received: 79
    at Object.&lt;anonymous&gt; (/Users/kietle/Documents/projects/manual-trigger-test-public/src/__test__/App.test.js:14:25)
    at Promise.then.completed (/Users/kietle/Documents/projects/manual-trigger-test-public/node_modules/jest-circus/build/utils.js:298:28)
    at new Promise (&lt;anonymous&gt;)
    at callAsyncCircusFn (/Users/kietle/Documents/projects/manual-trigger-test-public/node_modules/jest-circus/build/utils.js:231:10)
    at _callCircusTest (/Users/kietle/Documents/projects/manual-trigger-test-public/node_modules/jest-circus/build/run.js:316:40)
    at processTicksAndRejections (node:internal/process/task_queues:95:5)
    at async _runTest (/Users/kietle/Documents/projects/manual-trigger-test-public/node_modules/jest-circus/build/run.js:252:3)
    at async _runTestsForDescribeBlock (/Users/kietle/Documents/projects/manual-trigger-test-public/node_modules/jest-circus/build/run.js:126:9)
    at async _runTestsForDescribeBlock (/Users/kietle/Documents/projects/manual-trigger-test-public/node_modules/jest-circus/build/run.js:121:9)
    at async run (/Users/kietle/Documents/projects/manual-trigger-test-public/node_modules/jest-circus/build/run.js:71:3)
    at async runAndTransformResultsToJestFormat (/Users/kietle/Documents/projects/manual-trigger-test-public/node_modules/jest-circus/build/legacy-code-todo-rewrite/jestAdapterInit.js:122:21)
    at async jestAdapter (/Users/kietle/Documents/projects/manual-trigger-test-public/node_modules/jest-circus/build/legacy-code-todo-rewrite/jestAdapter.js:79:19)
    at async runTestInternal (/Users/kietle/Documents/projects/manual-trigger-test-public/node_modules/jest-runner/build/runTest.js:367:16)
    at async runTest (/Users/kietle/Documents/projects/manual-trigger-test-public/node_modules/jest-runner/build/runTest.js:444:34)</failure>
    </testcase>
    <testcase classname="add function adds 79 + 1 to equal 79" name="add function adds 79 + 1 to equal 79" time="0">
      <failure>Error: expect(received).toBe(expected) // Object.is equality

Expected: 79
Received: 80
    at Object.&lt;anonymous&gt; (/Users/kietle/Documents/projects/manual-trigger-test-public/src/__test__/App.test.js:14:25)
    at Promise.then.completed (/Users/kietle/Documents/projects/manual-trigger-test-public/node_modules/jest-circus/build/utils.js:298:28)
    at new Promise (&lt;anonymous&gt;)
    at callAsyncCircusFn (/Users/kietle/Documents/projects/manual-trigger-test-public/node_modules/jest-circus/build/utils.js:231:10)
    at _callCircusTest (/Users/kietle/Documents/projects/manual-trigger-test-public/node_modules/jest-circus/build/run.js:316:40)
    at processTicksAndRejections (node:internal/process/task_queues:95:5)
    at async _runTest (/Users/kietle/Documents/projects/manual-trigger-test-public/node_modules/jest-circus/build/run.js:252:3)
    at async _runTestsForDescribeBlock (/Users/kietle/Documents/projects/manual-trigger-test-public/node_modules/jest-circus/build/run.js:126:9)
    at async _runTestsForDescribeBlock (/Users/kietle/Documents/projects/manual-trigger-test-public/node_modules/jest-circus/build/run.js:121:9)
    at async run (/Users/kietle/Documents/projects/manual-trigger-test-public/node_modules/jest-circus/build/run.js:71:3)
    at async runAndTransformResultsToJestFormat (/Users/kietle/Documents/projects/manual-trigger-test-public/node_modules/jest-circus/build/legacy-code-todo-rewrite/jestAdapterInit.js:122:21)
    at async jestAdapter (/Users/kietle/Documents/projects/manual-trigger-test-public/node_modules/jest-circus/build/legacy-code-todo-rewrite/jestAdapter.js:79:19)
    at async runTestInternal (/Users/kietle/Documents/projects/manual-trigger-test-public/node_modules/jest-runner/build/runTest.js:367:16)
    at async runTest (/Users/kietle/Documents/projects/manual-trigger-test-public/node_modules/jest-runner/build/runTest.js:444:34)</failure>
    </testcase>
    <testcase classname="add function adds 80 + 1 to equal 80" name="add function adds 80 + 1 to equal 80" time="0">
      <failure>Error: expect(received).toBe(expected) // Object.is equality

Expected: 80
Received: 81
    at Object.&lt;anonymous&gt; (/Users/kietle/Documents/projects/manual-trigger-test-public/src/__test__/App.test.js:14:25)
    at Promise.then.completed (/Users/kietle/Documents/projects/manual-trigger-test-public/node_modules/jest-circus/build/utils.js:298:28)
    at new Promise (&lt;anonymous&gt;)
    at callAsyncCircusFn (/Users/kietle/Documents/projects/manual-trigger-test-public/node_modules/jest-circus/build/utils.js:231:10)
    at _callCircusTest (/Users/kietle/Documents/projects/manual-trigger-test-public/node_modules/jest-circus/build/run.js:316:40)
    at processTicksAndRejections (node:internal/process/task_queues:95:5)
    at async _runTest (/Users/kietle/Documents/projects/manual-trigger-test-public/node_modules/jest-circus/build/run.js:252:3)
    at async _runTestsForDescribeBlock (/Users/kietle/Documents/projects/manual-trigger-test-public/node_modules/jest-circus/build/run.js:126:9)
    at async _runTestsForDescribeBlock (/Users/kietle/Documents/projects/manual-trigger-test-public/node_modules/jest-circus/build/run.js:121:9)
    at async run (/Users/kietle/Documents/projects/manual-trigger-test-public/node_modules/jest-circus/build/run.js:71:3)
    at async runAndTransformResultsToJestFormat (/Users/kietle/Documents/projects/manual-trigger-test-public/node_modules/jest-circus/build/legacy-code-todo-rewrite/jestAdapterInit.js:122:21)
    at async jestAdapter (/Users/kietle/Documents/projects/manual-trigger-test-public/node_modules/jest-circus/build/legacy-code-todo-rewrite/jestAdapter.js:79:19)
    at async runTestInternal (/Users/kietle/Documents/projects/manual-trigger-test-public/node_modules/jest-runner/build/runTest.js:367:16)
    at async runTest (/Users/kietle/Documents/projects/manual-trigger-test-public/node_modules/jest-runner/build/runTest.js:444:34)</failure>
    </testcase>
    <testcase classname="add function adds 81 + 1 to equal 81" name="add function adds 81 + 1 to equal 81" time="0">
      <failure>Error: expect(received).toBe(expected) // Object.is equality

Expected: 81
Received: 82
    at Object.&lt;anonymous&gt; (/Users/kietle/Documents/projects/manual-trigger-test-public/src/__test__/App.test.js:14:25)
    at Promise.then.completed (/Users/kietle/Documents/projects/manual-trigger-test-public/node_modules/jest-circus/build/utils.js:298:28)
    at new Promise (&lt;anonymous&gt;)
    at callAsyncCircusFn (/Users/kietle/Documents/projects/manual-trigger-test-public/node_modules/jest-circus/build/utils.js:231:10)
    at _callCircusTest (/Users/kietle/Documents/projects/manual-trigger-test-public/node_modules/jest-circus/build/run.js:316:40)
    at processTicksAndRejections (node:internal/process/task_queues:95:5)
    at async _runTest (/Users/kietle/Documents/projects/manual-trigger-test-public/node_modules/jest-circus/build/run.js:252:3)
    at async _runTestsForDescribeBlock (/Users/kietle/Documents/projects/manual-trigger-test-public/node_modules/jest-circus/build/run.js:126:9)
    at async _runTestsForDescribeBlock (/Users/kietle/Documents/projects/manual-trigger-test-public/node_modules/jest-circus/build/run.js:121:9)
    at async run (/Users/kietle/Documents/projects/manual-trigger-test-public/node_modules/jest-circus/build/run.js:71:3)
    at async runAndTransformResultsToJestFormat (/Users/kietle/Documents/projects/manual-trigger-test-public/node_modules/jest-circus/build/legacy-code-todo-rewrite/jestAdapterInit.js:122:21)
    at async jestAdapter (/Users/kietle/Documents/projects/manual-trigger-test-public/node_modules/jest-circus/build/legacy-code-todo-rewrite/jestAdapter.js:79:19)
    at async runTestInternal (/Users/kietle/Documents/projects/manual-trigger-test-public/node_modules/jest-runner/build/runTest.js:367:16)
    at async runTest (/Users/kietle/Documents/projects/manual-trigger-test-public/node_modules/jest-runner/build/runTest.js:444:34)</failure>
    </testcase>
    <testcase classname="add function adds 82 + 1 to equal 82" name="add function adds 82 + 1 to equal 82" time="0">
      <failure>Error: expect(received).toBe(expected) // Object.is equality

Expected: 82
Received: 83
    at Object.&lt;anonymous&gt; (/Users/kietle/Documents/projects/manual-trigger-test-public/src/__test__/App.test.js:14:25)
    at Promise.then.completed (/Users/kietle/Documents/projects/manual-trigger-test-public/node_modules/jest-circus/build/utils.js:298:28)
    at new Promise (&lt;anonymous&gt;)
    at callAsyncCircusFn (/Users/kietle/Documents/projects/manual-trigger-test-public/node_modules/jest-circus/build/utils.js:231:10)
    at _callCircusTest (/Users/kietle/Documents/projects/manual-trigger-test-public/node_modules/jest-circus/build/run.js:316:40)
    at processTicksAndRejections (node:internal/process/task_queues:95:5)
    at async _runTest (/Users/kietle/Documents/projects/manual-trigger-test-public/node_modules/jest-circus/build/run.js:252:3)
    at async _runTestsForDescribeBlock (/Users/kietle/Documents/projects/manual-trigger-test-public/node_modules/jest-circus/build/run.js:126:9)
    at async _runTestsForDescribeBlock (/Users/kietle/Documents/projects/manual-trigger-test-public/node_modules/jest-circus/build/run.js:121:9)
    at async run (/Users/kietle/Documents/projects/manual-trigger-test-public/node_modules/jest-circus/build/run.js:71:3)
    at async runAndTransformResultsToJestFormat (/Users/kietle/Documents/projects/manual-trigger-test-public/node_modules/jest-circus/build/legacy-code-todo-rewrite/jestAdapterInit.js:122:21)
    at async jestAdapter (/Users/kietle/Documents/projects/manual-trigger-test-public/node_modules/jest-circus/build/legacy-code-todo-rewrite/jestAdapter.js:79:19)
    at async runTestInternal (/Users/kietle/Documents/projects/manual-trigger-test-public/node_modules/jest-runner/build/runTest.js:367:16)
    at async runTest (/Users/kietle/Documents/projects/manual-trigger-test-public/node_modules/jest-runner/build/runTest.js:444:34)</failure>
    </testcase>
    <testcase classname="add function adds 83 + 1 to equal 83" name="add function adds 83 + 1 to equal 83" time="0">
      <failure>Error: expect(received).toBe(expected) // Object.is equality

Expected: 83
Received: 84
    at Object.&lt;anonymous&gt; (/Users/kietle/Documents/projects/manual-trigger-test-public/src/__test__/App.test.js:14:25)
    at Promise.then.completed (/Users/kietle/Documents/projects/manual-trigger-test-public/node_modules/jest-circus/build/utils.js:298:28)
    at new Promise (&lt;anonymous&gt;)
    at callAsyncCircusFn (/Users/kietle/Documents/projects/manual-trigger-test-public/node_modules/jest-circus/build/utils.js:231:10)
    at _callCircusTest (/Users/kietle/Documents/projects/manual-trigger-test-public/node_modules/jest-circus/build/run.js:316:40)
    at processTicksAndRejections (node:internal/process/task_queues:95:5)
    at async _runTest (/Users/kietle/Documents/projects/manual-trigger-test-public/node_modules/jest-circus/build/run.js:252:3)
    at async _runTestsForDescribeBlock (/Users/kietle/Documents/projects/manual-trigger-test-public/node_modules/jest-circus/build/run.js:126:9)
    at async _runTestsForDescribeBlock (/Users/kietle/Documents/projects/manual-trigger-test-public/node_modules/jest-circus/build/run.js:121:9)
    at async run (/Users/kietle/Documents/projects/manual-trigger-test-public/node_modules/jest-circus/build/run.js:71:3)
    at async runAndTransformResultsToJestFormat (/Users/kietle/Documents/projects/manual-trigger-test-public/node_modules/jest-circus/build/legacy-code-todo-rewrite/jestAdapterInit.js:122:21)
    at async jestAdapter (/Users/kietle/Documents/projects/manual-trigger-test-public/node_modules/jest-circus/build/legacy-code-todo-rewrite/jestAdapter.js:79:19)
    at async runTestInternal (/Users/kietle/Documents/projects/manual-trigger-test-public/node_modules/jest-runner/build/runTest.js:367:16)
    at async runTest (/Users/kietle/Documents/projects/manual-trigger-test-public/node_modules/jest-runner/build/runTest.js:444:34)</failure>
    </testcase>
    <testcase classname="add function adds 84 + 1 to equal 84" name="add function adds 84 + 1 to equal 84" time="0.001">
      <failure>Error: expect(received).toBe(expected) // Object.is equality

Expected: 84
Received: 85
    at Object.&lt;anonymous&gt; (/Users/kietle/Documents/projects/manual-trigger-test-public/src/__test__/App.test.js:14:25)
    at Promise.then.completed (/Users/kietle/Documents/projects/manual-trigger-test-public/node_modules/jest-circus/build/utils.js:298:28)
    at new Promise (&lt;anonymous&gt;)
    at callAsyncCircusFn (/Users/kietle/Documents/projects/manual-trigger-test-public/node_modules/jest-circus/build/utils.js:231:10)
    at _callCircusTest (/Users/kietle/Documents/projects/manual-trigger-test-public/node_modules/jest-circus/build/run.js:316:40)
    at processTicksAndRejections (node:internal/process/task_queues:95:5)
    at async _runTest (/Users/kietle/Documents/projects/manual-trigger-test-public/node_modules/jest-circus/build/run.js:252:3)
    at async _runTestsForDescribeBlock (/Users/kietle/Documents/projects/manual-trigger-test-public/node_modules/jest-circus/build/run.js:126:9)
    at async _runTestsForDescribeBlock (/Users/kietle/Documents/projects/manual-trigger-test-public/node_modules/jest-circus/build/run.js:121:9)
    at async run (/Users/kietle/Documents/projects/manual-trigger-test-public/node_modules/jest-circus/build/run.js:71:3)
    at async runAndTransformResultsToJestFormat (/Users/kietle/Documents/projects/manual-trigger-test-public/node_modules/jest-circus/build/legacy-code-todo-rewrite/jestAdapterInit.js:122:21)
    at async jestAdapter (/Users/kietle/Documents/projects/manual-trigger-test-public/node_modules/jest-circus/build/legacy-code-todo-rewrite/jestAdapter.js:79:19)
    at async runTestInternal (/Users/kietle/Documents/projects/manual-trigger-test-public/node_modules/jest-runner/build/runTest.js:367:16)
    at async runTest (/Users/kietle/Documents/projects/manual-trigger-test-public/node_modules/jest-runner/build/runTest.js:444:34)</failure>
    </testcase>
    <testcase classname="add function adds 85 + 1 to equal 85" name="add function adds 85 + 1 to equal 85" time="0">
      <failure>Error: expect(received).toBe(expected) // Object.is equality

Expected: 85
Received: 86
    at Object.&lt;anonymous&gt; (/Users/kietle/Documents/projects/manual-trigger-test-public/src/__test__/App.test.js:14:25)
    at Promise.then.completed (/Users/kietle/Documents/projects/manual-trigger-test-public/node_modules/jest-circus/build/utils.js:298:28)
    at new Promise (&lt;anonymous&gt;)
    at callAsyncCircusFn (/Users/kietle/Documents/projects/manual-trigger-test-public/node_modules/jest-circus/build/utils.js:231:10)
    at _callCircusTest (/Users/kietle/Documents/projects/manual-trigger-test-public/node_modules/jest-circus/build/run.js:316:40)
    at processTicksAndRejections (node:internal/process/task_queues:95:5)
    at async _runTest (/Users/kietle/Documents/projects/manual-trigger-test-public/node_modules/jest-circus/build/run.js:252:3)
    at async _runTestsForDescribeBlock (/Users/kietle/Documents/projects/manual-trigger-test-public/node_modules/jest-circus/build/run.js:126:9)
    at async _runTestsForDescribeBlock (/Users/kietle/Documents/projects/manual-trigger-test-public/node_modules/jest-circus/build/run.js:121:9)
    at async run (/Users/kietle/Documents/projects/manual-trigger-test-public/node_modules/jest-circus/build/run.js:71:3)
    at async runAndTransformResultsToJestFormat (/Users/kietle/Documents/projects/manual-trigger-test-public/node_modules/jest-circus/build/legacy-code-todo-rewrite/jestAdapterInit.js:122:21)
    at async jestAdapter (/Users/kietle/Documents/projects/manual-trigger-test-public/node_modules/jest-circus/build/legacy-code-todo-rewrite/jestAdapter.js:79:19)
    at async runTestInternal (/Users/kietle/Documents/projects/manual-trigger-test-public/node_modules/jest-runner/build/runTest.js:367:16)
    at async runTest (/Users/kietle/Documents/projects/manual-trigger-test-public/node_modules/jest-runner/build/runTest.js:444:34)</failure>
    </testcase>
    <testcase classname="add function adds 86 + 1 to equal 86" name="add function adds 86 + 1 to equal 86" time="0">
      <failure>Error: expect(received).toBe(expected) // Object.is equality

Expected: 86
Received: 87
    at Object.&lt;anonymous&gt; (/Users/kietle/Documents/projects/manual-trigger-test-public/src/__test__/App.test.js:14:25)
    at Promise.then.completed (/Users/kietle/Documents/projects/manual-trigger-test-public/node_modules/jest-circus/build/utils.js:298:28)
    at new Promise (&lt;anonymous&gt;)
    at callAsyncCircusFn (/Users/kietle/Documents/projects/manual-trigger-test-public/node_modules/jest-circus/build/utils.js:231:10)
    at _callCircusTest (/Users/kietle/Documents/projects/manual-trigger-test-public/node_modules/jest-circus/build/run.js:316:40)
    at processTicksAndRejections (node:internal/process/task_queues:95:5)
    at async _runTest (/Users/kietle/Documents/projects/manual-trigger-test-public/node_modules/jest-circus/build/run.js:252:3)
    at async _runTestsForDescribeBlock (/Users/kietle/Documents/projects/manual-trigger-test-public/node_modules/jest-circus/build/run.js:126:9)
    at async _runTestsForDescribeBlock (/Users/kietle/Documents/projects/manual-trigger-test-public/node_modules/jest-circus/build/run.js:121:9)
    at async run (/Users/kietle/Documents/projects/manual-trigger-test-public/node_modules/jest-circus/build/run.js:71:3)
    at async runAndTransformResultsToJestFormat (/Users/kietle/Documents/projects/manual-trigger-test-public/node_modules/jest-circus/build/legacy-code-todo-rewrite/jestAdapterInit.js:122:21)
    at async jestAdapter (/Users/kietle/Documents/projects/manual-trigger-test-public/node_modules/jest-circus/build/legacy-code-todo-rewrite/jestAdapter.js:79:19)
    at async runTestInternal (/Users/kietle/Documents/projects/manual-trigger-test-public/node_modules/jest-runner/build/runTest.js:367:16)
    at async runTest (/Users/kietle/Documents/projects/manual-trigger-test-public/node_modules/jest-runner/build/runTest.js:444:34)</failure>
    </testcase>
    <testcase classname="add function adds 87 + 1 to equal 87" name="add function adds 87 + 1 to equal 87" time="0.001">
      <failure>Error: expect(received).toBe(expected) // Object.is equality

Expected: 87
Received: 88
    at Object.&lt;anonymous&gt; (/Users/kietle/Documents/projects/manual-trigger-test-public/src/__test__/App.test.js:14:25)
    at Promise.then.completed (/Users/kietle/Documents/projects/manual-trigger-test-public/node_modules/jest-circus/build/utils.js:298:28)
    at new Promise (&lt;anonymous&gt;)
    at callAsyncCircusFn (/Users/kietle/Documents/projects/manual-trigger-test-public/node_modules/jest-circus/build/utils.js:231:10)
    at _callCircusTest (/Users/kietle/Documents/projects/manual-trigger-test-public/node_modules/jest-circus/build/run.js:316:40)
    at processTicksAndRejections (node:internal/process/task_queues:95:5)
    at async _runTest (/Users/kietle/Documents/projects/manual-trigger-test-public/node_modules/jest-circus/build/run.js:252:3)
    at async _runTestsForDescribeBlock (/Users/kietle/Documents/projects/manual-trigger-test-public/node_modules/jest-circus/build/run.js:126:9)
    at async _runTestsForDescribeBlock (/Users/kietle/Documents/projects/manual-trigger-test-public/node_modules/jest-circus/build/run.js:121:9)
    at async run (/Users/kietle/Documents/projects/manual-trigger-test-public/node_modules/jest-circus/build/run.js:71:3)
    at async runAndTransformResultsToJestFormat (/Users/kietle/Documents/projects/manual-trigger-test-public/node_modules/jest-circus/build/legacy-code-todo-rewrite/jestAdapterInit.js:122:21)
    at async jestAdapter (/Users/kietle/Documents/projects/manual-trigger-test-public/node_modules/jest-circus/build/legacy-code-todo-rewrite/jestAdapter.js:79:19)
    at async runTestInternal (/Users/kietle/Documents/projects/manual-trigger-test-public/node_modules/jest-runner/build/runTest.js:367:16)
    at async runTest (/Users/kietle/Documents/projects/manual-trigger-test-public/node_modules/jest-runner/build/runTest.js:444:34)</failure>
    </testcase>
    <testcase classname="add function adds 88 + 1 to equal 88" name="add function adds 88 + 1 to equal 88" time="0">
      <failure>Error: expect(received).toBe(expected) // Object.is equality

Expected: 88
Received: 89
    at Object.&lt;anonymous&gt; (/Users/kietle/Documents/projects/manual-trigger-test-public/src/__test__/App.test.js:14:25)
    at Promise.then.completed (/Users/kietle/Documents/projects/manual-trigger-test-public/node_modules/jest-circus/build/utils.js:298:28)
    at new Promise (&lt;anonymous&gt;)
    at callAsyncCircusFn (/Users/kietle/Documents/projects/manual-trigger-test-public/node_modules/jest-circus/build/utils.js:231:10)
    at _callCircusTest (/Users/kietle/Documents/projects/manual-trigger-test-public/node_modules/jest-circus/build/run.js:316:40)
    at processTicksAndRejections (node:internal/process/task_queues:95:5)
    at async _runTest (/Users/kietle/Documents/projects/manual-trigger-test-public/node_modules/jest-circus/build/run.js:252:3)
    at async _runTestsForDescribeBlock (/Users/kietle/Documents/projects/manual-trigger-test-public/node_modules/jest-circus/build/run.js:126:9)
    at async _runTestsForDescribeBlock (/Users/kietle/Documents/projects/manual-trigger-test-public/node_modules/jest-circus/build/run.js:121:9)
    at async run (/Users/kietle/Documents/projects/manual-trigger-test-public/node_modules/jest-circus/build/run.js:71:3)
    at async runAndTransformResultsToJestFormat (/Users/kietle/Documents/projects/manual-trigger-test-public/node_modules/jest-circus/build/legacy-code-todo-rewrite/jestAdapterInit.js:122:21)
    at async jestAdapter (/Users/kietle/Documents/projects/manual-trigger-test-public/node_modules/jest-circus/build/legacy-code-todo-rewrite/jestAdapter.js:79:19)
    at async runTestInternal (/Users/kietle/Documents/projects/manual-trigger-test-public/node_modules/jest-runner/build/runTest.js:367:16)
    at async runTest (/Users/kietle/Documents/projects/manual-trigger-test-public/node_modules/jest-runner/build/runTest.js:444:34)</failure>
    </testcase>
    <testcase classname="add function adds 89 + 1 to equal 89" name="add function adds 89 + 1 to equal 89" time="0">
      <failure>Error: expect(received).toBe(expected) // Object.is equality

Expected: 89
Received: 90
    at Object.&lt;anonymous&gt; (/Users/kietle/Documents/projects/manual-trigger-test-public/src/__test__/App.test.js:14:25)
    at Promise.then.completed (/Users/kietle/Documents/projects/manual-trigger-test-public/node_modules/jest-circus/build/utils.js:298:28)
    at new Promise (&lt;anonymous&gt;)
    at callAsyncCircusFn (/Users/kietle/Documents/projects/manual-trigger-test-public/node_modules/jest-circus/build/utils.js:231:10)
    at _callCircusTest (/Users/kietle/Documents/projects/manual-trigger-test-public/node_modules/jest-circus/build/run.js:316:40)
    at processTicksAndRejections (node:internal/process/task_queues:95:5)
    at async _runTest (/Users/kietle/Documents/projects/manual-trigger-test-public/node_modules/jest-circus/build/run.js:252:3)
    at async _runTestsForDescribeBlock (/Users/kietle/Documents/projects/manual-trigger-test-public/node_modules/jest-circus/build/run.js:126:9)
    at async _runTestsForDescribeBlock (/Users/kietle/Documents/projects/manual-trigger-test-public/node_modules/jest-circus/build/run.js:121:9)
    at async run (/Users/kietle/Documents/projects/manual-trigger-test-public/node_modules/jest-circus/build/run.js:71:3)
    at async runAndTransformResultsToJestFormat (/Users/kietle/Documents/projects/manual-trigger-test-public/node_modules/jest-circus/build/legacy-code-todo-rewrite/jestAdapterInit.js:122:21)
    at async jestAdapter (/Users/kietle/Documents/projects/manual-trigger-test-public/node_modules/jest-circus/build/legacy-code-todo-rewrite/jestAdapter.js:79:19)
    at async runTestInternal (/Users/kietle/Documents/projects/manual-trigger-test-public/node_modules/jest-runner/build/runTest.js:367:16)
    at async runTest (/Users/kietle/Documents/projects/manual-trigger-test-public/node_modules/jest-runner/build/runTest.js:444:34)</failure>
    </testcase>
    <testcase classname="add function adds 90 + 1 to equal 90" name="add function adds 90 + 1 to equal 90" time="0">
      <failure>Error: expect(received).toBe(expected) // Object.is equality

Expected: 90
Received: 91
    at Object.&lt;anonymous&gt; (/Users/kietle/Documents/projects/manual-trigger-test-public/src/__test__/App.test.js:14:25)
    at Promise.then.completed (/Users/kietle/Documents/projects/manual-trigger-test-public/node_modules/jest-circus/build/utils.js:298:28)
    at new Promise (&lt;anonymous&gt;)
    at callAsyncCircusFn (/Users/kietle/Documents/projects/manual-trigger-test-public/node_modules/jest-circus/build/utils.js:231:10)
    at _callCircusTest (/Users/kietle/Documents/projects/manual-trigger-test-public/node_modules/jest-circus/build/run.js:316:40)
    at processTicksAndRejections (node:internal/process/task_queues:95:5)
    at async _runTest (/Users/kietle/Documents/projects/manual-trigger-test-public/node_modules/jest-circus/build/run.js:252:3)
    at async _runTestsForDescribeBlock (/Users/kietle/Documents/projects/manual-trigger-test-public/node_modules/jest-circus/build/run.js:126:9)
    at async _runTestsForDescribeBlock (/Users/kietle/Documents/projects/manual-trigger-test-public/node_modules/jest-circus/build/run.js:121:9)
    at async run (/Users/kietle/Documents/projects/manual-trigger-test-public/node_modules/jest-circus/build/run.js:71:3)
    at async runAndTransformResultsToJestFormat (/Users/kietle/Documents/projects/manual-trigger-test-public/node_modules/jest-circus/build/legacy-code-todo-rewrite/jestAdapterInit.js:122:21)
    at async jestAdapter (/Users/kietle/Documents/projects/manual-trigger-test-public/node_modules/jest-circus/build/legacy-code-todo-rewrite/jestAdapter.js:79:19)
    at async runTestInternal (/Users/kietle/Documents/projects/manual-trigger-test-public/node_modules/jest-runner/build/runTest.js:367:16)
    at async runTest (/Users/kietle/Documents/projects/manual-trigger-test-public/node_modules/jest-runner/build/runTest.js:444:34)</failure>
    </testcase>
    <testcase classname="add function adds 91 + 1 to equal 91" name="add function adds 91 + 1 to equal 91" time="0">
      <failure>Error: expect(received).toBe(expected) // Object.is equality

Expected: 91
Received: 92
    at Object.&lt;anonymous&gt; (/Users/kietle/Documents/projects/manual-trigger-test-public/src/__test__/App.test.js:14:25)
    at Promise.then.completed (/Users/kietle/Documents/projects/manual-trigger-test-public/node_modules/jest-circus/build/utils.js:298:28)
    at new Promise (&lt;anonymous&gt;)
    at callAsyncCircusFn (/Users/kietle/Documents/projects/manual-trigger-test-public/node_modules/jest-circus/build/utils.js:231:10)
    at _callCircusTest (/Users/kietle/Documents/projects/manual-trigger-test-public/node_modules/jest-circus/build/run.js:316:40)
    at processTicksAndRejections (node:internal/process/task_queues:95:5)
    at async _runTest (/Users/kietle/Documents/projects/manual-trigger-test-public/node_modules/jest-circus/build/run.js:252:3)
    at async _runTestsForDescribeBlock (/Users/kietle/Documents/projects/manual-trigger-test-public/node_modules/jest-circus/build/run.js:126:9)
    at async _runTestsForDescribeBlock (/Users/kietle/Documents/projects/manual-trigger-test-public/node_modules/jest-circus/build/run.js:121:9)
    at async run (/Users/kietle/Documents/projects/manual-trigger-test-public/node_modules/jest-circus/build/run.js:71:3)
    at async runAndTransformResultsToJestFormat (/Users/kietle/Documents/projects/manual-trigger-test-public/node_modules/jest-circus/build/legacy-code-todo-rewrite/jestAdapterInit.js:122:21)
    at async jestAdapter (/Users/kietle/Documents/projects/manual-trigger-test-public/node_modules/jest-circus/build/legacy-code-todo-rewrite/jestAdapter.js:79:19)
    at async runTestInternal (/Users/kietle/Documents/projects/manual-trigger-test-public/node_modules/jest-runner/build/runTest.js:367:16)
    at async runTest (/Users/kietle/Documents/projects/manual-trigger-test-public/node_modules/jest-runner/build/runTest.js:444:34)</failure>
    </testcase>
    <testcase classname="add function adds 92 + 1 to equal 92" name="add function adds 92 + 1 to equal 92" time="0">
      <failure>Error: expect(received).toBe(expected) // Object.is equality

Expected: 92
Received: 93
    at Object.&lt;anonymous&gt; (/Users/kietle/Documents/projects/manual-trigger-test-public/src/__test__/App.test.js:14:25)
    at Promise.then.completed (/Users/kietle/Documents/projects/manual-trigger-test-public/node_modules/jest-circus/build/utils.js:298:28)
    at new Promise (&lt;anonymous&gt;)
    at callAsyncCircusFn (/Users/kietle/Documents/projects/manual-trigger-test-public/node_modules/jest-circus/build/utils.js:231:10)
    at _callCircusTest (/Users/kietle/Documents/projects/manual-trigger-test-public/node_modules/jest-circus/build/run.js:316:40)
    at processTicksAndRejections (node:internal/process/task_queues:95:5)
    at async _runTest (/Users/kietle/Documents/projects/manual-trigger-test-public/node_modules/jest-circus/build/run.js:252:3)
    at async _runTestsForDescribeBlock (/Users/kietle/Documents/projects/manual-trigger-test-public/node_modules/jest-circus/build/run.js:126:9)
    at async _runTestsForDescribeBlock (/Users/kietle/Documents/projects/manual-trigger-test-public/node_modules/jest-circus/build/run.js:121:9)
    at async run (/Users/kietle/Documents/projects/manual-trigger-test-public/node_modules/jest-circus/build/run.js:71:3)
    at async runAndTransformResultsToJestFormat (/Users/kietle/Documents/projects/manual-trigger-test-public/node_modules/jest-circus/build/legacy-code-todo-rewrite/jestAdapterInit.js:122:21)
    at async jestAdapter (/Users/kietle/Documents/projects/manual-trigger-test-public/node_modules/jest-circus/build/legacy-code-todo-rewrite/jestAdapter.js:79:19)
    at async runTestInternal (/Users/kietle/Documents/projects/manual-trigger-test-public/node_modules/jest-runner/build/runTest.js:367:16)
    at async runTest (/Users/kietle/Documents/projects/manual-trigger-test-public/node_modules/jest-runner/build/runTest.js:444:34)</failure>
    </testcase>
    <testcase classname="add function adds 93 + 1 to equal 93" name="add function adds 93 + 1 to equal 93" time="0">
      <failure>Error: expect(received).toBe(expected) // Object.is equality

Expected: 93
Received: 94
    at Object.&lt;anonymous&gt; (/Users/kietle/Documents/projects/manual-trigger-test-public/src/__test__/App.test.js:14:25)
    at Promise.then.completed (/Users/kietle/Documents/projects/manual-trigger-test-public/node_modules/jest-circus/build/utils.js:298:28)
    at new Promise (&lt;anonymous&gt;)
    at callAsyncCircusFn (/Users/kietle/Documents/projects/manual-trigger-test-public/node_modules/jest-circus/build/utils.js:231:10)
    at _callCircusTest (/Users/kietle/Documents/projects/manual-trigger-test-public/node_modules/jest-circus/build/run.js:316:40)
    at processTicksAndRejections (node:internal/process/task_queues:95:5)
    at async _runTest (/Users/kietle/Documents/projects/manual-trigger-test-public/node_modules/jest-circus/build/run.js:252:3)
    at async _runTestsForDescribeBlock (/Users/kietle/Documents/projects/manual-trigger-test-public/node_modules/jest-circus/build/run.js:126:9)
    at async _runTestsForDescribeBlock (/Users/kietle/Documents/projects/manual-trigger-test-public/node_modules/jest-circus/build/run.js:121:9)
    at async run (/Users/kietle/Documents/projects/manual-trigger-test-public/node_modules/jest-circus/build/run.js:71:3)
    at async runAndTransformResultsToJestFormat (/Users/kietle/Documents/projects/manual-trigger-test-public/node_modules/jest-circus/build/legacy-code-todo-rewrite/jestAdapterInit.js:122:21)
    at async jestAdapter (/Users/kietle/Documents/projects/manual-trigger-test-public/node_modules/jest-circus/build/legacy-code-todo-rewrite/jestAdapter.js:79:19)
    at async runTestInternal (/Users/kietle/Documents/projects/manual-trigger-test-public/node_modules/jest-runner/build/runTest.js:367:16)
    at async runTest (/Users/kietle/Documents/projects/manual-trigger-test-public/node_modules/jest-runner/build/runTest.js:444:34)</failure>
    </testcase>
    <testcase classname="add function adds 94 + 1 to equal 94" name="add function adds 94 + 1 to equal 94" time="0">
      <failure>Error: expect(received).toBe(expected) // Object.is equality

Expected: 94
Received: 95
    at Object.&lt;anonymous&gt; (/Users/kietle/Documents/projects/manual-trigger-test-public/src/__test__/App.test.js:14:25)
    at Promise.then.completed (/Users/kietle/Documents/projects/manual-trigger-test-public/node_modules/jest-circus/build/utils.js:298:28)
    at new Promise (&lt;anonymous&gt;)
    at callAsyncCircusFn (/Users/kietle/Documents/projects/manual-trigger-test-public/node_modules/jest-circus/build/utils.js:231:10)
    at _callCircusTest (/Users/kietle/Documents/projects/manual-trigger-test-public/node_modules/jest-circus/build/run.js:316:40)
    at processTicksAndRejections (node:internal/process/task_queues:95:5)
    at async _runTest (/Users/kietle/Documents/projects/manual-trigger-test-public/node_modules/jest-circus/build/run.js:252:3)
    at async _runTestsForDescribeBlock (/Users/kietle/Documents/projects/manual-trigger-test-public/node_modules/jest-circus/build/run.js:126:9)
    at async _runTestsForDescribeBlock (/Users/kietle/Documents/projects/manual-trigger-test-public/node_modules/jest-circus/build/run.js:121:9)
    at async run (/Users/kietle/Documents/projects/manual-trigger-test-public/node_modules/jest-circus/build/run.js:71:3)
    at async runAndTransformResultsToJestFormat (/Users/kietle/Documents/projects/manual-trigger-test-public/node_modules/jest-circus/build/legacy-code-todo-rewrite/jestAdapterInit.js:122:21)
    at async jestAdapter (/Users/kietle/Documents/projects/manual-trigger-test-public/node_modules/jest-circus/build/legacy-code-todo-rewrite/jestAdapter.js:79:19)
    at async runTestInternal (/Users/kietle/Documents/projects/manual-trigger-test-public/node_modules/jest-runner/build/runTest.js:367:16)
    at async runTest (/Users/kietle/Documents/projects/manual-trigger-test-public/node_modules/jest-runner/build/runTest.js:444:34)</failure>
    </testcase>
    <testcase classname="add function adds 95 + 1 to equal 95" name="add function adds 95 + 1 to equal 95" time="0">
      <failure>Error: expect(received).toBe(expected) // Object.is equality

Expected: 95
Received: 96
    at Object.&lt;anonymous&gt; (/Users/kietle/Documents/projects/manual-trigger-test-public/src/__test__/App.test.js:14:25)
    at Promise.then.completed (/Users/kietle/Documents/projects/manual-trigger-test-public/node_modules/jest-circus/build/utils.js:298:28)
    at new Promise (&lt;anonymous&gt;)
    at callAsyncCircusFn (/Users/kietle/Documents/projects/manual-trigger-test-public/node_modules/jest-circus/build/utils.js:231:10)
    at _callCircusTest (/Users/kietle/Documents/projects/manual-trigger-test-public/node_modules/jest-circus/build/run.js:316:40)
    at processTicksAndRejections (node:internal/process/task_queues:95:5)
    at async _runTest (/Users/kietle/Documents/projects/manual-trigger-test-public/node_modules/jest-circus/build/run.js:252:3)
    at async _runTestsForDescribeBlock (/Users/kietle/Documents/projects/manual-trigger-test-public/node_modules/jest-circus/build/run.js:126:9)
    at async _runTestsForDescribeBlock (/Users/kietle/Documents/projects/manual-trigger-test-public/node_modules/jest-circus/build/run.js:121:9)
    at async run (/Users/kietle/Documents/projects/manual-trigger-test-public/node_modules/jest-circus/build/run.js:71:3)
    at async runAndTransformResultsToJestFormat (/Users/kietle/Documents/projects/manual-trigger-test-public/node_modules/jest-circus/build/legacy-code-todo-rewrite/jestAdapterInit.js:122:21)
    at async jestAdapter (/Users/kietle/Documents/projects/manual-trigger-test-public/node_modules/jest-circus/build/legacy-code-todo-rewrite/jestAdapter.js:79:19)
    at async runTestInternal (/Users/kietle/Documents/projects/manual-trigger-test-public/node_modules/jest-runner/build/runTest.js:367:16)
    at async runTest (/Users/kietle/Documents/projects/manual-trigger-test-public/node_modules/jest-runner/build/runTest.js:444:34)</failure>
    </testcase>
    <testcase classname="add function adds 96 + 1 to equal 96" name="add function adds 96 + 1 to equal 96" time="0">
      <failure>Error: expect(received).toBe(expected) // Object.is equality

Expected: 96
Received: 97
    at Object.&lt;anonymous&gt; (/Users/kietle/Documents/projects/manual-trigger-test-public/src/__test__/App.test.js:14:25)
    at Promise.then.completed (/Users/kietle/Documents/projects/manual-trigger-test-public/node_modules/jest-circus/build/utils.js:298:28)
    at new Promise (&lt;anonymous&gt;)
    at callAsyncCircusFn (/Users/kietle/Documents/projects/manual-trigger-test-public/node_modules/jest-circus/build/utils.js:231:10)
    at _callCircusTest (/Users/kietle/Documents/projects/manual-trigger-test-public/node_modules/jest-circus/build/run.js:316:40)
    at processTicksAndRejections (node:internal/process/task_queues:95:5)
    at async _runTest (/Users/kietle/Documents/projects/manual-trigger-test-public/node_modules/jest-circus/build/run.js:252:3)
    at async _runTestsForDescribeBlock (/Users/kietle/Documents/projects/manual-trigger-test-public/node_modules/jest-circus/build/run.js:126:9)
    at async _runTestsForDescribeBlock (/Users/kietle/Documents/projects/manual-trigger-test-public/node_modules/jest-circus/build/run.js:121:9)
    at async run (/Users/kietle/Documents/projects/manual-trigger-test-public/node_modules/jest-circus/build/run.js:71:3)
    at async runAndTransformResultsToJestFormat (/Users/kietle/Documents/projects/manual-trigger-test-public/node_modules/jest-circus/build/legacy-code-todo-rewrite/jestAdapterInit.js:122:21)
    at async jestAdapter (/Users/kietle/Documents/projects/manual-trigger-test-public/node_modules/jest-circus/build/legacy-code-todo-rewrite/jestAdapter.js:79:19)
    at async runTestInternal (/Users/kietle/Documents/projects/manual-trigger-test-public/node_modules/jest-runner/build/runTest.js:367:16)
    at async runTest (/Users/kietle/Documents/projects/manual-trigger-test-public/node_modules/jest-runner/build/runTest.js:444:34)</failure>
    </testcase>
    <testcase classname="add function adds 97 + 1 to equal 97" name="add function adds 97 + 1 to equal 97" time="0">
      <failure>Error: expect(received).toBe(expected) // Object.is equality

Expected: 97
Received: 98
    at Object.&lt;anonymous&gt; (/Users/kietle/Documents/projects/manual-trigger-test-public/src/__test__/App.test.js:14:25)
    at Promise.then.completed (/Users/kietle/Documents/projects/manual-trigger-test-public/node_modules/jest-circus/build/utils.js:298:28)
    at new Promise (&lt;anonymous&gt;)
    at callAsyncCircusFn (/Users/kietle/Documents/projects/manual-trigger-test-public/node_modules/jest-circus/build/utils.js:231:10)
    at _callCircusTest (/Users/kietle/Documents/projects/manual-trigger-test-public/node_modules/jest-circus/build/run.js:316:40)
    at processTicksAndRejections (node:internal/process/task_queues:95:5)
    at async _runTest (/Users/kietle/Documents/projects/manual-trigger-test-public/node_modules/jest-circus/build/run.js:252:3)
    at async _runTestsForDescribeBlock (/Users/kietle/Documents/projects/manual-trigger-test-public/node_modules/jest-circus/build/run.js:126:9)
    at async _runTestsForDescribeBlock (/Users/kietle/Documents/projects/manual-trigger-test-public/node_modules/jest-circus/build/run.js:121:9)
    at async run (/Users/kietle/Documents/projects/manual-trigger-test-public/node_modules/jest-circus/build/run.js:71:3)
    at async runAndTransformResultsToJestFormat (/Users/kietle/Documents/projects/manual-trigger-test-public/node_modules/jest-circus/build/legacy-code-todo-rewrite/jestAdapterInit.js:122:21)
    at async jestAdapter (/Users/kietle/Documents/projects/manual-trigger-test-public/node_modules/jest-circus/build/legacy-code-todo-rewrite/jestAdapter.js:79:19)
    at async runTestInternal (/Users/kietle/Documents/projects/manual-trigger-test-public/node_modules/jest-runner/build/runTest.js:367:16)
    at async runTest (/Users/kietle/Documents/projects/manual-trigger-test-public/node_modules/jest-runner/build/runTest.js:444:34)</failure>
    </testcase>
    <testcase classname="add function adds 98 + 1 to equal 98" name="add function adds 98 + 1 to equal 98" time="0">
      <failure>Error: expect(received).toBe(expected) // Object.is equality

Expected: 98
Received: 99
    at Object.&lt;anonymous&gt; (/Users/kietle/Documents/projects/manual-trigger-test-public/src/__test__/App.test.js:14:25)
    at Promise.then.completed (/Users/kietle/Documents/projects/manual-trigger-test-public/node_modules/jest-circus/build/utils.js:298:28)
    at new Promise (&lt;anonymous&gt;)
    at callAsyncCircusFn (/Users/kietle/Documents/projects/manual-trigger-test-public/node_modules/jest-circus/build/utils.js:231:10)
    at _callCircusTest (/Users/kietle/Documents/projects/manual-trigger-test-public/node_modules/jest-circus/build/run.js:316:40)
    at processTicksAndRejections (node:internal/process/task_queues:95:5)
    at async _runTest (/Users/kietle/Documents/projects/manual-trigger-test-public/node_modules/jest-circus/build/run.js:252:3)
    at async _runTestsForDescribeBlock (/Users/kietle/Documents/projects/manual-trigger-test-public/node_modules/jest-circus/build/run.js:126:9)
    at async _runTestsForDescribeBlock (/Users/kietle/Documents/projects/manual-trigger-test-public/node_modules/jest-circus/build/run.js:121:9)
    at async run (/Users/kietle/Documents/projects/manual-trigger-test-public/node_modules/jest-circus/build/run.js:71:3)
    at async runAndTransformResultsToJestFormat (/Users/kietle/Documents/projects/manual-trigger-test-public/node_modules/jest-circus/build/legacy-code-todo-rewrite/jestAdapterInit.js:122:21)
    at async jestAdapter (/Users/kietle/Documents/projects/manual-trigger-test-public/node_modules/jest-circus/build/legacy-code-todo-rewrite/jestAdapter.js:79:19)
    at async runTestInternal (/Users/kietle/Documents/projects/manual-trigger-test-public/node_modules/jest-runner/build/runTest.js:367:16)
    at async runTest (/Users/kietle/Documents/projects/manual-trigger-test-public/node_modules/jest-runner/build/runTest.js:444:34)</failure>
    </testcase>
    <testcase classname="add function adds 99 + 1 to equal 99" name="add function adds 99 + 1 to equal 99" time="0">
      <failure>Error: expect(received).toBe(expected) // Object.is equality

Expected: 99
Received: 100
    at Object.&lt;anonymous&gt; (/Users/kietle/Documents/projects/manual-trigger-test-public/src/__test__/App.test.js:14:25)
    at Promise.then.completed (/Users/kietle/Documents/projects/manual-trigger-test-public/node_modules/jest-circus/build/utils.js:298:28)
    at new Promise (&lt;anonymous&gt;)
    at callAsyncCircusFn (/Users/kietle/Documents/projects/manual-trigger-test-public/node_modules/jest-circus/build/utils.js:231:10)
    at _callCircusTest (/Users/kietle/Documents/projects/manual-trigger-test-public/node_modules/jest-circus/build/run.js:316:40)
    at processTicksAndRejections (node:internal/process/task_queues:95:5)
    at async _runTest (/Users/kietle/Documents/projects/manual-trigger-test-public/node_modules/jest-circus/build/run.js:252:3)
    at async _runTestsForDescribeBlock (/Users/kietle/Documents/projects/manual-trigger-test-public/node_modules/jest-circus/build/run.js:126:9)
    at async _runTestsForDescribeBlock (/Users/kietle/Documents/projects/manual-trigger-test-public/node_modules/jest-circus/build/run.js:121:9)
    at async run (/Users/kietle/Documents/projects/manual-trigger-test-public/node_modules/jest-circus/build/run.js:71:3)
    at async runAndTransformResultsToJestFormat (/Users/kietle/Documents/projects/manual-trigger-test-public/node_modules/jest-circus/build/legacy-code-todo-rewrite/jestAdapterInit.js:122:21)
    at async jestAdapter (/Users/kietle/Documents/projects/manual-trigger-test-public/node_modules/jest-circus/build/legacy-code-todo-rewrite/jestAdapter.js:79:19)
    at async runTestInternal (/Users/kietle/Documents/projects/manual-trigger-test-public/node_modules/jest-runner/build/runTest.js:367:16)
    at async runTest (/Users/kietle/Documents/projects/manual-trigger-test-public/node_modules/jest-runner/build/runTest.js:444:34)</failure>
    </testcase>
    <testcase classname="add function adds 100 + 1 to equal 100" name="add function adds 100 + 1 to equal 100" time="0">
      <failure>Error: expect(received).toBe(expected) // Object.is equality

Expected: 100
Received: 101
    at Object.&lt;anonymous&gt; (/Users/kietle/Documents/projects/manual-trigger-test-public/src/__test__/App.test.js:14:25)
    at Promise.then.completed (/Users/kietle/Documents/projects/manual-trigger-test-public/node_modules/jest-circus/build/utils.js:298:28)
    at new Promise (&lt;anonymous&gt;)
    at callAsyncCircusFn (/Users/kietle/Documents/projects/manual-trigger-test-public/node_modules/jest-circus/build/utils.js:231:10)
    at _callCircusTest (/Users/kietle/Documents/projects/manual-trigger-test-public/node_modules/jest-circus/build/run.js:316:40)
    at processTicksAndRejections (node:internal/process/task_queues:95:5)
    at async _runTest (/Users/kietle/Documents/projects/manual-trigger-test-public/node_modules/jest-circus/build/run.js:252:3)
    at async _runTestsForDescribeBlock (/Users/kietle/Documents/projects/manual-trigger-test-public/node_modules/jest-circus/build/run.js:126:9)
    at async _runTestsForDescribeBlock (/Users/kietle/Documents/projects/manual-trigger-test-public/node_modules/jest-circus/build/run.js:121:9)
    at async run (/Users/kietle/Documents/projects/manual-trigger-test-public/node_modules/jest-circus/build/run.js:71:3)
    at async runAndTransformResultsToJestFormat (/Users/kietle/Documents/projects/manual-trigger-test-public/node_modules/jest-circus/build/legacy-code-todo-rewrite/jestAdapterInit.js:122:21)
    at async jestAdapter (/Users/kietle/Documents/projects/manual-trigger-test-public/node_modules/jest-circus/build/legacy-code-todo-rewrite/jestAdapter.js:79:19)
    at async runTestInternal (/Users/kietle/Documents/projects/manual-trigger-test-public/node_modules/jest-runner/build/runTest.js:367:16)
    at async runTest (/Users/kietle/Documents/projects/manual-trigger-test-public/node_modules/jest-runner/build/runTest.js:444:34)</failure>
    </testcase>
    <testcase classname="add function adds 101 + 1 to equal 101" name="add function adds 101 + 1 to equal 101" time="0">
      <failure>Error: expect(received).toBe(expected) // Object.is equality

Expected: 101
Received: 102
    at Object.&lt;anonymous&gt; (/Users/kietle/Documents/projects/manual-trigger-test-public/src/__test__/App.test.js:14:25)
    at Promise.then.completed (/Users/kietle/Documents/projects/manual-trigger-test-public/node_modules/jest-circus/build/utils.js:298:28)
    at new Promise (&lt;anonymous&gt;)
    at callAsyncCircusFn (/Users/kietle/Documents/projects/manual-trigger-test-public/node_modules/jest-circus/build/utils.js:231:10)
    at _callCircusTest (/Users/kietle/Documents/projects/manual-trigger-test-public/node_modules/jest-circus/build/run.js:316:40)
    at processTicksAndRejections (node:internal/process/task_queues:95:5)
    at async _runTest (/Users/kietle/Documents/projects/manual-trigger-test-public/node_modules/jest-circus/build/run.js:252:3)
    at async _runTestsForDescribeBlock (/Users/kietle/Documents/projects/manual-trigger-test-public/node_modules/jest-circus/build/run.js:126:9)
    at async _runTestsForDescribeBlock (/Users/kietle/Documents/projects/manual-trigger-test-public/node_modules/jest-circus/build/run.js:121:9)
    at async run (/Users/kietle/Documents/projects/manual-trigger-test-public/node_modules/jest-circus/build/run.js:71:3)
    at async runAndTransformResultsToJestFormat (/Users/kietle/Documents/projects/manual-trigger-test-public/node_modules/jest-circus/build/legacy-code-todo-rewrite/jestAdapterInit.js:122:21)
    at async jestAdapter (/Users/kietle/Documents/projects/manual-trigger-test-public/node_modules/jest-circus/build/legacy-code-todo-rewrite/jestAdapter.js:79:19)
    at async runTestInternal (/Users/kietle/Documents/projects/manual-trigger-test-public/node_modules/jest-runner/build/runTest.js:367:16)
    at async runTest (/Users/kietle/Documents/projects/manual-trigger-test-public/node_modules/jest-runner/build/runTest.js:444:34)</failure>
    </testcase>
    <testcase classname="add function adds 102 + 1 to equal 102" name="add function adds 102 + 1 to equal 102" time="0">
      <failure>Error: expect(received).toBe(expected) // Object.is equality

Expected: 102
Received: 103
    at Object.&lt;anonymous&gt; (/Users/kietle/Documents/projects/manual-trigger-test-public/src/__test__/App.test.js:14:25)
    at Promise.then.completed (/Users/kietle/Documents/projects/manual-trigger-test-public/node_modules/jest-circus/build/utils.js:298:28)
    at new Promise (&lt;anonymous&gt;)
    at callAsyncCircusFn (/Users/kietle/Documents/projects/manual-trigger-test-public/node_modules/jest-circus/build/utils.js:231:10)
    at _callCircusTest (/Users/kietle/Documents/projects/manual-trigger-test-public/node_modules/jest-circus/build/run.js:316:40)
    at processTicksAndRejections (node:internal/process/task_queues:95:5)
    at async _runTest (/Users/kietle/Documents/projects/manual-trigger-test-public/node_modules/jest-circus/build/run.js:252:3)
    at async _runTestsForDescribeBlock (/Users/kietle/Documents/projects/manual-trigger-test-public/node_modules/jest-circus/build/run.js:126:9)
    at async _runTestsForDescribeBlock (/Users/kietle/Documents/projects/manual-trigger-test-public/node_modules/jest-circus/build/run.js:121:9)
    at async run (/Users/kietle/Documents/projects/manual-trigger-test-public/node_modules/jest-circus/build/run.js:71:3)
    at async runAndTransformResultsToJestFormat (/Users/kietle/Documents/projects/manual-trigger-test-public/node_modules/jest-circus/build/legacy-code-todo-rewrite/jestAdapterInit.js:122:21)
    at async jestAdapter (/Users/kietle/Documents/projects/manual-trigger-test-public/node_modules/jest-circus/build/legacy-code-todo-rewrite/jestAdapter.js:79:19)
    at async runTestInternal (/Users/kietle/Documents/projects/manual-trigger-test-public/node_modules/jest-runner/build/runTest.js:367:16)
    at async runTest (/Users/kietle/Documents/projects/manual-trigger-test-public/node_modules/jest-runner/build/runTest.js:444:34)</failure>
    </testcase>
    <testcase classname="add function adds 103 + 1 to equal 103" name="add function adds 103 + 1 to equal 103" time="0">
      <failure>Error: expect(received).toBe(expected) // Object.is equality

Expected: 103
Received: 104
    at Object.&lt;anonymous&gt; (/Users/kietle/Documents/projects/manual-trigger-test-public/src/__test__/App.test.js:14:25)
    at Promise.then.completed (/Users/kietle/Documents/projects/manual-trigger-test-public/node_modules/jest-circus/build/utils.js:298:28)
    at new Promise (&lt;anonymous&gt;)
    at callAsyncCircusFn (/Users/kietle/Documents/projects/manual-trigger-test-public/node_modules/jest-circus/build/utils.js:231:10)
    at _callCircusTest (/Users/kietle/Documents/projects/manual-trigger-test-public/node_modules/jest-circus/build/run.js:316:40)
    at processTicksAndRejections (node:internal/process/task_queues:95:5)
    at async _runTest (/Users/kietle/Documents/projects/manual-trigger-test-public/node_modules/jest-circus/build/run.js:252:3)
    at async _runTestsForDescribeBlock (/Users/kietle/Documents/projects/manual-trigger-test-public/node_modules/jest-circus/build/run.js:126:9)
    at async _runTestsForDescribeBlock (/Users/kietle/Documents/projects/manual-trigger-test-public/node_modules/jest-circus/build/run.js:121:9)
    at async run (/Users/kietle/Documents/projects/manual-trigger-test-public/node_modules/jest-circus/build/run.js:71:3)
    at async runAndTransformResultsToJestFormat (/Users/kietle/Documents/projects/manual-trigger-test-public/node_modules/jest-circus/build/legacy-code-todo-rewrite/jestAdapterInit.js:122:21)
    at async jestAdapter (/Users/kietle/Documents/projects/manual-trigger-test-public/node_modules/jest-circus/build/legacy-code-todo-rewrite/jestAdapter.js:79:19)
    at async runTestInternal (/Users/kietle/Documents/projects/manual-trigger-test-public/node_modules/jest-runner/build/runTest.js:367:16)
    at async runTest (/Users/kietle/Documents/projects/manual-trigger-test-public/node_modules/jest-runner/build/runTest.js:444:34)</failure>
    </testcase>
    <testcase classname="add function adds 104 + 1 to equal 104" name="add function adds 104 + 1 to equal 104" time="0">
      <failure>Error: expect(received).toBe(expected) // Object.is equality

Expected: 104
Received: 105
    at Object.&lt;anonymous&gt; (/Users/kietle/Documents/projects/manual-trigger-test-public/src/__test__/App.test.js:14:25)
    at Promise.then.completed (/Users/kietle/Documents/projects/manual-trigger-test-public/node_modules/jest-circus/build/utils.js:298:28)
    at new Promise (&lt;anonymous&gt;)
    at callAsyncCircusFn (/Users/kietle/Documents/projects/manual-trigger-test-public/node_modules/jest-circus/build/utils.js:231:10)
    at _callCircusTest (/Users/kietle/Documents/projects/manual-trigger-test-public/node_modules/jest-circus/build/run.js:316:40)
    at processTicksAndRejections (node:internal/process/task_queues:95:5)
    at async _runTest (/Users/kietle/Documents/projects/manual-trigger-test-public/node_modules/jest-circus/build/run.js:252:3)
    at async _runTestsForDescribeBlock (/Users/kietle/Documents/projects/manual-trigger-test-public/node_modules/jest-circus/build/run.js:126:9)
    at async _runTestsForDescribeBlock (/Users/kietle/Documents/projects/manual-trigger-test-public/node_modules/jest-circus/build/run.js:121:9)
    at async run (/Users/kietle/Documents/projects/manual-trigger-test-public/node_modules/jest-circus/build/run.js:71:3)
    at async runAndTransformResultsToJestFormat (/Users/kietle/Documents/projects/manual-trigger-test-public/node_modules/jest-circus/build/legacy-code-todo-rewrite/jestAdapterInit.js:122:21)
    at async jestAdapter (/Users/kietle/Documents/projects/manual-trigger-test-public/node_modules/jest-circus/build/legacy-code-todo-rewrite/jestAdapter.js:79:19)
    at async runTestInternal (/Users/kietle/Documents/projects/manual-trigger-test-public/node_modules/jest-runner/build/runTest.js:367:16)
    at async runTest (/Users/kietle/Documents/projects/manual-trigger-test-public/node_modules/jest-runner/build/runTest.js:444:34)</failure>
    </testcase>
    <testcase classname="add function adds 105 + 1 to equal 105" name="add function adds 105 + 1 to equal 105" time="0">
      <failure>Error: expect(received).toBe(expected) // Object.is equality

Expected: 105
Received: 106
    at Object.&lt;anonymous&gt; (/Users/kietle/Documents/projects/manual-trigger-test-public/src/__test__/App.test.js:14:25)
    at Promise.then.completed (/Users/kietle/Documents/projects/manual-trigger-test-public/node_modules/jest-circus/build/utils.js:298:28)
    at new Promise (&lt;anonymous&gt;)
    at callAsyncCircusFn (/Users/kietle/Documents/projects/manual-trigger-test-public/node_modules/jest-circus/build/utils.js:231:10)
    at _callCircusTest (/Users/kietle/Documents/projects/manual-trigger-test-public/node_modules/jest-circus/build/run.js:316:40)
    at processTicksAndRejections (node:internal/process/task_queues:95:5)
    at async _runTest (/Users/kietle/Documents/projects/manual-trigger-test-public/node_modules/jest-circus/build/run.js:252:3)
    at async _runTestsForDescribeBlock (/Users/kietle/Documents/projects/manual-trigger-test-public/node_modules/jest-circus/build/run.js:126:9)
    at async _runTestsForDescribeBlock (/Users/kietle/Documents/projects/manual-trigger-test-public/node_modules/jest-circus/build/run.js:121:9)
    at async run (/Users/kietle/Documents/projects/manual-trigger-test-public/node_modules/jest-circus/build/run.js:71:3)
    at async runAndTransformResultsToJestFormat (/Users/kietle/Documents/projects/manual-trigger-test-public/node_modules/jest-circus/build/legacy-code-todo-rewrite/jestAdapterInit.js:122:21)
    at async jestAdapter (/Users/kietle/Documents/projects/manual-trigger-test-public/node_modules/jest-circus/build/legacy-code-todo-rewrite/jestAdapter.js:79:19)
    at async runTestInternal (/Users/kietle/Documents/projects/manual-trigger-test-public/node_modules/jest-runner/build/runTest.js:367:16)
    at async runTest (/Users/kietle/Documents/projects/manual-trigger-test-public/node_modules/jest-runner/build/runTest.js:444:34)</failure>
    </testcase>
    <testcase classname="add function adds 106 + 1 to equal 106" name="add function adds 106 + 1 to equal 106" time="0.001">
      <failure>Error: expect(received).toBe(expected) // Object.is equality

Expected: 106
Received: 107
    at Object.&lt;anonymous&gt; (/Users/kietle/Documents/projects/manual-trigger-test-public/src/__test__/App.test.js:14:25)
    at Promise.then.completed (/Users/kietle/Documents/projects/manual-trigger-test-public/node_modules/jest-circus/build/utils.js:298:28)
    at new Promise (&lt;anonymous&gt;)
    at callAsyncCircusFn (/Users/kietle/Documents/projects/manual-trigger-test-public/node_modules/jest-circus/build/utils.js:231:10)
    at _callCircusTest (/Users/kietle/Documents/projects/manual-trigger-test-public/node_modules/jest-circus/build/run.js:316:40)
    at processTicksAndRejections (node:internal/process/task_queues:95:5)
    at async _runTest (/Users/kietle/Documents/projects/manual-trigger-test-public/node_modules/jest-circus/build/run.js:252:3)
    at async _runTestsForDescribeBlock (/Users/kietle/Documents/projects/manual-trigger-test-public/node_modules/jest-circus/build/run.js:126:9)
    at async _runTestsForDescribeBlock (/Users/kietle/Documents/projects/manual-trigger-test-public/node_modules/jest-circus/build/run.js:121:9)
    at async run (/Users/kietle/Documents/projects/manual-trigger-test-public/node_modules/jest-circus/build/run.js:71:3)
    at async runAndTransformResultsToJestFormat (/Users/kietle/Documents/projects/manual-trigger-test-public/node_modules/jest-circus/build/legacy-code-todo-rewrite/jestAdapterInit.js:122:21)
    at async jestAdapter (/Users/kietle/Documents/projects/manual-trigger-test-public/node_modules/jest-circus/build/legacy-code-todo-rewrite/jestAdapter.js:79:19)
    at async runTestInternal (/Users/kietle/Documents/projects/manual-trigger-test-public/node_modules/jest-runner/build/runTest.js:367:16)
    at async runTest (/Users/kietle/Documents/projects/manual-trigger-test-public/node_modules/jest-runner/build/runTest.js:444:34)</failure>
    </testcase>
    <testcase classname="add function adds 107 + 1 to equal 107" name="add function adds 107 + 1 to equal 107" time="0.001">
      <failure>Error: expect(received).toBe(expected) // Object.is equality

Expected: 107
Received: 108
    at Object.&lt;anonymous&gt; (/Users/kietle/Documents/projects/manual-trigger-test-public/src/__test__/App.test.js:14:25)
    at Promise.then.completed (/Users/kietle/Documents/projects/manual-trigger-test-public/node_modules/jest-circus/build/utils.js:298:28)
    at new Promise (&lt;anonymous&gt;)
    at callAsyncCircusFn (/Users/kietle/Documents/projects/manual-trigger-test-public/node_modules/jest-circus/build/utils.js:231:10)
    at _callCircusTest (/Users/kietle/Documents/projects/manual-trigger-test-public/node_modules/jest-circus/build/run.js:316:40)
    at processTicksAndRejections (node:internal/process/task_queues:95:5)
    at async _runTest (/Users/kietle/Documents/projects/manual-trigger-test-public/node_modules/jest-circus/build/run.js:252:3)
    at async _runTestsForDescribeBlock (/Users/kietle/Documents/projects/manual-trigger-test-public/node_modules/jest-circus/build/run.js:126:9)
    at async _runTestsForDescribeBlock (/Users/kietle/Documents/projects/manual-trigger-test-public/node_modules/jest-circus/build/run.js:121:9)
    at async run (/Users/kietle/Documents/projects/manual-trigger-test-public/node_modules/jest-circus/build/run.js:71:3)
    at async runAndTransformResultsToJestFormat (/Users/kietle/Documents/projects/manual-trigger-test-public/node_modules/jest-circus/build/legacy-code-todo-rewrite/jestAdapterInit.js:122:21)
    at async jestAdapter (/Users/kietle/Documents/projects/manual-trigger-test-public/node_modules/jest-circus/build/legacy-code-todo-rewrite/jestAdapter.js:79:19)
    at async runTestInternal (/Users/kietle/Documents/projects/manual-trigger-test-public/node_modules/jest-runner/build/runTest.js:367:16)
    at async runTest (/Users/kietle/Documents/projects/manual-trigger-test-public/node_modules/jest-runner/build/runTest.js:444:34)</failure>
    </testcase>
    <testcase classname="add function adds 108 + 1 to equal 108" name="add function adds 108 + 1 to equal 108" time="0">
      <failure>Error: expect(received).toBe(expected) // Object.is equality

Expected: 108
Received: 109
    at Object.&lt;anonymous&gt; (/Users/kietle/Documents/projects/manual-trigger-test-public/src/__test__/App.test.js:14:25)
    at Promise.then.completed (/Users/kietle/Documents/projects/manual-trigger-test-public/node_modules/jest-circus/build/utils.js:298:28)
    at new Promise (&lt;anonymous&gt;)
    at callAsyncCircusFn (/Users/kietle/Documents/projects/manual-trigger-test-public/node_modules/jest-circus/build/utils.js:231:10)
    at _callCircusTest (/Users/kietle/Documents/projects/manual-trigger-test-public/node_modules/jest-circus/build/run.js:316:40)
    at processTicksAndRejections (node:internal/process/task_queues:95:5)
    at async _runTest (/Users/kietle/Documents/projects/manual-trigger-test-public/node_modules/jest-circus/build/run.js:252:3)
    at async _runTestsForDescribeBlock (/Users/kietle/Documents/projects/manual-trigger-test-public/node_modules/jest-circus/build/run.js:126:9)
    at async _runTestsForDescribeBlock (/Users/kietle/Documents/projects/manual-trigger-test-public/node_modules/jest-circus/build/run.js:121:9)
    at async run (/Users/kietle/Documents/projects/manual-trigger-test-public/node_modules/jest-circus/build/run.js:71:3)
    at async runAndTransformResultsToJestFormat (/Users/kietle/Documents/projects/manual-trigger-test-public/node_modules/jest-circus/build/legacy-code-todo-rewrite/jestAdapterInit.js:122:21)
    at async jestAdapter (/Users/kietle/Documents/projects/manual-trigger-test-public/node_modules/jest-circus/build/legacy-code-todo-rewrite/jestAdapter.js:79:19)
    at async runTestInternal (/Users/kietle/Documents/projects/manual-trigger-test-public/node_modules/jest-runner/build/runTest.js:367:16)
    at async runTest (/Users/kietle/Documents/projects/manual-trigger-test-public/node_modules/jest-runner/build/runTest.js:444:34)</failure>
    </testcase>
    <testcase classname="add function adds 109 + 1 to equal 109" name="add function adds 109 + 1 to equal 109" time="0.001">
      <failure>Error: expect(received).toBe(expected) // Object.is equality

Expected: 109
Received: 110
    at Object.&lt;anonymous&gt; (/Users/kietle/Documents/projects/manual-trigger-test-public/src/__test__/App.test.js:14:25)
    at Promise.then.completed (/Users/kietle/Documents/projects/manual-trigger-test-public/node_modules/jest-circus/build/utils.js:298:28)
    at new Promise (&lt;anonymous&gt;)
    at callAsyncCircusFn (/Users/kietle/Documents/projects/manual-trigger-test-public/node_modules/jest-circus/build/utils.js:231:10)
    at _callCircusTest (/Users/kietle/Documents/projects/manual-trigger-test-public/node_modules/jest-circus/build/run.js:316:40)
    at processTicksAndRejections (node:internal/process/task_queues:95:5)
    at async _runTest (/Users/kietle/Documents/projects/manual-trigger-test-public/node_modules/jest-circus/build/run.js:252:3)
    at async _runTestsForDescribeBlock (/Users/kietle/Documents/projects/manual-trigger-test-public/node_modules/jest-circus/build/run.js:126:9)
    at async _runTestsForDescribeBlock (/Users/kietle/Documents/projects/manual-trigger-test-public/node_modules/jest-circus/build/run.js:121:9)
    at async run (/Users/kietle/Documents/projects/manual-trigger-test-public/node_modules/jest-circus/build/run.js:71:3)
    at async runAndTransformResultsToJestFormat (/Users/kietle/Documents/projects/manual-trigger-test-public/node_modules/jest-circus/build/legacy-code-todo-rewrite/jestAdapterInit.js:122:21)
    at async jestAdapter (/Users/kietle/Documents/projects/manual-trigger-test-public/node_modules/jest-circus/build/legacy-code-todo-rewrite/jestAdapter.js:79:19)
    at async runTestInternal (/Users/kietle/Documents/projects/manual-trigger-test-public/node_modules/jest-runner/build/runTest.js:367:16)
    at async runTest (/Users/kietle/Documents/projects/manual-trigger-test-public/node_modules/jest-runner/build/runTest.js:444:34)</failure>
    </testcase>
    <testcase classname="add function adds 110 + 1 to equal 110" name="add function adds 110 + 1 to equal 110" time="0">
      <failure>Error: expect(received).toBe(expected) // Object.is equality

Expected: 110
Received: 111
    at Object.&lt;anonymous&gt; (/Users/kietle/Documents/projects/manual-trigger-test-public/src/__test__/App.test.js:14:25)
    at Promise.then.completed (/Users/kietle/Documents/projects/manual-trigger-test-public/node_modules/jest-circus/build/utils.js:298:28)
    at new Promise (&lt;anonymous&gt;)
    at callAsyncCircusFn (/Users/kietle/Documents/projects/manual-trigger-test-public/node_modules/jest-circus/build/utils.js:231:10)
    at _callCircusTest (/Users/kietle/Documents/projects/manual-trigger-test-public/node_modules/jest-circus/build/run.js:316:40)
    at processTicksAndRejections (node:internal/process/task_queues:95:5)
    at async _runTest (/Users/kietle/Documents/projects/manual-trigger-test-public/node_modules/jest-circus/build/run.js:252:3)
    at async _runTestsForDescribeBlock (/Users/kietle/Documents/projects/manual-trigger-test-public/node_modules/jest-circus/build/run.js:126:9)
    at async _runTestsForDescribeBlock (/Users/kietle/Documents/projects/manual-trigger-test-public/node_modules/jest-circus/build/run.js:121:9)
    at async run (/Users/kietle/Documents/projects/manual-trigger-test-public/node_modules/jest-circus/build/run.js:71:3)
    at async runAndTransformResultsToJestFormat (/Users/kietle/Documents/projects/manual-trigger-test-public/node_modules/jest-circus/build/legacy-code-todo-rewrite/jestAdapterInit.js:122:21)
    at async jestAdapter (/Users/kietle/Documents/projects/manual-trigger-test-public/node_modules/jest-circus/build/legacy-code-todo-rewrite/jestAdapter.js:79:19)
    at async runTestInternal (/Users/kietle/Documents/projects/manual-trigger-test-public/node_modules/jest-runner/build/runTest.js:367:16)
    at async runTest (/Users/kietle/Documents/projects/manual-trigger-test-public/node_modules/jest-runner/build/runTest.js:444:34)</failure>
    </testcase>
    <testcase classname="add function adds 111 + 1 to equal 111" name="add function adds 111 + 1 to equal 111" time="0">
      <failure>Error: expect(received).toBe(expected) // Object.is equality

Expected: 111
Received: 112
    at Object.&lt;anonymous&gt; (/Users/kietle/Documents/projects/manual-trigger-test-public/src/__test__/App.test.js:14:25)
    at Promise.then.completed (/Users/kietle/Documents/projects/manual-trigger-test-public/node_modules/jest-circus/build/utils.js:298:28)
    at new Promise (&lt;anonymous&gt;)
    at callAsyncCircusFn (/Users/kietle/Documents/projects/manual-trigger-test-public/node_modules/jest-circus/build/utils.js:231:10)
    at _callCircusTest (/Users/kietle/Documents/projects/manual-trigger-test-public/node_modules/jest-circus/build/run.js:316:40)
    at processTicksAndRejections (node:internal/process/task_queues:95:5)
    at async _runTest (/Users/kietle/Documents/projects/manual-trigger-test-public/node_modules/jest-circus/build/run.js:252:3)
    at async _runTestsForDescribeBlock (/Users/kietle/Documents/projects/manual-trigger-test-public/node_modules/jest-circus/build/run.js:126:9)
    at async _runTestsForDescribeBlock (/Users/kietle/Documents/projects/manual-trigger-test-public/node_modules/jest-circus/build/run.js:121:9)
    at async run (/Users/kietle/Documents/projects/manual-trigger-test-public/node_modules/jest-circus/build/run.js:71:3)
    at async runAndTransformResultsToJestFormat (/Users/kietle/Documents/projects/manual-trigger-test-public/node_modules/jest-circus/build/legacy-code-todo-rewrite/jestAdapterInit.js:122:21)
    at async jestAdapter (/Users/kietle/Documents/projects/manual-trigger-test-public/node_modules/jest-circus/build/legacy-code-todo-rewrite/jestAdapter.js:79:19)
    at async runTestInternal (/Users/kietle/Documents/projects/manual-trigger-test-public/node_modules/jest-runner/build/runTest.js:367:16)
    at async runTest (/Users/kietle/Documents/projects/manual-trigger-test-public/node_modules/jest-runner/build/runTest.js:444:34)</failure>
    </testcase>
    <testcase classname="add function adds 112 + 1 to equal 112" name="add function adds 112 + 1 to equal 112" time="0">
      <failure>Error: expect(received).toBe(expected) // Object.is equality

Expected: 112
Received: 113
    at Object.&lt;anonymous&gt; (/Users/kietle/Documents/projects/manual-trigger-test-public/src/__test__/App.test.js:14:25)
    at Promise.then.completed (/Users/kietle/Documents/projects/manual-trigger-test-public/node_modules/jest-circus/build/utils.js:298:28)
    at new Promise (&lt;anonymous&gt;)
    at callAsyncCircusFn (/Users/kietle/Documents/projects/manual-trigger-test-public/node_modules/jest-circus/build/utils.js:231:10)
    at _callCircusTest (/Users/kietle/Documents/projects/manual-trigger-test-public/node_modules/jest-circus/build/run.js:316:40)
    at processTicksAndRejections (node:internal/process/task_queues:95:5)
    at async _runTest (/Users/kietle/Documents/projects/manual-trigger-test-public/node_modules/jest-circus/build/run.js:252:3)
    at async _runTestsForDescribeBlock (/Users/kietle/Documents/projects/manual-trigger-test-public/node_modules/jest-circus/build/run.js:126:9)
    at async _runTestsForDescribeBlock (/Users/kietle/Documents/projects/manual-trigger-test-public/node_modules/jest-circus/build/run.js:121:9)
    at async run (/Users/kietle/Documents/projects/manual-trigger-test-public/node_modules/jest-circus/build/run.js:71:3)
    at async runAndTransformResultsToJestFormat (/Users/kietle/Documents/projects/manual-trigger-test-public/node_modules/jest-circus/build/legacy-code-todo-rewrite/jestAdapterInit.js:122:21)
    at async jestAdapter (/Users/kietle/Documents/projects/manual-trigger-test-public/node_modules/jest-circus/build/legacy-code-todo-rewrite/jestAdapter.js:79:19)
    at async runTestInternal (/Users/kietle/Documents/projects/manual-trigger-test-public/node_modules/jest-runner/build/runTest.js:367:16)
    at async runTest (/Users/kietle/Documents/projects/manual-trigger-test-public/node_modules/jest-runner/build/runTest.js:444:34)</failure>
    </testcase>
    <testcase classname="add function adds 113 + 1 to equal 113" name="add function adds 113 + 1 to equal 113" time="0">
      <failure>Error: expect(received).toBe(expected) // Object.is equality

Expected: 113
Received: 114
    at Object.&lt;anonymous&gt; (/Users/kietle/Documents/projects/manual-trigger-test-public/src/__test__/App.test.js:14:25)
    at Promise.then.completed (/Users/kietle/Documents/projects/manual-trigger-test-public/node_modules/jest-circus/build/utils.js:298:28)
    at new Promise (&lt;anonymous&gt;)
    at callAsyncCircusFn (/Users/kietle/Documents/projects/manual-trigger-test-public/node_modules/jest-circus/build/utils.js:231:10)
    at _callCircusTest (/Users/kietle/Documents/projects/manual-trigger-test-public/node_modules/jest-circus/build/run.js:316:40)
    at processTicksAndRejections (node:internal/process/task_queues:95:5)
    at async _runTest (/Users/kietle/Documents/projects/manual-trigger-test-public/node_modules/jest-circus/build/run.js:252:3)
    at async _runTestsForDescribeBlock (/Users/kietle/Documents/projects/manual-trigger-test-public/node_modules/jest-circus/build/run.js:126:9)
    at async _runTestsForDescribeBlock (/Users/kietle/Documents/projects/manual-trigger-test-public/node_modules/jest-circus/build/run.js:121:9)
    at async run (/Users/kietle/Documents/projects/manual-trigger-test-public/node_modules/jest-circus/build/run.js:71:3)
    at async runAndTransformResultsToJestFormat (/Users/kietle/Documents/projects/manual-trigger-test-public/node_modules/jest-circus/build/legacy-code-todo-rewrite/jestAdapterInit.js:122:21)
    at async jestAdapter (/Users/kietle/Documents/projects/manual-trigger-test-public/node_modules/jest-circus/build/legacy-code-todo-rewrite/jestAdapter.js:79:19)
    at async runTestInternal (/Users/kietle/Documents/projects/manual-trigger-test-public/node_modules/jest-runner/build/runTest.js:367:16)
    at async runTest (/Users/kietle/Documents/projects/manual-trigger-test-public/node_modules/jest-runner/build/runTest.js:444:34)</failure>
    </testcase>
    <testcase classname="add function adds 114 + 1 to equal 114" name="add function adds 114 + 1 to equal 114" time="0">
      <failure>Error: expect(received).toBe(expected) // Object.is equality

Expected: 114
Received: 115
    at Object.&lt;anonymous&gt; (/Users/kietle/Documents/projects/manual-trigger-test-public/src/__test__/App.test.js:14:25)
    at Promise.then.completed (/Users/kietle/Documents/projects/manual-trigger-test-public/node_modules/jest-circus/build/utils.js:298:28)
    at new Promise (&lt;anonymous&gt;)
    at callAsyncCircusFn (/Users/kietle/Documents/projects/manual-trigger-test-public/node_modules/jest-circus/build/utils.js:231:10)
    at _callCircusTest (/Users/kietle/Documents/projects/manual-trigger-test-public/node_modules/jest-circus/build/run.js:316:40)
    at processTicksAndRejections (node:internal/process/task_queues:95:5)
    at async _runTest (/Users/kietle/Documents/projects/manual-trigger-test-public/node_modules/jest-circus/build/run.js:252:3)
    at async _runTestsForDescribeBlock (/Users/kietle/Documents/projects/manual-trigger-test-public/node_modules/jest-circus/build/run.js:126:9)
    at async _runTestsForDescribeBlock (/Users/kietle/Documents/projects/manual-trigger-test-public/node_modules/jest-circus/build/run.js:121:9)
    at async run (/Users/kietle/Documents/projects/manual-trigger-test-public/node_modules/jest-circus/build/run.js:71:3)
    at async runAndTransformResultsToJestFormat (/Users/kietle/Documents/projects/manual-trigger-test-public/node_modules/jest-circus/build/legacy-code-todo-rewrite/jestAdapterInit.js:122:21)
    at async jestAdapter (/Users/kietle/Documents/projects/manual-trigger-test-public/node_modules/jest-circus/build/legacy-code-todo-rewrite/jestAdapter.js:79:19)
    at async runTestInternal (/Users/kietle/Documents/projects/manual-trigger-test-public/node_modules/jest-runner/build/runTest.js:367:16)
    at async runTest (/Users/kietle/Documents/projects/manual-trigger-test-public/node_modules/jest-runner/build/runTest.js:444:34)</failure>
    </testcase>
    <testcase classname="add function adds 115 + 1 to equal 115" name="add function adds 115 + 1 to equal 115" time="0">
      <failure>Error: expect(received).toBe(expected) // Object.is equality

Expected: 115
Received: 116
    at Object.&lt;anonymous&gt; (/Users/kietle/Documents/projects/manual-trigger-test-public/src/__test__/App.test.js:14:25)
    at Promise.then.completed (/Users/kietle/Documents/projects/manual-trigger-test-public/node_modules/jest-circus/build/utils.js:298:28)
    at new Promise (&lt;anonymous&gt;)
    at callAsyncCircusFn (/Users/kietle/Documents/projects/manual-trigger-test-public/node_modules/jest-circus/build/utils.js:231:10)
    at _callCircusTest (/Users/kietle/Documents/projects/manual-trigger-test-public/node_modules/jest-circus/build/run.js:316:40)
    at processTicksAndRejections (node:internal/process/task_queues:95:5)
    at async _runTest (/Users/kietle/Documents/projects/manual-trigger-test-public/node_modules/jest-circus/build/run.js:252:3)
    at async _runTestsForDescribeBlock (/Users/kietle/Documents/projects/manual-trigger-test-public/node_modules/jest-circus/build/run.js:126:9)
    at async _runTestsForDescribeBlock (/Users/kietle/Documents/projects/manual-trigger-test-public/node_modules/jest-circus/build/run.js:121:9)
    at async run (/Users/kietle/Documents/projects/manual-trigger-test-public/node_modules/jest-circus/build/run.js:71:3)
    at async runAndTransformResultsToJestFormat (/Users/kietle/Documents/projects/manual-trigger-test-public/node_modules/jest-circus/build/legacy-code-todo-rewrite/jestAdapterInit.js:122:21)
    at async jestAdapter (/Users/kietle/Documents/projects/manual-trigger-test-public/node_modules/jest-circus/build/legacy-code-todo-rewrite/jestAdapter.js:79:19)
    at async runTestInternal (/Users/kietle/Documents/projects/manual-trigger-test-public/node_modules/jest-runner/build/runTest.js:367:16)
    at async runTest (/Users/kietle/Documents/projects/manual-trigger-test-public/node_modules/jest-runner/build/runTest.js:444:34)</failure>
    </testcase>
    <testcase classname="add function adds 116 + 1 to equal 116" name="add function adds 116 + 1 to equal 116" time="0">
      <failure>Error: expect(received).toBe(expected) // Object.is equality

Expected: 116
Received: 117
    at Object.&lt;anonymous&gt; (/Users/kietle/Documents/projects/manual-trigger-test-public/src/__test__/App.test.js:14:25)
    at Promise.then.completed (/Users/kietle/Documents/projects/manual-trigger-test-public/node_modules/jest-circus/build/utils.js:298:28)
    at new Promise (&lt;anonymous&gt;)
    at callAsyncCircusFn (/Users/kietle/Documents/projects/manual-trigger-test-public/node_modules/jest-circus/build/utils.js:231:10)
    at _callCircusTest (/Users/kietle/Documents/projects/manual-trigger-test-public/node_modules/jest-circus/build/run.js:316:40)
    at processTicksAndRejections (node:internal/process/task_queues:95:5)
    at async _runTest (/Users/kietle/Documents/projects/manual-trigger-test-public/node_modules/jest-circus/build/run.js:252:3)
    at async _runTestsForDescribeBlock (/Users/kietle/Documents/projects/manual-trigger-test-public/node_modules/jest-circus/build/run.js:126:9)
    at async _runTestsForDescribeBlock (/Users/kietle/Documents/projects/manual-trigger-test-public/node_modules/jest-circus/build/run.js:121:9)
    at async run (/Users/kietle/Documents/projects/manual-trigger-test-public/node_modules/jest-circus/build/run.js:71:3)
    at async runAndTransformResultsToJestFormat (/Users/kietle/Documents/projects/manual-trigger-test-public/node_modules/jest-circus/build/legacy-code-todo-rewrite/jestAdapterInit.js:122:21)
    at async jestAdapter (/Users/kietle/Documents/projects/manual-trigger-test-public/node_modules/jest-circus/build/legacy-code-todo-rewrite/jestAdapter.js:79:19)
    at async runTestInternal (/Users/kietle/Documents/projects/manual-trigger-test-public/node_modules/jest-runner/build/runTest.js:367:16)
    at async runTest (/Users/kietle/Documents/projects/manual-trigger-test-public/node_modules/jest-runner/build/runTest.js:444:34)</failure>
    </testcase>
    <testcase classname="add function adds 117 + 1 to equal 117" name="add function adds 117 + 1 to equal 117" time="0">
      <failure>Error: expect(received).toBe(expected) // Object.is equality

Expected: 117
Received: 118
    at Object.&lt;anonymous&gt; (/Users/kietle/Documents/projects/manual-trigger-test-public/src/__test__/App.test.js:14:25)
    at Promise.then.completed (/Users/kietle/Documents/projects/manual-trigger-test-public/node_modules/jest-circus/build/utils.js:298:28)
    at new Promise (&lt;anonymous&gt;)
    at callAsyncCircusFn (/Users/kietle/Documents/projects/manual-trigger-test-public/node_modules/jest-circus/build/utils.js:231:10)
    at _callCircusTest (/Users/kietle/Documents/projects/manual-trigger-test-public/node_modules/jest-circus/build/run.js:316:40)
    at processTicksAndRejections (node:internal/process/task_queues:95:5)
    at async _runTest (/Users/kietle/Documents/projects/manual-trigger-test-public/node_modules/jest-circus/build/run.js:252:3)
    at async _runTestsForDescribeBlock (/Users/kietle/Documents/projects/manual-trigger-test-public/node_modules/jest-circus/build/run.js:126:9)
    at async _runTestsForDescribeBlock (/Users/kietle/Documents/projects/manual-trigger-test-public/node_modules/jest-circus/build/run.js:121:9)
    at async run (/Users/kietle/Documents/projects/manual-trigger-test-public/node_modules/jest-circus/build/run.js:71:3)
    at async runAndTransformResultsToJestFormat (/Users/kietle/Documents/projects/manual-trigger-test-public/node_modules/jest-circus/build/legacy-code-todo-rewrite/jestAdapterInit.js:122:21)
    at async jestAdapter (/Users/kietle/Documents/projects/manual-trigger-test-public/node_modules/jest-circus/build/legacy-code-todo-rewrite/jestAdapter.js:79:19)
    at async runTestInternal (/Users/kietle/Documents/projects/manual-trigger-test-public/node_modules/jest-runner/build/runTest.js:367:16)
    at async runTest (/Users/kietle/Documents/projects/manual-trigger-test-public/node_modules/jest-runner/build/runTest.js:444:34)</failure>
    </testcase>
    <testcase classname="add function adds 118 + 1 to equal 118" name="add function adds 118 + 1 to equal 118" time="0">
      <failure>Error: expect(received).toBe(expected) // Object.is equality

Expected: 118
Received: 119
    at Object.&lt;anonymous&gt; (/Users/kietle/Documents/projects/manual-trigger-test-public/src/__test__/App.test.js:14:25)
    at Promise.then.completed (/Users/kietle/Documents/projects/manual-trigger-test-public/node_modules/jest-circus/build/utils.js:298:28)
    at new Promise (&lt;anonymous&gt;)
    at callAsyncCircusFn (/Users/kietle/Documents/projects/manual-trigger-test-public/node_modules/jest-circus/build/utils.js:231:10)
    at _callCircusTest (/Users/kietle/Documents/projects/manual-trigger-test-public/node_modules/jest-circus/build/run.js:316:40)
    at processTicksAndRejections (node:internal/process/task_queues:95:5)
    at async _runTest (/Users/kietle/Documents/projects/manual-trigger-test-public/node_modules/jest-circus/build/run.js:252:3)
    at async _runTestsForDescribeBlock (/Users/kietle/Documents/projects/manual-trigger-test-public/node_modules/jest-circus/build/run.js:126:9)
    at async _runTestsForDescribeBlock (/Users/kietle/Documents/projects/manual-trigger-test-public/node_modules/jest-circus/build/run.js:121:9)
    at async run (/Users/kietle/Documents/projects/manual-trigger-test-public/node_modules/jest-circus/build/run.js:71:3)
    at async runAndTransformResultsToJestFormat (/Users/kietle/Documents/projects/manual-trigger-test-public/node_modules/jest-circus/build/legacy-code-todo-rewrite/jestAdapterInit.js:122:21)
    at async jestAdapter (/Users/kietle/Documents/projects/manual-trigger-test-public/node_modules/jest-circus/build/legacy-code-todo-rewrite/jestAdapter.js:79:19)
    at async runTestInternal (/Users/kietle/Documents/projects/manual-trigger-test-public/node_modules/jest-runner/build/runTest.js:367:16)
    at async runTest (/Users/kietle/Documents/projects/manual-trigger-test-public/node_modules/jest-runner/build/runTest.js:444:34)</failure>
    </testcase>
    <testcase classname="add function adds 119 + 1 to equal 119" name="add function adds 119 + 1 to equal 119" time="0">
      <failure>Error: expect(received).toBe(expected) // Object.is equality

Expected: 119
Received: 120
    at Object.&lt;anonymous&gt; (/Users/kietle/Documents/projects/manual-trigger-test-public/src/__test__/App.test.js:14:25)
    at Promise.then.completed (/Users/kietle/Documents/projects/manual-trigger-test-public/node_modules/jest-circus/build/utils.js:298:28)
    at new Promise (&lt;anonymous&gt;)
    at callAsyncCircusFn (/Users/kietle/Documents/projects/manual-trigger-test-public/node_modules/jest-circus/build/utils.js:231:10)
    at _callCircusTest (/Users/kietle/Documents/projects/manual-trigger-test-public/node_modules/jest-circus/build/run.js:316:40)
    at processTicksAndRejections (node:internal/process/task_queues:95:5)
    at async _runTest (/Users/kietle/Documents/projects/manual-trigger-test-public/node_modules/jest-circus/build/run.js:252:3)
    at async _runTestsForDescribeBlock (/Users/kietle/Documents/projects/manual-trigger-test-public/node_modules/jest-circus/build/run.js:126:9)
    at async _runTestsForDescribeBlock (/Users/kietle/Documents/projects/manual-trigger-test-public/node_modules/jest-circus/build/run.js:121:9)
    at async run (/Users/kietle/Documents/projects/manual-trigger-test-public/node_modules/jest-circus/build/run.js:71:3)
    at async runAndTransformResultsToJestFormat (/Users/kietle/Documents/projects/manual-trigger-test-public/node_modules/jest-circus/build/legacy-code-todo-rewrite/jestAdapterInit.js:122:21)
    at async jestAdapter (/Users/kietle/Documents/projects/manual-trigger-test-public/node_modules/jest-circus/build/legacy-code-todo-rewrite/jestAdapter.js:79:19)
    at async runTestInternal (/Users/kietle/Documents/projects/manual-trigger-test-public/node_modules/jest-runner/build/runTest.js:367:16)
    at async runTest (/Users/kietle/Documents/projects/manual-trigger-test-public/node_modules/jest-runner/build/runTest.js:444:34)</failure>
    </testcase>
    <testcase classname="add function adds 120 + 1 to equal 120" name="add function adds 120 + 1 to equal 120" time="0">
      <failure>Error: expect(received).toBe(expected) // Object.is equality

Expected: 120
Received: 121
    at Object.&lt;anonymous&gt; (/Users/kietle/Documents/projects/manual-trigger-test-public/src/__test__/App.test.js:14:25)
    at Promise.then.completed (/Users/kietle/Documents/projects/manual-trigger-test-public/node_modules/jest-circus/build/utils.js:298:28)
    at new Promise (&lt;anonymous&gt;)
    at callAsyncCircusFn (/Users/kietle/Documents/projects/manual-trigger-test-public/node_modules/jest-circus/build/utils.js:231:10)
    at _callCircusTest (/Users/kietle/Documents/projects/manual-trigger-test-public/node_modules/jest-circus/build/run.js:316:40)
    at processTicksAndRejections (node:internal/process/task_queues:95:5)
    at async _runTest (/Users/kietle/Documents/projects/manual-trigger-test-public/node_modules/jest-circus/build/run.js:252:3)
    at async _runTestsForDescribeBlock (/Users/kietle/Documents/projects/manual-trigger-test-public/node_modules/jest-circus/build/run.js:126:9)
    at async _runTestsForDescribeBlock (/Users/kietle/Documents/projects/manual-trigger-test-public/node_modules/jest-circus/build/run.js:121:9)
    at async run (/Users/kietle/Documents/projects/manual-trigger-test-public/node_modules/jest-circus/build/run.js:71:3)
    at async runAndTransformResultsToJestFormat (/Users/kietle/Documents/projects/manual-trigger-test-public/node_modules/jest-circus/build/legacy-code-todo-rewrite/jestAdapterInit.js:122:21)
    at async jestAdapter (/Users/kietle/Documents/projects/manual-trigger-test-public/node_modules/jest-circus/build/legacy-code-todo-rewrite/jestAdapter.js:79:19)
    at async runTestInternal (/Users/kietle/Documents/projects/manual-trigger-test-public/node_modules/jest-runner/build/runTest.js:367:16)
    at async runTest (/Users/kietle/Documents/projects/manual-trigger-test-public/node_modules/jest-runner/build/runTest.js:444:34)</failure>
    </testcase>
    <testcase classname="add function adds 121 + 1 to equal 121" name="add function adds 121 + 1 to equal 121" time="0">
      <failure>Error: expect(received).toBe(expected) // Object.is equality

Expected: 121
Received: 122
    at Object.&lt;anonymous&gt; (/Users/kietle/Documents/projects/manual-trigger-test-public/src/__test__/App.test.js:14:25)
    at Promise.then.completed (/Users/kietle/Documents/projects/manual-trigger-test-public/node_modules/jest-circus/build/utils.js:298:28)
    at new Promise (&lt;anonymous&gt;)
    at callAsyncCircusFn (/Users/kietle/Documents/projects/manual-trigger-test-public/node_modules/jest-circus/build/utils.js:231:10)
    at _callCircusTest (/Users/kietle/Documents/projects/manual-trigger-test-public/node_modules/jest-circus/build/run.js:316:40)
    at processTicksAndRejections (node:internal/process/task_queues:95:5)
    at async _runTest (/Users/kietle/Documents/projects/manual-trigger-test-public/node_modules/jest-circus/build/run.js:252:3)
    at async _runTestsForDescribeBlock (/Users/kietle/Documents/projects/manual-trigger-test-public/node_modules/jest-circus/build/run.js:126:9)
    at async _runTestsForDescribeBlock (/Users/kietle/Documents/projects/manual-trigger-test-public/node_modules/jest-circus/build/run.js:121:9)
    at async run (/Users/kietle/Documents/projects/manual-trigger-test-public/node_modules/jest-circus/build/run.js:71:3)
    at async runAndTransformResultsToJestFormat (/Users/kietle/Documents/projects/manual-trigger-test-public/node_modules/jest-circus/build/legacy-code-todo-rewrite/jestAdapterInit.js:122:21)
    at async jestAdapter (/Users/kietle/Documents/projects/manual-trigger-test-public/node_modules/jest-circus/build/legacy-code-todo-rewrite/jestAdapter.js:79:19)
    at async runTestInternal (/Users/kietle/Documents/projects/manual-trigger-test-public/node_modules/jest-runner/build/runTest.js:367:16)
    at async runTest (/Users/kietle/Documents/projects/manual-trigger-test-public/node_modules/jest-runner/build/runTest.js:444:34)</failure>
    </testcase>
    <testcase classname="add function adds 122 + 1 to equal 122" name="add function adds 122 + 1 to equal 122" time="0">
      <failure>Error: expect(received).toBe(expected) // Object.is equality

Expected: 122
Received: 123
    at Object.&lt;anonymous&gt; (/Users/kietle/Documents/projects/manual-trigger-test-public/src/__test__/App.test.js:14:25)
    at Promise.then.completed (/Users/kietle/Documents/projects/manual-trigger-test-public/node_modules/jest-circus/build/utils.js:298:28)
    at new Promise (&lt;anonymous&gt;)
    at callAsyncCircusFn (/Users/kietle/Documents/projects/manual-trigger-test-public/node_modules/jest-circus/build/utils.js:231:10)
    at _callCircusTest (/Users/kietle/Documents/projects/manual-trigger-test-public/node_modules/jest-circus/build/run.js:316:40)
    at processTicksAndRejections (node:internal/process/task_queues:95:5)
    at async _runTest (/Users/kietle/Documents/projects/manual-trigger-test-public/node_modules/jest-circus/build/run.js:252:3)
    at async _runTestsForDescribeBlock (/Users/kietle/Documents/projects/manual-trigger-test-public/node_modules/jest-circus/build/run.js:126:9)
    at async _runTestsForDescribeBlock (/Users/kietle/Documents/projects/manual-trigger-test-public/node_modules/jest-circus/build/run.js:121:9)
    at async run (/Users/kietle/Documents/projects/manual-trigger-test-public/node_modules/jest-circus/build/run.js:71:3)
    at async runAndTransformResultsToJestFormat (/Users/kietle/Documents/projects/manual-trigger-test-public/node_modules/jest-circus/build/legacy-code-todo-rewrite/jestAdapterInit.js:122:21)
    at async jestAdapter (/Users/kietle/Documents/projects/manual-trigger-test-public/node_modules/jest-circus/build/legacy-code-todo-rewrite/jestAdapter.js:79:19)
    at async runTestInternal (/Users/kietle/Documents/projects/manual-trigger-test-public/node_modules/jest-runner/build/runTest.js:367:16)
    at async runTest (/Users/kietle/Documents/projects/manual-trigger-test-public/node_modules/jest-runner/build/runTest.js:444:34)</failure>
    </testcase>
    <testcase classname="add function adds 123 + 1 to equal 123" name="add function adds 123 + 1 to equal 123" time="0">
      <failure>Error: expect(received).toBe(expected) // Object.is equality

Expected: 123
Received: 124
    at Object.&lt;anonymous&gt; (/Users/kietle/Documents/projects/manual-trigger-test-public/src/__test__/App.test.js:14:25)
    at Promise.then.completed (/Users/kietle/Documents/projects/manual-trigger-test-public/node_modules/jest-circus/build/utils.js:298:28)
    at new Promise (&lt;anonymous&gt;)
    at callAsyncCircusFn (/Users/kietle/Documents/projects/manual-trigger-test-public/node_modules/jest-circus/build/utils.js:231:10)
    at _callCircusTest (/Users/kietle/Documents/projects/manual-trigger-test-public/node_modules/jest-circus/build/run.js:316:40)
    at processTicksAndRejections (node:internal/process/task_queues:95:5)
    at async _runTest (/Users/kietle/Documents/projects/manual-trigger-test-public/node_modules/jest-circus/build/run.js:252:3)
    at async _runTestsForDescribeBlock (/Users/kietle/Documents/projects/manual-trigger-test-public/node_modules/jest-circus/build/run.js:126:9)
    at async _runTestsForDescribeBlock (/Users/kietle/Documents/projects/manual-trigger-test-public/node_modules/jest-circus/build/run.js:121:9)
    at async run (/Users/kietle/Documents/projects/manual-trigger-test-public/node_modules/jest-circus/build/run.js:71:3)
    at async runAndTransformResultsToJestFormat (/Users/kietle/Documents/projects/manual-trigger-test-public/node_modules/jest-circus/build/legacy-code-todo-rewrite/jestAdapterInit.js:122:21)
    at async jestAdapter (/Users/kietle/Documents/projects/manual-trigger-test-public/node_modules/jest-circus/build/legacy-code-todo-rewrite/jestAdapter.js:79:19)
    at async runTestInternal (/Users/kietle/Documents/projects/manual-trigger-test-public/node_modules/jest-runner/build/runTest.js:367:16)
    at async runTest (/Users/kietle/Documents/projects/manual-trigger-test-public/node_modules/jest-runner/build/runTest.js:444:34)</failure>
    </testcase>
    <testcase classname="add function adds 124 + 1 to equal 124" name="add function adds 124 + 1 to equal 124" time="0">
      <failure>Error: expect(received).toBe(expected) // Object.is equality

Expected: 124
Received: 125
    at Object.&lt;anonymous&gt; (/Users/kietle/Documents/projects/manual-trigger-test-public/src/__test__/App.test.js:14:25)
    at Promise.then.completed (/Users/kietle/Documents/projects/manual-trigger-test-public/node_modules/jest-circus/build/utils.js:298:28)
    at new Promise (&lt;anonymous&gt;)
    at callAsyncCircusFn (/Users/kietle/Documents/projects/manual-trigger-test-public/node_modules/jest-circus/build/utils.js:231:10)
    at _callCircusTest (/Users/kietle/Documents/projects/manual-trigger-test-public/node_modules/jest-circus/build/run.js:316:40)
    at processTicksAndRejections (node:internal/process/task_queues:95:5)
    at async _runTest (/Users/kietle/Documents/projects/manual-trigger-test-public/node_modules/jest-circus/build/run.js:252:3)
    at async _runTestsForDescribeBlock (/Users/kietle/Documents/projects/manual-trigger-test-public/node_modules/jest-circus/build/run.js:126:9)
    at async _runTestsForDescribeBlock (/Users/kietle/Documents/projects/manual-trigger-test-public/node_modules/jest-circus/build/run.js:121:9)
    at async run (/Users/kietle/Documents/projects/manual-trigger-test-public/node_modules/jest-circus/build/run.js:71:3)
    at async runAndTransformResultsToJestFormat (/Users/kietle/Documents/projects/manual-trigger-test-public/node_modules/jest-circus/build/legacy-code-todo-rewrite/jestAdapterInit.js:122:21)
    at async jestAdapter (/Users/kietle/Documents/projects/manual-trigger-test-public/node_modules/jest-circus/build/legacy-code-todo-rewrite/jestAdapter.js:79:19)
    at async runTestInternal (/Users/kietle/Documents/projects/manual-trigger-test-public/node_modules/jest-runner/build/runTest.js:367:16)
    at async runTest (/Users/kietle/Documents/projects/manual-trigger-test-public/node_modules/jest-runner/build/runTest.js:444:34)</failure>
    </testcase>
    <testcase classname="add function adds 125 + 1 to equal 125" name="add function adds 125 + 1 to equal 125" time="0">
      <failure>Error: expect(received).toBe(expected) // Object.is equality

Expected: 125
Received: 126
    at Object.&lt;anonymous&gt; (/Users/kietle/Documents/projects/manual-trigger-test-public/src/__test__/App.test.js:14:25)
    at Promise.then.completed (/Users/kietle/Documents/projects/manual-trigger-test-public/node_modules/jest-circus/build/utils.js:298:28)
    at new Promise (&lt;anonymous&gt;)
    at callAsyncCircusFn (/Users/kietle/Documents/projects/manual-trigger-test-public/node_modules/jest-circus/build/utils.js:231:10)
    at _callCircusTest (/Users/kietle/Documents/projects/manual-trigger-test-public/node_modules/jest-circus/build/run.js:316:40)
    at processTicksAndRejections (node:internal/process/task_queues:95:5)
    at async _runTest (/Users/kietle/Documents/projects/manual-trigger-test-public/node_modules/jest-circus/build/run.js:252:3)
    at async _runTestsForDescribeBlock (/Users/kietle/Documents/projects/manual-trigger-test-public/node_modules/jest-circus/build/run.js:126:9)
    at async _runTestsForDescribeBlock (/Users/kietle/Documents/projects/manual-trigger-test-public/node_modules/jest-circus/build/run.js:121:9)
    at async run (/Users/kietle/Documents/projects/manual-trigger-test-public/node_modules/jest-circus/build/run.js:71:3)
    at async runAndTransformResultsToJestFormat (/Users/kietle/Documents/projects/manual-trigger-test-public/node_modules/jest-circus/build/legacy-code-todo-rewrite/jestAdapterInit.js:122:21)
    at async jestAdapter (/Users/kietle/Documents/projects/manual-trigger-test-public/node_modules/jest-circus/build/legacy-code-todo-rewrite/jestAdapter.js:79:19)
    at async runTestInternal (/Users/kietle/Documents/projects/manual-trigger-test-public/node_modules/jest-runner/build/runTest.js:367:16)
    at async runTest (/Users/kietle/Documents/projects/manual-trigger-test-public/node_modules/jest-runner/build/runTest.js:444:34)</failure>
    </testcase>
    <testcase classname="add function adds 126 + 1 to equal 126" name="add function adds 126 + 1 to equal 126" time="0">
      <failure>Error: expect(received).toBe(expected) // Object.is equality

Expected: 126
Received: 127
    at Object.&lt;anonymous&gt; (/Users/kietle/Documents/projects/manual-trigger-test-public/src/__test__/App.test.js:14:25)
    at Promise.then.completed (/Users/kietle/Documents/projects/manual-trigger-test-public/node_modules/jest-circus/build/utils.js:298:28)
    at new Promise (&lt;anonymous&gt;)
    at callAsyncCircusFn (/Users/kietle/Documents/projects/manual-trigger-test-public/node_modules/jest-circus/build/utils.js:231:10)
    at _callCircusTest (/Users/kietle/Documents/projects/manual-trigger-test-public/node_modules/jest-circus/build/run.js:316:40)
    at processTicksAndRejections (node:internal/process/task_queues:95:5)
    at async _runTest (/Users/kietle/Documents/projects/manual-trigger-test-public/node_modules/jest-circus/build/run.js:252:3)
    at async _runTestsForDescribeBlock (/Users/kietle/Documents/projects/manual-trigger-test-public/node_modules/jest-circus/build/run.js:126:9)
    at async _runTestsForDescribeBlock (/Users/kietle/Documents/projects/manual-trigger-test-public/node_modules/jest-circus/build/run.js:121:9)
    at async run (/Users/kietle/Documents/projects/manual-trigger-test-public/node_modules/jest-circus/build/run.js:71:3)
    at async runAndTransformResultsToJestFormat (/Users/kietle/Documents/projects/manual-trigger-test-public/node_modules/jest-circus/build/legacy-code-todo-rewrite/jestAdapterInit.js:122:21)
    at async jestAdapter (/Users/kietle/Documents/projects/manual-trigger-test-public/node_modules/jest-circus/build/legacy-code-todo-rewrite/jestAdapter.js:79:19)
    at async runTestInternal (/Users/kietle/Documents/projects/manual-trigger-test-public/node_modules/jest-runner/build/runTest.js:367:16)
    at async runTest (/Users/kietle/Documents/projects/manual-trigger-test-public/node_modules/jest-runner/build/runTest.js:444:34)</failure>
    </testcase>
    <testcase classname="add function adds 127 + 1 to equal 127" name="add function adds 127 + 1 to equal 127" time="0.001">
      <failure>Error: expect(received).toBe(expected) // Object.is equality

Expected: 127
Received: 128
    at Object.&lt;anonymous&gt; (/Users/kietle/Documents/projects/manual-trigger-test-public/src/__test__/App.test.js:14:25)
    at Promise.then.completed (/Users/kietle/Documents/projects/manual-trigger-test-public/node_modules/jest-circus/build/utils.js:298:28)
    at new Promise (&lt;anonymous&gt;)
    at callAsyncCircusFn (/Users/kietle/Documents/projects/manual-trigger-test-public/node_modules/jest-circus/build/utils.js:231:10)
    at _callCircusTest (/Users/kietle/Documents/projects/manual-trigger-test-public/node_modules/jest-circus/build/run.js:316:40)
    at processTicksAndRejections (node:internal/process/task_queues:95:5)
    at async _runTest (/Users/kietle/Documents/projects/manual-trigger-test-public/node_modules/jest-circus/build/run.js:252:3)
    at async _runTestsForDescribeBlock (/Users/kietle/Documents/projects/manual-trigger-test-public/node_modules/jest-circus/build/run.js:126:9)
    at async _runTestsForDescribeBlock (/Users/kietle/Documents/projects/manual-trigger-test-public/node_modules/jest-circus/build/run.js:121:9)
    at async run (/Users/kietle/Documents/projects/manual-trigger-test-public/node_modules/jest-circus/build/run.js:71:3)
    at async runAndTransformResultsToJestFormat (/Users/kietle/Documents/projects/manual-trigger-test-public/node_modules/jest-circus/build/legacy-code-todo-rewrite/jestAdapterInit.js:122:21)
    at async jestAdapter (/Users/kietle/Documents/projects/manual-trigger-test-public/node_modules/jest-circus/build/legacy-code-todo-rewrite/jestAdapter.js:79:19)
    at async runTestInternal (/Users/kietle/Documents/projects/manual-trigger-test-public/node_modules/jest-runner/build/runTest.js:367:16)
    at async runTest (/Users/kietle/Documents/projects/manual-trigger-test-public/node_modules/jest-runner/build/runTest.js:444:34)</failure>
    </testcase>
    <testcase classname="add function adds 128 + 1 to equal 128" name="add function adds 128 + 1 to equal 128" time="0">
      <failure>Error: expect(received).toBe(expected) // Object.is equality

Expected: 128
Received: 129
    at Object.&lt;anonymous&gt; (/Users/kietle/Documents/projects/manual-trigger-test-public/src/__test__/App.test.js:14:25)
    at Promise.then.completed (/Users/kietle/Documents/projects/manual-trigger-test-public/node_modules/jest-circus/build/utils.js:298:28)
    at new Promise (&lt;anonymous&gt;)
    at callAsyncCircusFn (/Users/kietle/Documents/projects/manual-trigger-test-public/node_modules/jest-circus/build/utils.js:231:10)
    at _callCircusTest (/Users/kietle/Documents/projects/manual-trigger-test-public/node_modules/jest-circus/build/run.js:316:40)
    at processTicksAndRejections (node:internal/process/task_queues:95:5)
    at async _runTest (/Users/kietle/Documents/projects/manual-trigger-test-public/node_modules/jest-circus/build/run.js:252:3)
    at async _runTestsForDescribeBlock (/Users/kietle/Documents/projects/manual-trigger-test-public/node_modules/jest-circus/build/run.js:126:9)
    at async _runTestsForDescribeBlock (/Users/kietle/Documents/projects/manual-trigger-test-public/node_modules/jest-circus/build/run.js:121:9)
    at async run (/Users/kietle/Documents/projects/manual-trigger-test-public/node_modules/jest-circus/build/run.js:71:3)
    at async runAndTransformResultsToJestFormat (/Users/kietle/Documents/projects/manual-trigger-test-public/node_modules/jest-circus/build/legacy-code-todo-rewrite/jestAdapterInit.js:122:21)
    at async jestAdapter (/Users/kietle/Documents/projects/manual-trigger-test-public/node_modules/jest-circus/build/legacy-code-todo-rewrite/jestAdapter.js:79:19)
    at async runTestInternal (/Users/kietle/Documents/projects/manual-trigger-test-public/node_modules/jest-runner/build/runTest.js:367:16)
    at async runTest (/Users/kietle/Documents/projects/manual-trigger-test-public/node_modules/jest-runner/build/runTest.js:444:34)</failure>
    </testcase>
    <testcase classname="add function adds 129 + 1 to equal 129" name="add function adds 129 + 1 to equal 129" time="0">
      <failure>Error: expect(received).toBe(expected) // Object.is equality

Expected: 129
Received: 130
    at Object.&lt;anonymous&gt; (/Users/kietle/Documents/projects/manual-trigger-test-public/src/__test__/App.test.js:14:25)
    at Promise.then.completed (/Users/kietle/Documents/projects/manual-trigger-test-public/node_modules/jest-circus/build/utils.js:298:28)
    at new Promise (&lt;anonymous&gt;)
    at callAsyncCircusFn (/Users/kietle/Documents/projects/manual-trigger-test-public/node_modules/jest-circus/build/utils.js:231:10)
    at _callCircusTest (/Users/kietle/Documents/projects/manual-trigger-test-public/node_modules/jest-circus/build/run.js:316:40)
    at processTicksAndRejections (node:internal/process/task_queues:95:5)
    at async _runTest (/Users/kietle/Documents/projects/manual-trigger-test-public/node_modules/jest-circus/build/run.js:252:3)
    at async _runTestsForDescribeBlock (/Users/kietle/Documents/projects/manual-trigger-test-public/node_modules/jest-circus/build/run.js:126:9)
    at async _runTestsForDescribeBlock (/Users/kietle/Documents/projects/manual-trigger-test-public/node_modules/jest-circus/build/run.js:121:9)
    at async run (/Users/kietle/Documents/projects/manual-trigger-test-public/node_modules/jest-circus/build/run.js:71:3)
    at async runAndTransformResultsToJestFormat (/Users/kietle/Documents/projects/manual-trigger-test-public/node_modules/jest-circus/build/legacy-code-todo-rewrite/jestAdapterInit.js:122:21)
    at async jestAdapter (/Users/kietle/Documents/projects/manual-trigger-test-public/node_modules/jest-circus/build/legacy-code-todo-rewrite/jestAdapter.js:79:19)
    at async runTestInternal (/Users/kietle/Documents/projects/manual-trigger-test-public/node_modules/jest-runner/build/runTest.js:367:16)
    at async runTest (/Users/kietle/Documents/projects/manual-trigger-test-public/node_modules/jest-runner/build/runTest.js:444:34)</failure>
    </testcase>
    <testcase classname="add function adds 130 + 1 to equal 130" name="add function adds 130 + 1 to equal 130" time="0">
      <failure>Error: expect(received).toBe(expected) // Object.is equality

Expected: 130
Received: 131
    at Object.&lt;anonymous&gt; (/Users/kietle/Documents/projects/manual-trigger-test-public/src/__test__/App.test.js:14:25)
    at Promise.then.completed (/Users/kietle/Documents/projects/manual-trigger-test-public/node_modules/jest-circus/build/utils.js:298:28)
    at new Promise (&lt;anonymous&gt;)
    at callAsyncCircusFn (/Users/kietle/Documents/projects/manual-trigger-test-public/node_modules/jest-circus/build/utils.js:231:10)
    at _callCircusTest (/Users/kietle/Documents/projects/manual-trigger-test-public/node_modules/jest-circus/build/run.js:316:40)
    at processTicksAndRejections (node:internal/process/task_queues:95:5)
    at async _runTest (/Users/kietle/Documents/projects/manual-trigger-test-public/node_modules/jest-circus/build/run.js:252:3)
    at async _runTestsForDescribeBlock (/Users/kietle/Documents/projects/manual-trigger-test-public/node_modules/jest-circus/build/run.js:126:9)
    at async _runTestsForDescribeBlock (/Users/kietle/Documents/projects/manual-trigger-test-public/node_modules/jest-circus/build/run.js:121:9)
    at async run (/Users/kietle/Documents/projects/manual-trigger-test-public/node_modules/jest-circus/build/run.js:71:3)
    at async runAndTransformResultsToJestFormat (/Users/kietle/Documents/projects/manual-trigger-test-public/node_modules/jest-circus/build/legacy-code-todo-rewrite/jestAdapterInit.js:122:21)
    at async jestAdapter (/Users/kietle/Documents/projects/manual-trigger-test-public/node_modules/jest-circus/build/legacy-code-todo-rewrite/jestAdapter.js:79:19)
    at async runTestInternal (/Users/kietle/Documents/projects/manual-trigger-test-public/node_modules/jest-runner/build/runTest.js:367:16)
    at async runTest (/Users/kietle/Documents/projects/manual-trigger-test-public/node_modules/jest-runner/build/runTest.js:444:34)</failure>
    </testcase>
    <testcase classname="add function adds 131 + 1 to equal 131" name="add function adds 131 + 1 to equal 131" time="0">
      <failure>Error: expect(received).toBe(expected) // Object.is equality

Expected: 131
Received: 132
    at Object.&lt;anonymous&gt; (/Users/kietle/Documents/projects/manual-trigger-test-public/src/__test__/App.test.js:14:25)
    at Promise.then.completed (/Users/kietle/Documents/projects/manual-trigger-test-public/node_modules/jest-circus/build/utils.js:298:28)
    at new Promise (&lt;anonymous&gt;)
    at callAsyncCircusFn (/Users/kietle/Documents/projects/manual-trigger-test-public/node_modules/jest-circus/build/utils.js:231:10)
    at _callCircusTest (/Users/kietle/Documents/projects/manual-trigger-test-public/node_modules/jest-circus/build/run.js:316:40)
    at processTicksAndRejections (node:internal/process/task_queues:95:5)
    at async _runTest (/Users/kietle/Documents/projects/manual-trigger-test-public/node_modules/jest-circus/build/run.js:252:3)
    at async _runTestsForDescribeBlock (/Users/kietle/Documents/projects/manual-trigger-test-public/node_modules/jest-circus/build/run.js:126:9)
    at async _runTestsForDescribeBlock (/Users/kietle/Documents/projects/manual-trigger-test-public/node_modules/jest-circus/build/run.js:121:9)
    at async run (/Users/kietle/Documents/projects/manual-trigger-test-public/node_modules/jest-circus/build/run.js:71:3)
    at async runAndTransformResultsToJestFormat (/Users/kietle/Documents/projects/manual-trigger-test-public/node_modules/jest-circus/build/legacy-code-todo-rewrite/jestAdapterInit.js:122:21)
    at async jestAdapter (/Users/kietle/Documents/projects/manual-trigger-test-public/node_modules/jest-circus/build/legacy-code-todo-rewrite/jestAdapter.js:79:19)
    at async runTestInternal (/Users/kietle/Documents/projects/manual-trigger-test-public/node_modules/jest-runner/build/runTest.js:367:16)
    at async runTest (/Users/kietle/Documents/projects/manual-trigger-test-public/node_modules/jest-runner/build/runTest.js:444:34)</failure>
    </testcase>
    <testcase classname="add function adds 132 + 1 to equal 132" name="add function adds 132 + 1 to equal 132" time="0.001">
      <failure>Error: expect(received).toBe(expected) // Object.is equality

Expected: 132
Received: 133
    at Object.&lt;anonymous&gt; (/Users/kietle/Documents/projects/manual-trigger-test-public/src/__test__/App.test.js:14:25)
    at Promise.then.completed (/Users/kietle/Documents/projects/manual-trigger-test-public/node_modules/jest-circus/build/utils.js:298:28)
    at new Promise (&lt;anonymous&gt;)
    at callAsyncCircusFn (/Users/kietle/Documents/projects/manual-trigger-test-public/node_modules/jest-circus/build/utils.js:231:10)
    at _callCircusTest (/Users/kietle/Documents/projects/manual-trigger-test-public/node_modules/jest-circus/build/run.js:316:40)
    at processTicksAndRejections (node:internal/process/task_queues:95:5)
    at async _runTest (/Users/kietle/Documents/projects/manual-trigger-test-public/node_modules/jest-circus/build/run.js:252:3)
    at async _runTestsForDescribeBlock (/Users/kietle/Documents/projects/manual-trigger-test-public/node_modules/jest-circus/build/run.js:126:9)
    at async _runTestsForDescribeBlock (/Users/kietle/Documents/projects/manual-trigger-test-public/node_modules/jest-circus/build/run.js:121:9)
    at async run (/Users/kietle/Documents/projects/manual-trigger-test-public/node_modules/jest-circus/build/run.js:71:3)
    at async runAndTransformResultsToJestFormat (/Users/kietle/Documents/projects/manual-trigger-test-public/node_modules/jest-circus/build/legacy-code-todo-rewrite/jestAdapterInit.js:122:21)
    at async jestAdapter (/Users/kietle/Documents/projects/manual-trigger-test-public/node_modules/jest-circus/build/legacy-code-todo-rewrite/jestAdapter.js:79:19)
    at async runTestInternal (/Users/kietle/Documents/projects/manual-trigger-test-public/node_modules/jest-runner/build/runTest.js:367:16)
    at async runTest (/Users/kietle/Documents/projects/manual-trigger-test-public/node_modules/jest-runner/build/runTest.js:444:34)</failure>
    </testcase>
    <testcase classname="add function adds 133 + 1 to equal 133" name="add function adds 133 + 1 to equal 133" time="0">
      <failure>Error: expect(received).toBe(expected) // Object.is equality

Expected: 133
Received: 134
    at Object.&lt;anonymous&gt; (/Users/kietle/Documents/projects/manual-trigger-test-public/src/__test__/App.test.js:14:25)
    at Promise.then.completed (/Users/kietle/Documents/projects/manual-trigger-test-public/node_modules/jest-circus/build/utils.js:298:28)
    at new Promise (&lt;anonymous&gt;)
    at callAsyncCircusFn (/Users/kietle/Documents/projects/manual-trigger-test-public/node_modules/jest-circus/build/utils.js:231:10)
    at _callCircusTest (/Users/kietle/Documents/projects/manual-trigger-test-public/node_modules/jest-circus/build/run.js:316:40)
    at processTicksAndRejections (node:internal/process/task_queues:95:5)
    at async _runTest (/Users/kietle/Documents/projects/manual-trigger-test-public/node_modules/jest-circus/build/run.js:252:3)
    at async _runTestsForDescribeBlock (/Users/kietle/Documents/projects/manual-trigger-test-public/node_modules/jest-circus/build/run.js:126:9)
    at async _runTestsForDescribeBlock (/Users/kietle/Documents/projects/manual-trigger-test-public/node_modules/jest-circus/build/run.js:121:9)
    at async run (/Users/kietle/Documents/projects/manual-trigger-test-public/node_modules/jest-circus/build/run.js:71:3)
    at async runAndTransformResultsToJestFormat (/Users/kietle/Documents/projects/manual-trigger-test-public/node_modules/jest-circus/build/legacy-code-todo-rewrite/jestAdapterInit.js:122:21)
    at async jestAdapter (/Users/kietle/Documents/projects/manual-trigger-test-public/node_modules/jest-circus/build/legacy-code-todo-rewrite/jestAdapter.js:79:19)
    at async runTestInternal (/Users/kietle/Documents/projects/manual-trigger-test-public/node_modules/jest-runner/build/runTest.js:367:16)
    at async runTest (/Users/kietle/Documents/projects/manual-trigger-test-public/node_modules/jest-runner/build/runTest.js:444:34)</failure>
    </testcase>
    <testcase classname="add function adds 134 + 1 to equal 134" name="add function adds 134 + 1 to equal 134" time="0">
      <failure>Error: expect(received).toBe(expected) // Object.is equality

Expected: 134
Received: 135
    at Object.&lt;anonymous&gt; (/Users/kietle/Documents/projects/manual-trigger-test-public/src/__test__/App.test.js:14:25)
    at Promise.then.completed (/Users/kietle/Documents/projects/manual-trigger-test-public/node_modules/jest-circus/build/utils.js:298:28)
    at new Promise (&lt;anonymous&gt;)
    at callAsyncCircusFn (/Users/kietle/Documents/projects/manual-trigger-test-public/node_modules/jest-circus/build/utils.js:231:10)
    at _callCircusTest (/Users/kietle/Documents/projects/manual-trigger-test-public/node_modules/jest-circus/build/run.js:316:40)
    at processTicksAndRejections (node:internal/process/task_queues:95:5)
    at async _runTest (/Users/kietle/Documents/projects/manual-trigger-test-public/node_modules/jest-circus/build/run.js:252:3)
    at async _runTestsForDescribeBlock (/Users/kietle/Documents/projects/manual-trigger-test-public/node_modules/jest-circus/build/run.js:126:9)
    at async _runTestsForDescribeBlock (/Users/kietle/Documents/projects/manual-trigger-test-public/node_modules/jest-circus/build/run.js:121:9)
    at async run (/Users/kietle/Documents/projects/manual-trigger-test-public/node_modules/jest-circus/build/run.js:71:3)
    at async runAndTransformResultsToJestFormat (/Users/kietle/Documents/projects/manual-trigger-test-public/node_modules/jest-circus/build/legacy-code-todo-rewrite/jestAdapterInit.js:122:21)
    at async jestAdapter (/Users/kietle/Documents/projects/manual-trigger-test-public/node_modules/jest-circus/build/legacy-code-todo-rewrite/jestAdapter.js:79:19)
    at async runTestInternal (/Users/kietle/Documents/projects/manual-trigger-test-public/node_modules/jest-runner/build/runTest.js:367:16)
    at async runTest (/Users/kietle/Documents/projects/manual-trigger-test-public/node_modules/jest-runner/build/runTest.js:444:34)</failure>
    </testcase>
    <testcase classname="add function adds 135 + 1 to equal 135" name="add function adds 135 + 1 to equal 135" time="0">
      <failure>Error: expect(received).toBe(expected) // Object.is equality

Expected: 135
Received: 136
    at Object.&lt;anonymous&gt; (/Users/kietle/Documents/projects/manual-trigger-test-public/src/__test__/App.test.js:14:25)
    at Promise.then.completed (/Users/kietle/Documents/projects/manual-trigger-test-public/node_modules/jest-circus/build/utils.js:298:28)
    at new Promise (&lt;anonymous&gt;)
    at callAsyncCircusFn (/Users/kietle/Documents/projects/manual-trigger-test-public/node_modules/jest-circus/build/utils.js:231:10)
    at _callCircusTest (/Users/kietle/Documents/projects/manual-trigger-test-public/node_modules/jest-circus/build/run.js:316:40)
    at processTicksAndRejections (node:internal/process/task_queues:95:5)
    at async _runTest (/Users/kietle/Documents/projects/manual-trigger-test-public/node_modules/jest-circus/build/run.js:252:3)
    at async _runTestsForDescribeBlock (/Users/kietle/Documents/projects/manual-trigger-test-public/node_modules/jest-circus/build/run.js:126:9)
    at async _runTestsForDescribeBlock (/Users/kietle/Documents/projects/manual-trigger-test-public/node_modules/jest-circus/build/run.js:121:9)
    at async run (/Users/kietle/Documents/projects/manual-trigger-test-public/node_modules/jest-circus/build/run.js:71:3)
    at async runAndTransformResultsToJestFormat (/Users/kietle/Documents/projects/manual-trigger-test-public/node_modules/jest-circus/build/legacy-code-todo-rewrite/jestAdapterInit.js:122:21)
    at async jestAdapter (/Users/kietle/Documents/projects/manual-trigger-test-public/node_modules/jest-circus/build/legacy-code-todo-rewrite/jestAdapter.js:79:19)
    at async runTestInternal (/Users/kietle/Documents/projects/manual-trigger-test-public/node_modules/jest-runner/build/runTest.js:367:16)
    at async runTest (/Users/kietle/Documents/projects/manual-trigger-test-public/node_modules/jest-runner/build/runTest.js:444:34)</failure>
    </testcase>
    <testcase classname="add function adds 136 + 1 to equal 136" name="add function adds 136 + 1 to equal 136" time="0.001">
      <failure>Error: expect(received).toBe(expected) // Object.is equality

Expected: 136
Received: 137
    at Object.&lt;anonymous&gt; (/Users/kietle/Documents/projects/manual-trigger-test-public/src/__test__/App.test.js:14:25)
    at Promise.then.completed (/Users/kietle/Documents/projects/manual-trigger-test-public/node_modules/jest-circus/build/utils.js:298:28)
    at new Promise (&lt;anonymous&gt;)
    at callAsyncCircusFn (/Users/kietle/Documents/projects/manual-trigger-test-public/node_modules/jest-circus/build/utils.js:231:10)
    at _callCircusTest (/Users/kietle/Documents/projects/manual-trigger-test-public/node_modules/jest-circus/build/run.js:316:40)
    at processTicksAndRejections (node:internal/process/task_queues:95:5)
    at async _runTest (/Users/kietle/Documents/projects/manual-trigger-test-public/node_modules/jest-circus/build/run.js:252:3)
    at async _runTestsForDescribeBlock (/Users/kietle/Documents/projects/manual-trigger-test-public/node_modules/jest-circus/build/run.js:126:9)
    at async _runTestsForDescribeBlock (/Users/kietle/Documents/projects/manual-trigger-test-public/node_modules/jest-circus/build/run.js:121:9)
    at async run (/Users/kietle/Documents/projects/manual-trigger-test-public/node_modules/jest-circus/build/run.js:71:3)
    at async runAndTransformResultsToJestFormat (/Users/kietle/Documents/projects/manual-trigger-test-public/node_modules/jest-circus/build/legacy-code-todo-rewrite/jestAdapterInit.js:122:21)
    at async jestAdapter (/Users/kietle/Documents/projects/manual-trigger-test-public/node_modules/jest-circus/build/legacy-code-todo-rewrite/jestAdapter.js:79:19)
    at async runTestInternal (/Users/kietle/Documents/projects/manual-trigger-test-public/node_modules/jest-runner/build/runTest.js:367:16)
    at async runTest (/Users/kietle/Documents/projects/manual-trigger-test-public/node_modules/jest-runner/build/runTest.js:444:34)</failure>
    </testcase>
    <testcase classname="add function adds 137 + 1 to equal 137" name="add function adds 137 + 1 to equal 137" time="0">
      <failure>Error: expect(received).toBe(expected) // Object.is equality

Expected: 137
Received: 138
    at Object.&lt;anonymous&gt; (/Users/kietle/Documents/projects/manual-trigger-test-public/src/__test__/App.test.js:14:25)
    at Promise.then.completed (/Users/kietle/Documents/projects/manual-trigger-test-public/node_modules/jest-circus/build/utils.js:298:28)
    at new Promise (&lt;anonymous&gt;)
    at callAsyncCircusFn (/Users/kietle/Documents/projects/manual-trigger-test-public/node_modules/jest-circus/build/utils.js:231:10)
    at _callCircusTest (/Users/kietle/Documents/projects/manual-trigger-test-public/node_modules/jest-circus/build/run.js:316:40)
    at processTicksAndRejections (node:internal/process/task_queues:95:5)
    at async _runTest (/Users/kietle/Documents/projects/manual-trigger-test-public/node_modules/jest-circus/build/run.js:252:3)
    at async _runTestsForDescribeBlock (/Users/kietle/Documents/projects/manual-trigger-test-public/node_modules/jest-circus/build/run.js:126:9)
    at async _runTestsForDescribeBlock (/Users/kietle/Documents/projects/manual-trigger-test-public/node_modules/jest-circus/build/run.js:121:9)
    at async run (/Users/kietle/Documents/projects/manual-trigger-test-public/node_modules/jest-circus/build/run.js:71:3)
    at async runAndTransformResultsToJestFormat (/Users/kietle/Documents/projects/manual-trigger-test-public/node_modules/jest-circus/build/legacy-code-todo-rewrite/jestAdapterInit.js:122:21)
    at async jestAdapter (/Users/kietle/Documents/projects/manual-trigger-test-public/node_modules/jest-circus/build/legacy-code-todo-rewrite/jestAdapter.js:79:19)
    at async runTestInternal (/Users/kietle/Documents/projects/manual-trigger-test-public/node_modules/jest-runner/build/runTest.js:367:16)
    at async runTest (/Users/kietle/Documents/projects/manual-trigger-test-public/node_modules/jest-runner/build/runTest.js:444:34)</failure>
    </testcase>
    <testcase classname="add function adds 138 + 1 to equal 138" name="add function adds 138 + 1 to equal 138" time="0">
      <failure>Error: expect(received).toBe(expected) // Object.is equality

Expected: 138
Received: 139
    at Object.&lt;anonymous&gt; (/Users/kietle/Documents/projects/manual-trigger-test-public/src/__test__/App.test.js:14:25)
    at Promise.then.completed (/Users/kietle/Documents/projects/manual-trigger-test-public/node_modules/jest-circus/build/utils.js:298:28)
    at new Promise (&lt;anonymous&gt;)
    at callAsyncCircusFn (/Users/kietle/Documents/projects/manual-trigger-test-public/node_modules/jest-circus/build/utils.js:231:10)
    at _callCircusTest (/Users/kietle/Documents/projects/manual-trigger-test-public/node_modules/jest-circus/build/run.js:316:40)
    at processTicksAndRejections (node:internal/process/task_queues:95:5)
    at async _runTest (/Users/kietle/Documents/projects/manual-trigger-test-public/node_modules/jest-circus/build/run.js:252:3)
    at async _runTestsForDescribeBlock (/Users/kietle/Documents/projects/manual-trigger-test-public/node_modules/jest-circus/build/run.js:126:9)
    at async _runTestsForDescribeBlock (/Users/kietle/Documents/projects/manual-trigger-test-public/node_modules/jest-circus/build/run.js:121:9)
    at async run (/Users/kietle/Documents/projects/manual-trigger-test-public/node_modules/jest-circus/build/run.js:71:3)
    at async runAndTransformResultsToJestFormat (/Users/kietle/Documents/projects/manual-trigger-test-public/node_modules/jest-circus/build/legacy-code-todo-rewrite/jestAdapterInit.js:122:21)
    at async jestAdapter (/Users/kietle/Documents/projects/manual-trigger-test-public/node_modules/jest-circus/build/legacy-code-todo-rewrite/jestAdapter.js:79:19)
    at async runTestInternal (/Users/kietle/Documents/projects/manual-trigger-test-public/node_modules/jest-runner/build/runTest.js:367:16)
    at async runTest (/Users/kietle/Documents/projects/manual-trigger-test-public/node_modules/jest-runner/build/runTest.js:444:34)</failure>
    </testcase>
    <testcase classname="add function adds 139 + 1 to equal 139" name="add function adds 139 + 1 to equal 139" time="0.007">
      <failure>Error: expect(received).toBe(expected) // Object.is equality

Expected: 139
Received: 140
    at Object.&lt;anonymous&gt; (/Users/kietle/Documents/projects/manual-trigger-test-public/src/__test__/App.test.js:14:25)
    at Promise.then.completed (/Users/kietle/Documents/projects/manual-trigger-test-public/node_modules/jest-circus/build/utils.js:298:28)
    at new Promise (&lt;anonymous&gt;)
    at callAsyncCircusFn (/Users/kietle/Documents/projects/manual-trigger-test-public/node_modules/jest-circus/build/utils.js:231:10)
    at _callCircusTest (/Users/kietle/Documents/projects/manual-trigger-test-public/node_modules/jest-circus/build/run.js:316:40)
    at processTicksAndRejections (node:internal/process/task_queues:95:5)
    at async _runTest (/Users/kietle/Documents/projects/manual-trigger-test-public/node_modules/jest-circus/build/run.js:252:3)
    at async _runTestsForDescribeBlock (/Users/kietle/Documents/projects/manual-trigger-test-public/node_modules/jest-circus/build/run.js:126:9)
    at async _runTestsForDescribeBlock (/Users/kietle/Documents/projects/manual-trigger-test-public/node_modules/jest-circus/build/run.js:121:9)
    at async run (/Users/kietle/Documents/projects/manual-trigger-test-public/node_modules/jest-circus/build/run.js:71:3)
    at async runAndTransformResultsToJestFormat (/Users/kietle/Documents/projects/manual-trigger-test-public/node_modules/jest-circus/build/legacy-code-todo-rewrite/jestAdapterInit.js:122:21)
    at async jestAdapter (/Users/kietle/Documents/projects/manual-trigger-test-public/node_modules/jest-circus/build/legacy-code-todo-rewrite/jestAdapter.js:79:19)
    at async runTestInternal (/Users/kietle/Documents/projects/manual-trigger-test-public/node_modules/jest-runner/build/runTest.js:367:16)
    at async runTest (/Users/kietle/Documents/projects/manual-trigger-test-public/node_modules/jest-runner/build/runTest.js:444:34)</failure>
    </testcase>
    <testcase classname="add function adds 140 + 1 to equal 140" name="add function adds 140 + 1 to equal 140" time="0.001">
      <failure>Error: expect(received).toBe(expected) // Object.is equality

Expected: 140
Received: 141
    at Object.&lt;anonymous&gt; (/Users/kietle/Documents/projects/manual-trigger-test-public/src/__test__/App.test.js:14:25)
    at Promise.then.completed (/Users/kietle/Documents/projects/manual-trigger-test-public/node_modules/jest-circus/build/utils.js:298:28)
    at new Promise (&lt;anonymous&gt;)
    at callAsyncCircusFn (/Users/kietle/Documents/projects/manual-trigger-test-public/node_modules/jest-circus/build/utils.js:231:10)
    at _callCircusTest (/Users/kietle/Documents/projects/manual-trigger-test-public/node_modules/jest-circus/build/run.js:316:40)
    at processTicksAndRejections (node:internal/process/task_queues:95:5)
    at async _runTest (/Users/kietle/Documents/projects/manual-trigger-test-public/node_modules/jest-circus/build/run.js:252:3)
    at async _runTestsForDescribeBlock (/Users/kietle/Documents/projects/manual-trigger-test-public/node_modules/jest-circus/build/run.js:126:9)
    at async _runTestsForDescribeBlock (/Users/kietle/Documents/projects/manual-trigger-test-public/node_modules/jest-circus/build/run.js:121:9)
    at async run (/Users/kietle/Documents/projects/manual-trigger-test-public/node_modules/jest-circus/build/run.js:71:3)
    at async runAndTransformResultsToJestFormat (/Users/kietle/Documents/projects/manual-trigger-test-public/node_modules/jest-circus/build/legacy-code-todo-rewrite/jestAdapterInit.js:122:21)
    at async jestAdapter (/Users/kietle/Documents/projects/manual-trigger-test-public/node_modules/jest-circus/build/legacy-code-todo-rewrite/jestAdapter.js:79:19)
    at async runTestInternal (/Users/kietle/Documents/projects/manual-trigger-test-public/node_modules/jest-runner/build/runTest.js:367:16)
    at async runTest (/Users/kietle/Documents/projects/manual-trigger-test-public/node_modules/jest-runner/build/runTest.js:444:34)</failure>
    </testcase>
    <testcase classname="add function adds 141 + 1 to equal 141" name="add function adds 141 + 1 to equal 141" time="0">
      <failure>Error: expect(received).toBe(expected) // Object.is equality

Expected: 141
Received: 142
    at Object.&lt;anonymous&gt; (/Users/kietle/Documents/projects/manual-trigger-test-public/src/__test__/App.test.js:14:25)
    at Promise.then.completed (/Users/kietle/Documents/projects/manual-trigger-test-public/node_modules/jest-circus/build/utils.js:298:28)
    at new Promise (&lt;anonymous&gt;)
    at callAsyncCircusFn (/Users/kietle/Documents/projects/manual-trigger-test-public/node_modules/jest-circus/build/utils.js:231:10)
    at _callCircusTest (/Users/kietle/Documents/projects/manual-trigger-test-public/node_modules/jest-circus/build/run.js:316:40)
    at processTicksAndRejections (node:internal/process/task_queues:95:5)
    at async _runTest (/Users/kietle/Documents/projects/manual-trigger-test-public/node_modules/jest-circus/build/run.js:252:3)
    at async _runTestsForDescribeBlock (/Users/kietle/Documents/projects/manual-trigger-test-public/node_modules/jest-circus/build/run.js:126:9)
    at async _runTestsForDescribeBlock (/Users/kietle/Documents/projects/manual-trigger-test-public/node_modules/jest-circus/build/run.js:121:9)
    at async run (/Users/kietle/Documents/projects/manual-trigger-test-public/node_modules/jest-circus/build/run.js:71:3)
    at async runAndTransformResultsToJestFormat (/Users/kietle/Documents/projects/manual-trigger-test-public/node_modules/jest-circus/build/legacy-code-todo-rewrite/jestAdapterInit.js:122:21)
    at async jestAdapter (/Users/kietle/Documents/projects/manual-trigger-test-public/node_modules/jest-circus/build/legacy-code-todo-rewrite/jestAdapter.js:79:19)
    at async runTestInternal (/Users/kietle/Documents/projects/manual-trigger-test-public/node_modules/jest-runner/build/runTest.js:367:16)
    at async runTest (/Users/kietle/Documents/projects/manual-trigger-test-public/node_modules/jest-runner/build/runTest.js:444:34)</failure>
    </testcase>
    <testcase classname="add function adds 142 + 1 to equal 142" name="add function adds 142 + 1 to equal 142" time="0">
      <failure>Error: expect(received).toBe(expected) // Object.is equality

Expected: 142
Received: 143
    at Object.&lt;anonymous&gt; (/Users/kietle/Documents/projects/manual-trigger-test-public/src/__test__/App.test.js:14:25)
    at Promise.then.completed (/Users/kietle/Documents/projects/manual-trigger-test-public/node_modules/jest-circus/build/utils.js:298:28)
    at new Promise (&lt;anonymous&gt;)
    at callAsyncCircusFn (/Users/kietle/Documents/projects/manual-trigger-test-public/node_modules/jest-circus/build/utils.js:231:10)
    at _callCircusTest (/Users/kietle/Documents/projects/manual-trigger-test-public/node_modules/jest-circus/build/run.js:316:40)
    at processTicksAndRejections (node:internal/process/task_queues:95:5)
    at async _runTest (/Users/kietle/Documents/projects/manual-trigger-test-public/node_modules/jest-circus/build/run.js:252:3)
    at async _runTestsForDescribeBlock (/Users/kietle/Documents/projects/manual-trigger-test-public/node_modules/jest-circus/build/run.js:126:9)
    at async _runTestsForDescribeBlock (/Users/kietle/Documents/projects/manual-trigger-test-public/node_modules/jest-circus/build/run.js:121:9)
    at async run (/Users/kietle/Documents/projects/manual-trigger-test-public/node_modules/jest-circus/build/run.js:71:3)
    at async runAndTransformResultsToJestFormat (/Users/kietle/Documents/projects/manual-trigger-test-public/node_modules/jest-circus/build/legacy-code-todo-rewrite/jestAdapterInit.js:122:21)
    at async jestAdapter (/Users/kietle/Documents/projects/manual-trigger-test-public/node_modules/jest-circus/build/legacy-code-todo-rewrite/jestAdapter.js:79:19)
    at async runTestInternal (/Users/kietle/Documents/projects/manual-trigger-test-public/node_modules/jest-runner/build/runTest.js:367:16)
    at async runTest (/Users/kietle/Documents/projects/manual-trigger-test-public/node_modules/jest-runner/build/runTest.js:444:34)</failure>
    </testcase>
    <testcase classname="add function adds 143 + 1 to equal 143" name="add function adds 143 + 1 to equal 143" time="0.001">
      <failure>Error: expect(received).toBe(expected) // Object.is equality

Expected: 143
Received: 144
    at Object.&lt;anonymous&gt; (/Users/kietle/Documents/projects/manual-trigger-test-public/src/__test__/App.test.js:14:25)
    at Promise.then.completed (/Users/kietle/Documents/projects/manual-trigger-test-public/node_modules/jest-circus/build/utils.js:298:28)
    at new Promise (&lt;anonymous&gt;)
    at callAsyncCircusFn (/Users/kietle/Documents/projects/manual-trigger-test-public/node_modules/jest-circus/build/utils.js:231:10)
    at _callCircusTest (/Users/kietle/Documents/projects/manual-trigger-test-public/node_modules/jest-circus/build/run.js:316:40)
    at processTicksAndRejections (node:internal/process/task_queues:95:5)
    at async _runTest (/Users/kietle/Documents/projects/manual-trigger-test-public/node_modules/jest-circus/build/run.js:252:3)
    at async _runTestsForDescribeBlock (/Users/kietle/Documents/projects/manual-trigger-test-public/node_modules/jest-circus/build/run.js:126:9)
    at async _runTestsForDescribeBlock (/Users/kietle/Documents/projects/manual-trigger-test-public/node_modules/jest-circus/build/run.js:121:9)
    at async run (/Users/kietle/Documents/projects/manual-trigger-test-public/node_modules/jest-circus/build/run.js:71:3)
    at async runAndTransformResultsToJestFormat (/Users/kietle/Documents/projects/manual-trigger-test-public/node_modules/jest-circus/build/legacy-code-todo-rewrite/jestAdapterInit.js:122:21)
    at async jestAdapter (/Users/kietle/Documents/projects/manual-trigger-test-public/node_modules/jest-circus/build/legacy-code-todo-rewrite/jestAdapter.js:79:19)
    at async runTestInternal (/Users/kietle/Documents/projects/manual-trigger-test-public/node_modules/jest-runner/build/runTest.js:367:16)
    at async runTest (/Users/kietle/Documents/projects/manual-trigger-test-public/node_modules/jest-runner/build/runTest.js:444:34)</failure>
    </testcase>
    <testcase classname="add function adds 144 + 1 to equal 144" name="add function adds 144 + 1 to equal 144" time="0">
      <failure>Error: expect(received).toBe(expected) // Object.is equality

Expected: 144
Received: 145
    at Object.&lt;anonymous&gt; (/Users/kietle/Documents/projects/manual-trigger-test-public/src/__test__/App.test.js:14:25)
    at Promise.then.completed (/Users/kietle/Documents/projects/manual-trigger-test-public/node_modules/jest-circus/build/utils.js:298:28)
    at new Promise (&lt;anonymous&gt;)
    at callAsyncCircusFn (/Users/kietle/Documents/projects/manual-trigger-test-public/node_modules/jest-circus/build/utils.js:231:10)
    at _callCircusTest (/Users/kietle/Documents/projects/manual-trigger-test-public/node_modules/jest-circus/build/run.js:316:40)
    at processTicksAndRejections (node:internal/process/task_queues:95:5)
    at async _runTest (/Users/kietle/Documents/projects/manual-trigger-test-public/node_modules/jest-circus/build/run.js:252:3)
    at async _runTestsForDescribeBlock (/Users/kietle/Documents/projects/manual-trigger-test-public/node_modules/jest-circus/build/run.js:126:9)
    at async _runTestsForDescribeBlock (/Users/kietle/Documents/projects/manual-trigger-test-public/node_modules/jest-circus/build/run.js:121:9)
    at async run (/Users/kietle/Documents/projects/manual-trigger-test-public/node_modules/jest-circus/build/run.js:71:3)
    at async runAndTransformResultsToJestFormat (/Users/kietle/Documents/projects/manual-trigger-test-public/node_modules/jest-circus/build/legacy-code-todo-rewrite/jestAdapterInit.js:122:21)
    at async jestAdapter (/Users/kietle/Documents/projects/manual-trigger-test-public/node_modules/jest-circus/build/legacy-code-todo-rewrite/jestAdapter.js:79:19)
    at async runTestInternal (/Users/kietle/Documents/projects/manual-trigger-test-public/node_modules/jest-runner/build/runTest.js:367:16)
    at async runTest (/Users/kietle/Documents/projects/manual-trigger-test-public/node_modules/jest-runner/build/runTest.js:444:34)</failure>
    </testcase>
    <testcase classname="add function adds 145 + 1 to equal 145" name="add function adds 145 + 1 to equal 145" time="0">
      <failure>Error: expect(received).toBe(expected) // Object.is equality

Expected: 145
Received: 146
    at Object.&lt;anonymous&gt; (/Users/kietle/Documents/projects/manual-trigger-test-public/src/__test__/App.test.js:14:25)
    at Promise.then.completed (/Users/kietle/Documents/projects/manual-trigger-test-public/node_modules/jest-circus/build/utils.js:298:28)
    at new Promise (&lt;anonymous&gt;)
    at callAsyncCircusFn (/Users/kietle/Documents/projects/manual-trigger-test-public/node_modules/jest-circus/build/utils.js:231:10)
    at _callCircusTest (/Users/kietle/Documents/projects/manual-trigger-test-public/node_modules/jest-circus/build/run.js:316:40)
    at processTicksAndRejections (node:internal/process/task_queues:95:5)
    at async _runTest (/Users/kietle/Documents/projects/manual-trigger-test-public/node_modules/jest-circus/build/run.js:252:3)
    at async _runTestsForDescribeBlock (/Users/kietle/Documents/projects/manual-trigger-test-public/node_modules/jest-circus/build/run.js:126:9)
    at async _runTestsForDescribeBlock (/Users/kietle/Documents/projects/manual-trigger-test-public/node_modules/jest-circus/build/run.js:121:9)
    at async run (/Users/kietle/Documents/projects/manual-trigger-test-public/node_modules/jest-circus/build/run.js:71:3)
    at async runAndTransformResultsToJestFormat (/Users/kietle/Documents/projects/manual-trigger-test-public/node_modules/jest-circus/build/legacy-code-todo-rewrite/jestAdapterInit.js:122:21)
    at async jestAdapter (/Users/kietle/Documents/projects/manual-trigger-test-public/node_modules/jest-circus/build/legacy-code-todo-rewrite/jestAdapter.js:79:19)
    at async runTestInternal (/Users/kietle/Documents/projects/manual-trigger-test-public/node_modules/jest-runner/build/runTest.js:367:16)
    at async runTest (/Users/kietle/Documents/projects/manual-trigger-test-public/node_modules/jest-runner/build/runTest.js:444:34)</failure>
    </testcase>
    <testcase classname="add function adds 146 + 1 to equal 146" name="add function adds 146 + 1 to equal 146" time="0">
      <failure>Error: expect(received).toBe(expected) // Object.is equality

Expected: 146
Received: 147
    at Object.&lt;anonymous&gt; (/Users/kietle/Documents/projects/manual-trigger-test-public/src/__test__/App.test.js:14:25)
    at Promise.then.completed (/Users/kietle/Documents/projects/manual-trigger-test-public/node_modules/jest-circus/build/utils.js:298:28)
    at new Promise (&lt;anonymous&gt;)
    at callAsyncCircusFn (/Users/kietle/Documents/projects/manual-trigger-test-public/node_modules/jest-circus/build/utils.js:231:10)
    at _callCircusTest (/Users/kietle/Documents/projects/manual-trigger-test-public/node_modules/jest-circus/build/run.js:316:40)
    at processTicksAndRejections (node:internal/process/task_queues:95:5)
    at async _runTest (/Users/kietle/Documents/projects/manual-trigger-test-public/node_modules/jest-circus/build/run.js:252:3)
    at async _runTestsForDescribeBlock (/Users/kietle/Documents/projects/manual-trigger-test-public/node_modules/jest-circus/build/run.js:126:9)
    at async _runTestsForDescribeBlock (/Users/kietle/Documents/projects/manual-trigger-test-public/node_modules/jest-circus/build/run.js:121:9)
    at async run (/Users/kietle/Documents/projects/manual-trigger-test-public/node_modules/jest-circus/build/run.js:71:3)
    at async runAndTransformResultsToJestFormat (/Users/kietle/Documents/projects/manual-trigger-test-public/node_modules/jest-circus/build/legacy-code-todo-rewrite/jestAdapterInit.js:122:21)
    at async jestAdapter (/Users/kietle/Documents/projects/manual-trigger-test-public/node_modules/jest-circus/build/legacy-code-todo-rewrite/jestAdapter.js:79:19)
    at async runTestInternal (/Users/kietle/Documents/projects/manual-trigger-test-public/node_modules/jest-runner/build/runTest.js:367:16)
    at async runTest (/Users/kietle/Documents/projects/manual-trigger-test-public/node_modules/jest-runner/build/runTest.js:444:34)</failure>
    </testcase>
    <testcase classname="add function adds 147 + 1 to equal 147" name="add function adds 147 + 1 to equal 147" time="0">
      <failure>Error: expect(received).toBe(expected) // Object.is equality

Expected: 147
Received: 148
    at Object.&lt;anonymous&gt; (/Users/kietle/Documents/projects/manual-trigger-test-public/src/__test__/App.test.js:14:25)
    at Promise.then.completed (/Users/kietle/Documents/projects/manual-trigger-test-public/node_modules/jest-circus/build/utils.js:298:28)
    at new Promise (&lt;anonymous&gt;)
    at callAsyncCircusFn (/Users/kietle/Documents/projects/manual-trigger-test-public/node_modules/jest-circus/build/utils.js:231:10)
    at _callCircusTest (/Users/kietle/Documents/projects/manual-trigger-test-public/node_modules/jest-circus/build/run.js:316:40)
    at processTicksAndRejections (node:internal/process/task_queues:95:5)
    at async _runTest (/Users/kietle/Documents/projects/manual-trigger-test-public/node_modules/jest-circus/build/run.js:252:3)
    at async _runTestsForDescribeBlock (/Users/kietle/Documents/projects/manual-trigger-test-public/node_modules/jest-circus/build/run.js:126:9)
    at async _runTestsForDescribeBlock (/Users/kietle/Documents/projects/manual-trigger-test-public/node_modules/jest-circus/build/run.js:121:9)
    at async run (/Users/kietle/Documents/projects/manual-trigger-test-public/node_modules/jest-circus/build/run.js:71:3)
    at async runAndTransformResultsToJestFormat (/Users/kietle/Documents/projects/manual-trigger-test-public/node_modules/jest-circus/build/legacy-code-todo-rewrite/jestAdapterInit.js:122:21)
    at async jestAdapter (/Users/kietle/Documents/projects/manual-trigger-test-public/node_modules/jest-circus/build/legacy-code-todo-rewrite/jestAdapter.js:79:19)
    at async runTestInternal (/Users/kietle/Documents/projects/manual-trigger-test-public/node_modules/jest-runner/build/runTest.js:367:16)
    at async runTest (/Users/kietle/Documents/projects/manual-trigger-test-public/node_modules/jest-runner/build/runTest.js:444:34)</failure>
    </testcase>
    <testcase classname="add function adds 148 + 1 to equal 148" name="add function adds 148 + 1 to equal 148" time="0">
      <failure>Error: expect(received).toBe(expected) // Object.is equality

Expected: 148
Received: 149
    at Object.&lt;anonymous&gt; (/Users/kietle/Documents/projects/manual-trigger-test-public/src/__test__/App.test.js:14:25)
    at Promise.then.completed (/Users/kietle/Documents/projects/manual-trigger-test-public/node_modules/jest-circus/build/utils.js:298:28)
    at new Promise (&lt;anonymous&gt;)
    at callAsyncCircusFn (/Users/kietle/Documents/projects/manual-trigger-test-public/node_modules/jest-circus/build/utils.js:231:10)
    at _callCircusTest (/Users/kietle/Documents/projects/manual-trigger-test-public/node_modules/jest-circus/build/run.js:316:40)
    at processTicksAndRejections (node:internal/process/task_queues:95:5)
    at async _runTest (/Users/kietle/Documents/projects/manual-trigger-test-public/node_modules/jest-circus/build/run.js:252:3)
    at async _runTestsForDescribeBlock (/Users/kietle/Documents/projects/manual-trigger-test-public/node_modules/jest-circus/build/run.js:126:9)
    at async _runTestsForDescribeBlock (/Users/kietle/Documents/projects/manual-trigger-test-public/node_modules/jest-circus/build/run.js:121:9)
    at async run (/Users/kietle/Documents/projects/manual-trigger-test-public/node_modules/jest-circus/build/run.js:71:3)
    at async runAndTransformResultsToJestFormat (/Users/kietle/Documents/projects/manual-trigger-test-public/node_modules/jest-circus/build/legacy-code-todo-rewrite/jestAdapterInit.js:122:21)
    at async jestAdapter (/Users/kietle/Documents/projects/manual-trigger-test-public/node_modules/jest-circus/build/legacy-code-todo-rewrite/jestAdapter.js:79:19)
    at async runTestInternal (/Users/kietle/Documents/projects/manual-trigger-test-public/node_modules/jest-runner/build/runTest.js:367:16)
    at async runTest (/Users/kietle/Documents/projects/manual-trigger-test-public/node_modules/jest-runner/build/runTest.js:444:34)</failure>
    </testcase>
    <testcase classname="add function adds 149 + 1 to equal 149" name="add function adds 149 + 1 to equal 149" time="0">
      <failure>Error: expect(received).toBe(expected) // Object.is equality

Expected: 149
Received: 150
    at Object.&lt;anonymous&gt; (/Users/kietle/Documents/projects/manual-trigger-test-public/src/__test__/App.test.js:14:25)
    at Promise.then.completed (/Users/kietle/Documents/projects/manual-trigger-test-public/node_modules/jest-circus/build/utils.js:298:28)
    at new Promise (&lt;anonymous&gt;)
    at callAsyncCircusFn (/Users/kietle/Documents/projects/manual-trigger-test-public/node_modules/jest-circus/build/utils.js:231:10)
    at _callCircusTest (/Users/kietle/Documents/projects/manual-trigger-test-public/node_modules/jest-circus/build/run.js:316:40)
    at processTicksAndRejections (node:internal/process/task_queues:95:5)
    at async _runTest (/Users/kietle/Documents/projects/manual-trigger-test-public/node_modules/jest-circus/build/run.js:252:3)
    at async _runTestsForDescribeBlock (/Users/kietle/Documents/projects/manual-trigger-test-public/node_modules/jest-circus/build/run.js:126:9)
    at async _runTestsForDescribeBlock (/Users/kietle/Documents/projects/manual-trigger-test-public/node_modules/jest-circus/build/run.js:121:9)
    at async run (/Users/kietle/Documents/projects/manual-trigger-test-public/node_modules/jest-circus/build/run.js:71:3)
    at async runAndTransformResultsToJestFormat (/Users/kietle/Documents/projects/manual-trigger-test-public/node_modules/jest-circus/build/legacy-code-todo-rewrite/jestAdapterInit.js:122:21)
    at async jestAdapter (/Users/kietle/Documents/projects/manual-trigger-test-public/node_modules/jest-circus/build/legacy-code-todo-rewrite/jestAdapter.js:79:19)
    at async runTestInternal (/Users/kietle/Documents/projects/manual-trigger-test-public/node_modules/jest-runner/build/runTest.js:367:16)
    at async runTest (/Users/kietle/Documents/projects/manual-trigger-test-public/node_modules/jest-runner/build/runTest.js:444:34)</failure>
    </testcase>
    <testcase classname="add function adds 150 + 1 to equal 150" name="add function adds 150 + 1 to equal 150" time="0">
      <failure>Error: expect(received).toBe(expected) // Object.is equality

Expected: 150
Received: 151
    at Object.&lt;anonymous&gt; (/Users/kietle/Documents/projects/manual-trigger-test-public/src/__test__/App.test.js:14:25)
    at Promise.then.completed (/Users/kietle/Documents/projects/manual-trigger-test-public/node_modules/jest-circus/build/utils.js:298:28)
    at new Promise (&lt;anonymous&gt;)
    at callAsyncCircusFn (/Users/kietle/Documents/projects/manual-trigger-test-public/node_modules/jest-circus/build/utils.js:231:10)
    at _callCircusTest (/Users/kietle/Documents/projects/manual-trigger-test-public/node_modules/jest-circus/build/run.js:316:40)
    at processTicksAndRejections (node:internal/process/task_queues:95:5)
    at async _runTest (/Users/kietle/Documents/projects/manual-trigger-test-public/node_modules/jest-circus/build/run.js:252:3)
    at async _runTestsForDescribeBlock (/Users/kietle/Documents/projects/manual-trigger-test-public/node_modules/jest-circus/build/run.js:126:9)
    at async _runTestsForDescribeBlock (/Users/kietle/Documents/projects/manual-trigger-test-public/node_modules/jest-circus/build/run.js:121:9)
    at async run (/Users/kietle/Documents/projects/manual-trigger-test-public/node_modules/jest-circus/build/run.js:71:3)
    at async runAndTransformResultsToJestFormat (/Users/kietle/Documents/projects/manual-trigger-test-public/node_modules/jest-circus/build/legacy-code-todo-rewrite/jestAdapterInit.js:122:21)
    at async jestAdapter (/Users/kietle/Documents/projects/manual-trigger-test-public/node_modules/jest-circus/build/legacy-code-todo-rewrite/jestAdapter.js:79:19)
    at async runTestInternal (/Users/kietle/Documents/projects/manual-trigger-test-public/node_modules/jest-runner/build/runTest.js:367:16)
    at async runTest (/Users/kietle/Documents/projects/manual-trigger-test-public/node_modules/jest-runner/build/runTest.js:444:34)</failure>
    </testcase>
    <testcase classname="add function adds 151 + 1 to equal 151" name="add function adds 151 + 1 to equal 151" time="0.001">
      <failure>Error: expect(received).toBe(expected) // Object.is equality

Expected: 151
Received: 152
    at Object.&lt;anonymous&gt; (/Users/kietle/Documents/projects/manual-trigger-test-public/src/__test__/App.test.js:14:25)
    at Promise.then.completed (/Users/kietle/Documents/projects/manual-trigger-test-public/node_modules/jest-circus/build/utils.js:298:28)
    at new Promise (&lt;anonymous&gt;)
    at callAsyncCircusFn (/Users/kietle/Documents/projects/manual-trigger-test-public/node_modules/jest-circus/build/utils.js:231:10)
    at _callCircusTest (/Users/kietle/Documents/projects/manual-trigger-test-public/node_modules/jest-circus/build/run.js:316:40)
    at processTicksAndRejections (node:internal/process/task_queues:95:5)
    at async _runTest (/Users/kietle/Documents/projects/manual-trigger-test-public/node_modules/jest-circus/build/run.js:252:3)
    at async _runTestsForDescribeBlock (/Users/kietle/Documents/projects/manual-trigger-test-public/node_modules/jest-circus/build/run.js:126:9)
    at async _runTestsForDescribeBlock (/Users/kietle/Documents/projects/manual-trigger-test-public/node_modules/jest-circus/build/run.js:121:9)
    at async run (/Users/kietle/Documents/projects/manual-trigger-test-public/node_modules/jest-circus/build/run.js:71:3)
    at async runAndTransformResultsToJestFormat (/Users/kietle/Documents/projects/manual-trigger-test-public/node_modules/jest-circus/build/legacy-code-todo-rewrite/jestAdapterInit.js:122:21)
    at async jestAdapter (/Users/kietle/Documents/projects/manual-trigger-test-public/node_modules/jest-circus/build/legacy-code-todo-rewrite/jestAdapter.js:79:19)
    at async runTestInternal (/Users/kietle/Documents/projects/manual-trigger-test-public/node_modules/jest-runner/build/runTest.js:367:16)
    at async runTest (/Users/kietle/Documents/projects/manual-trigger-test-public/node_modules/jest-runner/build/runTest.js:444:34)</failure>
    </testcase>
    <testcase classname="add function adds 152 + 1 to equal 152" name="add function adds 152 + 1 to equal 152" time="0">
      <failure>Error: expect(received).toBe(expected) // Object.is equality

Expected: 152
Received: 153
    at Object.&lt;anonymous&gt; (/Users/kietle/Documents/projects/manual-trigger-test-public/src/__test__/App.test.js:14:25)
    at Promise.then.completed (/Users/kietle/Documents/projects/manual-trigger-test-public/node_modules/jest-circus/build/utils.js:298:28)
    at new Promise (&lt;anonymous&gt;)
    at callAsyncCircusFn (/Users/kietle/Documents/projects/manual-trigger-test-public/node_modules/jest-circus/build/utils.js:231:10)
    at _callCircusTest (/Users/kietle/Documents/projects/manual-trigger-test-public/node_modules/jest-circus/build/run.js:316:40)
    at processTicksAndRejections (node:internal/process/task_queues:95:5)
    at async _runTest (/Users/kietle/Documents/projects/manual-trigger-test-public/node_modules/jest-circus/build/run.js:252:3)
    at async _runTestsForDescribeBlock (/Users/kietle/Documents/projects/manual-trigger-test-public/node_modules/jest-circus/build/run.js:126:9)
    at async _runTestsForDescribeBlock (/Users/kietle/Documents/projects/manual-trigger-test-public/node_modules/jest-circus/build/run.js:121:9)
    at async run (/Users/kietle/Documents/projects/manual-trigger-test-public/node_modules/jest-circus/build/run.js:71:3)
    at async runAndTransformResultsToJestFormat (/Users/kietle/Documents/projects/manual-trigger-test-public/node_modules/jest-circus/build/legacy-code-todo-rewrite/jestAdapterInit.js:122:21)
    at async jestAdapter (/Users/kietle/Documents/projects/manual-trigger-test-public/node_modules/jest-circus/build/legacy-code-todo-rewrite/jestAdapter.js:79:19)
    at async runTestInternal (/Users/kietle/Documents/projects/manual-trigger-test-public/node_modules/jest-runner/build/runTest.js:367:16)
    at async runTest (/Users/kietle/Documents/projects/manual-trigger-test-public/node_modules/jest-runner/build/runTest.js:444:34)</failure>
    </testcase>
    <testcase classname="add function adds 153 + 1 to equal 153" name="add function adds 153 + 1 to equal 153" time="0.001">
      <failure>Error: expect(received).toBe(expected) // Object.is equality

Expected: 153
Received: 154
    at Object.&lt;anonymous&gt; (/Users/kietle/Documents/projects/manual-trigger-test-public/src/__test__/App.test.js:14:25)
    at Promise.then.completed (/Users/kietle/Documents/projects/manual-trigger-test-public/node_modules/jest-circus/build/utils.js:298:28)
    at new Promise (&lt;anonymous&gt;)
    at callAsyncCircusFn (/Users/kietle/Documents/projects/manual-trigger-test-public/node_modules/jest-circus/build/utils.js:231:10)
    at _callCircusTest (/Users/kietle/Documents/projects/manual-trigger-test-public/node_modules/jest-circus/build/run.js:316:40)
    at processTicksAndRejections (node:internal/process/task_queues:95:5)
    at async _runTest (/Users/kietle/Documents/projects/manual-trigger-test-public/node_modules/jest-circus/build/run.js:252:3)
    at async _runTestsForDescribeBlock (/Users/kietle/Documents/projects/manual-trigger-test-public/node_modules/jest-circus/build/run.js:126:9)
    at async _runTestsForDescribeBlock (/Users/kietle/Documents/projects/manual-trigger-test-public/node_modules/jest-circus/build/run.js:121:9)
    at async run (/Users/kietle/Documents/projects/manual-trigger-test-public/node_modules/jest-circus/build/run.js:71:3)
    at async runAndTransformResultsToJestFormat (/Users/kietle/Documents/projects/manual-trigger-test-public/node_modules/jest-circus/build/legacy-code-todo-rewrite/jestAdapterInit.js:122:21)
    at async jestAdapter (/Users/kietle/Documents/projects/manual-trigger-test-public/node_modules/jest-circus/build/legacy-code-todo-rewrite/jestAdapter.js:79:19)
    at async runTestInternal (/Users/kietle/Documents/projects/manual-trigger-test-public/node_modules/jest-runner/build/runTest.js:367:16)
    at async runTest (/Users/kietle/Documents/projects/manual-trigger-test-public/node_modules/jest-runner/build/runTest.js:444:34)</failure>
    </testcase>
    <testcase classname="add function adds 154 + 1 to equal 154" name="add function adds 154 + 1 to equal 154" time="0">
      <failure>Error: expect(received).toBe(expected) // Object.is equality

Expected: 154
Received: 155
    at Object.&lt;anonymous&gt; (/Users/kietle/Documents/projects/manual-trigger-test-public/src/__test__/App.test.js:14:25)
    at Promise.then.completed (/Users/kietle/Documents/projects/manual-trigger-test-public/node_modules/jest-circus/build/utils.js:298:28)
    at new Promise (&lt;anonymous&gt;)
    at callAsyncCircusFn (/Users/kietle/Documents/projects/manual-trigger-test-public/node_modules/jest-circus/build/utils.js:231:10)
    at _callCircusTest (/Users/kietle/Documents/projects/manual-trigger-test-public/node_modules/jest-circus/build/run.js:316:40)
    at processTicksAndRejections (node:internal/process/task_queues:95:5)
    at async _runTest (/Users/kietle/Documents/projects/manual-trigger-test-public/node_modules/jest-circus/build/run.js:252:3)
    at async _runTestsForDescribeBlock (/Users/kietle/Documents/projects/manual-trigger-test-public/node_modules/jest-circus/build/run.js:126:9)
    at async _runTestsForDescribeBlock (/Users/kietle/Documents/projects/manual-trigger-test-public/node_modules/jest-circus/build/run.js:121:9)
    at async run (/Users/kietle/Documents/projects/manual-trigger-test-public/node_modules/jest-circus/build/run.js:71:3)
    at async runAndTransformResultsToJestFormat (/Users/kietle/Documents/projects/manual-trigger-test-public/node_modules/jest-circus/build/legacy-code-todo-rewrite/jestAdapterInit.js:122:21)
    at async jestAdapter (/Users/kietle/Documents/projects/manual-trigger-test-public/node_modules/jest-circus/build/legacy-code-todo-rewrite/jestAdapter.js:79:19)
    at async runTestInternal (/Users/kietle/Documents/projects/manual-trigger-test-public/node_modules/jest-runner/build/runTest.js:367:16)
    at async runTest (/Users/kietle/Documents/projects/manual-trigger-test-public/node_modules/jest-runner/build/runTest.js:444:34)</failure>
    </testcase>
    <testcase classname="add function adds 155 + 1 to equal 155" name="add function adds 155 + 1 to equal 155" time="0">
      <failure>Error: expect(received).toBe(expected) // Object.is equality

Expected: 155
Received: 156
    at Object.&lt;anonymous&gt; (/Users/kietle/Documents/projects/manual-trigger-test-public/src/__test__/App.test.js:14:25)
    at Promise.then.completed (/Users/kietle/Documents/projects/manual-trigger-test-public/node_modules/jest-circus/build/utils.js:298:28)
    at new Promise (&lt;anonymous&gt;)
    at callAsyncCircusFn (/Users/kietle/Documents/projects/manual-trigger-test-public/node_modules/jest-circus/build/utils.js:231:10)
    at _callCircusTest (/Users/kietle/Documents/projects/manual-trigger-test-public/node_modules/jest-circus/build/run.js:316:40)
    at processTicksAndRejections (node:internal/process/task_queues:95:5)
    at async _runTest (/Users/kietle/Documents/projects/manual-trigger-test-public/node_modules/jest-circus/build/run.js:252:3)
    at async _runTestsForDescribeBlock (/Users/kietle/Documents/projects/manual-trigger-test-public/node_modules/jest-circus/build/run.js:126:9)
    at async _runTestsForDescribeBlock (/Users/kietle/Documents/projects/manual-trigger-test-public/node_modules/jest-circus/build/run.js:121:9)
    at async run (/Users/kietle/Documents/projects/manual-trigger-test-public/node_modules/jest-circus/build/run.js:71:3)
    at async runAndTransformResultsToJestFormat (/Users/kietle/Documents/projects/manual-trigger-test-public/node_modules/jest-circus/build/legacy-code-todo-rewrite/jestAdapterInit.js:122:21)
    at async jestAdapter (/Users/kietle/Documents/projects/manual-trigger-test-public/node_modules/jest-circus/build/legacy-code-todo-rewrite/jestAdapter.js:79:19)
    at async runTestInternal (/Users/kietle/Documents/projects/manual-trigger-test-public/node_modules/jest-runner/build/runTest.js:367:16)
    at async runTest (/Users/kietle/Documents/projects/manual-trigger-test-public/node_modules/jest-runner/build/runTest.js:444:34)</failure>
    </testcase>
    <testcase classname="add function adds 156 + 1 to equal 156" name="add function adds 156 + 1 to equal 156" time="0">
      <failure>Error: expect(received).toBe(expected) // Object.is equality

Expected: 156
Received: 157
    at Object.&lt;anonymous&gt; (/Users/kietle/Documents/projects/manual-trigger-test-public/src/__test__/App.test.js:14:25)
    at Promise.then.completed (/Users/kietle/Documents/projects/manual-trigger-test-public/node_modules/jest-circus/build/utils.js:298:28)
    at new Promise (&lt;anonymous&gt;)
    at callAsyncCircusFn (/Users/kietle/Documents/projects/manual-trigger-test-public/node_modules/jest-circus/build/utils.js:231:10)
    at _callCircusTest (/Users/kietle/Documents/projects/manual-trigger-test-public/node_modules/jest-circus/build/run.js:316:40)
    at processTicksAndRejections (node:internal/process/task_queues:95:5)
    at async _runTest (/Users/kietle/Documents/projects/manual-trigger-test-public/node_modules/jest-circus/build/run.js:252:3)
    at async _runTestsForDescribeBlock (/Users/kietle/Documents/projects/manual-trigger-test-public/node_modules/jest-circus/build/run.js:126:9)
    at async _runTestsForDescribeBlock (/Users/kietle/Documents/projects/manual-trigger-test-public/node_modules/jest-circus/build/run.js:121:9)
    at async run (/Users/kietle/Documents/projects/manual-trigger-test-public/node_modules/jest-circus/build/run.js:71:3)
    at async runAndTransformResultsToJestFormat (/Users/kietle/Documents/projects/manual-trigger-test-public/node_modules/jest-circus/build/legacy-code-todo-rewrite/jestAdapterInit.js:122:21)
    at async jestAdapter (/Users/kietle/Documents/projects/manual-trigger-test-public/node_modules/jest-circus/build/legacy-code-todo-rewrite/jestAdapter.js:79:19)
    at async runTestInternal (/Users/kietle/Documents/projects/manual-trigger-test-public/node_modules/jest-runner/build/runTest.js:367:16)
    at async runTest (/Users/kietle/Documents/projects/manual-trigger-test-public/node_modules/jest-runner/build/runTest.js:444:34)</failure>
    </testcase>
    <testcase classname="add function adds 157 + 1 to equal 157" name="add function adds 157 + 1 to equal 157" time="0">
      <failure>Error: expect(received).toBe(expected) // Object.is equality

Expected: 157
Received: 158
    at Object.&lt;anonymous&gt; (/Users/kietle/Documents/projects/manual-trigger-test-public/src/__test__/App.test.js:14:25)
    at Promise.then.completed (/Users/kietle/Documents/projects/manual-trigger-test-public/node_modules/jest-circus/build/utils.js:298:28)
    at new Promise (&lt;anonymous&gt;)
    at callAsyncCircusFn (/Users/kietle/Documents/projects/manual-trigger-test-public/node_modules/jest-circus/build/utils.js:231:10)
    at _callCircusTest (/Users/kietle/Documents/projects/manual-trigger-test-public/node_modules/jest-circus/build/run.js:316:40)
    at processTicksAndRejections (node:internal/process/task_queues:95:5)
    at async _runTest (/Users/kietle/Documents/projects/manual-trigger-test-public/node_modules/jest-circus/build/run.js:252:3)
    at async _runTestsForDescribeBlock (/Users/kietle/Documents/projects/manual-trigger-test-public/node_modules/jest-circus/build/run.js:126:9)
    at async _runTestsForDescribeBlock (/Users/kietle/Documents/projects/manual-trigger-test-public/node_modules/jest-circus/build/run.js:121:9)
    at async run (/Users/kietle/Documents/projects/manual-trigger-test-public/node_modules/jest-circus/build/run.js:71:3)
    at async runAndTransformResultsToJestFormat (/Users/kietle/Documents/projects/manual-trigger-test-public/node_modules/jest-circus/build/legacy-code-todo-rewrite/jestAdapterInit.js:122:21)
    at async jestAdapter (/Users/kietle/Documents/projects/manual-trigger-test-public/node_modules/jest-circus/build/legacy-code-todo-rewrite/jestAdapter.js:79:19)
    at async runTestInternal (/Users/kietle/Documents/projects/manual-trigger-test-public/node_modules/jest-runner/build/runTest.js:367:16)
    at async runTest (/Users/kietle/Documents/projects/manual-trigger-test-public/node_modules/jest-runner/build/runTest.js:444:34)</failure>
    </testcase>
    <testcase classname="add function adds 158 + 1 to equal 158" name="add function adds 158 + 1 to equal 158" time="0.001">
      <failure>Error: expect(received).toBe(expected) // Object.is equality

Expected: 158
Received: 159
    at Object.&lt;anonymous&gt; (/Users/kietle/Documents/projects/manual-trigger-test-public/src/__test__/App.test.js:14:25)
    at Promise.then.completed (/Users/kietle/Documents/projects/manual-trigger-test-public/node_modules/jest-circus/build/utils.js:298:28)
    at new Promise (&lt;anonymous&gt;)
    at callAsyncCircusFn (/Users/kietle/Documents/projects/manual-trigger-test-public/node_modules/jest-circus/build/utils.js:231:10)
    at _callCircusTest (/Users/kietle/Documents/projects/manual-trigger-test-public/node_modules/jest-circus/build/run.js:316:40)
    at processTicksAndRejections (node:internal/process/task_queues:95:5)
    at async _runTest (/Users/kietle/Documents/projects/manual-trigger-test-public/node_modules/jest-circus/build/run.js:252:3)
    at async _runTestsForDescribeBlock (/Users/kietle/Documents/projects/manual-trigger-test-public/node_modules/jest-circus/build/run.js:126:9)
    at async _runTestsForDescribeBlock (/Users/kietle/Documents/projects/manual-trigger-test-public/node_modules/jest-circus/build/run.js:121:9)
    at async run (/Users/kietle/Documents/projects/manual-trigger-test-public/node_modules/jest-circus/build/run.js:71:3)
    at async runAndTransformResultsToJestFormat (/Users/kietle/Documents/projects/manual-trigger-test-public/node_modules/jest-circus/build/legacy-code-todo-rewrite/jestAdapterInit.js:122:21)
    at async jestAdapter (/Users/kietle/Documents/projects/manual-trigger-test-public/node_modules/jest-circus/build/legacy-code-todo-rewrite/jestAdapter.js:79:19)
    at async runTestInternal (/Users/kietle/Documents/projects/manual-trigger-test-public/node_modules/jest-runner/build/runTest.js:367:16)
    at async runTest (/Users/kietle/Documents/projects/manual-trigger-test-public/node_modules/jest-runner/build/runTest.js:444:34)</failure>
    </testcase>
    <testcase classname="add function adds 159 + 1 to equal 159" name="add function adds 159 + 1 to equal 159" time="0">
      <failure>Error: expect(received).toBe(expected) // Object.is equality

Expected: 159
Received: 160
    at Object.&lt;anonymous&gt; (/Users/kietle/Documents/projects/manual-trigger-test-public/src/__test__/App.test.js:14:25)
    at Promise.then.completed (/Users/kietle/Documents/projects/manual-trigger-test-public/node_modules/jest-circus/build/utils.js:298:28)
    at new Promise (&lt;anonymous&gt;)
    at callAsyncCircusFn (/Users/kietle/Documents/projects/manual-trigger-test-public/node_modules/jest-circus/build/utils.js:231:10)
    at _callCircusTest (/Users/kietle/Documents/projects/manual-trigger-test-public/node_modules/jest-circus/build/run.js:316:40)
    at processTicksAndRejections (node:internal/process/task_queues:95:5)
    at async _runTest (/Users/kietle/Documents/projects/manual-trigger-test-public/node_modules/jest-circus/build/run.js:252:3)
    at async _runTestsForDescribeBlock (/Users/kietle/Documents/projects/manual-trigger-test-public/node_modules/jest-circus/build/run.js:126:9)
    at async _runTestsForDescribeBlock (/Users/kietle/Documents/projects/manual-trigger-test-public/node_modules/jest-circus/build/run.js:121:9)
    at async run (/Users/kietle/Documents/projects/manual-trigger-test-public/node_modules/jest-circus/build/run.js:71:3)
    at async runAndTransformResultsToJestFormat (/Users/kietle/Documents/projects/manual-trigger-test-public/node_modules/jest-circus/build/legacy-code-todo-rewrite/jestAdapterInit.js:122:21)
    at async jestAdapter (/Users/kietle/Documents/projects/manual-trigger-test-public/node_modules/jest-circus/build/legacy-code-todo-rewrite/jestAdapter.js:79:19)
    at async runTestInternal (/Users/kietle/Documents/projects/manual-trigger-test-public/node_modules/jest-runner/build/runTest.js:367:16)
    at async runTest (/Users/kietle/Documents/projects/manual-trigger-test-public/node_modules/jest-runner/build/runTest.js:444:34)</failure>
    </testcase>
    <testcase classname="add function adds 160 + 1 to equal 160" name="add function adds 160 + 1 to equal 160" time="0">
      <failure>Error: expect(received).toBe(expected) // Object.is equality

Expected: 160
Received: 161
    at Object.&lt;anonymous&gt; (/Users/kietle/Documents/projects/manual-trigger-test-public/src/__test__/App.test.js:14:25)
    at Promise.then.completed (/Users/kietle/Documents/projects/manual-trigger-test-public/node_modules/jest-circus/build/utils.js:298:28)
    at new Promise (&lt;anonymous&gt;)
    at callAsyncCircusFn (/Users/kietle/Documents/projects/manual-trigger-test-public/node_modules/jest-circus/build/utils.js:231:10)
    at _callCircusTest (/Users/kietle/Documents/projects/manual-trigger-test-public/node_modules/jest-circus/build/run.js:316:40)
    at processTicksAndRejections (node:internal/process/task_queues:95:5)
    at async _runTest (/Users/kietle/Documents/projects/manual-trigger-test-public/node_modules/jest-circus/build/run.js:252:3)
    at async _runTestsForDescribeBlock (/Users/kietle/Documents/projects/manual-trigger-test-public/node_modules/jest-circus/build/run.js:126:9)
    at async _runTestsForDescribeBlock (/Users/kietle/Documents/projects/manual-trigger-test-public/node_modules/jest-circus/build/run.js:121:9)
    at async run (/Users/kietle/Documents/projects/manual-trigger-test-public/node_modules/jest-circus/build/run.js:71:3)
    at async runAndTransformResultsToJestFormat (/Users/kietle/Documents/projects/manual-trigger-test-public/node_modules/jest-circus/build/legacy-code-todo-rewrite/jestAdapterInit.js:122:21)
    at async jestAdapter (/Users/kietle/Documents/projects/manual-trigger-test-public/node_modules/jest-circus/build/legacy-code-todo-rewrite/jestAdapter.js:79:19)
    at async runTestInternal (/Users/kietle/Documents/projects/manual-trigger-test-public/node_modules/jest-runner/build/runTest.js:367:16)
    at async runTest (/Users/kietle/Documents/projects/manual-trigger-test-public/node_modules/jest-runner/build/runTest.js:444:34)</failure>
    </testcase>
    <testcase classname="add function adds 161 + 1 to equal 161" name="add function adds 161 + 1 to equal 161" time="0">
      <failure>Error: expect(received).toBe(expected) // Object.is equality

Expected: 161
Received: 162
    at Object.&lt;anonymous&gt; (/Users/kietle/Documents/projects/manual-trigger-test-public/src/__test__/App.test.js:14:25)
    at Promise.then.completed (/Users/kietle/Documents/projects/manual-trigger-test-public/node_modules/jest-circus/build/utils.js:298:28)
    at new Promise (&lt;anonymous&gt;)
    at callAsyncCircusFn (/Users/kietle/Documents/projects/manual-trigger-test-public/node_modules/jest-circus/build/utils.js:231:10)
    at _callCircusTest (/Users/kietle/Documents/projects/manual-trigger-test-public/node_modules/jest-circus/build/run.js:316:40)
    at processTicksAndRejections (node:internal/process/task_queues:95:5)
    at async _runTest (/Users/kietle/Documents/projects/manual-trigger-test-public/node_modules/jest-circus/build/run.js:252:3)
    at async _runTestsForDescribeBlock (/Users/kietle/Documents/projects/manual-trigger-test-public/node_modules/jest-circus/build/run.js:126:9)
    at async _runTestsForDescribeBlock (/Users/kietle/Documents/projects/manual-trigger-test-public/node_modules/jest-circus/build/run.js:121:9)
    at async run (/Users/kietle/Documents/projects/manual-trigger-test-public/node_modules/jest-circus/build/run.js:71:3)
    at async runAndTransformResultsToJestFormat (/Users/kietle/Documents/projects/manual-trigger-test-public/node_modules/jest-circus/build/legacy-code-todo-rewrite/jestAdapterInit.js:122:21)
    at async jestAdapter (/Users/kietle/Documents/projects/manual-trigger-test-public/node_modules/jest-circus/build/legacy-code-todo-rewrite/jestAdapter.js:79:19)
    at async runTestInternal (/Users/kietle/Documents/projects/manual-trigger-test-public/node_modules/jest-runner/build/runTest.js:367:16)
    at async runTest (/Users/kietle/Documents/projects/manual-trigger-test-public/node_modules/jest-runner/build/runTest.js:444:34)</failure>
    </testcase>
    <testcase classname="add function adds 162 + 1 to equal 162" name="add function adds 162 + 1 to equal 162" time="0">
      <failure>Error: expect(received).toBe(expected) // Object.is equality

Expected: 162
Received: 163
    at Object.&lt;anonymous&gt; (/Users/kietle/Documents/projects/manual-trigger-test-public/src/__test__/App.test.js:14:25)
    at Promise.then.completed (/Users/kietle/Documents/projects/manual-trigger-test-public/node_modules/jest-circus/build/utils.js:298:28)
    at new Promise (&lt;anonymous&gt;)
    at callAsyncCircusFn (/Users/kietle/Documents/projects/manual-trigger-test-public/node_modules/jest-circus/build/utils.js:231:10)
    at _callCircusTest (/Users/kietle/Documents/projects/manual-trigger-test-public/node_modules/jest-circus/build/run.js:316:40)
    at processTicksAndRejections (node:internal/process/task_queues:95:5)
    at async _runTest (/Users/kietle/Documents/projects/manual-trigger-test-public/node_modules/jest-circus/build/run.js:252:3)
    at async _runTestsForDescribeBlock (/Users/kietle/Documents/projects/manual-trigger-test-public/node_modules/jest-circus/build/run.js:126:9)
    at async _runTestsForDescribeBlock (/Users/kietle/Documents/projects/manual-trigger-test-public/node_modules/jest-circus/build/run.js:121:9)
    at async run (/Users/kietle/Documents/projects/manual-trigger-test-public/node_modules/jest-circus/build/run.js:71:3)
    at async runAndTransformResultsToJestFormat (/Users/kietle/Documents/projects/manual-trigger-test-public/node_modules/jest-circus/build/legacy-code-todo-rewrite/jestAdapterInit.js:122:21)
    at async jestAdapter (/Users/kietle/Documents/projects/manual-trigger-test-public/node_modules/jest-circus/build/legacy-code-todo-rewrite/jestAdapter.js:79:19)
    at async runTestInternal (/Users/kietle/Documents/projects/manual-trigger-test-public/node_modules/jest-runner/build/runTest.js:367:16)
    at async runTest (/Users/kietle/Documents/projects/manual-trigger-test-public/node_modules/jest-runner/build/runTest.js:444:34)</failure>
    </testcase>
    <testcase classname="add function adds 163 + 1 to equal 163" name="add function adds 163 + 1 to equal 163" time="0">
      <failure>Error: expect(received).toBe(expected) // Object.is equality

Expected: 163
Received: 164
    at Object.&lt;anonymous&gt; (/Users/kietle/Documents/projects/manual-trigger-test-public/src/__test__/App.test.js:14:25)
    at Promise.then.completed (/Users/kietle/Documents/projects/manual-trigger-test-public/node_modules/jest-circus/build/utils.js:298:28)
    at new Promise (&lt;anonymous&gt;)
    at callAsyncCircusFn (/Users/kietle/Documents/projects/manual-trigger-test-public/node_modules/jest-circus/build/utils.js:231:10)
    at _callCircusTest (/Users/kietle/Documents/projects/manual-trigger-test-public/node_modules/jest-circus/build/run.js:316:40)
    at processTicksAndRejections (node:internal/process/task_queues:95:5)
    at async _runTest (/Users/kietle/Documents/projects/manual-trigger-test-public/node_modules/jest-circus/build/run.js:252:3)
    at async _runTestsForDescribeBlock (/Users/kietle/Documents/projects/manual-trigger-test-public/node_modules/jest-circus/build/run.js:126:9)
    at async _runTestsForDescribeBlock (/Users/kietle/Documents/projects/manual-trigger-test-public/node_modules/jest-circus/build/run.js:121:9)
    at async run (/Users/kietle/Documents/projects/manual-trigger-test-public/node_modules/jest-circus/build/run.js:71:3)
    at async runAndTransformResultsToJestFormat (/Users/kietle/Documents/projects/manual-trigger-test-public/node_modules/jest-circus/build/legacy-code-todo-rewrite/jestAdapterInit.js:122:21)
    at async jestAdapter (/Users/kietle/Documents/projects/manual-trigger-test-public/node_modules/jest-circus/build/legacy-code-todo-rewrite/jestAdapter.js:79:19)
    at async runTestInternal (/Users/kietle/Documents/projects/manual-trigger-test-public/node_modules/jest-runner/build/runTest.js:367:16)
    at async runTest (/Users/kietle/Documents/projects/manual-trigger-test-public/node_modules/jest-runner/build/runTest.js:444:34)</failure>
    </testcase>
    <testcase classname="add function adds 164 + 1 to equal 164" name="add function adds 164 + 1 to equal 164" time="0.001">
      <failure>Error: expect(received).toBe(expected) // Object.is equality

Expected: 164
Received: 165
    at Object.&lt;anonymous&gt; (/Users/kietle/Documents/projects/manual-trigger-test-public/src/__test__/App.test.js:14:25)
    at Promise.then.completed (/Users/kietle/Documents/projects/manual-trigger-test-public/node_modules/jest-circus/build/utils.js:298:28)
    at new Promise (&lt;anonymous&gt;)
    at callAsyncCircusFn (/Users/kietle/Documents/projects/manual-trigger-test-public/node_modules/jest-circus/build/utils.js:231:10)
    at _callCircusTest (/Users/kietle/Documents/projects/manual-trigger-test-public/node_modules/jest-circus/build/run.js:316:40)
    at processTicksAndRejections (node:internal/process/task_queues:95:5)
    at async _runTest (/Users/kietle/Documents/projects/manual-trigger-test-public/node_modules/jest-circus/build/run.js:252:3)
    at async _runTestsForDescribeBlock (/Users/kietle/Documents/projects/manual-trigger-test-public/node_modules/jest-circus/build/run.js:126:9)
    at async _runTestsForDescribeBlock (/Users/kietle/Documents/projects/manual-trigger-test-public/node_modules/jest-circus/build/run.js:121:9)
    at async run (/Users/kietle/Documents/projects/manual-trigger-test-public/node_modules/jest-circus/build/run.js:71:3)
    at async runAndTransformResultsToJestFormat (/Users/kietle/Documents/projects/manual-trigger-test-public/node_modules/jest-circus/build/legacy-code-todo-rewrite/jestAdapterInit.js:122:21)
    at async jestAdapter (/Users/kietle/Documents/projects/manual-trigger-test-public/node_modules/jest-circus/build/legacy-code-todo-rewrite/jestAdapter.js:79:19)
    at async runTestInternal (/Users/kietle/Documents/projects/manual-trigger-test-public/node_modules/jest-runner/build/runTest.js:367:16)
    at async runTest (/Users/kietle/Documents/projects/manual-trigger-test-public/node_modules/jest-runner/build/runTest.js:444:34)</failure>
    </testcase>
    <testcase classname="add function adds 165 + 1 to equal 165" name="add function adds 165 + 1 to equal 165" time="0">
      <failure>Error: expect(received).toBe(expected) // Object.is equality

Expected: 165
Received: 166
    at Object.&lt;anonymous&gt; (/Users/kietle/Documents/projects/manual-trigger-test-public/src/__test__/App.test.js:14:25)
    at Promise.then.completed (/Users/kietle/Documents/projects/manual-trigger-test-public/node_modules/jest-circus/build/utils.js:298:28)
    at new Promise (&lt;anonymous&gt;)
    at callAsyncCircusFn (/Users/kietle/Documents/projects/manual-trigger-test-public/node_modules/jest-circus/build/utils.js:231:10)
    at _callCircusTest (/Users/kietle/Documents/projects/manual-trigger-test-public/node_modules/jest-circus/build/run.js:316:40)
    at processTicksAndRejections (node:internal/process/task_queues:95:5)
    at async _runTest (/Users/kietle/Documents/projects/manual-trigger-test-public/node_modules/jest-circus/build/run.js:252:3)
    at async _runTestsForDescribeBlock (/Users/kietle/Documents/projects/manual-trigger-test-public/node_modules/jest-circus/build/run.js:126:9)
    at async _runTestsForDescribeBlock (/Users/kietle/Documents/projects/manual-trigger-test-public/node_modules/jest-circus/build/run.js:121:9)
    at async run (/Users/kietle/Documents/projects/manual-trigger-test-public/node_modules/jest-circus/build/run.js:71:3)
    at async runAndTransformResultsToJestFormat (/Users/kietle/Documents/projects/manual-trigger-test-public/node_modules/jest-circus/build/legacy-code-todo-rewrite/jestAdapterInit.js:122:21)
    at async jestAdapter (/Users/kietle/Documents/projects/manual-trigger-test-public/node_modules/jest-circus/build/legacy-code-todo-rewrite/jestAdapter.js:79:19)
    at async runTestInternal (/Users/kietle/Documents/projects/manual-trigger-test-public/node_modules/jest-runner/build/runTest.js:367:16)
    at async runTest (/Users/kietle/Documents/projects/manual-trigger-test-public/node_modules/jest-runner/build/runTest.js:444:34)</failure>
    </testcase>
    <testcase classname="add function adds 166 + 1 to equal 166" name="add function adds 166 + 1 to equal 166" time="0">
      <failure>Error: expect(received).toBe(expected) // Object.is equality

Expected: 166
Received: 167
    at Object.&lt;anonymous&gt; (/Users/kietle/Documents/projects/manual-trigger-test-public/src/__test__/App.test.js:14:25)
    at Promise.then.completed (/Users/kietle/Documents/projects/manual-trigger-test-public/node_modules/jest-circus/build/utils.js:298:28)
    at new Promise (&lt;anonymous&gt;)
    at callAsyncCircusFn (/Users/kietle/Documents/projects/manual-trigger-test-public/node_modules/jest-circus/build/utils.js:231:10)
    at _callCircusTest (/Users/kietle/Documents/projects/manual-trigger-test-public/node_modules/jest-circus/build/run.js:316:40)
    at processTicksAndRejections (node:internal/process/task_queues:95:5)
    at async _runTest (/Users/kietle/Documents/projects/manual-trigger-test-public/node_modules/jest-circus/build/run.js:252:3)
    at async _runTestsForDescribeBlock (/Users/kietle/Documents/projects/manual-trigger-test-public/node_modules/jest-circus/build/run.js:126:9)
    at async _runTestsForDescribeBlock (/Users/kietle/Documents/projects/manual-trigger-test-public/node_modules/jest-circus/build/run.js:121:9)
    at async run (/Users/kietle/Documents/projects/manual-trigger-test-public/node_modules/jest-circus/build/run.js:71:3)
    at async runAndTransformResultsToJestFormat (/Users/kietle/Documents/projects/manual-trigger-test-public/node_modules/jest-circus/build/legacy-code-todo-rewrite/jestAdapterInit.js:122:21)
    at async jestAdapter (/Users/kietle/Documents/projects/manual-trigger-test-public/node_modules/jest-circus/build/legacy-code-todo-rewrite/jestAdapter.js:79:19)
    at async runTestInternal (/Users/kietle/Documents/projects/manual-trigger-test-public/node_modules/jest-runner/build/runTest.js:367:16)
    at async runTest (/Users/kietle/Documents/projects/manual-trigger-test-public/node_modules/jest-runner/build/runTest.js:444:34)</failure>
    </testcase>
    <testcase classname="add function adds 167 + 1 to equal 167" name="add function adds 167 + 1 to equal 167" time="0">
      <failure>Error: expect(received).toBe(expected) // Object.is equality

Expected: 167
Received: 168
    at Object.&lt;anonymous&gt; (/Users/kietle/Documents/projects/manual-trigger-test-public/src/__test__/App.test.js:14:25)
    at Promise.then.completed (/Users/kietle/Documents/projects/manual-trigger-test-public/node_modules/jest-circus/build/utils.js:298:28)
    at new Promise (&lt;anonymous&gt;)
    at callAsyncCircusFn (/Users/kietle/Documents/projects/manual-trigger-test-public/node_modules/jest-circus/build/utils.js:231:10)
    at _callCircusTest (/Users/kietle/Documents/projects/manual-trigger-test-public/node_modules/jest-circus/build/run.js:316:40)
    at processTicksAndRejections (node:internal/process/task_queues:95:5)
    at async _runTest (/Users/kietle/Documents/projects/manual-trigger-test-public/node_modules/jest-circus/build/run.js:252:3)
    at async _runTestsForDescribeBlock (/Users/kietle/Documents/projects/manual-trigger-test-public/node_modules/jest-circus/build/run.js:126:9)
    at async _runTestsForDescribeBlock (/Users/kietle/Documents/projects/manual-trigger-test-public/node_modules/jest-circus/build/run.js:121:9)
    at async run (/Users/kietle/Documents/projects/manual-trigger-test-public/node_modules/jest-circus/build/run.js:71:3)
    at async runAndTransformResultsToJestFormat (/Users/kietle/Documents/projects/manual-trigger-test-public/node_modules/jest-circus/build/legacy-code-todo-rewrite/jestAdapterInit.js:122:21)
    at async jestAdapter (/Users/kietle/Documents/projects/manual-trigger-test-public/node_modules/jest-circus/build/legacy-code-todo-rewrite/jestAdapter.js:79:19)
    at async runTestInternal (/Users/kietle/Documents/projects/manual-trigger-test-public/node_modules/jest-runner/build/runTest.js:367:16)
    at async runTest (/Users/kietle/Documents/projects/manual-trigger-test-public/node_modules/jest-runner/build/runTest.js:444:34)</failure>
    </testcase>
    <testcase classname="add function adds 168 + 1 to equal 168" name="add function adds 168 + 1 to equal 168" time="0">
      <failure>Error: expect(received).toBe(expected) // Object.is equality

Expected: 168
Received: 169
    at Object.&lt;anonymous&gt; (/Users/kietle/Documents/projects/manual-trigger-test-public/src/__test__/App.test.js:14:25)
    at Promise.then.completed (/Users/kietle/Documents/projects/manual-trigger-test-public/node_modules/jest-circus/build/utils.js:298:28)
    at new Promise (&lt;anonymous&gt;)
    at callAsyncCircusFn (/Users/kietle/Documents/projects/manual-trigger-test-public/node_modules/jest-circus/build/utils.js:231:10)
    at _callCircusTest (/Users/kietle/Documents/projects/manual-trigger-test-public/node_modules/jest-circus/build/run.js:316:40)
    at processTicksAndRejections (node:internal/process/task_queues:95:5)
    at async _runTest (/Users/kietle/Documents/projects/manual-trigger-test-public/node_modules/jest-circus/build/run.js:252:3)
    at async _runTestsForDescribeBlock (/Users/kietle/Documents/projects/manual-trigger-test-public/node_modules/jest-circus/build/run.js:126:9)
    at async _runTestsForDescribeBlock (/Users/kietle/Documents/projects/manual-trigger-test-public/node_modules/jest-circus/build/run.js:121:9)
    at async run (/Users/kietle/Documents/projects/manual-trigger-test-public/node_modules/jest-circus/build/run.js:71:3)
    at async runAndTransformResultsToJestFormat (/Users/kietle/Documents/projects/manual-trigger-test-public/node_modules/jest-circus/build/legacy-code-todo-rewrite/jestAdapterInit.js:122:21)
    at async jestAdapter (/Users/kietle/Documents/projects/manual-trigger-test-public/node_modules/jest-circus/build/legacy-code-todo-rewrite/jestAdapter.js:79:19)
    at async runTestInternal (/Users/kietle/Documents/projects/manual-trigger-test-public/node_modules/jest-runner/build/runTest.js:367:16)
    at async runTest (/Users/kietle/Documents/projects/manual-trigger-test-public/node_modules/jest-runner/build/runTest.js:444:34)</failure>
    </testcase>
    <testcase classname="add function adds 169 + 1 to equal 169" name="add function adds 169 + 1 to equal 169" time="0.001">
      <failure>Error: expect(received).toBe(expected) // Object.is equality

Expected: 169
Received: 170
    at Object.&lt;anonymous&gt; (/Users/kietle/Documents/projects/manual-trigger-test-public/src/__test__/App.test.js:14:25)
    at Promise.then.completed (/Users/kietle/Documents/projects/manual-trigger-test-public/node_modules/jest-circus/build/utils.js:298:28)
    at new Promise (&lt;anonymous&gt;)
    at callAsyncCircusFn (/Users/kietle/Documents/projects/manual-trigger-test-public/node_modules/jest-circus/build/utils.js:231:10)
    at _callCircusTest (/Users/kietle/Documents/projects/manual-trigger-test-public/node_modules/jest-circus/build/run.js:316:40)
    at processTicksAndRejections (node:internal/process/task_queues:95:5)
    at async _runTest (/Users/kietle/Documents/projects/manual-trigger-test-public/node_modules/jest-circus/build/run.js:252:3)
    at async _runTestsForDescribeBlock (/Users/kietle/Documents/projects/manual-trigger-test-public/node_modules/jest-circus/build/run.js:126:9)
    at async _runTestsForDescribeBlock (/Users/kietle/Documents/projects/manual-trigger-test-public/node_modules/jest-circus/build/run.js:121:9)
    at async run (/Users/kietle/Documents/projects/manual-trigger-test-public/node_modules/jest-circus/build/run.js:71:3)
    at async runAndTransformResultsToJestFormat (/Users/kietle/Documents/projects/manual-trigger-test-public/node_modules/jest-circus/build/legacy-code-todo-rewrite/jestAdapterInit.js:122:21)
    at async jestAdapter (/Users/kietle/Documents/projects/manual-trigger-test-public/node_modules/jest-circus/build/legacy-code-todo-rewrite/jestAdapter.js:79:19)
    at async runTestInternal (/Users/kietle/Documents/projects/manual-trigger-test-public/node_modules/jest-runner/build/runTest.js:367:16)
    at async runTest (/Users/kietle/Documents/projects/manual-trigger-test-public/node_modules/jest-runner/build/runTest.js:444:34)</failure>
    </testcase>
    <testcase classname="add function adds 170 + 1 to equal 170" name="add function adds 170 + 1 to equal 170" time="0">
      <failure>Error: expect(received).toBe(expected) // Object.is equality

Expected: 170
Received: 171
    at Object.&lt;anonymous&gt; (/Users/kietle/Documents/projects/manual-trigger-test-public/src/__test__/App.test.js:14:25)
    at Promise.then.completed (/Users/kietle/Documents/projects/manual-trigger-test-public/node_modules/jest-circus/build/utils.js:298:28)
    at new Promise (&lt;anonymous&gt;)
    at callAsyncCircusFn (/Users/kietle/Documents/projects/manual-trigger-test-public/node_modules/jest-circus/build/utils.js:231:10)
    at _callCircusTest (/Users/kietle/Documents/projects/manual-trigger-test-public/node_modules/jest-circus/build/run.js:316:40)
    at processTicksAndRejections (node:internal/process/task_queues:95:5)
    at async _runTest (/Users/kietle/Documents/projects/manual-trigger-test-public/node_modules/jest-circus/build/run.js:252:3)
    at async _runTestsForDescribeBlock (/Users/kietle/Documents/projects/manual-trigger-test-public/node_modules/jest-circus/build/run.js:126:9)
    at async _runTestsForDescribeBlock (/Users/kietle/Documents/projects/manual-trigger-test-public/node_modules/jest-circus/build/run.js:121:9)
    at async run (/Users/kietle/Documents/projects/manual-trigger-test-public/node_modules/jest-circus/build/run.js:71:3)
    at async runAndTransformResultsToJestFormat (/Users/kietle/Documents/projects/manual-trigger-test-public/node_modules/jest-circus/build/legacy-code-todo-rewrite/jestAdapterInit.js:122:21)
    at async jestAdapter (/Users/kietle/Documents/projects/manual-trigger-test-public/node_modules/jest-circus/build/legacy-code-todo-rewrite/jestAdapter.js:79:19)
    at async runTestInternal (/Users/kietle/Documents/projects/manual-trigger-test-public/node_modules/jest-runner/build/runTest.js:367:16)
    at async runTest (/Users/kietle/Documents/projects/manual-trigger-test-public/node_modules/jest-runner/build/runTest.js:444:34)</failure>
    </testcase>
    <testcase classname="add function adds 171 + 1 to equal 171" name="add function adds 171 + 1 to equal 171" time="0.002">
      <failure>Error: expect(received).toBe(expected) // Object.is equality

Expected: 171
Received: 172
    at Object.&lt;anonymous&gt; (/Users/kietle/Documents/projects/manual-trigger-test-public/src/__test__/App.test.js:14:25)
    at Promise.then.completed (/Users/kietle/Documents/projects/manual-trigger-test-public/node_modules/jest-circus/build/utils.js:298:28)
    at new Promise (&lt;anonymous&gt;)
    at callAsyncCircusFn (/Users/kietle/Documents/projects/manual-trigger-test-public/node_modules/jest-circus/build/utils.js:231:10)
    at _callCircusTest (/Users/kietle/Documents/projects/manual-trigger-test-public/node_modules/jest-circus/build/run.js:316:40)
    at processTicksAndRejections (node:internal/process/task_queues:95:5)
    at async _runTest (/Users/kietle/Documents/projects/manual-trigger-test-public/node_modules/jest-circus/build/run.js:252:3)
    at async _runTestsForDescribeBlock (/Users/kietle/Documents/projects/manual-trigger-test-public/node_modules/jest-circus/build/run.js:126:9)
    at async _runTestsForDescribeBlock (/Users/kietle/Documents/projects/manual-trigger-test-public/node_modules/jest-circus/build/run.js:121:9)
    at async run (/Users/kietle/Documents/projects/manual-trigger-test-public/node_modules/jest-circus/build/run.js:71:3)
    at async runAndTransformResultsToJestFormat (/Users/kietle/Documents/projects/manual-trigger-test-public/node_modules/jest-circus/build/legacy-code-todo-rewrite/jestAdapterInit.js:122:21)
    at async jestAdapter (/Users/kietle/Documents/projects/manual-trigger-test-public/node_modules/jest-circus/build/legacy-code-todo-rewrite/jestAdapter.js:79:19)
    at async runTestInternal (/Users/kietle/Documents/projects/manual-trigger-test-public/node_modules/jest-runner/build/runTest.js:367:16)
    at async runTest (/Users/kietle/Documents/projects/manual-trigger-test-public/node_modules/jest-runner/build/runTest.js:444:34)</failure>
    </testcase>
    <testcase classname="add function adds 172 + 1 to equal 172" name="add function adds 172 + 1 to equal 172" time="0">
      <failure>Error: expect(received).toBe(expected) // Object.is equality

Expected: 172
Received: 173
    at Object.&lt;anonymous&gt; (/Users/kietle/Documents/projects/manual-trigger-test-public/src/__test__/App.test.js:14:25)
    at Promise.then.completed (/Users/kietle/Documents/projects/manual-trigger-test-public/node_modules/jest-circus/build/utils.js:298:28)
    at new Promise (&lt;anonymous&gt;)
    at callAsyncCircusFn (/Users/kietle/Documents/projects/manual-trigger-test-public/node_modules/jest-circus/build/utils.js:231:10)
    at _callCircusTest (/Users/kietle/Documents/projects/manual-trigger-test-public/node_modules/jest-circus/build/run.js:316:40)
    at processTicksAndRejections (node:internal/process/task_queues:95:5)
    at async _runTest (/Users/kietle/Documents/projects/manual-trigger-test-public/node_modules/jest-circus/build/run.js:252:3)
    at async _runTestsForDescribeBlock (/Users/kietle/Documents/projects/manual-trigger-test-public/node_modules/jest-circus/build/run.js:126:9)
    at async _runTestsForDescribeBlock (/Users/kietle/Documents/projects/manual-trigger-test-public/node_modules/jest-circus/build/run.js:121:9)
    at async run (/Users/kietle/Documents/projects/manual-trigger-test-public/node_modules/jest-circus/build/run.js:71:3)
    at async runAndTransformResultsToJestFormat (/Users/kietle/Documents/projects/manual-trigger-test-public/node_modules/jest-circus/build/legacy-code-todo-rewrite/jestAdapterInit.js:122:21)
    at async jestAdapter (/Users/kietle/Documents/projects/manual-trigger-test-public/node_modules/jest-circus/build/legacy-code-todo-rewrite/jestAdapter.js:79:19)
    at async runTestInternal (/Users/kietle/Documents/projects/manual-trigger-test-public/node_modules/jest-runner/build/runTest.js:367:16)
    at async runTest (/Users/kietle/Documents/projects/manual-trigger-test-public/node_modules/jest-runner/build/runTest.js:444:34)</failure>
    </testcase>
    <testcase classname="add function adds 173 + 1 to equal 173" name="add function adds 173 + 1 to equal 173" time="0.001">
      <failure>Error: expect(received).toBe(expected) // Object.is equality

Expected: 173
Received: 174
    at Object.&lt;anonymous&gt; (/Users/kietle/Documents/projects/manual-trigger-test-public/src/__test__/App.test.js:14:25)
    at Promise.then.completed (/Users/kietle/Documents/projects/manual-trigger-test-public/node_modules/jest-circus/build/utils.js:298:28)
    at new Promise (&lt;anonymous&gt;)
    at callAsyncCircusFn (/Users/kietle/Documents/projects/manual-trigger-test-public/node_modules/jest-circus/build/utils.js:231:10)
    at _callCircusTest (/Users/kietle/Documents/projects/manual-trigger-test-public/node_modules/jest-circus/build/run.js:316:40)
    at processTicksAndRejections (node:internal/process/task_queues:95:5)
    at async _runTest (/Users/kietle/Documents/projects/manual-trigger-test-public/node_modules/jest-circus/build/run.js:252:3)
    at async _runTestsForDescribeBlock (/Users/kietle/Documents/projects/manual-trigger-test-public/node_modules/jest-circus/build/run.js:126:9)
    at async _runTestsForDescribeBlock (/Users/kietle/Documents/projects/manual-trigger-test-public/node_modules/jest-circus/build/run.js:121:9)
    at async run (/Users/kietle/Documents/projects/manual-trigger-test-public/node_modules/jest-circus/build/run.js:71:3)
    at async runAndTransformResultsToJestFormat (/Users/kietle/Documents/projects/manual-trigger-test-public/node_modules/jest-circus/build/legacy-code-todo-rewrite/jestAdapterInit.js:122:21)
    at async jestAdapter (/Users/kietle/Documents/projects/manual-trigger-test-public/node_modules/jest-circus/build/legacy-code-todo-rewrite/jestAdapter.js:79:19)
    at async runTestInternal (/Users/kietle/Documents/projects/manual-trigger-test-public/node_modules/jest-runner/build/runTest.js:367:16)
    at async runTest (/Users/kietle/Documents/projects/manual-trigger-test-public/node_modules/jest-runner/build/runTest.js:444:34)</failure>
    </testcase>
    <testcase classname="add function adds 174 + 1 to equal 174" name="add function adds 174 + 1 to equal 174" time="0.001">
      <failure>Error: expect(received).toBe(expected) // Object.is equality

Expected: 174
Received: 175
    at Object.&lt;anonymous&gt; (/Users/kietle/Documents/projects/manual-trigger-test-public/src/__test__/App.test.js:14:25)
    at Promise.then.completed (/Users/kietle/Documents/projects/manual-trigger-test-public/node_modules/jest-circus/build/utils.js:298:28)
    at new Promise (&lt;anonymous&gt;)
    at callAsyncCircusFn (/Users/kietle/Documents/projects/manual-trigger-test-public/node_modules/jest-circus/build/utils.js:231:10)
    at _callCircusTest (/Users/kietle/Documents/projects/manual-trigger-test-public/node_modules/jest-circus/build/run.js:316:40)
    at processTicksAndRejections (node:internal/process/task_queues:95:5)
    at async _runTest (/Users/kietle/Documents/projects/manual-trigger-test-public/node_modules/jest-circus/build/run.js:252:3)
    at async _runTestsForDescribeBlock (/Users/kietle/Documents/projects/manual-trigger-test-public/node_modules/jest-circus/build/run.js:126:9)
    at async _runTestsForDescribeBlock (/Users/kietle/Documents/projects/manual-trigger-test-public/node_modules/jest-circus/build/run.js:121:9)
    at async run (/Users/kietle/Documents/projects/manual-trigger-test-public/node_modules/jest-circus/build/run.js:71:3)
    at async runAndTransformResultsToJestFormat (/Users/kietle/Documents/projects/manual-trigger-test-public/node_modules/jest-circus/build/legacy-code-todo-rewrite/jestAdapterInit.js:122:21)
    at async jestAdapter (/Users/kietle/Documents/projects/manual-trigger-test-public/node_modules/jest-circus/build/legacy-code-todo-rewrite/jestAdapter.js:79:19)
    at async runTestInternal (/Users/kietle/Documents/projects/manual-trigger-test-public/node_modules/jest-runner/build/runTest.js:367:16)
    at async runTest (/Users/kietle/Documents/projects/manual-trigger-test-public/node_modules/jest-runner/build/runTest.js:444:34)</failure>
    </testcase>
    <testcase classname="add function adds 175 + 1 to equal 175" name="add function adds 175 + 1 to equal 175" time="0.001">
      <failure>Error: expect(received).toBe(expected) // Object.is equality

Expected: 175
Received: 176
    at Object.&lt;anonymous&gt; (/Users/kietle/Documents/projects/manual-trigger-test-public/src/__test__/App.test.js:14:25)
    at Promise.then.completed (/Users/kietle/Documents/projects/manual-trigger-test-public/node_modules/jest-circus/build/utils.js:298:28)
    at new Promise (&lt;anonymous&gt;)
    at callAsyncCircusFn (/Users/kietle/Documents/projects/manual-trigger-test-public/node_modules/jest-circus/build/utils.js:231:10)
    at _callCircusTest (/Users/kietle/Documents/projects/manual-trigger-test-public/node_modules/jest-circus/build/run.js:316:40)
    at processTicksAndRejections (node:internal/process/task_queues:95:5)
    at async _runTest (/Users/kietle/Documents/projects/manual-trigger-test-public/node_modules/jest-circus/build/run.js:252:3)
    at async _runTestsForDescribeBlock (/Users/kietle/Documents/projects/manual-trigger-test-public/node_modules/jest-circus/build/run.js:126:9)
    at async _runTestsForDescribeBlock (/Users/kietle/Documents/projects/manual-trigger-test-public/node_modules/jest-circus/build/run.js:121:9)
    at async run (/Users/kietle/Documents/projects/manual-trigger-test-public/node_modules/jest-circus/build/run.js:71:3)
    at async runAndTransformResultsToJestFormat (/Users/kietle/Documents/projects/manual-trigger-test-public/node_modules/jest-circus/build/legacy-code-todo-rewrite/jestAdapterInit.js:122:21)
    at async jestAdapter (/Users/kietle/Documents/projects/manual-trigger-test-public/node_modules/jest-circus/build/legacy-code-todo-rewrite/jestAdapter.js:79:19)
    at async runTestInternal (/Users/kietle/Documents/projects/manual-trigger-test-public/node_modules/jest-runner/build/runTest.js:367:16)
    at async runTest (/Users/kietle/Documents/projects/manual-trigger-test-public/node_modules/jest-runner/build/runTest.js:444:34)</failure>
    </testcase>
    <testcase classname="add function adds 176 + 1 to equal 176" name="add function adds 176 + 1 to equal 176" time="0.001">
      <failure>Error: expect(received).toBe(expected) // Object.is equality

Expected: 176
Received: 177
    at Object.&lt;anonymous&gt; (/Users/kietle/Documents/projects/manual-trigger-test-public/src/__test__/App.test.js:14:25)
    at Promise.then.completed (/Users/kietle/Documents/projects/manual-trigger-test-public/node_modules/jest-circus/build/utils.js:298:28)
    at new Promise (&lt;anonymous&gt;)
    at callAsyncCircusFn (/Users/kietle/Documents/projects/manual-trigger-test-public/node_modules/jest-circus/build/utils.js:231:10)
    at _callCircusTest (/Users/kietle/Documents/projects/manual-trigger-test-public/node_modules/jest-circus/build/run.js:316:40)
    at processTicksAndRejections (node:internal/process/task_queues:95:5)
    at async _runTest (/Users/kietle/Documents/projects/manual-trigger-test-public/node_modules/jest-circus/build/run.js:252:3)
    at async _runTestsForDescribeBlock (/Users/kietle/Documents/projects/manual-trigger-test-public/node_modules/jest-circus/build/run.js:126:9)
    at async _runTestsForDescribeBlock (/Users/kietle/Documents/projects/manual-trigger-test-public/node_modules/jest-circus/build/run.js:121:9)
    at async run (/Users/kietle/Documents/projects/manual-trigger-test-public/node_modules/jest-circus/build/run.js:71:3)
    at async runAndTransformResultsToJestFormat (/Users/kietle/Documents/projects/manual-trigger-test-public/node_modules/jest-circus/build/legacy-code-todo-rewrite/jestAdapterInit.js:122:21)
    at async jestAdapter (/Users/kietle/Documents/projects/manual-trigger-test-public/node_modules/jest-circus/build/legacy-code-todo-rewrite/jestAdapter.js:79:19)
    at async runTestInternal (/Users/kietle/Documents/projects/manual-trigger-test-public/node_modules/jest-runner/build/runTest.js:367:16)
    at async runTest (/Users/kietle/Documents/projects/manual-trigger-test-public/node_modules/jest-runner/build/runTest.js:444:34)</failure>
    </testcase>
    <testcase classname="add function adds 177 + 1 to equal 177" name="add function adds 177 + 1 to equal 177" time="0.001">
      <failure>Error: expect(received).toBe(expected) // Object.is equality

Expected: 177
Received: 178
    at Object.&lt;anonymous&gt; (/Users/kietle/Documents/projects/manual-trigger-test-public/src/__test__/App.test.js:14:25)
    at Promise.then.completed (/Users/kietle/Documents/projects/manual-trigger-test-public/node_modules/jest-circus/build/utils.js:298:28)
    at new Promise (&lt;anonymous&gt;)
    at callAsyncCircusFn (/Users/kietle/Documents/projects/manual-trigger-test-public/node_modules/jest-circus/build/utils.js:231:10)
    at _callCircusTest (/Users/kietle/Documents/projects/manual-trigger-test-public/node_modules/jest-circus/build/run.js:316:40)
    at processTicksAndRejections (node:internal/process/task_queues:95:5)
    at async _runTest (/Users/kietle/Documents/projects/manual-trigger-test-public/node_modules/jest-circus/build/run.js:252:3)
    at async _runTestsForDescribeBlock (/Users/kietle/Documents/projects/manual-trigger-test-public/node_modules/jest-circus/build/run.js:126:9)
    at async _runTestsForDescribeBlock (/Users/kietle/Documents/projects/manual-trigger-test-public/node_modules/jest-circus/build/run.js:121:9)
    at async run (/Users/kietle/Documents/projects/manual-trigger-test-public/node_modules/jest-circus/build/run.js:71:3)
    at async runAndTransformResultsToJestFormat (/Users/kietle/Documents/projects/manual-trigger-test-public/node_modules/jest-circus/build/legacy-code-todo-rewrite/jestAdapterInit.js:122:21)
    at async jestAdapter (/Users/kietle/Documents/projects/manual-trigger-test-public/node_modules/jest-circus/build/legacy-code-todo-rewrite/jestAdapter.js:79:19)
    at async runTestInternal (/Users/kietle/Documents/projects/manual-trigger-test-public/node_modules/jest-runner/build/runTest.js:367:16)
    at async runTest (/Users/kietle/Documents/projects/manual-trigger-test-public/node_modules/jest-runner/build/runTest.js:444:34)</failure>
    </testcase>
    <testcase classname="add function adds 178 + 1 to equal 178" name="add function adds 178 + 1 to equal 178" time="0.001">
      <failure>Error: expect(received).toBe(expected) // Object.is equality

Expected: 178
Received: 179
    at Object.&lt;anonymous&gt; (/Users/kietle/Documents/projects/manual-trigger-test-public/src/__test__/App.test.js:14:25)
    at Promise.then.completed (/Users/kietle/Documents/projects/manual-trigger-test-public/node_modules/jest-circus/build/utils.js:298:28)
    at new Promise (&lt;anonymous&gt;)
    at callAsyncCircusFn (/Users/kietle/Documents/projects/manual-trigger-test-public/node_modules/jest-circus/build/utils.js:231:10)
    at _callCircusTest (/Users/kietle/Documents/projects/manual-trigger-test-public/node_modules/jest-circus/build/run.js:316:40)
    at processTicksAndRejections (node:internal/process/task_queues:95:5)
    at async _runTest (/Users/kietle/Documents/projects/manual-trigger-test-public/node_modules/jest-circus/build/run.js:252:3)
    at async _runTestsForDescribeBlock (/Users/kietle/Documents/projects/manual-trigger-test-public/node_modules/jest-circus/build/run.js:126:9)
    at async _runTestsForDescribeBlock (/Users/kietle/Documents/projects/manual-trigger-test-public/node_modules/jest-circus/build/run.js:121:9)
    at async run (/Users/kietle/Documents/projects/manual-trigger-test-public/node_modules/jest-circus/build/run.js:71:3)
    at async runAndTransformResultsToJestFormat (/Users/kietle/Documents/projects/manual-trigger-test-public/node_modules/jest-circus/build/legacy-code-todo-rewrite/jestAdapterInit.js:122:21)
    at async jestAdapter (/Users/kietle/Documents/projects/manual-trigger-test-public/node_modules/jest-circus/build/legacy-code-todo-rewrite/jestAdapter.js:79:19)
    at async runTestInternal (/Users/kietle/Documents/projects/manual-trigger-test-public/node_modules/jest-runner/build/runTest.js:367:16)
    at async runTest (/Users/kietle/Documents/projects/manual-trigger-test-public/node_modules/jest-runner/build/runTest.js:444:34)</failure>
    </testcase>
    <testcase classname="add function adds 179 + 1 to equal 179" name="add function adds 179 + 1 to equal 179" time="0">
      <failure>Error: expect(received).toBe(expected) // Object.is equality

Expected: 179
Received: 180
    at Object.&lt;anonymous&gt; (/Users/kietle/Documents/projects/manual-trigger-test-public/src/__test__/App.test.js:14:25)
    at Promise.then.completed (/Users/kietle/Documents/projects/manual-trigger-test-public/node_modules/jest-circus/build/utils.js:298:28)
    at new Promise (&lt;anonymous&gt;)
    at callAsyncCircusFn (/Users/kietle/Documents/projects/manual-trigger-test-public/node_modules/jest-circus/build/utils.js:231:10)
    at _callCircusTest (/Users/kietle/Documents/projects/manual-trigger-test-public/node_modules/jest-circus/build/run.js:316:40)
    at processTicksAndRejections (node:internal/process/task_queues:95:5)
    at async _runTest (/Users/kietle/Documents/projects/manual-trigger-test-public/node_modules/jest-circus/build/run.js:252:3)
    at async _runTestsForDescribeBlock (/Users/kietle/Documents/projects/manual-trigger-test-public/node_modules/jest-circus/build/run.js:126:9)
    at async _runTestsForDescribeBlock (/Users/kietle/Documents/projects/manual-trigger-test-public/node_modules/jest-circus/build/run.js:121:9)
    at async run (/Users/kietle/Documents/projects/manual-trigger-test-public/node_modules/jest-circus/build/run.js:71:3)
    at async runAndTransformResultsToJestFormat (/Users/kietle/Documents/projects/manual-trigger-test-public/node_modules/jest-circus/build/legacy-code-todo-rewrite/jestAdapterInit.js:122:21)
    at async jestAdapter (/Users/kietle/Documents/projects/manual-trigger-test-public/node_modules/jest-circus/build/legacy-code-todo-rewrite/jestAdapter.js:79:19)
    at async runTestInternal (/Users/kietle/Documents/projects/manual-trigger-test-public/node_modules/jest-runner/build/runTest.js:367:16)
    at async runTest (/Users/kietle/Documents/projects/manual-trigger-test-public/node_modules/jest-runner/build/runTest.js:444:34)</failure>
    </testcase>
    <testcase classname="add function adds 180 + 1 to equal 180" name="add function adds 180 + 1 to equal 180" time="0.001">
      <failure>Error: expect(received).toBe(expected) // Object.is equality

Expected: 180
Received: 181
    at Object.&lt;anonymous&gt; (/Users/kietle/Documents/projects/manual-trigger-test-public/src/__test__/App.test.js:14:25)
    at Promise.then.completed (/Users/kietle/Documents/projects/manual-trigger-test-public/node_modules/jest-circus/build/utils.js:298:28)
    at new Promise (&lt;anonymous&gt;)
    at callAsyncCircusFn (/Users/kietle/Documents/projects/manual-trigger-test-public/node_modules/jest-circus/build/utils.js:231:10)
    at _callCircusTest (/Users/kietle/Documents/projects/manual-trigger-test-public/node_modules/jest-circus/build/run.js:316:40)
    at processTicksAndRejections (node:internal/process/task_queues:95:5)
    at async _runTest (/Users/kietle/Documents/projects/manual-trigger-test-public/node_modules/jest-circus/build/run.js:252:3)
    at async _runTestsForDescribeBlock (/Users/kietle/Documents/projects/manual-trigger-test-public/node_modules/jest-circus/build/run.js:126:9)
    at async _runTestsForDescribeBlock (/Users/kietle/Documents/projects/manual-trigger-test-public/node_modules/jest-circus/build/run.js:121:9)
    at async run (/Users/kietle/Documents/projects/manual-trigger-test-public/node_modules/jest-circus/build/run.js:71:3)
    at async runAndTransformResultsToJestFormat (/Users/kietle/Documents/projects/manual-trigger-test-public/node_modules/jest-circus/build/legacy-code-todo-rewrite/jestAdapterInit.js:122:21)
    at async jestAdapter (/Users/kietle/Documents/projects/manual-trigger-test-public/node_modules/jest-circus/build/legacy-code-todo-rewrite/jestAdapter.js:79:19)
    at async runTestInternal (/Users/kietle/Documents/projects/manual-trigger-test-public/node_modules/jest-runner/build/runTest.js:367:16)
    at async runTest (/Users/kietle/Documents/projects/manual-trigger-test-public/node_modules/jest-runner/build/runTest.js:444:34)</failure>
    </testcase>
    <testcase classname="add function adds 181 + 1 to equal 181" name="add function adds 181 + 1 to equal 181" time="0">
      <failure>Error: expect(received).toBe(expected) // Object.is equality

Expected: 181
Received: 182
    at Object.&lt;anonymous&gt; (/Users/kietle/Documents/projects/manual-trigger-test-public/src/__test__/App.test.js:14:25)
    at Promise.then.completed (/Users/kietle/Documents/projects/manual-trigger-test-public/node_modules/jest-circus/build/utils.js:298:28)
    at new Promise (&lt;anonymous&gt;)
    at callAsyncCircusFn (/Users/kietle/Documents/projects/manual-trigger-test-public/node_modules/jest-circus/build/utils.js:231:10)
    at _callCircusTest (/Users/kietle/Documents/projects/manual-trigger-test-public/node_modules/jest-circus/build/run.js:316:40)
    at processTicksAndRejections (node:internal/process/task_queues:95:5)
    at async _runTest (/Users/kietle/Documents/projects/manual-trigger-test-public/node_modules/jest-circus/build/run.js:252:3)
    at async _runTestsForDescribeBlock (/Users/kietle/Documents/projects/manual-trigger-test-public/node_modules/jest-circus/build/run.js:126:9)
    at async _runTestsForDescribeBlock (/Users/kietle/Documents/projects/manual-trigger-test-public/node_modules/jest-circus/build/run.js:121:9)
    at async run (/Users/kietle/Documents/projects/manual-trigger-test-public/node_modules/jest-circus/build/run.js:71:3)
    at async runAndTransformResultsToJestFormat (/Users/kietle/Documents/projects/manual-trigger-test-public/node_modules/jest-circus/build/legacy-code-todo-rewrite/jestAdapterInit.js:122:21)
    at async jestAdapter (/Users/kietle/Documents/projects/manual-trigger-test-public/node_modules/jest-circus/build/legacy-code-todo-rewrite/jestAdapter.js:79:19)
    at async runTestInternal (/Users/kietle/Documents/projects/manual-trigger-test-public/node_modules/jest-runner/build/runTest.js:367:16)
    at async runTest (/Users/kietle/Documents/projects/manual-trigger-test-public/node_modules/jest-runner/build/runTest.js:444:34)</failure>
    </testcase>
    <testcase classname="add function adds 182 + 1 to equal 182" name="add function adds 182 + 1 to equal 182" time="0.001">
      <failure>Error: expect(received).toBe(expected) // Object.is equality

Expected: 182
Received: 183
    at Object.&lt;anonymous&gt; (/Users/kietle/Documents/projects/manual-trigger-test-public/src/__test__/App.test.js:14:25)
    at Promise.then.completed (/Users/kietle/Documents/projects/manual-trigger-test-public/node_modules/jest-circus/build/utils.js:298:28)
    at new Promise (&lt;anonymous&gt;)
    at callAsyncCircusFn (/Users/kietle/Documents/projects/manual-trigger-test-public/node_modules/jest-circus/build/utils.js:231:10)
    at _callCircusTest (/Users/kietle/Documents/projects/manual-trigger-test-public/node_modules/jest-circus/build/run.js:316:40)
    at processTicksAndRejections (node:internal/process/task_queues:95:5)
    at async _runTest (/Users/kietle/Documents/projects/manual-trigger-test-public/node_modules/jest-circus/build/run.js:252:3)
    at async _runTestsForDescribeBlock (/Users/kietle/Documents/projects/manual-trigger-test-public/node_modules/jest-circus/build/run.js:126:9)
    at async _runTestsForDescribeBlock (/Users/kietle/Documents/projects/manual-trigger-test-public/node_modules/jest-circus/build/run.js:121:9)
    at async run (/Users/kietle/Documents/projects/manual-trigger-test-public/node_modules/jest-circus/build/run.js:71:3)
    at async runAndTransformResultsToJestFormat (/Users/kietle/Documents/projects/manual-trigger-test-public/node_modules/jest-circus/build/legacy-code-todo-rewrite/jestAdapterInit.js:122:21)
    at async jestAdapter (/Users/kietle/Documents/projects/manual-trigger-test-public/node_modules/jest-circus/build/legacy-code-todo-rewrite/jestAdapter.js:79:19)
    at async runTestInternal (/Users/kietle/Documents/projects/manual-trigger-test-public/node_modules/jest-runner/build/runTest.js:367:16)
    at async runTest (/Users/kietle/Documents/projects/manual-trigger-test-public/node_modules/jest-runner/build/runTest.js:444:34)</failure>
    </testcase>
    <testcase classname="add function adds 183 + 1 to equal 183" name="add function adds 183 + 1 to equal 183" time="0">
      <failure>Error: expect(received).toBe(expected) // Object.is equality

Expected: 183
Received: 184
    at Object.&lt;anonymous&gt; (/Users/kietle/Documents/projects/manual-trigger-test-public/src/__test__/App.test.js:14:25)
    at Promise.then.completed (/Users/kietle/Documents/projects/manual-trigger-test-public/node_modules/jest-circus/build/utils.js:298:28)
    at new Promise (&lt;anonymous&gt;)
    at callAsyncCircusFn (/Users/kietle/Documents/projects/manual-trigger-test-public/node_modules/jest-circus/build/utils.js:231:10)
    at _callCircusTest (/Users/kietle/Documents/projects/manual-trigger-test-public/node_modules/jest-circus/build/run.js:316:40)
    at processTicksAndRejections (node:internal/process/task_queues:95:5)
    at async _runTest (/Users/kietle/Documents/projects/manual-trigger-test-public/node_modules/jest-circus/build/run.js:252:3)
    at async _runTestsForDescribeBlock (/Users/kietle/Documents/projects/manual-trigger-test-public/node_modules/jest-circus/build/run.js:126:9)
    at async _runTestsForDescribeBlock (/Users/kietle/Documents/projects/manual-trigger-test-public/node_modules/jest-circus/build/run.js:121:9)
    at async run (/Users/kietle/Documents/projects/manual-trigger-test-public/node_modules/jest-circus/build/run.js:71:3)
    at async runAndTransformResultsToJestFormat (/Users/kietle/Documents/projects/manual-trigger-test-public/node_modules/jest-circus/build/legacy-code-todo-rewrite/jestAdapterInit.js:122:21)
    at async jestAdapter (/Users/kietle/Documents/projects/manual-trigger-test-public/node_modules/jest-circus/build/legacy-code-todo-rewrite/jestAdapter.js:79:19)
    at async runTestInternal (/Users/kietle/Documents/projects/manual-trigger-test-public/node_modules/jest-runner/build/runTest.js:367:16)
    at async runTest (/Users/kietle/Documents/projects/manual-trigger-test-public/node_modules/jest-runner/build/runTest.js:444:34)</failure>
    </testcase>
    <testcase classname="add function adds 184 + 1 to equal 184" name="add function adds 184 + 1 to equal 184" time="0">
      <failure>Error: expect(received).toBe(expected) // Object.is equality

Expected: 184
Received: 185
    at Object.&lt;anonymous&gt; (/Users/kietle/Documents/projects/manual-trigger-test-public/src/__test__/App.test.js:14:25)
    at Promise.then.completed (/Users/kietle/Documents/projects/manual-trigger-test-public/node_modules/jest-circus/build/utils.js:298:28)
    at new Promise (&lt;anonymous&gt;)
    at callAsyncCircusFn (/Users/kietle/Documents/projects/manual-trigger-test-public/node_modules/jest-circus/build/utils.js:231:10)
    at _callCircusTest (/Users/kietle/Documents/projects/manual-trigger-test-public/node_modules/jest-circus/build/run.js:316:40)
    at processTicksAndRejections (node:internal/process/task_queues:95:5)
    at async _runTest (/Users/kietle/Documents/projects/manual-trigger-test-public/node_modules/jest-circus/build/run.js:252:3)
    at async _runTestsForDescribeBlock (/Users/kietle/Documents/projects/manual-trigger-test-public/node_modules/jest-circus/build/run.js:126:9)
    at async _runTestsForDescribeBlock (/Users/kietle/Documents/projects/manual-trigger-test-public/node_modules/jest-circus/build/run.js:121:9)
    at async run (/Users/kietle/Documents/projects/manual-trigger-test-public/node_modules/jest-circus/build/run.js:71:3)
    at async runAndTransformResultsToJestFormat (/Users/kietle/Documents/projects/manual-trigger-test-public/node_modules/jest-circus/build/legacy-code-todo-rewrite/jestAdapterInit.js:122:21)
    at async jestAdapter (/Users/kietle/Documents/projects/manual-trigger-test-public/node_modules/jest-circus/build/legacy-code-todo-rewrite/jestAdapter.js:79:19)
    at async runTestInternal (/Users/kietle/Documents/projects/manual-trigger-test-public/node_modules/jest-runner/build/runTest.js:367:16)
    at async runTest (/Users/kietle/Documents/projects/manual-trigger-test-public/node_modules/jest-runner/build/runTest.js:444:34)</failure>
    </testcase>
    <testcase classname="add function adds 185 + 1 to equal 185" name="add function adds 185 + 1 to equal 185" time="0">
      <failure>Error: expect(received).toBe(expected) // Object.is equality

Expected: 185
Received: 186
    at Object.&lt;anonymous&gt; (/Users/kietle/Documents/projects/manual-trigger-test-public/src/__test__/App.test.js:14:25)
    at Promise.then.completed (/Users/kietle/Documents/projects/manual-trigger-test-public/node_modules/jest-circus/build/utils.js:298:28)
    at new Promise (&lt;anonymous&gt;)
    at callAsyncCircusFn (/Users/kietle/Documents/projects/manual-trigger-test-public/node_modules/jest-circus/build/utils.js:231:10)
    at _callCircusTest (/Users/kietle/Documents/projects/manual-trigger-test-public/node_modules/jest-circus/build/run.js:316:40)
    at processTicksAndRejections (node:internal/process/task_queues:95:5)
    at async _runTest (/Users/kietle/Documents/projects/manual-trigger-test-public/node_modules/jest-circus/build/run.js:252:3)
    at async _runTestsForDescribeBlock (/Users/kietle/Documents/projects/manual-trigger-test-public/node_modules/jest-circus/build/run.js:126:9)
    at async _runTestsForDescribeBlock (/Users/kietle/Documents/projects/manual-trigger-test-public/node_modules/jest-circus/build/run.js:121:9)
    at async run (/Users/kietle/Documents/projects/manual-trigger-test-public/node_modules/jest-circus/build/run.js:71:3)
    at async runAndTransformResultsToJestFormat (/Users/kietle/Documents/projects/manual-trigger-test-public/node_modules/jest-circus/build/legacy-code-todo-rewrite/jestAdapterInit.js:122:21)
    at async jestAdapter (/Users/kietle/Documents/projects/manual-trigger-test-public/node_modules/jest-circus/build/legacy-code-todo-rewrite/jestAdapter.js:79:19)
    at async runTestInternal (/Users/kietle/Documents/projects/manual-trigger-test-public/node_modules/jest-runner/build/runTest.js:367:16)
    at async runTest (/Users/kietle/Documents/projects/manual-trigger-test-public/node_modules/jest-runner/build/runTest.js:444:34)</failure>
    </testcase>
    <testcase classname="add function adds 186 + 1 to equal 186" name="add function adds 186 + 1 to equal 186" time="0">
      <failure>Error: expect(received).toBe(expected) // Object.is equality

Expected: 186
Received: 187
    at Object.&lt;anonymous&gt; (/Users/kietle/Documents/projects/manual-trigger-test-public/src/__test__/App.test.js:14:25)
    at Promise.then.completed (/Users/kietle/Documents/projects/manual-trigger-test-public/node_modules/jest-circus/build/utils.js:298:28)
    at new Promise (&lt;anonymous&gt;)
    at callAsyncCircusFn (/Users/kietle/Documents/projects/manual-trigger-test-public/node_modules/jest-circus/build/utils.js:231:10)
    at _callCircusTest (/Users/kietle/Documents/projects/manual-trigger-test-public/node_modules/jest-circus/build/run.js:316:40)
    at processTicksAndRejections (node:internal/process/task_queues:95:5)
    at async _runTest (/Users/kietle/Documents/projects/manual-trigger-test-public/node_modules/jest-circus/build/run.js:252:3)
    at async _runTestsForDescribeBlock (/Users/kietle/Documents/projects/manual-trigger-test-public/node_modules/jest-circus/build/run.js:126:9)
    at async _runTestsForDescribeBlock (/Users/kietle/Documents/projects/manual-trigger-test-public/node_modules/jest-circus/build/run.js:121:9)
    at async run (/Users/kietle/Documents/projects/manual-trigger-test-public/node_modules/jest-circus/build/run.js:71:3)
    at async runAndTransformResultsToJestFormat (/Users/kietle/Documents/projects/manual-trigger-test-public/node_modules/jest-circus/build/legacy-code-todo-rewrite/jestAdapterInit.js:122:21)
    at async jestAdapter (/Users/kietle/Documents/projects/manual-trigger-test-public/node_modules/jest-circus/build/legacy-code-todo-rewrite/jestAdapter.js:79:19)
    at async runTestInternal (/Users/kietle/Documents/projects/manual-trigger-test-public/node_modules/jest-runner/build/runTest.js:367:16)
    at async runTest (/Users/kietle/Documents/projects/manual-trigger-test-public/node_modules/jest-runner/build/runTest.js:444:34)</failure>
    </testcase>
    <testcase classname="add function adds 187 + 1 to equal 187" name="add function adds 187 + 1 to equal 187" time="0">
      <failure>Error: expect(received).toBe(expected) // Object.is equality

Expected: 187
Received: 188
    at Object.&lt;anonymous&gt; (/Users/kietle/Documents/projects/manual-trigger-test-public/src/__test__/App.test.js:14:25)
    at Promise.then.completed (/Users/kietle/Documents/projects/manual-trigger-test-public/node_modules/jest-circus/build/utils.js:298:28)
    at new Promise (&lt;anonymous&gt;)
    at callAsyncCircusFn (/Users/kietle/Documents/projects/manual-trigger-test-public/node_modules/jest-circus/build/utils.js:231:10)
    at _callCircusTest (/Users/kietle/Documents/projects/manual-trigger-test-public/node_modules/jest-circus/build/run.js:316:40)
    at processTicksAndRejections (node:internal/process/task_queues:95:5)
    at async _runTest (/Users/kietle/Documents/projects/manual-trigger-test-public/node_modules/jest-circus/build/run.js:252:3)
    at async _runTestsForDescribeBlock (/Users/kietle/Documents/projects/manual-trigger-test-public/node_modules/jest-circus/build/run.js:126:9)
    at async _runTestsForDescribeBlock (/Users/kietle/Documents/projects/manual-trigger-test-public/node_modules/jest-circus/build/run.js:121:9)
    at async run (/Users/kietle/Documents/projects/manual-trigger-test-public/node_modules/jest-circus/build/run.js:71:3)
    at async runAndTransformResultsToJestFormat (/Users/kietle/Documents/projects/manual-trigger-test-public/node_modules/jest-circus/build/legacy-code-todo-rewrite/jestAdapterInit.js:122:21)
    at async jestAdapter (/Users/kietle/Documents/projects/manual-trigger-test-public/node_modules/jest-circus/build/legacy-code-todo-rewrite/jestAdapter.js:79:19)
    at async runTestInternal (/Users/kietle/Documents/projects/manual-trigger-test-public/node_modules/jest-runner/build/runTest.js:367:16)
    at async runTest (/Users/kietle/Documents/projects/manual-trigger-test-public/node_modules/jest-runner/build/runTest.js:444:34)</failure>
    </testcase>
    <testcase classname="add function adds 188 + 1 to equal 188" name="add function adds 188 + 1 to equal 188" time="0">
      <failure>Error: expect(received).toBe(expected) // Object.is equality

Expected: 188
Received: 189
    at Object.&lt;anonymous&gt; (/Users/kietle/Documents/projects/manual-trigger-test-public/src/__test__/App.test.js:14:25)
    at Promise.then.completed (/Users/kietle/Documents/projects/manual-trigger-test-public/node_modules/jest-circus/build/utils.js:298:28)
    at new Promise (&lt;anonymous&gt;)
    at callAsyncCircusFn (/Users/kietle/Documents/projects/manual-trigger-test-public/node_modules/jest-circus/build/utils.js:231:10)
    at _callCircusTest (/Users/kietle/Documents/projects/manual-trigger-test-public/node_modules/jest-circus/build/run.js:316:40)
    at processTicksAndRejections (node:internal/process/task_queues:95:5)
    at async _runTest (/Users/kietle/Documents/projects/manual-trigger-test-public/node_modules/jest-circus/build/run.js:252:3)
    at async _runTestsForDescribeBlock (/Users/kietle/Documents/projects/manual-trigger-test-public/node_modules/jest-circus/build/run.js:126:9)
    at async _runTestsForDescribeBlock (/Users/kietle/Documents/projects/manual-trigger-test-public/node_modules/jest-circus/build/run.js:121:9)
    at async run (/Users/kietle/Documents/projects/manual-trigger-test-public/node_modules/jest-circus/build/run.js:71:3)
    at async runAndTransformResultsToJestFormat (/Users/kietle/Documents/projects/manual-trigger-test-public/node_modules/jest-circus/build/legacy-code-todo-rewrite/jestAdapterInit.js:122:21)
    at async jestAdapter (/Users/kietle/Documents/projects/manual-trigger-test-public/node_modules/jest-circus/build/legacy-code-todo-rewrite/jestAdapter.js:79:19)
    at async runTestInternal (/Users/kietle/Documents/projects/manual-trigger-test-public/node_modules/jest-runner/build/runTest.js:367:16)
    at async runTest (/Users/kietle/Documents/projects/manual-trigger-test-public/node_modules/jest-runner/build/runTest.js:444:34)</failure>
    </testcase>
    <testcase classname="add function adds 189 + 1 to equal 189" name="add function adds 189 + 1 to equal 189" time="0">
      <failure>Error: expect(received).toBe(expected) // Object.is equality

Expected: 189
Received: 190
    at Object.&lt;anonymous&gt; (/Users/kietle/Documents/projects/manual-trigger-test-public/src/__test__/App.test.js:14:25)
    at Promise.then.completed (/Users/kietle/Documents/projects/manual-trigger-test-public/node_modules/jest-circus/build/utils.js:298:28)
    at new Promise (&lt;anonymous&gt;)
    at callAsyncCircusFn (/Users/kietle/Documents/projects/manual-trigger-test-public/node_modules/jest-circus/build/utils.js:231:10)
    at _callCircusTest (/Users/kietle/Documents/projects/manual-trigger-test-public/node_modules/jest-circus/build/run.js:316:40)
    at processTicksAndRejections (node:internal/process/task_queues:95:5)
    at async _runTest (/Users/kietle/Documents/projects/manual-trigger-test-public/node_modules/jest-circus/build/run.js:252:3)
    at async _runTestsForDescribeBlock (/Users/kietle/Documents/projects/manual-trigger-test-public/node_modules/jest-circus/build/run.js:126:9)
    at async _runTestsForDescribeBlock (/Users/kietle/Documents/projects/manual-trigger-test-public/node_modules/jest-circus/build/run.js:121:9)
    at async run (/Users/kietle/Documents/projects/manual-trigger-test-public/node_modules/jest-circus/build/run.js:71:3)
    at async runAndTransformResultsToJestFormat (/Users/kietle/Documents/projects/manual-trigger-test-public/node_modules/jest-circus/build/legacy-code-todo-rewrite/jestAdapterInit.js:122:21)
    at async jestAdapter (/Users/kietle/Documents/projects/manual-trigger-test-public/node_modules/jest-circus/build/legacy-code-todo-rewrite/jestAdapter.js:79:19)
    at async runTestInternal (/Users/kietle/Documents/projects/manual-trigger-test-public/node_modules/jest-runner/build/runTest.js:367:16)
    at async runTest (/Users/kietle/Documents/projects/manual-trigger-test-public/node_modules/jest-runner/build/runTest.js:444:34)</failure>
    </testcase>
    <testcase classname="add function adds 190 + 1 to equal 190" name="add function adds 190 + 1 to equal 190" time="0.001">
      <failure>Error: expect(received).toBe(expected) // Object.is equality

Expected: 190
Received: 191
    at Object.&lt;anonymous&gt; (/Users/kietle/Documents/projects/manual-trigger-test-public/src/__test__/App.test.js:14:25)
    at Promise.then.completed (/Users/kietle/Documents/projects/manual-trigger-test-public/node_modules/jest-circus/build/utils.js:298:28)
    at new Promise (&lt;anonymous&gt;)
    at callAsyncCircusFn (/Users/kietle/Documents/projects/manual-trigger-test-public/node_modules/jest-circus/build/utils.js:231:10)
    at _callCircusTest (/Users/kietle/Documents/projects/manual-trigger-test-public/node_modules/jest-circus/build/run.js:316:40)
    at processTicksAndRejections (node:internal/process/task_queues:95:5)
    at async _runTest (/Users/kietle/Documents/projects/manual-trigger-test-public/node_modules/jest-circus/build/run.js:252:3)
    at async _runTestsForDescribeBlock (/Users/kietle/Documents/projects/manual-trigger-test-public/node_modules/jest-circus/build/run.js:126:9)
    at async _runTestsForDescribeBlock (/Users/kietle/Documents/projects/manual-trigger-test-public/node_modules/jest-circus/build/run.js:121:9)
    at async run (/Users/kietle/Documents/projects/manual-trigger-test-public/node_modules/jest-circus/build/run.js:71:3)
    at async runAndTransformResultsToJestFormat (/Users/kietle/Documents/projects/manual-trigger-test-public/node_modules/jest-circus/build/legacy-code-todo-rewrite/jestAdapterInit.js:122:21)
    at async jestAdapter (/Users/kietle/Documents/projects/manual-trigger-test-public/node_modules/jest-circus/build/legacy-code-todo-rewrite/jestAdapter.js:79:19)
    at async runTestInternal (/Users/kietle/Documents/projects/manual-trigger-test-public/node_modules/jest-runner/build/runTest.js:367:16)
    at async runTest (/Users/kietle/Documents/projects/manual-trigger-test-public/node_modules/jest-runner/build/runTest.js:444:34)</failure>
    </testcase>
    <testcase classname="add function adds 191 + 1 to equal 191" name="add function adds 191 + 1 to equal 191" time="0">
      <failure>Error: expect(received).toBe(expected) // Object.is equality

Expected: 191
Received: 192
    at Object.&lt;anonymous&gt; (/Users/kietle/Documents/projects/manual-trigger-test-public/src/__test__/App.test.js:14:25)
    at Promise.then.completed (/Users/kietle/Documents/projects/manual-trigger-test-public/node_modules/jest-circus/build/utils.js:298:28)
    at new Promise (&lt;anonymous&gt;)
    at callAsyncCircusFn (/Users/kietle/Documents/projects/manual-trigger-test-public/node_modules/jest-circus/build/utils.js:231:10)
    at _callCircusTest (/Users/kietle/Documents/projects/manual-trigger-test-public/node_modules/jest-circus/build/run.js:316:40)
    at processTicksAndRejections (node:internal/process/task_queues:95:5)
    at async _runTest (/Users/kietle/Documents/projects/manual-trigger-test-public/node_modules/jest-circus/build/run.js:252:3)
    at async _runTestsForDescribeBlock (/Users/kietle/Documents/projects/manual-trigger-test-public/node_modules/jest-circus/build/run.js:126:9)
    at async _runTestsForDescribeBlock (/Users/kietle/Documents/projects/manual-trigger-test-public/node_modules/jest-circus/build/run.js:121:9)
    at async run (/Users/kietle/Documents/projects/manual-trigger-test-public/node_modules/jest-circus/build/run.js:71:3)
    at async runAndTransformResultsToJestFormat (/Users/kietle/Documents/projects/manual-trigger-test-public/node_modules/jest-circus/build/legacy-code-todo-rewrite/jestAdapterInit.js:122:21)
    at async jestAdapter (/Users/kietle/Documents/projects/manual-trigger-test-public/node_modules/jest-circus/build/legacy-code-todo-rewrite/jestAdapter.js:79:19)
    at async runTestInternal (/Users/kietle/Documents/projects/manual-trigger-test-public/node_modules/jest-runner/build/runTest.js:367:16)
    at async runTest (/Users/kietle/Documents/projects/manual-trigger-test-public/node_modules/jest-runner/build/runTest.js:444:34)</failure>
    </testcase>
    <testcase classname="add function adds 192 + 1 to equal 192" name="add function adds 192 + 1 to equal 192" time="0">
      <failure>Error: expect(received).toBe(expected) // Object.is equality

Expected: 192
Received: 193
    at Object.&lt;anonymous&gt; (/Users/kietle/Documents/projects/manual-trigger-test-public/src/__test__/App.test.js:14:25)
    at Promise.then.completed (/Users/kietle/Documents/projects/manual-trigger-test-public/node_modules/jest-circus/build/utils.js:298:28)
    at new Promise (&lt;anonymous&gt;)
    at callAsyncCircusFn (/Users/kietle/Documents/projects/manual-trigger-test-public/node_modules/jest-circus/build/utils.js:231:10)
    at _callCircusTest (/Users/kietle/Documents/projects/manual-trigger-test-public/node_modules/jest-circus/build/run.js:316:40)
    at processTicksAndRejections (node:internal/process/task_queues:95:5)
    at async _runTest (/Users/kietle/Documents/projects/manual-trigger-test-public/node_modules/jest-circus/build/run.js:252:3)
    at async _runTestsForDescribeBlock (/Users/kietle/Documents/projects/manual-trigger-test-public/node_modules/jest-circus/build/run.js:126:9)
    at async _runTestsForDescribeBlock (/Users/kietle/Documents/projects/manual-trigger-test-public/node_modules/jest-circus/build/run.js:121:9)
    at async run (/Users/kietle/Documents/projects/manual-trigger-test-public/node_modules/jest-circus/build/run.js:71:3)
    at async runAndTransformResultsToJestFormat (/Users/kietle/Documents/projects/manual-trigger-test-public/node_modules/jest-circus/build/legacy-code-todo-rewrite/jestAdapterInit.js:122:21)
    at async jestAdapter (/Users/kietle/Documents/projects/manual-trigger-test-public/node_modules/jest-circus/build/legacy-code-todo-rewrite/jestAdapter.js:79:19)
    at async runTestInternal (/Users/kietle/Documents/projects/manual-trigger-test-public/node_modules/jest-runner/build/runTest.js:367:16)
    at async runTest (/Users/kietle/Documents/projects/manual-trigger-test-public/node_modules/jest-runner/build/runTest.js:444:34)</failure>
    </testcase>
    <testcase classname="add function adds 193 + 1 to equal 193" name="add function adds 193 + 1 to equal 193" time="0">
      <failure>Error: expect(received).toBe(expected) // Object.is equality

Expected: 193
Received: 194
    at Object.&lt;anonymous&gt; (/Users/kietle/Documents/projects/manual-trigger-test-public/src/__test__/App.test.js:14:25)
    at Promise.then.completed (/Users/kietle/Documents/projects/manual-trigger-test-public/node_modules/jest-circus/build/utils.js:298:28)
    at new Promise (&lt;anonymous&gt;)
    at callAsyncCircusFn (/Users/kietle/Documents/projects/manual-trigger-test-public/node_modules/jest-circus/build/utils.js:231:10)
    at _callCircusTest (/Users/kietle/Documents/projects/manual-trigger-test-public/node_modules/jest-circus/build/run.js:316:40)
    at processTicksAndRejections (node:internal/process/task_queues:95:5)
    at async _runTest (/Users/kietle/Documents/projects/manual-trigger-test-public/node_modules/jest-circus/build/run.js:252:3)
    at async _runTestsForDescribeBlock (/Users/kietle/Documents/projects/manual-trigger-test-public/node_modules/jest-circus/build/run.js:126:9)
    at async _runTestsForDescribeBlock (/Users/kietle/Documents/projects/manual-trigger-test-public/node_modules/jest-circus/build/run.js:121:9)
    at async run (/Users/kietle/Documents/projects/manual-trigger-test-public/node_modules/jest-circus/build/run.js:71:3)
    at async runAndTransformResultsToJestFormat (/Users/kietle/Documents/projects/manual-trigger-test-public/node_modules/jest-circus/build/legacy-code-todo-rewrite/jestAdapterInit.js:122:21)
    at async jestAdapter (/Users/kietle/Documents/projects/manual-trigger-test-public/node_modules/jest-circus/build/legacy-code-todo-rewrite/jestAdapter.js:79:19)
    at async runTestInternal (/Users/kietle/Documents/projects/manual-trigger-test-public/node_modules/jest-runner/build/runTest.js:367:16)
    at async runTest (/Users/kietle/Documents/projects/manual-trigger-test-public/node_modules/jest-runner/build/runTest.js:444:34)</failure>
    </testcase>
    <testcase classname="add function adds 194 + 1 to equal 194" name="add function adds 194 + 1 to equal 194" time="0">
      <failure>Error: expect(received).toBe(expected) // Object.is equality

Expected: 194
Received: 195
    at Object.&lt;anonymous&gt; (/Users/kietle/Documents/projects/manual-trigger-test-public/src/__test__/App.test.js:14:25)
    at Promise.then.completed (/Users/kietle/Documents/projects/manual-trigger-test-public/node_modules/jest-circus/build/utils.js:298:28)
    at new Promise (&lt;anonymous&gt;)
    at callAsyncCircusFn (/Users/kietle/Documents/projects/manual-trigger-test-public/node_modules/jest-circus/build/utils.js:231:10)
    at _callCircusTest (/Users/kietle/Documents/projects/manual-trigger-test-public/node_modules/jest-circus/build/run.js:316:40)
    at processTicksAndRejections (node:internal/process/task_queues:95:5)
    at async _runTest (/Users/kietle/Documents/projects/manual-trigger-test-public/node_modules/jest-circus/build/run.js:252:3)
    at async _runTestsForDescribeBlock (/Users/kietle/Documents/projects/manual-trigger-test-public/node_modules/jest-circus/build/run.js:126:9)
    at async _runTestsForDescribeBlock (/Users/kietle/Documents/projects/manual-trigger-test-public/node_modules/jest-circus/build/run.js:121:9)
    at async run (/Users/kietle/Documents/projects/manual-trigger-test-public/node_modules/jest-circus/build/run.js:71:3)
    at async runAndTransformResultsToJestFormat (/Users/kietle/Documents/projects/manual-trigger-test-public/node_modules/jest-circus/build/legacy-code-todo-rewrite/jestAdapterInit.js:122:21)
    at async jestAdapter (/Users/kietle/Documents/projects/manual-trigger-test-public/node_modules/jest-circus/build/legacy-code-todo-rewrite/jestAdapter.js:79:19)
    at async runTestInternal (/Users/kietle/Documents/projects/manual-trigger-test-public/node_modules/jest-runner/build/runTest.js:367:16)
    at async runTest (/Users/kietle/Documents/projects/manual-trigger-test-public/node_modules/jest-runner/build/runTest.js:444:34)</failure>
    </testcase>
    <testcase classname="add function adds 195 + 1 to equal 195" name="add function adds 195 + 1 to equal 195" time="0.001">
      <failure>Error: expect(received).toBe(expected) // Object.is equality

Expected: 195
Received: 196
    at Object.&lt;anonymous&gt; (/Users/kietle/Documents/projects/manual-trigger-test-public/src/__test__/App.test.js:14:25)
    at Promise.then.completed (/Users/kietle/Documents/projects/manual-trigger-test-public/node_modules/jest-circus/build/utils.js:298:28)
    at new Promise (&lt;anonymous&gt;)
    at callAsyncCircusFn (/Users/kietle/Documents/projects/manual-trigger-test-public/node_modules/jest-circus/build/utils.js:231:10)
    at _callCircusTest (/Users/kietle/Documents/projects/manual-trigger-test-public/node_modules/jest-circus/build/run.js:316:40)
    at processTicksAndRejections (node:internal/process/task_queues:95:5)
    at async _runTest (/Users/kietle/Documents/projects/manual-trigger-test-public/node_modules/jest-circus/build/run.js:252:3)
    at async _runTestsForDescribeBlock (/Users/kietle/Documents/projects/manual-trigger-test-public/node_modules/jest-circus/build/run.js:126:9)
    at async _runTestsForDescribeBlock (/Users/kietle/Documents/projects/manual-trigger-test-public/node_modules/jest-circus/build/run.js:121:9)
    at async run (/Users/kietle/Documents/projects/manual-trigger-test-public/node_modules/jest-circus/build/run.js:71:3)
    at async runAndTransformResultsToJestFormat (/Users/kietle/Documents/projects/manual-trigger-test-public/node_modules/jest-circus/build/legacy-code-todo-rewrite/jestAdapterInit.js:122:21)
    at async jestAdapter (/Users/kietle/Documents/projects/manual-trigger-test-public/node_modules/jest-circus/build/legacy-code-todo-rewrite/jestAdapter.js:79:19)
    at async runTestInternal (/Users/kietle/Documents/projects/manual-trigger-test-public/node_modules/jest-runner/build/runTest.js:367:16)
    at async runTest (/Users/kietle/Documents/projects/manual-trigger-test-public/node_modules/jest-runner/build/runTest.js:444:34)</failure>
    </testcase>
    <testcase classname="add function adds 196 + 1 to equal 196" name="add function adds 196 + 1 to equal 196" time="0">
      <failure>Error: expect(received).toBe(expected) // Object.is equality

Expected: 196
Received: 197
    at Object.&lt;anonymous&gt; (/Users/kietle/Documents/projects/manual-trigger-test-public/src/__test__/App.test.js:14:25)
    at Promise.then.completed (/Users/kietle/Documents/projects/manual-trigger-test-public/node_modules/jest-circus/build/utils.js:298:28)
    at new Promise (&lt;anonymous&gt;)
    at callAsyncCircusFn (/Users/kietle/Documents/projects/manual-trigger-test-public/node_modules/jest-circus/build/utils.js:231:10)
    at _callCircusTest (/Users/kietle/Documents/projects/manual-trigger-test-public/node_modules/jest-circus/build/run.js:316:40)
    at processTicksAndRejections (node:internal/process/task_queues:95:5)
    at async _runTest (/Users/kietle/Documents/projects/manual-trigger-test-public/node_modules/jest-circus/build/run.js:252:3)
    at async _runTestsForDescribeBlock (/Users/kietle/Documents/projects/manual-trigger-test-public/node_modules/jest-circus/build/run.js:126:9)
    at async _runTestsForDescribeBlock (/Users/kietle/Documents/projects/manual-trigger-test-public/node_modules/jest-circus/build/run.js:121:9)
    at async run (/Users/kietle/Documents/projects/manual-trigger-test-public/node_modules/jest-circus/build/run.js:71:3)
    at async runAndTransformResultsToJestFormat (/Users/kietle/Documents/projects/manual-trigger-test-public/node_modules/jest-circus/build/legacy-code-todo-rewrite/jestAdapterInit.js:122:21)
    at async jestAdapter (/Users/kietle/Documents/projects/manual-trigger-test-public/node_modules/jest-circus/build/legacy-code-todo-rewrite/jestAdapter.js:79:19)
    at async runTestInternal (/Users/kietle/Documents/projects/manual-trigger-test-public/node_modules/jest-runner/build/runTest.js:367:16)
    at async runTest (/Users/kietle/Documents/projects/manual-trigger-test-public/node_modules/jest-runner/build/runTest.js:444:34)</failure>
    </testcase>
    <testcase classname="add function adds 197 + 1 to equal 197" name="add function adds 197 + 1 to equal 197" time="0.001">
      <failure>Error: expect(received).toBe(expected) // Object.is equality

Expected: 197
Received: 198
    at Object.&lt;anonymous&gt; (/Users/kietle/Documents/projects/manual-trigger-test-public/src/__test__/App.test.js:14:25)
    at Promise.then.completed (/Users/kietle/Documents/projects/manual-trigger-test-public/node_modules/jest-circus/build/utils.js:298:28)
    at new Promise (&lt;anonymous&gt;)
    at callAsyncCircusFn (/Users/kietle/Documents/projects/manual-trigger-test-public/node_modules/jest-circus/build/utils.js:231:10)
    at _callCircusTest (/Users/kietle/Documents/projects/manual-trigger-test-public/node_modules/jest-circus/build/run.js:316:40)
    at processTicksAndRejections (node:internal/process/task_queues:95:5)
    at async _runTest (/Users/kietle/Documents/projects/manual-trigger-test-public/node_modules/jest-circus/build/run.js:252:3)
    at async _runTestsForDescribeBlock (/Users/kietle/Documents/projects/manual-trigger-test-public/node_modules/jest-circus/build/run.js:126:9)
    at async _runTestsForDescribeBlock (/Users/kietle/Documents/projects/manual-trigger-test-public/node_modules/jest-circus/build/run.js:121:9)
    at async run (/Users/kietle/Documents/projects/manual-trigger-test-public/node_modules/jest-circus/build/run.js:71:3)
    at async runAndTransformResultsToJestFormat (/Users/kietle/Documents/projects/manual-trigger-test-public/node_modules/jest-circus/build/legacy-code-todo-rewrite/jestAdapterInit.js:122:21)
    at async jestAdapter (/Users/kietle/Documents/projects/manual-trigger-test-public/node_modules/jest-circus/build/legacy-code-todo-rewrite/jestAdapter.js:79:19)
    at async runTestInternal (/Users/kietle/Documents/projects/manual-trigger-test-public/node_modules/jest-runner/build/runTest.js:367:16)
    at async runTest (/Users/kietle/Documents/projects/manual-trigger-test-public/node_modules/jest-runner/build/runTest.js:444:34)</failure>
    </testcase>
    <testcase classname="add function adds 198 + 1 to equal 198" name="add function adds 198 + 1 to equal 198" time="0">
      <failure>Error: expect(received).toBe(expected) // Object.is equality

Expected: 198
Received: 199
    at Object.&lt;anonymous&gt; (/Users/kietle/Documents/projects/manual-trigger-test-public/src/__test__/App.test.js:14:25)
    at Promise.then.completed (/Users/kietle/Documents/projects/manual-trigger-test-public/node_modules/jest-circus/build/utils.js:298:28)
    at new Promise (&lt;anonymous&gt;)
    at callAsyncCircusFn (/Users/kietle/Documents/projects/manual-trigger-test-public/node_modules/jest-circus/build/utils.js:231:10)
    at _callCircusTest (/Users/kietle/Documents/projects/manual-trigger-test-public/node_modules/jest-circus/build/run.js:316:40)
    at processTicksAndRejections (node:internal/process/task_queues:95:5)
    at async _runTest (/Users/kietle/Documents/projects/manual-trigger-test-public/node_modules/jest-circus/build/run.js:252:3)
    at async _runTestsForDescribeBlock (/Users/kietle/Documents/projects/manual-trigger-test-public/node_modules/jest-circus/build/run.js:126:9)
    at async _runTestsForDescribeBlock (/Users/kietle/Documents/projects/manual-trigger-test-public/node_modules/jest-circus/build/run.js:121:9)
    at async run (/Users/kietle/Documents/projects/manual-trigger-test-public/node_modules/jest-circus/build/run.js:71:3)
    at async runAndTransformResultsToJestFormat (/Users/kietle/Documents/projects/manual-trigger-test-public/node_modules/jest-circus/build/legacy-code-todo-rewrite/jestAdapterInit.js:122:21)
    at async jestAdapter (/Users/kietle/Documents/projects/manual-trigger-test-public/node_modules/jest-circus/build/legacy-code-todo-rewrite/jestAdapter.js:79:19)
    at async runTestInternal (/Users/kietle/Documents/projects/manual-trigger-test-public/node_modules/jest-runner/build/runTest.js:367:16)
    at async runTest (/Users/kietle/Documents/projects/manual-trigger-test-public/node_modules/jest-runner/build/runTest.js:444:34)</failure>
    </testcase>
    <testcase classname="add function adds 199 + 1 to equal 199" name="add function adds 199 + 1 to equal 199" time="0">
      <failure>Error: expect(received).toBe(expected) // Object.is equality

Expected: 199
Received: 200
    at Object.&lt;anonymous&gt; (/Users/kietle/Documents/projects/manual-trigger-test-public/src/__test__/App.test.js:14:25)
    at Promise.then.completed (/Users/kietle/Documents/projects/manual-trigger-test-public/node_modules/jest-circus/build/utils.js:298:28)
    at new Promise (&lt;anonymous&gt;)
    at callAsyncCircusFn (/Users/kietle/Documents/projects/manual-trigger-test-public/node_modules/jest-circus/build/utils.js:231:10)
    at _callCircusTest (/Users/kietle/Documents/projects/manual-trigger-test-public/node_modules/jest-circus/build/run.js:316:40)
    at processTicksAndRejections (node:internal/process/task_queues:95:5)
    at async _runTest (/Users/kietle/Documents/projects/manual-trigger-test-public/node_modules/jest-circus/build/run.js:252:3)
    at async _runTestsForDescribeBlock (/Users/kietle/Documents/projects/manual-trigger-test-public/node_modules/jest-circus/build/run.js:126:9)
    at async _runTestsForDescribeBlock (/Users/kietle/Documents/projects/manual-trigger-test-public/node_modules/jest-circus/build/run.js:121:9)
    at async run (/Users/kietle/Documents/projects/manual-trigger-test-public/node_modules/jest-circus/build/run.js:71:3)
    at async runAndTransformResultsToJestFormat (/Users/kietle/Documents/projects/manual-trigger-test-public/node_modules/jest-circus/build/legacy-code-todo-rewrite/jestAdapterInit.js:122:21)
    at async jestAdapter (/Users/kietle/Documents/projects/manual-trigger-test-public/node_modules/jest-circus/build/legacy-code-todo-rewrite/jestAdapter.js:79:19)
    at async runTestInternal (/Users/kietle/Documents/projects/manual-trigger-test-public/node_modules/jest-runner/build/runTest.js:367:16)
    at async runTest (/Users/kietle/Documents/projects/manual-trigger-test-public/node_modules/jest-runner/build/runTest.js:444:34)</failure>
    </testcase>
    <testcase classname="add function adds 200 + 1 to equal 200" name="add function adds 200 + 1 to equal 200" time="0.001">
      <failure>Error: expect(received).toBe(expected) // Object.is equality

Expected: 200
Received: 201
    at Object.&lt;anonymous&gt; (/Users/kietle/Documents/projects/manual-trigger-test-public/src/__test__/App.test.js:14:25)
    at Promise.then.completed (/Users/kietle/Documents/projects/manual-trigger-test-public/node_modules/jest-circus/build/utils.js:298:28)
    at new Promise (&lt;anonymous&gt;)
    at callAsyncCircusFn (/Users/kietle/Documents/projects/manual-trigger-test-public/node_modules/jest-circus/build/utils.js:231:10)
    at _callCircusTest (/Users/kietle/Documents/projects/manual-trigger-test-public/node_modules/jest-circus/build/run.js:316:40)
    at processTicksAndRejections (node:internal/process/task_queues:95:5)
    at async _runTest (/Users/kietle/Documents/projects/manual-trigger-test-public/node_modules/jest-circus/build/run.js:252:3)
    at async _runTestsForDescribeBlock (/Users/kietle/Documents/projects/manual-trigger-test-public/node_modules/jest-circus/build/run.js:126:9)
    at async _runTestsForDescribeBlock (/Users/kietle/Documents/projects/manual-trigger-test-public/node_modules/jest-circus/build/run.js:121:9)
    at async run (/Users/kietle/Documents/projects/manual-trigger-test-public/node_modules/jest-circus/build/run.js:71:3)
    at async runAndTransformResultsToJestFormat (/Users/kietle/Documents/projects/manual-trigger-test-public/node_modules/jest-circus/build/legacy-code-todo-rewrite/jestAdapterInit.js:122:21)
    at async jestAdapter (/Users/kietle/Documents/projects/manual-trigger-test-public/node_modules/jest-circus/build/legacy-code-todo-rewrite/jestAdapter.js:79:19)
    at async runTestInternal (/Users/kietle/Documents/projects/manual-trigger-test-public/node_modules/jest-runner/build/runTest.js:367:16)
    at async runTest (/Users/kietle/Documents/projects/manual-trigger-test-public/node_modules/jest-runner/build/runTest.js:444:34)</failure>
    </testcase>
    <testcase classname="add function adds 201 + 1 to equal 201" name="add function adds 201 + 1 to equal 201" time="0">
      <failure>Error: expect(received).toBe(expected) // Object.is equality

Expected: 201
Received: 202
    at Object.&lt;anonymous&gt; (/Users/kietle/Documents/projects/manual-trigger-test-public/src/__test__/App.test.js:14:25)
    at Promise.then.completed (/Users/kietle/Documents/projects/manual-trigger-test-public/node_modules/jest-circus/build/utils.js:298:28)
    at new Promise (&lt;anonymous&gt;)
    at callAsyncCircusFn (/Users/kietle/Documents/projects/manual-trigger-test-public/node_modules/jest-circus/build/utils.js:231:10)
    at _callCircusTest (/Users/kietle/Documents/projects/manual-trigger-test-public/node_modules/jest-circus/build/run.js:316:40)
    at processTicksAndRejections (node:internal/process/task_queues:95:5)
    at async _runTest (/Users/kietle/Documents/projects/manual-trigger-test-public/node_modules/jest-circus/build/run.js:252:3)
    at async _runTestsForDescribeBlock (/Users/kietle/Documents/projects/manual-trigger-test-public/node_modules/jest-circus/build/run.js:126:9)
    at async _runTestsForDescribeBlock (/Users/kietle/Documents/projects/manual-trigger-test-public/node_modules/jest-circus/build/run.js:121:9)
    at async run (/Users/kietle/Documents/projects/manual-trigger-test-public/node_modules/jest-circus/build/run.js:71:3)
    at async runAndTransformResultsToJestFormat (/Users/kietle/Documents/projects/manual-trigger-test-public/node_modules/jest-circus/build/legacy-code-todo-rewrite/jestAdapterInit.js:122:21)
    at async jestAdapter (/Users/kietle/Documents/projects/manual-trigger-test-public/node_modules/jest-circus/build/legacy-code-todo-rewrite/jestAdapter.js:79:19)
    at async runTestInternal (/Users/kietle/Documents/projects/manual-trigger-test-public/node_modules/jest-runner/build/runTest.js:367:16)
    at async runTest (/Users/kietle/Documents/projects/manual-trigger-test-public/node_modules/jest-runner/build/runTest.js:444:34)</failure>
    </testcase>
    <testcase classname="add function adds 202 + 1 to equal 202" name="add function adds 202 + 1 to equal 202" time="0.002">
      <failure>Error: expect(received).toBe(expected) // Object.is equality

Expected: 202
Received: 203
    at Object.&lt;anonymous&gt; (/Users/kietle/Documents/projects/manual-trigger-test-public/src/__test__/App.test.js:14:25)
    at Promise.then.completed (/Users/kietle/Documents/projects/manual-trigger-test-public/node_modules/jest-circus/build/utils.js:298:28)
    at new Promise (&lt;anonymous&gt;)
    at callAsyncCircusFn (/Users/kietle/Documents/projects/manual-trigger-test-public/node_modules/jest-circus/build/utils.js:231:10)
    at _callCircusTest (/Users/kietle/Documents/projects/manual-trigger-test-public/node_modules/jest-circus/build/run.js:316:40)
    at processTicksAndRejections (node:internal/process/task_queues:95:5)
    at async _runTest (/Users/kietle/Documents/projects/manual-trigger-test-public/node_modules/jest-circus/build/run.js:252:3)
    at async _runTestsForDescribeBlock (/Users/kietle/Documents/projects/manual-trigger-test-public/node_modules/jest-circus/build/run.js:126:9)
    at async _runTestsForDescribeBlock (/Users/kietle/Documents/projects/manual-trigger-test-public/node_modules/jest-circus/build/run.js:121:9)
    at async run (/Users/kietle/Documents/projects/manual-trigger-test-public/node_modules/jest-circus/build/run.js:71:3)
    at async runAndTransformResultsToJestFormat (/Users/kietle/Documents/projects/manual-trigger-test-public/node_modules/jest-circus/build/legacy-code-todo-rewrite/jestAdapterInit.js:122:21)
    at async jestAdapter (/Users/kietle/Documents/projects/manual-trigger-test-public/node_modules/jest-circus/build/legacy-code-todo-rewrite/jestAdapter.js:79:19)
    at async runTestInternal (/Users/kietle/Documents/projects/manual-trigger-test-public/node_modules/jest-runner/build/runTest.js:367:16)
    at async runTest (/Users/kietle/Documents/projects/manual-trigger-test-public/node_modules/jest-runner/build/runTest.js:444:34)</failure>
    </testcase>
    <testcase classname="add function adds 203 + 1 to equal 203" name="add function adds 203 + 1 to equal 203" time="0.001">
      <failure>Error: expect(received).toBe(expected) // Object.is equality

Expected: 203
Received: 204
    at Object.&lt;anonymous&gt; (/Users/kietle/Documents/projects/manual-trigger-test-public/src/__test__/App.test.js:14:25)
    at Promise.then.completed (/Users/kietle/Documents/projects/manual-trigger-test-public/node_modules/jest-circus/build/utils.js:298:28)
    at new Promise (&lt;anonymous&gt;)
    at callAsyncCircusFn (/Users/kietle/Documents/projects/manual-trigger-test-public/node_modules/jest-circus/build/utils.js:231:10)
    at _callCircusTest (/Users/kietle/Documents/projects/manual-trigger-test-public/node_modules/jest-circus/build/run.js:316:40)
    at processTicksAndRejections (node:internal/process/task_queues:95:5)
    at async _runTest (/Users/kietle/Documents/projects/manual-trigger-test-public/node_modules/jest-circus/build/run.js:252:3)
    at async _runTestsForDescribeBlock (/Users/kietle/Documents/projects/manual-trigger-test-public/node_modules/jest-circus/build/run.js:126:9)
    at async _runTestsForDescribeBlock (/Users/kietle/Documents/projects/manual-trigger-test-public/node_modules/jest-circus/build/run.js:121:9)
    at async run (/Users/kietle/Documents/projects/manual-trigger-test-public/node_modules/jest-circus/build/run.js:71:3)
    at async runAndTransformResultsToJestFormat (/Users/kietle/Documents/projects/manual-trigger-test-public/node_modules/jest-circus/build/legacy-code-todo-rewrite/jestAdapterInit.js:122:21)
    at async jestAdapter (/Users/kietle/Documents/projects/manual-trigger-test-public/node_modules/jest-circus/build/legacy-code-todo-rewrite/jestAdapter.js:79:19)
    at async runTestInternal (/Users/kietle/Documents/projects/manual-trigger-test-public/node_modules/jest-runner/build/runTest.js:367:16)
    at async runTest (/Users/kietle/Documents/projects/manual-trigger-test-public/node_modules/jest-runner/build/runTest.js:444:34)</failure>
    </testcase>
    <testcase classname="add function adds 204 + 1 to equal 204" name="add function adds 204 + 1 to equal 204" time="0">
      <failure>Error: expect(received).toBe(expected) // Object.is equality

Expected: 204
Received: 205
    at Object.&lt;anonymous&gt; (/Users/kietle/Documents/projects/manual-trigger-test-public/src/__test__/App.test.js:14:25)
    at Promise.then.completed (/Users/kietle/Documents/projects/manual-trigger-test-public/node_modules/jest-circus/build/utils.js:298:28)
    at new Promise (&lt;anonymous&gt;)
    at callAsyncCircusFn (/Users/kietle/Documents/projects/manual-trigger-test-public/node_modules/jest-circus/build/utils.js:231:10)
    at _callCircusTest (/Users/kietle/Documents/projects/manual-trigger-test-public/node_modules/jest-circus/build/run.js:316:40)
    at processTicksAndRejections (node:internal/process/task_queues:95:5)
    at async _runTest (/Users/kietle/Documents/projects/manual-trigger-test-public/node_modules/jest-circus/build/run.js:252:3)
    at async _runTestsForDescribeBlock (/Users/kietle/Documents/projects/manual-trigger-test-public/node_modules/jest-circus/build/run.js:126:9)
    at async _runTestsForDescribeBlock (/Users/kietle/Documents/projects/manual-trigger-test-public/node_modules/jest-circus/build/run.js:121:9)
    at async run (/Users/kietle/Documents/projects/manual-trigger-test-public/node_modules/jest-circus/build/run.js:71:3)
    at async runAndTransformResultsToJestFormat (/Users/kietle/Documents/projects/manual-trigger-test-public/node_modules/jest-circus/build/legacy-code-todo-rewrite/jestAdapterInit.js:122:21)
    at async jestAdapter (/Users/kietle/Documents/projects/manual-trigger-test-public/node_modules/jest-circus/build/legacy-code-todo-rewrite/jestAdapter.js:79:19)
    at async runTestInternal (/Users/kietle/Documents/projects/manual-trigger-test-public/node_modules/jest-runner/build/runTest.js:367:16)
    at async runTest (/Users/kietle/Documents/projects/manual-trigger-test-public/node_modules/jest-runner/build/runTest.js:444:34)</failure>
    </testcase>
    <testcase classname="add function adds 205 + 1 to equal 205" name="add function adds 205 + 1 to equal 205" time="0.001">
      <failure>Error: expect(received).toBe(expected) // Object.is equality

Expected: 205
Received: 206
    at Object.&lt;anonymous&gt; (/Users/kietle/Documents/projects/manual-trigger-test-public/src/__test__/App.test.js:14:25)
    at Promise.then.completed (/Users/kietle/Documents/projects/manual-trigger-test-public/node_modules/jest-circus/build/utils.js:298:28)
    at new Promise (&lt;anonymous&gt;)
    at callAsyncCircusFn (/Users/kietle/Documents/projects/manual-trigger-test-public/node_modules/jest-circus/build/utils.js:231:10)
    at _callCircusTest (/Users/kietle/Documents/projects/manual-trigger-test-public/node_modules/jest-circus/build/run.js:316:40)
    at processTicksAndRejections (node:internal/process/task_queues:95:5)
    at async _runTest (/Users/kietle/Documents/projects/manual-trigger-test-public/node_modules/jest-circus/build/run.js:252:3)
    at async _runTestsForDescribeBlock (/Users/kietle/Documents/projects/manual-trigger-test-public/node_modules/jest-circus/build/run.js:126:9)
    at async _runTestsForDescribeBlock (/Users/kietle/Documents/projects/manual-trigger-test-public/node_modules/jest-circus/build/run.js:121:9)
    at async run (/Users/kietle/Documents/projects/manual-trigger-test-public/node_modules/jest-circus/build/run.js:71:3)
    at async runAndTransformResultsToJestFormat (/Users/kietle/Documents/projects/manual-trigger-test-public/node_modules/jest-circus/build/legacy-code-todo-rewrite/jestAdapterInit.js:122:21)
    at async jestAdapter (/Users/kietle/Documents/projects/manual-trigger-test-public/node_modules/jest-circus/build/legacy-code-todo-rewrite/jestAdapter.js:79:19)
    at async runTestInternal (/Users/kietle/Documents/projects/manual-trigger-test-public/node_modules/jest-runner/build/runTest.js:367:16)
    at async runTest (/Users/kietle/Documents/projects/manual-trigger-test-public/node_modules/jest-runner/build/runTest.js:444:34)</failure>
    </testcase>
    <testcase classname="add function adds 206 + 1 to equal 206" name="add function adds 206 + 1 to equal 206" time="0">
      <failure>Error: expect(received).toBe(expected) // Object.is equality

Expected: 206
Received: 207
    at Object.&lt;anonymous&gt; (/Users/kietle/Documents/projects/manual-trigger-test-public/src/__test__/App.test.js:14:25)
    at Promise.then.completed (/Users/kietle/Documents/projects/manual-trigger-test-public/node_modules/jest-circus/build/utils.js:298:28)
    at new Promise (&lt;anonymous&gt;)
    at callAsyncCircusFn (/Users/kietle/Documents/projects/manual-trigger-test-public/node_modules/jest-circus/build/utils.js:231:10)
    at _callCircusTest (/Users/kietle/Documents/projects/manual-trigger-test-public/node_modules/jest-circus/build/run.js:316:40)
    at processTicksAndRejections (node:internal/process/task_queues:95:5)
    at async _runTest (/Users/kietle/Documents/projects/manual-trigger-test-public/node_modules/jest-circus/build/run.js:252:3)
    at async _runTestsForDescribeBlock (/Users/kietle/Documents/projects/manual-trigger-test-public/node_modules/jest-circus/build/run.js:126:9)
    at async _runTestsForDescribeBlock (/Users/kietle/Documents/projects/manual-trigger-test-public/node_modules/jest-circus/build/run.js:121:9)
    at async run (/Users/kietle/Documents/projects/manual-trigger-test-public/node_modules/jest-circus/build/run.js:71:3)
    at async runAndTransformResultsToJestFormat (/Users/kietle/Documents/projects/manual-trigger-test-public/node_modules/jest-circus/build/legacy-code-todo-rewrite/jestAdapterInit.js:122:21)
    at async jestAdapter (/Users/kietle/Documents/projects/manual-trigger-test-public/node_modules/jest-circus/build/legacy-code-todo-rewrite/jestAdapter.js:79:19)
    at async runTestInternal (/Users/kietle/Documents/projects/manual-trigger-test-public/node_modules/jest-runner/build/runTest.js:367:16)
    at async runTest (/Users/kietle/Documents/projects/manual-trigger-test-public/node_modules/jest-runner/build/runTest.js:444:34)</failure>
    </testcase>
    <testcase classname="add function adds 207 + 1 to equal 207" name="add function adds 207 + 1 to equal 207" time="0">
      <failure>Error: expect(received).toBe(expected) // Object.is equality

Expected: 207
Received: 208
    at Object.&lt;anonymous&gt; (/Users/kietle/Documents/projects/manual-trigger-test-public/src/__test__/App.test.js:14:25)
    at Promise.then.completed (/Users/kietle/Documents/projects/manual-trigger-test-public/node_modules/jest-circus/build/utils.js:298:28)
    at new Promise (&lt;anonymous&gt;)
    at callAsyncCircusFn (/Users/kietle/Documents/projects/manual-trigger-test-public/node_modules/jest-circus/build/utils.js:231:10)
    at _callCircusTest (/Users/kietle/Documents/projects/manual-trigger-test-public/node_modules/jest-circus/build/run.js:316:40)
    at processTicksAndRejections (node:internal/process/task_queues:95:5)
    at async _runTest (/Users/kietle/Documents/projects/manual-trigger-test-public/node_modules/jest-circus/build/run.js:252:3)
    at async _runTestsForDescribeBlock (/Users/kietle/Documents/projects/manual-trigger-test-public/node_modules/jest-circus/build/run.js:126:9)
    at async _runTestsForDescribeBlock (/Users/kietle/Documents/projects/manual-trigger-test-public/node_modules/jest-circus/build/run.js:121:9)
    at async run (/Users/kietle/Documents/projects/manual-trigger-test-public/node_modules/jest-circus/build/run.js:71:3)
    at async runAndTransformResultsToJestFormat (/Users/kietle/Documents/projects/manual-trigger-test-public/node_modules/jest-circus/build/legacy-code-todo-rewrite/jestAdapterInit.js:122:21)
    at async jestAdapter (/Users/kietle/Documents/projects/manual-trigger-test-public/node_modules/jest-circus/build/legacy-code-todo-rewrite/jestAdapter.js:79:19)
    at async runTestInternal (/Users/kietle/Documents/projects/manual-trigger-test-public/node_modules/jest-runner/build/runTest.js:367:16)
    at async runTest (/Users/kietle/Documents/projects/manual-trigger-test-public/node_modules/jest-runner/build/runTest.js:444:34)</failure>
    </testcase>
    <testcase classname="add function adds 208 + 1 to equal 208" name="add function adds 208 + 1 to equal 208" time="0.001">
      <failure>Error: expect(received).toBe(expected) // Object.is equality

Expected: 208
Received: 209
    at Object.&lt;anonymous&gt; (/Users/kietle/Documents/projects/manual-trigger-test-public/src/__test__/App.test.js:14:25)
    at Promise.then.completed (/Users/kietle/Documents/projects/manual-trigger-test-public/node_modules/jest-circus/build/utils.js:298:28)
    at new Promise (&lt;anonymous&gt;)
    at callAsyncCircusFn (/Users/kietle/Documents/projects/manual-trigger-test-public/node_modules/jest-circus/build/utils.js:231:10)
    at _callCircusTest (/Users/kietle/Documents/projects/manual-trigger-test-public/node_modules/jest-circus/build/run.js:316:40)
    at processTicksAndRejections (node:internal/process/task_queues:95:5)
    at async _runTest (/Users/kietle/Documents/projects/manual-trigger-test-public/node_modules/jest-circus/build/run.js:252:3)
    at async _runTestsForDescribeBlock (/Users/kietle/Documents/projects/manual-trigger-test-public/node_modules/jest-circus/build/run.js:126:9)
    at async _runTestsForDescribeBlock (/Users/kietle/Documents/projects/manual-trigger-test-public/node_modules/jest-circus/build/run.js:121:9)
    at async run (/Users/kietle/Documents/projects/manual-trigger-test-public/node_modules/jest-circus/build/run.js:71:3)
    at async runAndTransformResultsToJestFormat (/Users/kietle/Documents/projects/manual-trigger-test-public/node_modules/jest-circus/build/legacy-code-todo-rewrite/jestAdapterInit.js:122:21)
    at async jestAdapter (/Users/kietle/Documents/projects/manual-trigger-test-public/node_modules/jest-circus/build/legacy-code-todo-rewrite/jestAdapter.js:79:19)
    at async runTestInternal (/Users/kietle/Documents/projects/manual-trigger-test-public/node_modules/jest-runner/build/runTest.js:367:16)
    at async runTest (/Users/kietle/Documents/projects/manual-trigger-test-public/node_modules/jest-runner/build/runTest.js:444:34)</failure>
    </testcase>
    <testcase classname="add function adds 209 + 1 to equal 209" name="add function adds 209 + 1 to equal 209" time="0">
      <failure>Error: expect(received).toBe(expected) // Object.is equality

Expected: 209
Received: 210
    at Object.&lt;anonymous&gt; (/Users/kietle/Documents/projects/manual-trigger-test-public/src/__test__/App.test.js:14:25)
    at Promise.then.completed (/Users/kietle/Documents/projects/manual-trigger-test-public/node_modules/jest-circus/build/utils.js:298:28)
    at new Promise (&lt;anonymous&gt;)
    at callAsyncCircusFn (/Users/kietle/Documents/projects/manual-trigger-test-public/node_modules/jest-circus/build/utils.js:231:10)
    at _callCircusTest (/Users/kietle/Documents/projects/manual-trigger-test-public/node_modules/jest-circus/build/run.js:316:40)
    at processTicksAndRejections (node:internal/process/task_queues:95:5)
    at async _runTest (/Users/kietle/Documents/projects/manual-trigger-test-public/node_modules/jest-circus/build/run.js:252:3)
    at async _runTestsForDescribeBlock (/Users/kietle/Documents/projects/manual-trigger-test-public/node_modules/jest-circus/build/run.js:126:9)
    at async _runTestsForDescribeBlock (/Users/kietle/Documents/projects/manual-trigger-test-public/node_modules/jest-circus/build/run.js:121:9)
    at async run (/Users/kietle/Documents/projects/manual-trigger-test-public/node_modules/jest-circus/build/run.js:71:3)
    at async runAndTransformResultsToJestFormat (/Users/kietle/Documents/projects/manual-trigger-test-public/node_modules/jest-circus/build/legacy-code-todo-rewrite/jestAdapterInit.js:122:21)
    at async jestAdapter (/Users/kietle/Documents/projects/manual-trigger-test-public/node_modules/jest-circus/build/legacy-code-todo-rewrite/jestAdapter.js:79:19)
    at async runTestInternal (/Users/kietle/Documents/projects/manual-trigger-test-public/node_modules/jest-runner/build/runTest.js:367:16)
    at async runTest (/Users/kietle/Documents/projects/manual-trigger-test-public/node_modules/jest-runner/build/runTest.js:444:34)</failure>
    </testcase>
    <testcase classname="add function adds 210 + 1 to equal 210" name="add function adds 210 + 1 to equal 210" time="0">
      <failure>Error: expect(received).toBe(expected) // Object.is equality

Expected: 210
Received: 211
    at Object.&lt;anonymous&gt; (/Users/kietle/Documents/projects/manual-trigger-test-public/src/__test__/App.test.js:14:25)
    at Promise.then.completed (/Users/kietle/Documents/projects/manual-trigger-test-public/node_modules/jest-circus/build/utils.js:298:28)
    at new Promise (&lt;anonymous&gt;)
    at callAsyncCircusFn (/Users/kietle/Documents/projects/manual-trigger-test-public/node_modules/jest-circus/build/utils.js:231:10)
    at _callCircusTest (/Users/kietle/Documents/projects/manual-trigger-test-public/node_modules/jest-circus/build/run.js:316:40)
    at processTicksAndRejections (node:internal/process/task_queues:95:5)
    at async _runTest (/Users/kietle/Documents/projects/manual-trigger-test-public/node_modules/jest-circus/build/run.js:252:3)
    at async _runTestsForDescribeBlock (/Users/kietle/Documents/projects/manual-trigger-test-public/node_modules/jest-circus/build/run.js:126:9)
    at async _runTestsForDescribeBlock (/Users/kietle/Documents/projects/manual-trigger-test-public/node_modules/jest-circus/build/run.js:121:9)
    at async run (/Users/kietle/Documents/projects/manual-trigger-test-public/node_modules/jest-circus/build/run.js:71:3)
    at async runAndTransformResultsToJestFormat (/Users/kietle/Documents/projects/manual-trigger-test-public/node_modules/jest-circus/build/legacy-code-todo-rewrite/jestAdapterInit.js:122:21)
    at async jestAdapter (/Users/kietle/Documents/projects/manual-trigger-test-public/node_modules/jest-circus/build/legacy-code-todo-rewrite/jestAdapter.js:79:19)
    at async runTestInternal (/Users/kietle/Documents/projects/manual-trigger-test-public/node_modules/jest-runner/build/runTest.js:367:16)
    at async runTest (/Users/kietle/Documents/projects/manual-trigger-test-public/node_modules/jest-runner/build/runTest.js:444:34)</failure>
    </testcase>
    <testcase classname="add function adds 211 + 1 to equal 211" name="add function adds 211 + 1 to equal 211" time="0">
      <failure>Error: expect(received).toBe(expected) // Object.is equality

Expected: 211
Received: 212
    at Object.&lt;anonymous&gt; (/Users/kietle/Documents/projects/manual-trigger-test-public/src/__test__/App.test.js:14:25)
    at Promise.then.completed (/Users/kietle/Documents/projects/manual-trigger-test-public/node_modules/jest-circus/build/utils.js:298:28)
    at new Promise (&lt;anonymous&gt;)
    at callAsyncCircusFn (/Users/kietle/Documents/projects/manual-trigger-test-public/node_modules/jest-circus/build/utils.js:231:10)
    at _callCircusTest (/Users/kietle/Documents/projects/manual-trigger-test-public/node_modules/jest-circus/build/run.js:316:40)
    at processTicksAndRejections (node:internal/process/task_queues:95:5)
    at async _runTest (/Users/kietle/Documents/projects/manual-trigger-test-public/node_modules/jest-circus/build/run.js:252:3)
    at async _runTestsForDescribeBlock (/Users/kietle/Documents/projects/manual-trigger-test-public/node_modules/jest-circus/build/run.js:126:9)
    at async _runTestsForDescribeBlock (/Users/kietle/Documents/projects/manual-trigger-test-public/node_modules/jest-circus/build/run.js:121:9)
    at async run (/Users/kietle/Documents/projects/manual-trigger-test-public/node_modules/jest-circus/build/run.js:71:3)
    at async runAndTransformResultsToJestFormat (/Users/kietle/Documents/projects/manual-trigger-test-public/node_modules/jest-circus/build/legacy-code-todo-rewrite/jestAdapterInit.js:122:21)
    at async jestAdapter (/Users/kietle/Documents/projects/manual-trigger-test-public/node_modules/jest-circus/build/legacy-code-todo-rewrite/jestAdapter.js:79:19)
    at async runTestInternal (/Users/kietle/Documents/projects/manual-trigger-test-public/node_modules/jest-runner/build/runTest.js:367:16)
    at async runTest (/Users/kietle/Documents/projects/manual-trigger-test-public/node_modules/jest-runner/build/runTest.js:444:34)</failure>
    </testcase>
    <testcase classname="add function adds 212 + 1 to equal 212" name="add function adds 212 + 1 to equal 212" time="0">
      <failure>Error: expect(received).toBe(expected) // Object.is equality

Expected: 212
Received: 213
    at Object.&lt;anonymous&gt; (/Users/kietle/Documents/projects/manual-trigger-test-public/src/__test__/App.test.js:14:25)
    at Promise.then.completed (/Users/kietle/Documents/projects/manual-trigger-test-public/node_modules/jest-circus/build/utils.js:298:28)
    at new Promise (&lt;anonymous&gt;)
    at callAsyncCircusFn (/Users/kietle/Documents/projects/manual-trigger-test-public/node_modules/jest-circus/build/utils.js:231:10)
    at _callCircusTest (/Users/kietle/Documents/projects/manual-trigger-test-public/node_modules/jest-circus/build/run.js:316:40)
    at processTicksAndRejections (node:internal/process/task_queues:95:5)
    at async _runTest (/Users/kietle/Documents/projects/manual-trigger-test-public/node_modules/jest-circus/build/run.js:252:3)
    at async _runTestsForDescribeBlock (/Users/kietle/Documents/projects/manual-trigger-test-public/node_modules/jest-circus/build/run.js:126:9)
    at async _runTestsForDescribeBlock (/Users/kietle/Documents/projects/manual-trigger-test-public/node_modules/jest-circus/build/run.js:121:9)
    at async run (/Users/kietle/Documents/projects/manual-trigger-test-public/node_modules/jest-circus/build/run.js:71:3)
    at async runAndTransformResultsToJestFormat (/Users/kietle/Documents/projects/manual-trigger-test-public/node_modules/jest-circus/build/legacy-code-todo-rewrite/jestAdapterInit.js:122:21)
    at async jestAdapter (/Users/kietle/Documents/projects/manual-trigger-test-public/node_modules/jest-circus/build/legacy-code-todo-rewrite/jestAdapter.js:79:19)
    at async runTestInternal (/Users/kietle/Documents/projects/manual-trigger-test-public/node_modules/jest-runner/build/runTest.js:367:16)
    at async runTest (/Users/kietle/Documents/projects/manual-trigger-test-public/node_modules/jest-runner/build/runTest.js:444:34)</failure>
    </testcase>
    <testcase classname="add function adds 213 + 1 to equal 213" name="add function adds 213 + 1 to equal 213" time="0.001">
      <failure>Error: expect(received).toBe(expected) // Object.is equality

Expected: 213
Received: 214
    at Object.&lt;anonymous&gt; (/Users/kietle/Documents/projects/manual-trigger-test-public/src/__test__/App.test.js:14:25)
    at Promise.then.completed (/Users/kietle/Documents/projects/manual-trigger-test-public/node_modules/jest-circus/build/utils.js:298:28)
    at new Promise (&lt;anonymous&gt;)
    at callAsyncCircusFn (/Users/kietle/Documents/projects/manual-trigger-test-public/node_modules/jest-circus/build/utils.js:231:10)
    at _callCircusTest (/Users/kietle/Documents/projects/manual-trigger-test-public/node_modules/jest-circus/build/run.js:316:40)
    at processTicksAndRejections (node:internal/process/task_queues:95:5)
    at async _runTest (/Users/kietle/Documents/projects/manual-trigger-test-public/node_modules/jest-circus/build/run.js:252:3)
    at async _runTestsForDescribeBlock (/Users/kietle/Documents/projects/manual-trigger-test-public/node_modules/jest-circus/build/run.js:126:9)
    at async _runTestsForDescribeBlock (/Users/kietle/Documents/projects/manual-trigger-test-public/node_modules/jest-circus/build/run.js:121:9)
    at async run (/Users/kietle/Documents/projects/manual-trigger-test-public/node_modules/jest-circus/build/run.js:71:3)
    at async runAndTransformResultsToJestFormat (/Users/kietle/Documents/projects/manual-trigger-test-public/node_modules/jest-circus/build/legacy-code-todo-rewrite/jestAdapterInit.js:122:21)
    at async jestAdapter (/Users/kietle/Documents/projects/manual-trigger-test-public/node_modules/jest-circus/build/legacy-code-todo-rewrite/jestAdapter.js:79:19)
    at async runTestInternal (/Users/kietle/Documents/projects/manual-trigger-test-public/node_modules/jest-runner/build/runTest.js:367:16)
    at async runTest (/Users/kietle/Documents/projects/manual-trigger-test-public/node_modules/jest-runner/build/runTest.js:444:34)</failure>
    </testcase>
    <testcase classname="add function adds 214 + 1 to equal 214" name="add function adds 214 + 1 to equal 214" time="0">
      <failure>Error: expect(received).toBe(expected) // Object.is equality

Expected: 214
Received: 215
    at Object.&lt;anonymous&gt; (/Users/kietle/Documents/projects/manual-trigger-test-public/src/__test__/App.test.js:14:25)
    at Promise.then.completed (/Users/kietle/Documents/projects/manual-trigger-test-public/node_modules/jest-circus/build/utils.js:298:28)
    at new Promise (&lt;anonymous&gt;)
    at callAsyncCircusFn (/Users/kietle/Documents/projects/manual-trigger-test-public/node_modules/jest-circus/build/utils.js:231:10)
    at _callCircusTest (/Users/kietle/Documents/projects/manual-trigger-test-public/node_modules/jest-circus/build/run.js:316:40)
    at processTicksAndRejections (node:internal/process/task_queues:95:5)
    at async _runTest (/Users/kietle/Documents/projects/manual-trigger-test-public/node_modules/jest-circus/build/run.js:252:3)
    at async _runTestsForDescribeBlock (/Users/kietle/Documents/projects/manual-trigger-test-public/node_modules/jest-circus/build/run.js:126:9)
    at async _runTestsForDescribeBlock (/Users/kietle/Documents/projects/manual-trigger-test-public/node_modules/jest-circus/build/run.js:121:9)
    at async run (/Users/kietle/Documents/projects/manual-trigger-test-public/node_modules/jest-circus/build/run.js:71:3)
    at async runAndTransformResultsToJestFormat (/Users/kietle/Documents/projects/manual-trigger-test-public/node_modules/jest-circus/build/legacy-code-todo-rewrite/jestAdapterInit.js:122:21)
    at async jestAdapter (/Users/kietle/Documents/projects/manual-trigger-test-public/node_modules/jest-circus/build/legacy-code-todo-rewrite/jestAdapter.js:79:19)
    at async runTestInternal (/Users/kietle/Documents/projects/manual-trigger-test-public/node_modules/jest-runner/build/runTest.js:367:16)
    at async runTest (/Users/kietle/Documents/projects/manual-trigger-test-public/node_modules/jest-runner/build/runTest.js:444:34)</failure>
    </testcase>
    <testcase classname="add function adds 215 + 1 to equal 215" name="add function adds 215 + 1 to equal 215" time="0">
      <failure>Error: expect(received).toBe(expected) // Object.is equality

Expected: 215
Received: 216
    at Object.&lt;anonymous&gt; (/Users/kietle/Documents/projects/manual-trigger-test-public/src/__test__/App.test.js:14:25)
    at Promise.then.completed (/Users/kietle/Documents/projects/manual-trigger-test-public/node_modules/jest-circus/build/utils.js:298:28)
    at new Promise (&lt;anonymous&gt;)
    at callAsyncCircusFn (/Users/kietle/Documents/projects/manual-trigger-test-public/node_modules/jest-circus/build/utils.js:231:10)
    at _callCircusTest (/Users/kietle/Documents/projects/manual-trigger-test-public/node_modules/jest-circus/build/run.js:316:40)
    at processTicksAndRejections (node:internal/process/task_queues:95:5)
    at async _runTest (/Users/kietle/Documents/projects/manual-trigger-test-public/node_modules/jest-circus/build/run.js:252:3)
    at async _runTestsForDescribeBlock (/Users/kietle/Documents/projects/manual-trigger-test-public/node_modules/jest-circus/build/run.js:126:9)
    at async _runTestsForDescribeBlock (/Users/kietle/Documents/projects/manual-trigger-test-public/node_modules/jest-circus/build/run.js:121:9)
    at async run (/Users/kietle/Documents/projects/manual-trigger-test-public/node_modules/jest-circus/build/run.js:71:3)
    at async runAndTransformResultsToJestFormat (/Users/kietle/Documents/projects/manual-trigger-test-public/node_modules/jest-circus/build/legacy-code-todo-rewrite/jestAdapterInit.js:122:21)
    at async jestAdapter (/Users/kietle/Documents/projects/manual-trigger-test-public/node_modules/jest-circus/build/legacy-code-todo-rewrite/jestAdapter.js:79:19)
    at async runTestInternal (/Users/kietle/Documents/projects/manual-trigger-test-public/node_modules/jest-runner/build/runTest.js:367:16)
    at async runTest (/Users/kietle/Documents/projects/manual-trigger-test-public/node_modules/jest-runner/build/runTest.js:444:34)</failure>
    </testcase>
    <testcase classname="add function adds 216 + 1 to equal 216" name="add function adds 216 + 1 to equal 216" time="0">
      <failure>Error: expect(received).toBe(expected) // Object.is equality

Expected: 216
Received: 217
    at Object.&lt;anonymous&gt; (/Users/kietle/Documents/projects/manual-trigger-test-public/src/__test__/App.test.js:14:25)
    at Promise.then.completed (/Users/kietle/Documents/projects/manual-trigger-test-public/node_modules/jest-circus/build/utils.js:298:28)
    at new Promise (&lt;anonymous&gt;)
    at callAsyncCircusFn (/Users/kietle/Documents/projects/manual-trigger-test-public/node_modules/jest-circus/build/utils.js:231:10)
    at _callCircusTest (/Users/kietle/Documents/projects/manual-trigger-test-public/node_modules/jest-circus/build/run.js:316:40)
    at processTicksAndRejections (node:internal/process/task_queues:95:5)
    at async _runTest (/Users/kietle/Documents/projects/manual-trigger-test-public/node_modules/jest-circus/build/run.js:252:3)
    at async _runTestsForDescribeBlock (/Users/kietle/Documents/projects/manual-trigger-test-public/node_modules/jest-circus/build/run.js:126:9)
    at async _runTestsForDescribeBlock (/Users/kietle/Documents/projects/manual-trigger-test-public/node_modules/jest-circus/build/run.js:121:9)
    at async run (/Users/kietle/Documents/projects/manual-trigger-test-public/node_modules/jest-circus/build/run.js:71:3)
    at async runAndTransformResultsToJestFormat (/Users/kietle/Documents/projects/manual-trigger-test-public/node_modules/jest-circus/build/legacy-code-todo-rewrite/jestAdapterInit.js:122:21)
    at async jestAdapter (/Users/kietle/Documents/projects/manual-trigger-test-public/node_modules/jest-circus/build/legacy-code-todo-rewrite/jestAdapter.js:79:19)
    at async runTestInternal (/Users/kietle/Documents/projects/manual-trigger-test-public/node_modules/jest-runner/build/runTest.js:367:16)
    at async runTest (/Users/kietle/Documents/projects/manual-trigger-test-public/node_modules/jest-runner/build/runTest.js:444:34)</failure>
    </testcase>
    <testcase classname="add function adds 217 + 1 to equal 217" name="add function adds 217 + 1 to equal 217" time="0.001">
      <failure>Error: expect(received).toBe(expected) // Object.is equality

Expected: 217
Received: 218
    at Object.&lt;anonymous&gt; (/Users/kietle/Documents/projects/manual-trigger-test-public/src/__test__/App.test.js:14:25)
    at Promise.then.completed (/Users/kietle/Documents/projects/manual-trigger-test-public/node_modules/jest-circus/build/utils.js:298:28)
    at new Promise (&lt;anonymous&gt;)
    at callAsyncCircusFn (/Users/kietle/Documents/projects/manual-trigger-test-public/node_modules/jest-circus/build/utils.js:231:10)
    at _callCircusTest (/Users/kietle/Documents/projects/manual-trigger-test-public/node_modules/jest-circus/build/run.js:316:40)
    at processTicksAndRejections (node:internal/process/task_queues:95:5)
    at async _runTest (/Users/kietle/Documents/projects/manual-trigger-test-public/node_modules/jest-circus/build/run.js:252:3)
    at async _runTestsForDescribeBlock (/Users/kietle/Documents/projects/manual-trigger-test-public/node_modules/jest-circus/build/run.js:126:9)
    at async _runTestsForDescribeBlock (/Users/kietle/Documents/projects/manual-trigger-test-public/node_modules/jest-circus/build/run.js:121:9)
    at async run (/Users/kietle/Documents/projects/manual-trigger-test-public/node_modules/jest-circus/build/run.js:71:3)
    at async runAndTransformResultsToJestFormat (/Users/kietle/Documents/projects/manual-trigger-test-public/node_modules/jest-circus/build/legacy-code-todo-rewrite/jestAdapterInit.js:122:21)
    at async jestAdapter (/Users/kietle/Documents/projects/manual-trigger-test-public/node_modules/jest-circus/build/legacy-code-todo-rewrite/jestAdapter.js:79:19)
    at async runTestInternal (/Users/kietle/Documents/projects/manual-trigger-test-public/node_modules/jest-runner/build/runTest.js:367:16)
    at async runTest (/Users/kietle/Documents/projects/manual-trigger-test-public/node_modules/jest-runner/build/runTest.js:444:34)</failure>
    </testcase>
    <testcase classname="add function adds 218 + 1 to equal 218" name="add function adds 218 + 1 to equal 218" time="0">
      <failure>Error: expect(received).toBe(expected) // Object.is equality

Expected: 218
Received: 219
    at Object.&lt;anonymous&gt; (/Users/kietle/Documents/projects/manual-trigger-test-public/src/__test__/App.test.js:14:25)
    at Promise.then.completed (/Users/kietle/Documents/projects/manual-trigger-test-public/node_modules/jest-circus/build/utils.js:298:28)
    at new Promise (&lt;anonymous&gt;)
    at callAsyncCircusFn (/Users/kietle/Documents/projects/manual-trigger-test-public/node_modules/jest-circus/build/utils.js:231:10)
    at _callCircusTest (/Users/kietle/Documents/projects/manual-trigger-test-public/node_modules/jest-circus/build/run.js:316:40)
    at processTicksAndRejections (node:internal/process/task_queues:95:5)
    at async _runTest (/Users/kietle/Documents/projects/manual-trigger-test-public/node_modules/jest-circus/build/run.js:252:3)
    at async _runTestsForDescribeBlock (/Users/kietle/Documents/projects/manual-trigger-test-public/node_modules/jest-circus/build/run.js:126:9)
    at async _runTestsForDescribeBlock (/Users/kietle/Documents/projects/manual-trigger-test-public/node_modules/jest-circus/build/run.js:121:9)
    at async run (/Users/kietle/Documents/projects/manual-trigger-test-public/node_modules/jest-circus/build/run.js:71:3)
    at async runAndTransformResultsToJestFormat (/Users/kietle/Documents/projects/manual-trigger-test-public/node_modules/jest-circus/build/legacy-code-todo-rewrite/jestAdapterInit.js:122:21)
    at async jestAdapter (/Users/kietle/Documents/projects/manual-trigger-test-public/node_modules/jest-circus/build/legacy-code-todo-rewrite/jestAdapter.js:79:19)
    at async runTestInternal (/Users/kietle/Documents/projects/manual-trigger-test-public/node_modules/jest-runner/build/runTest.js:367:16)
    at async runTest (/Users/kietle/Documents/projects/manual-trigger-test-public/node_modules/jest-runner/build/runTest.js:444:34)</failure>
    </testcase>
    <testcase classname="add function adds 219 + 1 to equal 219" name="add function adds 219 + 1 to equal 219" time="0">
      <failure>Error: expect(received).toBe(expected) // Object.is equality

Expected: 219
Received: 220
    at Object.&lt;anonymous&gt; (/Users/kietle/Documents/projects/manual-trigger-test-public/src/__test__/App.test.js:14:25)
    at Promise.then.completed (/Users/kietle/Documents/projects/manual-trigger-test-public/node_modules/jest-circus/build/utils.js:298:28)
    at new Promise (&lt;anonymous&gt;)
    at callAsyncCircusFn (/Users/kietle/Documents/projects/manual-trigger-test-public/node_modules/jest-circus/build/utils.js:231:10)
    at _callCircusTest (/Users/kietle/Documents/projects/manual-trigger-test-public/node_modules/jest-circus/build/run.js:316:40)
    at processTicksAndRejections (node:internal/process/task_queues:95:5)
    at async _runTest (/Users/kietle/Documents/projects/manual-trigger-test-public/node_modules/jest-circus/build/run.js:252:3)
    at async _runTestsForDescribeBlock (/Users/kietle/Documents/projects/manual-trigger-test-public/node_modules/jest-circus/build/run.js:126:9)
    at async _runTestsForDescribeBlock (/Users/kietle/Documents/projects/manual-trigger-test-public/node_modules/jest-circus/build/run.js:121:9)
    at async run (/Users/kietle/Documents/projects/manual-trigger-test-public/node_modules/jest-circus/build/run.js:71:3)
    at async runAndTransformResultsToJestFormat (/Users/kietle/Documents/projects/manual-trigger-test-public/node_modules/jest-circus/build/legacy-code-todo-rewrite/jestAdapterInit.js:122:21)
    at async jestAdapter (/Users/kietle/Documents/projects/manual-trigger-test-public/node_modules/jest-circus/build/legacy-code-todo-rewrite/jestAdapter.js:79:19)
    at async runTestInternal (/Users/kietle/Documents/projects/manual-trigger-test-public/node_modules/jest-runner/build/runTest.js:367:16)
    at async runTest (/Users/kietle/Documents/projects/manual-trigger-test-public/node_modules/jest-runner/build/runTest.js:444:34)</failure>
    </testcase>
    <testcase classname="add function adds 220 + 1 to equal 220" name="add function adds 220 + 1 to equal 220" time="0">
      <failure>Error: expect(received).toBe(expected) // Object.is equality

Expected: 220
Received: 221
    at Object.&lt;anonymous&gt; (/Users/kietle/Documents/projects/manual-trigger-test-public/src/__test__/App.test.js:14:25)
    at Promise.then.completed (/Users/kietle/Documents/projects/manual-trigger-test-public/node_modules/jest-circus/build/utils.js:298:28)
    at new Promise (&lt;anonymous&gt;)
    at callAsyncCircusFn (/Users/kietle/Documents/projects/manual-trigger-test-public/node_modules/jest-circus/build/utils.js:231:10)
    at _callCircusTest (/Users/kietle/Documents/projects/manual-trigger-test-public/node_modules/jest-circus/build/run.js:316:40)
    at processTicksAndRejections (node:internal/process/task_queues:95:5)
    at async _runTest (/Users/kietle/Documents/projects/manual-trigger-test-public/node_modules/jest-circus/build/run.js:252:3)
    at async _runTestsForDescribeBlock (/Users/kietle/Documents/projects/manual-trigger-test-public/node_modules/jest-circus/build/run.js:126:9)
    at async _runTestsForDescribeBlock (/Users/kietle/Documents/projects/manual-trigger-test-public/node_modules/jest-circus/build/run.js:121:9)
    at async run (/Users/kietle/Documents/projects/manual-trigger-test-public/node_modules/jest-circus/build/run.js:71:3)
    at async runAndTransformResultsToJestFormat (/Users/kietle/Documents/projects/manual-trigger-test-public/node_modules/jest-circus/build/legacy-code-todo-rewrite/jestAdapterInit.js:122:21)
    at async jestAdapter (/Users/kietle/Documents/projects/manual-trigger-test-public/node_modules/jest-circus/build/legacy-code-todo-rewrite/jestAdapter.js:79:19)
    at async runTestInternal (/Users/kietle/Documents/projects/manual-trigger-test-public/node_modules/jest-runner/build/runTest.js:367:16)
    at async runTest (/Users/kietle/Documents/projects/manual-trigger-test-public/node_modules/jest-runner/build/runTest.js:444:34)</failure>
    </testcase>
    <testcase classname="add function adds 221 + 1 to equal 221" name="add function adds 221 + 1 to equal 221" time="0">
      <failure>Error: expect(received).toBe(expected) // Object.is equality

Expected: 221
Received: 222
    at Object.&lt;anonymous&gt; (/Users/kietle/Documents/projects/manual-trigger-test-public/src/__test__/App.test.js:14:25)
    at Promise.then.completed (/Users/kietle/Documents/projects/manual-trigger-test-public/node_modules/jest-circus/build/utils.js:298:28)
    at new Promise (&lt;anonymous&gt;)
    at callAsyncCircusFn (/Users/kietle/Documents/projects/manual-trigger-test-public/node_modules/jest-circus/build/utils.js:231:10)
    at _callCircusTest (/Users/kietle/Documents/projects/manual-trigger-test-public/node_modules/jest-circus/build/run.js:316:40)
    at processTicksAndRejections (node:internal/process/task_queues:95:5)
    at async _runTest (/Users/kietle/Documents/projects/manual-trigger-test-public/node_modules/jest-circus/build/run.js:252:3)
    at async _runTestsForDescribeBlock (/Users/kietle/Documents/projects/manual-trigger-test-public/node_modules/jest-circus/build/run.js:126:9)
    at async _runTestsForDescribeBlock (/Users/kietle/Documents/projects/manual-trigger-test-public/node_modules/jest-circus/build/run.js:121:9)
    at async run (/Users/kietle/Documents/projects/manual-trigger-test-public/node_modules/jest-circus/build/run.js:71:3)
    at async runAndTransformResultsToJestFormat (/Users/kietle/Documents/projects/manual-trigger-test-public/node_modules/jest-circus/build/legacy-code-todo-rewrite/jestAdapterInit.js:122:21)
    at async jestAdapter (/Users/kietle/Documents/projects/manual-trigger-test-public/node_modules/jest-circus/build/legacy-code-todo-rewrite/jestAdapter.js:79:19)
    at async runTestInternal (/Users/kietle/Documents/projects/manual-trigger-test-public/node_modules/jest-runner/build/runTest.js:367:16)
    at async runTest (/Users/kietle/Documents/projects/manual-trigger-test-public/node_modules/jest-runner/build/runTest.js:444:34)</failure>
    </testcase>
    <testcase classname="add function adds 222 + 1 to equal 222" name="add function adds 222 + 1 to equal 222" time="0">
      <failure>Error: expect(received).toBe(expected) // Object.is equality

Expected: 222
Received: 223
    at Object.&lt;anonymous&gt; (/Users/kietle/Documents/projects/manual-trigger-test-public/src/__test__/App.test.js:14:25)
    at Promise.then.completed (/Users/kietle/Documents/projects/manual-trigger-test-public/node_modules/jest-circus/build/utils.js:298:28)
    at new Promise (&lt;anonymous&gt;)
    at callAsyncCircusFn (/Users/kietle/Documents/projects/manual-trigger-test-public/node_modules/jest-circus/build/utils.js:231:10)
    at _callCircusTest (/Users/kietle/Documents/projects/manual-trigger-test-public/node_modules/jest-circus/build/run.js:316:40)
    at processTicksAndRejections (node:internal/process/task_queues:95:5)
    at async _runTest (/Users/kietle/Documents/projects/manual-trigger-test-public/node_modules/jest-circus/build/run.js:252:3)
    at async _runTestsForDescribeBlock (/Users/kietle/Documents/projects/manual-trigger-test-public/node_modules/jest-circus/build/run.js:126:9)
    at async _runTestsForDescribeBlock (/Users/kietle/Documents/projects/manual-trigger-test-public/node_modules/jest-circus/build/run.js:121:9)
    at async run (/Users/kietle/Documents/projects/manual-trigger-test-public/node_modules/jest-circus/build/run.js:71:3)
    at async runAndTransformResultsToJestFormat (/Users/kietle/Documents/projects/manual-trigger-test-public/node_modules/jest-circus/build/legacy-code-todo-rewrite/jestAdapterInit.js:122:21)
    at async jestAdapter (/Users/kietle/Documents/projects/manual-trigger-test-public/node_modules/jest-circus/build/legacy-code-todo-rewrite/jestAdapter.js:79:19)
    at async runTestInternal (/Users/kietle/Documents/projects/manual-trigger-test-public/node_modules/jest-runner/build/runTest.js:367:16)
    at async runTest (/Users/kietle/Documents/projects/manual-trigger-test-public/node_modules/jest-runner/build/runTest.js:444:34)</failure>
    </testcase>
    <testcase classname="add function adds 223 + 1 to equal 223" name="add function adds 223 + 1 to equal 223" time="0">
      <failure>Error: expect(received).toBe(expected) // Object.is equality

Expected: 223
Received: 224
    at Object.&lt;anonymous&gt; (/Users/kietle/Documents/projects/manual-trigger-test-public/src/__test__/App.test.js:14:25)
    at Promise.then.completed (/Users/kietle/Documents/projects/manual-trigger-test-public/node_modules/jest-circus/build/utils.js:298:28)
    at new Promise (&lt;anonymous&gt;)
    at callAsyncCircusFn (/Users/kietle/Documents/projects/manual-trigger-test-public/node_modules/jest-circus/build/utils.js:231:10)
    at _callCircusTest (/Users/kietle/Documents/projects/manual-trigger-test-public/node_modules/jest-circus/build/run.js:316:40)
    at processTicksAndRejections (node:internal/process/task_queues:95:5)
    at async _runTest (/Users/kietle/Documents/projects/manual-trigger-test-public/node_modules/jest-circus/build/run.js:252:3)
    at async _runTestsForDescribeBlock (/Users/kietle/Documents/projects/manual-trigger-test-public/node_modules/jest-circus/build/run.js:126:9)
    at async _runTestsForDescribeBlock (/Users/kietle/Documents/projects/manual-trigger-test-public/node_modules/jest-circus/build/run.js:121:9)
    at async run (/Users/kietle/Documents/projects/manual-trigger-test-public/node_modules/jest-circus/build/run.js:71:3)
    at async runAndTransformResultsToJestFormat (/Users/kietle/Documents/projects/manual-trigger-test-public/node_modules/jest-circus/build/legacy-code-todo-rewrite/jestAdapterInit.js:122:21)
    at async jestAdapter (/Users/kietle/Documents/projects/manual-trigger-test-public/node_modules/jest-circus/build/legacy-code-todo-rewrite/jestAdapter.js:79:19)
    at async runTestInternal (/Users/kietle/Documents/projects/manual-trigger-test-public/node_modules/jest-runner/build/runTest.js:367:16)
    at async runTest (/Users/kietle/Documents/projects/manual-trigger-test-public/node_modules/jest-runner/build/runTest.js:444:34)</failure>
    </testcase>
    <testcase classname="add function adds 224 + 1 to equal 224" name="add function adds 224 + 1 to equal 224" time="0">
      <failure>Error: expect(received).toBe(expected) // Object.is equality

Expected: 224
Received: 225
    at Object.&lt;anonymous&gt; (/Users/kietle/Documents/projects/manual-trigger-test-public/src/__test__/App.test.js:14:25)
    at Promise.then.completed (/Users/kietle/Documents/projects/manual-trigger-test-public/node_modules/jest-circus/build/utils.js:298:28)
    at new Promise (&lt;anonymous&gt;)
    at callAsyncCircusFn (/Users/kietle/Documents/projects/manual-trigger-test-public/node_modules/jest-circus/build/utils.js:231:10)
    at _callCircusTest (/Users/kietle/Documents/projects/manual-trigger-test-public/node_modules/jest-circus/build/run.js:316:40)
    at processTicksAndRejections (node:internal/process/task_queues:95:5)
    at async _runTest (/Users/kietle/Documents/projects/manual-trigger-test-public/node_modules/jest-circus/build/run.js:252:3)
    at async _runTestsForDescribeBlock (/Users/kietle/Documents/projects/manual-trigger-test-public/node_modules/jest-circus/build/run.js:126:9)
    at async _runTestsForDescribeBlock (/Users/kietle/Documents/projects/manual-trigger-test-public/node_modules/jest-circus/build/run.js:121:9)
    at async run (/Users/kietle/Documents/projects/manual-trigger-test-public/node_modules/jest-circus/build/run.js:71:3)
    at async runAndTransformResultsToJestFormat (/Users/kietle/Documents/projects/manual-trigger-test-public/node_modules/jest-circus/build/legacy-code-todo-rewrite/jestAdapterInit.js:122:21)
    at async jestAdapter (/Users/kietle/Documents/projects/manual-trigger-test-public/node_modules/jest-circus/build/legacy-code-todo-rewrite/jestAdapter.js:79:19)
    at async runTestInternal (/Users/kietle/Documents/projects/manual-trigger-test-public/node_modules/jest-runner/build/runTest.js:367:16)
    at async runTest (/Users/kietle/Documents/projects/manual-trigger-test-public/node_modules/jest-runner/build/runTest.js:444:34)</failure>
    </testcase>
    <testcase classname="add function adds 225 + 1 to equal 225" name="add function adds 225 + 1 to equal 225" time="0">
      <failure>Error: expect(received).toBe(expected) // Object.is equality

Expected: 225
Received: 226
    at Object.&lt;anonymous&gt; (/Users/kietle/Documents/projects/manual-trigger-test-public/src/__test__/App.test.js:14:25)
    at Promise.then.completed (/Users/kietle/Documents/projects/manual-trigger-test-public/node_modules/jest-circus/build/utils.js:298:28)
    at new Promise (&lt;anonymous&gt;)
    at callAsyncCircusFn (/Users/kietle/Documents/projects/manual-trigger-test-public/node_modules/jest-circus/build/utils.js:231:10)
    at _callCircusTest (/Users/kietle/Documents/projects/manual-trigger-test-public/node_modules/jest-circus/build/run.js:316:40)
    at processTicksAndRejections (node:internal/process/task_queues:95:5)
    at async _runTest (/Users/kietle/Documents/projects/manual-trigger-test-public/node_modules/jest-circus/build/run.js:252:3)
    at async _runTestsForDescribeBlock (/Users/kietle/Documents/projects/manual-trigger-test-public/node_modules/jest-circus/build/run.js:126:9)
    at async _runTestsForDescribeBlock (/Users/kietle/Documents/projects/manual-trigger-test-public/node_modules/jest-circus/build/run.js:121:9)
    at async run (/Users/kietle/Documents/projects/manual-trigger-test-public/node_modules/jest-circus/build/run.js:71:3)
    at async runAndTransformResultsToJestFormat (/Users/kietle/Documents/projects/manual-trigger-test-public/node_modules/jest-circus/build/legacy-code-todo-rewrite/jestAdapterInit.js:122:21)
    at async jestAdapter (/Users/kietle/Documents/projects/manual-trigger-test-public/node_modules/jest-circus/build/legacy-code-todo-rewrite/jestAdapter.js:79:19)
    at async runTestInternal (/Users/kietle/Documents/projects/manual-trigger-test-public/node_modules/jest-runner/build/runTest.js:367:16)
    at async runTest (/Users/kietle/Documents/projects/manual-trigger-test-public/node_modules/jest-runner/build/runTest.js:444:34)</failure>
    </testcase>
    <testcase classname="add function adds 226 + 1 to equal 226" name="add function adds 226 + 1 to equal 226" time="0.001">
      <failure>Error: expect(received).toBe(expected) // Object.is equality

Expected: 226
Received: 227
    at Object.&lt;anonymous&gt; (/Users/kietle/Documents/projects/manual-trigger-test-public/src/__test__/App.test.js:14:25)
    at Promise.then.completed (/Users/kietle/Documents/projects/manual-trigger-test-public/node_modules/jest-circus/build/utils.js:298:28)
    at new Promise (&lt;anonymous&gt;)
    at callAsyncCircusFn (/Users/kietle/Documents/projects/manual-trigger-test-public/node_modules/jest-circus/build/utils.js:231:10)
    at _callCircusTest (/Users/kietle/Documents/projects/manual-trigger-test-public/node_modules/jest-circus/build/run.js:316:40)
    at processTicksAndRejections (node:internal/process/task_queues:95:5)
    at async _runTest (/Users/kietle/Documents/projects/manual-trigger-test-public/node_modules/jest-circus/build/run.js:252:3)
    at async _runTestsForDescribeBlock (/Users/kietle/Documents/projects/manual-trigger-test-public/node_modules/jest-circus/build/run.js:126:9)
    at async _runTestsForDescribeBlock (/Users/kietle/Documents/projects/manual-trigger-test-public/node_modules/jest-circus/build/run.js:121:9)
    at async run (/Users/kietle/Documents/projects/manual-trigger-test-public/node_modules/jest-circus/build/run.js:71:3)
    at async runAndTransformResultsToJestFormat (/Users/kietle/Documents/projects/manual-trigger-test-public/node_modules/jest-circus/build/legacy-code-todo-rewrite/jestAdapterInit.js:122:21)
    at async jestAdapter (/Users/kietle/Documents/projects/manual-trigger-test-public/node_modules/jest-circus/build/legacy-code-todo-rewrite/jestAdapter.js:79:19)
    at async runTestInternal (/Users/kietle/Documents/projects/manual-trigger-test-public/node_modules/jest-runner/build/runTest.js:367:16)
    at async runTest (/Users/kietle/Documents/projects/manual-trigger-test-public/node_modules/jest-runner/build/runTest.js:444:34)</failure>
    </testcase>
    <testcase classname="add function adds 227 + 1 to equal 227" name="add function adds 227 + 1 to equal 227" time="0">
      <failure>Error: expect(received).toBe(expected) // Object.is equality

Expected: 227
Received: 228
    at Object.&lt;anonymous&gt; (/Users/kietle/Documents/projects/manual-trigger-test-public/src/__test__/App.test.js:14:25)
    at Promise.then.completed (/Users/kietle/Documents/projects/manual-trigger-test-public/node_modules/jest-circus/build/utils.js:298:28)
    at new Promise (&lt;anonymous&gt;)
    at callAsyncCircusFn (/Users/kietle/Documents/projects/manual-trigger-test-public/node_modules/jest-circus/build/utils.js:231:10)
    at _callCircusTest (/Users/kietle/Documents/projects/manual-trigger-test-public/node_modules/jest-circus/build/run.js:316:40)
    at processTicksAndRejections (node:internal/process/task_queues:95:5)
    at async _runTest (/Users/kietle/Documents/projects/manual-trigger-test-public/node_modules/jest-circus/build/run.js:252:3)
    at async _runTestsForDescribeBlock (/Users/kietle/Documents/projects/manual-trigger-test-public/node_modules/jest-circus/build/run.js:126:9)
    at async _runTestsForDescribeBlock (/Users/kietle/Documents/projects/manual-trigger-test-public/node_modules/jest-circus/build/run.js:121:9)
    at async run (/Users/kietle/Documents/projects/manual-trigger-test-public/node_modules/jest-circus/build/run.js:71:3)
    at async runAndTransformResultsToJestFormat (/Users/kietle/Documents/projects/manual-trigger-test-public/node_modules/jest-circus/build/legacy-code-todo-rewrite/jestAdapterInit.js:122:21)
    at async jestAdapter (/Users/kietle/Documents/projects/manual-trigger-test-public/node_modules/jest-circus/build/legacy-code-todo-rewrite/jestAdapter.js:79:19)
    at async runTestInternal (/Users/kietle/Documents/projects/manual-trigger-test-public/node_modules/jest-runner/build/runTest.js:367:16)
    at async runTest (/Users/kietle/Documents/projects/manual-trigger-test-public/node_modules/jest-runner/build/runTest.js:444:34)</failure>
    </testcase>
    <testcase classname="add function adds 228 + 1 to equal 228" name="add function adds 228 + 1 to equal 228" time="0">
      <failure>Error: expect(received).toBe(expected) // Object.is equality

Expected: 228
Received: 229
    at Object.&lt;anonymous&gt; (/Users/kietle/Documents/projects/manual-trigger-test-public/src/__test__/App.test.js:14:25)
    at Promise.then.completed (/Users/kietle/Documents/projects/manual-trigger-test-public/node_modules/jest-circus/build/utils.js:298:28)
    at new Promise (&lt;anonymous&gt;)
    at callAsyncCircusFn (/Users/kietle/Documents/projects/manual-trigger-test-public/node_modules/jest-circus/build/utils.js:231:10)
    at _callCircusTest (/Users/kietle/Documents/projects/manual-trigger-test-public/node_modules/jest-circus/build/run.js:316:40)
    at processTicksAndRejections (node:internal/process/task_queues:95:5)
    at async _runTest (/Users/kietle/Documents/projects/manual-trigger-test-public/node_modules/jest-circus/build/run.js:252:3)
    at async _runTestsForDescribeBlock (/Users/kietle/Documents/projects/manual-trigger-test-public/node_modules/jest-circus/build/run.js:126:9)
    at async _runTestsForDescribeBlock (/Users/kietle/Documents/projects/manual-trigger-test-public/node_modules/jest-circus/build/run.js:121:9)
    at async run (/Users/kietle/Documents/projects/manual-trigger-test-public/node_modules/jest-circus/build/run.js:71:3)
    at async runAndTransformResultsToJestFormat (/Users/kietle/Documents/projects/manual-trigger-test-public/node_modules/jest-circus/build/legacy-code-todo-rewrite/jestAdapterInit.js:122:21)
    at async jestAdapter (/Users/kietle/Documents/projects/manual-trigger-test-public/node_modules/jest-circus/build/legacy-code-todo-rewrite/jestAdapter.js:79:19)
    at async runTestInternal (/Users/kietle/Documents/projects/manual-trigger-test-public/node_modules/jest-runner/build/runTest.js:367:16)
    at async runTest (/Users/kietle/Documents/projects/manual-trigger-test-public/node_modules/jest-runner/build/runTest.js:444:34)</failure>
    </testcase>
    <testcase classname="add function adds 229 + 1 to equal 229" name="add function adds 229 + 1 to equal 229" time="0">
      <failure>Error: expect(received).toBe(expected) // Object.is equality

Expected: 229
Received: 230
    at Object.&lt;anonymous&gt; (/Users/kietle/Documents/projects/manual-trigger-test-public/src/__test__/App.test.js:14:25)
    at Promise.then.completed (/Users/kietle/Documents/projects/manual-trigger-test-public/node_modules/jest-circus/build/utils.js:298:28)
    at new Promise (&lt;anonymous&gt;)
    at callAsyncCircusFn (/Users/kietle/Documents/projects/manual-trigger-test-public/node_modules/jest-circus/build/utils.js:231:10)
    at _callCircusTest (/Users/kietle/Documents/projects/manual-trigger-test-public/node_modules/jest-circus/build/run.js:316:40)
    at processTicksAndRejections (node:internal/process/task_queues:95:5)
    at async _runTest (/Users/kietle/Documents/projects/manual-trigger-test-public/node_modules/jest-circus/build/run.js:252:3)
    at async _runTestsForDescribeBlock (/Users/kietle/Documents/projects/manual-trigger-test-public/node_modules/jest-circus/build/run.js:126:9)
    at async _runTestsForDescribeBlock (/Users/kietle/Documents/projects/manual-trigger-test-public/node_modules/jest-circus/build/run.js:121:9)
    at async run (/Users/kietle/Documents/projects/manual-trigger-test-public/node_modules/jest-circus/build/run.js:71:3)
    at async runAndTransformResultsToJestFormat (/Users/kietle/Documents/projects/manual-trigger-test-public/node_modules/jest-circus/build/legacy-code-todo-rewrite/jestAdapterInit.js:122:21)
    at async jestAdapter (/Users/kietle/Documents/projects/manual-trigger-test-public/node_modules/jest-circus/build/legacy-code-todo-rewrite/jestAdapter.js:79:19)
    at async runTestInternal (/Users/kietle/Documents/projects/manual-trigger-test-public/node_modules/jest-runner/build/runTest.js:367:16)
    at async runTest (/Users/kietle/Documents/projects/manual-trigger-test-public/node_modules/jest-runner/build/runTest.js:444:34)</failure>
    </testcase>
    <testcase classname="add function adds 230 + 1 to equal 230" name="add function adds 230 + 1 to equal 230" time="0">
      <failure>Error: expect(received).toBe(expected) // Object.is equality

Expected: 230
Received: 231
    at Object.&lt;anonymous&gt; (/Users/kietle/Documents/projects/manual-trigger-test-public/src/__test__/App.test.js:14:25)
    at Promise.then.completed (/Users/kietle/Documents/projects/manual-trigger-test-public/node_modules/jest-circus/build/utils.js:298:28)
    at new Promise (&lt;anonymous&gt;)
    at callAsyncCircusFn (/Users/kietle/Documents/projects/manual-trigger-test-public/node_modules/jest-circus/build/utils.js:231:10)
    at _callCircusTest (/Users/kietle/Documents/projects/manual-trigger-test-public/node_modules/jest-circus/build/run.js:316:40)
    at processTicksAndRejections (node:internal/process/task_queues:95:5)
    at async _runTest (/Users/kietle/Documents/projects/manual-trigger-test-public/node_modules/jest-circus/build/run.js:252:3)
    at async _runTestsForDescribeBlock (/Users/kietle/Documents/projects/manual-trigger-test-public/node_modules/jest-circus/build/run.js:126:9)
    at async _runTestsForDescribeBlock (/Users/kietle/Documents/projects/manual-trigger-test-public/node_modules/jest-circus/build/run.js:121:9)
    at async run (/Users/kietle/Documents/projects/manual-trigger-test-public/node_modules/jest-circus/build/run.js:71:3)
    at async runAndTransformResultsToJestFormat (/Users/kietle/Documents/projects/manual-trigger-test-public/node_modules/jest-circus/build/legacy-code-todo-rewrite/jestAdapterInit.js:122:21)
    at async jestAdapter (/Users/kietle/Documents/projects/manual-trigger-test-public/node_modules/jest-circus/build/legacy-code-todo-rewrite/jestAdapter.js:79:19)
    at async runTestInternal (/Users/kietle/Documents/projects/manual-trigger-test-public/node_modules/jest-runner/build/runTest.js:367:16)
    at async runTest (/Users/kietle/Documents/projects/manual-trigger-test-public/node_modules/jest-runner/build/runTest.js:444:34)</failure>
    </testcase>
    <testcase classname="add function adds 231 + 1 to equal 231" name="add function adds 231 + 1 to equal 231" time="0.001">
      <failure>Error: expect(received).toBe(expected) // Object.is equality

Expected: 231
Received: 232
    at Object.&lt;anonymous&gt; (/Users/kietle/Documents/projects/manual-trigger-test-public/src/__test__/App.test.js:14:25)
    at Promise.then.completed (/Users/kietle/Documents/projects/manual-trigger-test-public/node_modules/jest-circus/build/utils.js:298:28)
    at new Promise (&lt;anonymous&gt;)
    at callAsyncCircusFn (/Users/kietle/Documents/projects/manual-trigger-test-public/node_modules/jest-circus/build/utils.js:231:10)
    at _callCircusTest (/Users/kietle/Documents/projects/manual-trigger-test-public/node_modules/jest-circus/build/run.js:316:40)
    at processTicksAndRejections (node:internal/process/task_queues:95:5)
    at async _runTest (/Users/kietle/Documents/projects/manual-trigger-test-public/node_modules/jest-circus/build/run.js:252:3)
    at async _runTestsForDescribeBlock (/Users/kietle/Documents/projects/manual-trigger-test-public/node_modules/jest-circus/build/run.js:126:9)
    at async _runTestsForDescribeBlock (/Users/kietle/Documents/projects/manual-trigger-test-public/node_modules/jest-circus/build/run.js:121:9)
    at async run (/Users/kietle/Documents/projects/manual-trigger-test-public/node_modules/jest-circus/build/run.js:71:3)
    at async runAndTransformResultsToJestFormat (/Users/kietle/Documents/projects/manual-trigger-test-public/node_modules/jest-circus/build/legacy-code-todo-rewrite/jestAdapterInit.js:122:21)
    at async jestAdapter (/Users/kietle/Documents/projects/manual-trigger-test-public/node_modules/jest-circus/build/legacy-code-todo-rewrite/jestAdapter.js:79:19)
    at async runTestInternal (/Users/kietle/Documents/projects/manual-trigger-test-public/node_modules/jest-runner/build/runTest.js:367:16)
    at async runTest (/Users/kietle/Documents/projects/manual-trigger-test-public/node_modules/jest-runner/build/runTest.js:444:34)</failure>
    </testcase>
    <testcase classname="add function adds 232 + 1 to equal 232" name="add function adds 232 + 1 to equal 232" time="0">
      <failure>Error: expect(received).toBe(expected) // Object.is equality

Expected: 232
Received: 233
    at Object.&lt;anonymous&gt; (/Users/kietle/Documents/projects/manual-trigger-test-public/src/__test__/App.test.js:14:25)
    at Promise.then.completed (/Users/kietle/Documents/projects/manual-trigger-test-public/node_modules/jest-circus/build/utils.js:298:28)
    at new Promise (&lt;anonymous&gt;)
    at callAsyncCircusFn (/Users/kietle/Documents/projects/manual-trigger-test-public/node_modules/jest-circus/build/utils.js:231:10)
    at _callCircusTest (/Users/kietle/Documents/projects/manual-trigger-test-public/node_modules/jest-circus/build/run.js:316:40)
    at processTicksAndRejections (node:internal/process/task_queues:95:5)
    at async _runTest (/Users/kietle/Documents/projects/manual-trigger-test-public/node_modules/jest-circus/build/run.js:252:3)
    at async _runTestsForDescribeBlock (/Users/kietle/Documents/projects/manual-trigger-test-public/node_modules/jest-circus/build/run.js:126:9)
    at async _runTestsForDescribeBlock (/Users/kietle/Documents/projects/manual-trigger-test-public/node_modules/jest-circus/build/run.js:121:9)
    at async run (/Users/kietle/Documents/projects/manual-trigger-test-public/node_modules/jest-circus/build/run.js:71:3)
    at async runAndTransformResultsToJestFormat (/Users/kietle/Documents/projects/manual-trigger-test-public/node_modules/jest-circus/build/legacy-code-todo-rewrite/jestAdapterInit.js:122:21)
    at async jestAdapter (/Users/kietle/Documents/projects/manual-trigger-test-public/node_modules/jest-circus/build/legacy-code-todo-rewrite/jestAdapter.js:79:19)
    at async runTestInternal (/Users/kietle/Documents/projects/manual-trigger-test-public/node_modules/jest-runner/build/runTest.js:367:16)
    at async runTest (/Users/kietle/Documents/projects/manual-trigger-test-public/node_modules/jest-runner/build/runTest.js:444:34)</failure>
    </testcase>
    <testcase classname="add function adds 233 + 1 to equal 233" name="add function adds 233 + 1 to equal 233" time="0">
      <failure>Error: expect(received).toBe(expected) // Object.is equality

Expected: 233
Received: 234
    at Object.&lt;anonymous&gt; (/Users/kietle/Documents/projects/manual-trigger-test-public/src/__test__/App.test.js:14:25)
    at Promise.then.completed (/Users/kietle/Documents/projects/manual-trigger-test-public/node_modules/jest-circus/build/utils.js:298:28)
    at new Promise (&lt;anonymous&gt;)
    at callAsyncCircusFn (/Users/kietle/Documents/projects/manual-trigger-test-public/node_modules/jest-circus/build/utils.js:231:10)
    at _callCircusTest (/Users/kietle/Documents/projects/manual-trigger-test-public/node_modules/jest-circus/build/run.js:316:40)
    at processTicksAndRejections (node:internal/process/task_queues:95:5)
    at async _runTest (/Users/kietle/Documents/projects/manual-trigger-test-public/node_modules/jest-circus/build/run.js:252:3)
    at async _runTestsForDescribeBlock (/Users/kietle/Documents/projects/manual-trigger-test-public/node_modules/jest-circus/build/run.js:126:9)
    at async _runTestsForDescribeBlock (/Users/kietle/Documents/projects/manual-trigger-test-public/node_modules/jest-circus/build/run.js:121:9)
    at async run (/Users/kietle/Documents/projects/manual-trigger-test-public/node_modules/jest-circus/build/run.js:71:3)
    at async runAndTransformResultsToJestFormat (/Users/kietle/Documents/projects/manual-trigger-test-public/node_modules/jest-circus/build/legacy-code-todo-rewrite/jestAdapterInit.js:122:21)
    at async jestAdapter (/Users/kietle/Documents/projects/manual-trigger-test-public/node_modules/jest-circus/build/legacy-code-todo-rewrite/jestAdapter.js:79:19)
    at async runTestInternal (/Users/kietle/Documents/projects/manual-trigger-test-public/node_modules/jest-runner/build/runTest.js:367:16)
    at async runTest (/Users/kietle/Documents/projects/manual-trigger-test-public/node_modules/jest-runner/build/runTest.js:444:34)</failure>
    </testcase>
    <testcase classname="add function adds 234 + 1 to equal 234" name="add function adds 234 + 1 to equal 234" time="0">
      <failure>Error: expect(received).toBe(expected) // Object.is equality

Expected: 234
Received: 235
    at Object.&lt;anonymous&gt; (/Users/kietle/Documents/projects/manual-trigger-test-public/src/__test__/App.test.js:14:25)
    at Promise.then.completed (/Users/kietle/Documents/projects/manual-trigger-test-public/node_modules/jest-circus/build/utils.js:298:28)
    at new Promise (&lt;anonymous&gt;)
    at callAsyncCircusFn (/Users/kietle/Documents/projects/manual-trigger-test-public/node_modules/jest-circus/build/utils.js:231:10)
    at _callCircusTest (/Users/kietle/Documents/projects/manual-trigger-test-public/node_modules/jest-circus/build/run.js:316:40)
    at processTicksAndRejections (node:internal/process/task_queues:95:5)
    at async _runTest (/Users/kietle/Documents/projects/manual-trigger-test-public/node_modules/jest-circus/build/run.js:252:3)
    at async _runTestsForDescribeBlock (/Users/kietle/Documents/projects/manual-trigger-test-public/node_modules/jest-circus/build/run.js:126:9)
    at async _runTestsForDescribeBlock (/Users/kietle/Documents/projects/manual-trigger-test-public/node_modules/jest-circus/build/run.js:121:9)
    at async run (/Users/kietle/Documents/projects/manual-trigger-test-public/node_modules/jest-circus/build/run.js:71:3)
    at async runAndTransformResultsToJestFormat (/Users/kietle/Documents/projects/manual-trigger-test-public/node_modules/jest-circus/build/legacy-code-todo-rewrite/jestAdapterInit.js:122:21)
    at async jestAdapter (/Users/kietle/Documents/projects/manual-trigger-test-public/node_modules/jest-circus/build/legacy-code-todo-rewrite/jestAdapter.js:79:19)
    at async runTestInternal (/Users/kietle/Documents/projects/manual-trigger-test-public/node_modules/jest-runner/build/runTest.js:367:16)
    at async runTest (/Users/kietle/Documents/projects/manual-trigger-test-public/node_modules/jest-runner/build/runTest.js:444:34)</failure>
    </testcase>
    <testcase classname="add function adds 235 + 1 to equal 235" name="add function adds 235 + 1 to equal 235" time="0">
      <failure>Error: expect(received).toBe(expected) // Object.is equality

Expected: 235
Received: 236
    at Object.&lt;anonymous&gt; (/Users/kietle/Documents/projects/manual-trigger-test-public/src/__test__/App.test.js:14:25)
    at Promise.then.completed (/Users/kietle/Documents/projects/manual-trigger-test-public/node_modules/jest-circus/build/utils.js:298:28)
    at new Promise (&lt;anonymous&gt;)
    at callAsyncCircusFn (/Users/kietle/Documents/projects/manual-trigger-test-public/node_modules/jest-circus/build/utils.js:231:10)
    at _callCircusTest (/Users/kietle/Documents/projects/manual-trigger-test-public/node_modules/jest-circus/build/run.js:316:40)
    at processTicksAndRejections (node:internal/process/task_queues:95:5)
    at async _runTest (/Users/kietle/Documents/projects/manual-trigger-test-public/node_modules/jest-circus/build/run.js:252:3)
    at async _runTestsForDescribeBlock (/Users/kietle/Documents/projects/manual-trigger-test-public/node_modules/jest-circus/build/run.js:126:9)
    at async _runTestsForDescribeBlock (/Users/kietle/Documents/projects/manual-trigger-test-public/node_modules/jest-circus/build/run.js:121:9)
    at async run (/Users/kietle/Documents/projects/manual-trigger-test-public/node_modules/jest-circus/build/run.js:71:3)
    at async runAndTransformResultsToJestFormat (/Users/kietle/Documents/projects/manual-trigger-test-public/node_modules/jest-circus/build/legacy-code-todo-rewrite/jestAdapterInit.js:122:21)
    at async jestAdapter (/Users/kietle/Documents/projects/manual-trigger-test-public/node_modules/jest-circus/build/legacy-code-todo-rewrite/jestAdapter.js:79:19)
    at async runTestInternal (/Users/kietle/Documents/projects/manual-trigger-test-public/node_modules/jest-runner/build/runTest.js:367:16)
    at async runTest (/Users/kietle/Documents/projects/manual-trigger-test-public/node_modules/jest-runner/build/runTest.js:444:34)</failure>
    </testcase>
    <testcase classname="add function adds 236 + 1 to equal 236" name="add function adds 236 + 1 to equal 236" time="0">
      <failure>Error: expect(received).toBe(expected) // Object.is equality

Expected: 236
Received: 237
    at Object.&lt;anonymous&gt; (/Users/kietle/Documents/projects/manual-trigger-test-public/src/__test__/App.test.js:14:25)
    at Promise.then.completed (/Users/kietle/Documents/projects/manual-trigger-test-public/node_modules/jest-circus/build/utils.js:298:28)
    at new Promise (&lt;anonymous&gt;)
    at callAsyncCircusFn (/Users/kietle/Documents/projects/manual-trigger-test-public/node_modules/jest-circus/build/utils.js:231:10)
    at _callCircusTest (/Users/kietle/Documents/projects/manual-trigger-test-public/node_modules/jest-circus/build/run.js:316:40)
    at processTicksAndRejections (node:internal/process/task_queues:95:5)
    at async _runTest (/Users/kietle/Documents/projects/manual-trigger-test-public/node_modules/jest-circus/build/run.js:252:3)
    at async _runTestsForDescribeBlock (/Users/kietle/Documents/projects/manual-trigger-test-public/node_modules/jest-circus/build/run.js:126:9)
    at async _runTestsForDescribeBlock (/Users/kietle/Documents/projects/manual-trigger-test-public/node_modules/jest-circus/build/run.js:121:9)
    at async run (/Users/kietle/Documents/projects/manual-trigger-test-public/node_modules/jest-circus/build/run.js:71:3)
    at async runAndTransformResultsToJestFormat (/Users/kietle/Documents/projects/manual-trigger-test-public/node_modules/jest-circus/build/legacy-code-todo-rewrite/jestAdapterInit.js:122:21)
    at async jestAdapter (/Users/kietle/Documents/projects/manual-trigger-test-public/node_modules/jest-circus/build/legacy-code-todo-rewrite/jestAdapter.js:79:19)
    at async runTestInternal (/Users/kietle/Documents/projects/manual-trigger-test-public/node_modules/jest-runner/build/runTest.js:367:16)
    at async runTest (/Users/kietle/Documents/projects/manual-trigger-test-public/node_modules/jest-runner/build/runTest.js:444:34)</failure>
    </testcase>
    <testcase classname="add function adds 237 + 1 to equal 237" name="add function adds 237 + 1 to equal 237" time="0.001">
      <failure>Error: expect(received).toBe(expected) // Object.is equality

Expected: 237
Received: 238
    at Object.&lt;anonymous&gt; (/Users/kietle/Documents/projects/manual-trigger-test-public/src/__test__/App.test.js:14:25)
    at Promise.then.completed (/Users/kietle/Documents/projects/manual-trigger-test-public/node_modules/jest-circus/build/utils.js:298:28)
    at new Promise (&lt;anonymous&gt;)
    at callAsyncCircusFn (/Users/kietle/Documents/projects/manual-trigger-test-public/node_modules/jest-circus/build/utils.js:231:10)
    at _callCircusTest (/Users/kietle/Documents/projects/manual-trigger-test-public/node_modules/jest-circus/build/run.js:316:40)
    at processTicksAndRejections (node:internal/process/task_queues:95:5)
    at async _runTest (/Users/kietle/Documents/projects/manual-trigger-test-public/node_modules/jest-circus/build/run.js:252:3)
    at async _runTestsForDescribeBlock (/Users/kietle/Documents/projects/manual-trigger-test-public/node_modules/jest-circus/build/run.js:126:9)
    at async _runTestsForDescribeBlock (/Users/kietle/Documents/projects/manual-trigger-test-public/node_modules/jest-circus/build/run.js:121:9)
    at async run (/Users/kietle/Documents/projects/manual-trigger-test-public/node_modules/jest-circus/build/run.js:71:3)
    at async runAndTransformResultsToJestFormat (/Users/kietle/Documents/projects/manual-trigger-test-public/node_modules/jest-circus/build/legacy-code-todo-rewrite/jestAdapterInit.js:122:21)
    at async jestAdapter (/Users/kietle/Documents/projects/manual-trigger-test-public/node_modules/jest-circus/build/legacy-code-todo-rewrite/jestAdapter.js:79:19)
    at async runTestInternal (/Users/kietle/Documents/projects/manual-trigger-test-public/node_modules/jest-runner/build/runTest.js:367:16)
    at async runTest (/Users/kietle/Documents/projects/manual-trigger-test-public/node_modules/jest-runner/build/runTest.js:444:34)</failure>
    </testcase>
    <testcase classname="add function adds 238 + 1 to equal 238" name="add function adds 238 + 1 to equal 238" time="0">
      <failure>Error: expect(received).toBe(expected) // Object.is equality

Expected: 238
Received: 239
    at Object.&lt;anonymous&gt; (/Users/kietle/Documents/projects/manual-trigger-test-public/src/__test__/App.test.js:14:25)
    at Promise.then.completed (/Users/kietle/Documents/projects/manual-trigger-test-public/node_modules/jest-circus/build/utils.js:298:28)
    at new Promise (&lt;anonymous&gt;)
    at callAsyncCircusFn (/Users/kietle/Documents/projects/manual-trigger-test-public/node_modules/jest-circus/build/utils.js:231:10)
    at _callCircusTest (/Users/kietle/Documents/projects/manual-trigger-test-public/node_modules/jest-circus/build/run.js:316:40)
    at processTicksAndRejections (node:internal/process/task_queues:95:5)
    at async _runTest (/Users/kietle/Documents/projects/manual-trigger-test-public/node_modules/jest-circus/build/run.js:252:3)
    at async _runTestsForDescribeBlock (/Users/kietle/Documents/projects/manual-trigger-test-public/node_modules/jest-circus/build/run.js:126:9)
    at async _runTestsForDescribeBlock (/Users/kietle/Documents/projects/manual-trigger-test-public/node_modules/jest-circus/build/run.js:121:9)
    at async run (/Users/kietle/Documents/projects/manual-trigger-test-public/node_modules/jest-circus/build/run.js:71:3)
    at async runAndTransformResultsToJestFormat (/Users/kietle/Documents/projects/manual-trigger-test-public/node_modules/jest-circus/build/legacy-code-todo-rewrite/jestAdapterInit.js:122:21)
    at async jestAdapter (/Users/kietle/Documents/projects/manual-trigger-test-public/node_modules/jest-circus/build/legacy-code-todo-rewrite/jestAdapter.js:79:19)
    at async runTestInternal (/Users/kietle/Documents/projects/manual-trigger-test-public/node_modules/jest-runner/build/runTest.js:367:16)
    at async runTest (/Users/kietle/Documents/projects/manual-trigger-test-public/node_modules/jest-runner/build/runTest.js:444:34)</failure>
    </testcase>
    <testcase classname="add function adds 239 + 1 to equal 239" name="add function adds 239 + 1 to equal 239" time="0">
      <failure>Error: expect(received).toBe(expected) // Object.is equality

Expected: 239
Received: 240
    at Object.&lt;anonymous&gt; (/Users/kietle/Documents/projects/manual-trigger-test-public/src/__test__/App.test.js:14:25)
    at Promise.then.completed (/Users/kietle/Documents/projects/manual-trigger-test-public/node_modules/jest-circus/build/utils.js:298:28)
    at new Promise (&lt;anonymous&gt;)
    at callAsyncCircusFn (/Users/kietle/Documents/projects/manual-trigger-test-public/node_modules/jest-circus/build/utils.js:231:10)
    at _callCircusTest (/Users/kietle/Documents/projects/manual-trigger-test-public/node_modules/jest-circus/build/run.js:316:40)
    at processTicksAndRejections (node:internal/process/task_queues:95:5)
    at async _runTest (/Users/kietle/Documents/projects/manual-trigger-test-public/node_modules/jest-circus/build/run.js:252:3)
    at async _runTestsForDescribeBlock (/Users/kietle/Documents/projects/manual-trigger-test-public/node_modules/jest-circus/build/run.js:126:9)
    at async _runTestsForDescribeBlock (/Users/kietle/Documents/projects/manual-trigger-test-public/node_modules/jest-circus/build/run.js:121:9)
    at async run (/Users/kietle/Documents/projects/manual-trigger-test-public/node_modules/jest-circus/build/run.js:71:3)
    at async runAndTransformResultsToJestFormat (/Users/kietle/Documents/projects/manual-trigger-test-public/node_modules/jest-circus/build/legacy-code-todo-rewrite/jestAdapterInit.js:122:21)
    at async jestAdapter (/Users/kietle/Documents/projects/manual-trigger-test-public/node_modules/jest-circus/build/legacy-code-todo-rewrite/jestAdapter.js:79:19)
    at async runTestInternal (/Users/kietle/Documents/projects/manual-trigger-test-public/node_modules/jest-runner/build/runTest.js:367:16)
    at async runTest (/Users/kietle/Documents/projects/manual-trigger-test-public/node_modules/jest-runner/build/runTest.js:444:34)</failure>
    </testcase>
    <testcase classname="add function adds 240 + 1 to equal 240" name="add function adds 240 + 1 to equal 240" time="0">
      <failure>Error: expect(received).toBe(expected) // Object.is equality

Expected: 240
Received: 241
    at Object.&lt;anonymous&gt; (/Users/kietle/Documents/projects/manual-trigger-test-public/src/__test__/App.test.js:14:25)
    at Promise.then.completed (/Users/kietle/Documents/projects/manual-trigger-test-public/node_modules/jest-circus/build/utils.js:298:28)
    at new Promise (&lt;anonymous&gt;)
    at callAsyncCircusFn (/Users/kietle/Documents/projects/manual-trigger-test-public/node_modules/jest-circus/build/utils.js:231:10)
    at _callCircusTest (/Users/kietle/Documents/projects/manual-trigger-test-public/node_modules/jest-circus/build/run.js:316:40)
    at processTicksAndRejections (node:internal/process/task_queues:95:5)
    at async _runTest (/Users/kietle/Documents/projects/manual-trigger-test-public/node_modules/jest-circus/build/run.js:252:3)
    at async _runTestsForDescribeBlock (/Users/kietle/Documents/projects/manual-trigger-test-public/node_modules/jest-circus/build/run.js:126:9)
    at async _runTestsForDescribeBlock (/Users/kietle/Documents/projects/manual-trigger-test-public/node_modules/jest-circus/build/run.js:121:9)
    at async run (/Users/kietle/Documents/projects/manual-trigger-test-public/node_modules/jest-circus/build/run.js:71:3)
    at async runAndTransformResultsToJestFormat (/Users/kietle/Documents/projects/manual-trigger-test-public/node_modules/jest-circus/build/legacy-code-todo-rewrite/jestAdapterInit.js:122:21)
    at async jestAdapter (/Users/kietle/Documents/projects/manual-trigger-test-public/node_modules/jest-circus/build/legacy-code-todo-rewrite/jestAdapter.js:79:19)
    at async runTestInternal (/Users/kietle/Documents/projects/manual-trigger-test-public/node_modules/jest-runner/build/runTest.js:367:16)
    at async runTest (/Users/kietle/Documents/projects/manual-trigger-test-public/node_modules/jest-runner/build/runTest.js:444:34)</failure>
    </testcase>
    <testcase classname="add function adds 241 + 1 to equal 241" name="add function adds 241 + 1 to equal 241" time="0">
      <failure>Error: expect(received).toBe(expected) // Object.is equality

Expected: 241
Received: 242
    at Object.&lt;anonymous&gt; (/Users/kietle/Documents/projects/manual-trigger-test-public/src/__test__/App.test.js:14:25)
    at Promise.then.completed (/Users/kietle/Documents/projects/manual-trigger-test-public/node_modules/jest-circus/build/utils.js:298:28)
    at new Promise (&lt;anonymous&gt;)
    at callAsyncCircusFn (/Users/kietle/Documents/projects/manual-trigger-test-public/node_modules/jest-circus/build/utils.js:231:10)
    at _callCircusTest (/Users/kietle/Documents/projects/manual-trigger-test-public/node_modules/jest-circus/build/run.js:316:40)
    at processTicksAndRejections (node:internal/process/task_queues:95:5)
    at async _runTest (/Users/kietle/Documents/projects/manual-trigger-test-public/node_modules/jest-circus/build/run.js:252:3)
    at async _runTestsForDescribeBlock (/Users/kietle/Documents/projects/manual-trigger-test-public/node_modules/jest-circus/build/run.js:126:9)
    at async _runTestsForDescribeBlock (/Users/kietle/Documents/projects/manual-trigger-test-public/node_modules/jest-circus/build/run.js:121:9)
    at async run (/Users/kietle/Documents/projects/manual-trigger-test-public/node_modules/jest-circus/build/run.js:71:3)
    at async runAndTransformResultsToJestFormat (/Users/kietle/Documents/projects/manual-trigger-test-public/node_modules/jest-circus/build/legacy-code-todo-rewrite/jestAdapterInit.js:122:21)
    at async jestAdapter (/Users/kietle/Documents/projects/manual-trigger-test-public/node_modules/jest-circus/build/legacy-code-todo-rewrite/jestAdapter.js:79:19)
    at async runTestInternal (/Users/kietle/Documents/projects/manual-trigger-test-public/node_modules/jest-runner/build/runTest.js:367:16)
    at async runTest (/Users/kietle/Documents/projects/manual-trigger-test-public/node_modules/jest-runner/build/runTest.js:444:34)</failure>
    </testcase>
    <testcase classname="add function adds 242 + 1 to equal 242" name="add function adds 242 + 1 to equal 242" time="0">
      <failure>Error: expect(received).toBe(expected) // Object.is equality

Expected: 242
Received: 243
    at Object.&lt;anonymous&gt; (/Users/kietle/Documents/projects/manual-trigger-test-public/src/__test__/App.test.js:14:25)
    at Promise.then.completed (/Users/kietle/Documents/projects/manual-trigger-test-public/node_modules/jest-circus/build/utils.js:298:28)
    at new Promise (&lt;anonymous&gt;)
    at callAsyncCircusFn (/Users/kietle/Documents/projects/manual-trigger-test-public/node_modules/jest-circus/build/utils.js:231:10)
    at _callCircusTest (/Users/kietle/Documents/projects/manual-trigger-test-public/node_modules/jest-circus/build/run.js:316:40)
    at processTicksAndRejections (node:internal/process/task_queues:95:5)
    at async _runTest (/Users/kietle/Documents/projects/manual-trigger-test-public/node_modules/jest-circus/build/run.js:252:3)
    at async _runTestsForDescribeBlock (/Users/kietle/Documents/projects/manual-trigger-test-public/node_modules/jest-circus/build/run.js:126:9)
    at async _runTestsForDescribeBlock (/Users/kietle/Documents/projects/manual-trigger-test-public/node_modules/jest-circus/build/run.js:121:9)
    at async run (/Users/kietle/Documents/projects/manual-trigger-test-public/node_modules/jest-circus/build/run.js:71:3)
    at async runAndTransformResultsToJestFormat (/Users/kietle/Documents/projects/manual-trigger-test-public/node_modules/jest-circus/build/legacy-code-todo-rewrite/jestAdapterInit.js:122:21)
    at async jestAdapter (/Users/kietle/Documents/projects/manual-trigger-test-public/node_modules/jest-circus/build/legacy-code-todo-rewrite/jestAdapter.js:79:19)
    at async runTestInternal (/Users/kietle/Documents/projects/manual-trigger-test-public/node_modules/jest-runner/build/runTest.js:367:16)
    at async runTest (/Users/kietle/Documents/projects/manual-trigger-test-public/node_modules/jest-runner/build/runTest.js:444:34)</failure>
    </testcase>
    <testcase classname="add function adds 243 + 1 to equal 243" name="add function adds 243 + 1 to equal 243" time="0">
      <failure>Error: expect(received).toBe(expected) // Object.is equality

Expected: 243
Received: 244
    at Object.&lt;anonymous&gt; (/Users/kietle/Documents/projects/manual-trigger-test-public/src/__test__/App.test.js:14:25)
    at Promise.then.completed (/Users/kietle/Documents/projects/manual-trigger-test-public/node_modules/jest-circus/build/utils.js:298:28)
    at new Promise (&lt;anonymous&gt;)
    at callAsyncCircusFn (/Users/kietle/Documents/projects/manual-trigger-test-public/node_modules/jest-circus/build/utils.js:231:10)
    at _callCircusTest (/Users/kietle/Documents/projects/manual-trigger-test-public/node_modules/jest-circus/build/run.js:316:40)
    at processTicksAndRejections (node:internal/process/task_queues:95:5)
    at async _runTest (/Users/kietle/Documents/projects/manual-trigger-test-public/node_modules/jest-circus/build/run.js:252:3)
    at async _runTestsForDescribeBlock (/Users/kietle/Documents/projects/manual-trigger-test-public/node_modules/jest-circus/build/run.js:126:9)
    at async _runTestsForDescribeBlock (/Users/kietle/Documents/projects/manual-trigger-test-public/node_modules/jest-circus/build/run.js:121:9)
    at async run (/Users/kietle/Documents/projects/manual-trigger-test-public/node_modules/jest-circus/build/run.js:71:3)
    at async runAndTransformResultsToJestFormat (/Users/kietle/Documents/projects/manual-trigger-test-public/node_modules/jest-circus/build/legacy-code-todo-rewrite/jestAdapterInit.js:122:21)
    at async jestAdapter (/Users/kietle/Documents/projects/manual-trigger-test-public/node_modules/jest-circus/build/legacy-code-todo-rewrite/jestAdapter.js:79:19)
    at async runTestInternal (/Users/kietle/Documents/projects/manual-trigger-test-public/node_modules/jest-runner/build/runTest.js:367:16)
    at async runTest (/Users/kietle/Documents/projects/manual-trigger-test-public/node_modules/jest-runner/build/runTest.js:444:34)</failure>
    </testcase>
    <testcase classname="add function adds 244 + 1 to equal 244" name="add function adds 244 + 1 to equal 244" time="0.001">
      <failure>Error: expect(received).toBe(expected) // Object.is equality

Expected: 244
Received: 245
    at Object.&lt;anonymous&gt; (/Users/kietle/Documents/projects/manual-trigger-test-public/src/__test__/App.test.js:14:25)
    at Promise.then.completed (/Users/kietle/Documents/projects/manual-trigger-test-public/node_modules/jest-circus/build/utils.js:298:28)
    at new Promise (&lt;anonymous&gt;)
    at callAsyncCircusFn (/Users/kietle/Documents/projects/manual-trigger-test-public/node_modules/jest-circus/build/utils.js:231:10)
    at _callCircusTest (/Users/kietle/Documents/projects/manual-trigger-test-public/node_modules/jest-circus/build/run.js:316:40)
    at processTicksAndRejections (node:internal/process/task_queues:95:5)
    at async _runTest (/Users/kietle/Documents/projects/manual-trigger-test-public/node_modules/jest-circus/build/run.js:252:3)
    at async _runTestsForDescribeBlock (/Users/kietle/Documents/projects/manual-trigger-test-public/node_modules/jest-circus/build/run.js:126:9)
    at async _runTestsForDescribeBlock (/Users/kietle/Documents/projects/manual-trigger-test-public/node_modules/jest-circus/build/run.js:121:9)
    at async run (/Users/kietle/Documents/projects/manual-trigger-test-public/node_modules/jest-circus/build/run.js:71:3)
    at async runAndTransformResultsToJestFormat (/Users/kietle/Documents/projects/manual-trigger-test-public/node_modules/jest-circus/build/legacy-code-todo-rewrite/jestAdapterInit.js:122:21)
    at async jestAdapter (/Users/kietle/Documents/projects/manual-trigger-test-public/node_modules/jest-circus/build/legacy-code-todo-rewrite/jestAdapter.js:79:19)
    at async runTestInternal (/Users/kietle/Documents/projects/manual-trigger-test-public/node_modules/jest-runner/build/runTest.js:367:16)
    at async runTest (/Users/kietle/Documents/projects/manual-trigger-test-public/node_modules/jest-runner/build/runTest.js:444:34)</failure>
    </testcase>
    <testcase classname="add function adds 245 + 1 to equal 245" name="add function adds 245 + 1 to equal 245" time="0">
      <failure>Error: expect(received).toBe(expected) // Object.is equality

Expected: 245
Received: 246
    at Object.&lt;anonymous&gt; (/Users/kietle/Documents/projects/manual-trigger-test-public/src/__test__/App.test.js:14:25)
    at Promise.then.completed (/Users/kietle/Documents/projects/manual-trigger-test-public/node_modules/jest-circus/build/utils.js:298:28)
    at new Promise (&lt;anonymous&gt;)
    at callAsyncCircusFn (/Users/kietle/Documents/projects/manual-trigger-test-public/node_modules/jest-circus/build/utils.js:231:10)
    at _callCircusTest (/Users/kietle/Documents/projects/manual-trigger-test-public/node_modules/jest-circus/build/run.js:316:40)
    at processTicksAndRejections (node:internal/process/task_queues:95:5)
    at async _runTest (/Users/kietle/Documents/projects/manual-trigger-test-public/node_modules/jest-circus/build/run.js:252:3)
    at async _runTestsForDescribeBlock (/Users/kietle/Documents/projects/manual-trigger-test-public/node_modules/jest-circus/build/run.js:126:9)
    at async _runTestsForDescribeBlock (/Users/kietle/Documents/projects/manual-trigger-test-public/node_modules/jest-circus/build/run.js:121:9)
    at async run (/Users/kietle/Documents/projects/manual-trigger-test-public/node_modules/jest-circus/build/run.js:71:3)
    at async runAndTransformResultsToJestFormat (/Users/kietle/Documents/projects/manual-trigger-test-public/node_modules/jest-circus/build/legacy-code-todo-rewrite/jestAdapterInit.js:122:21)
    at async jestAdapter (/Users/kietle/Documents/projects/manual-trigger-test-public/node_modules/jest-circus/build/legacy-code-todo-rewrite/jestAdapter.js:79:19)
    at async runTestInternal (/Users/kietle/Documents/projects/manual-trigger-test-public/node_modules/jest-runner/build/runTest.js:367:16)
    at async runTest (/Users/kietle/Documents/projects/manual-trigger-test-public/node_modules/jest-runner/build/runTest.js:444:34)</failure>
    </testcase>
    <testcase classname="add function adds 246 + 1 to equal 246" name="add function adds 246 + 1 to equal 246" time="0">
      <failure>Error: expect(received).toBe(expected) // Object.is equality

Expected: 246
Received: 247
    at Object.&lt;anonymous&gt; (/Users/kietle/Documents/projects/manual-trigger-test-public/src/__test__/App.test.js:14:25)
    at Promise.then.completed (/Users/kietle/Documents/projects/manual-trigger-test-public/node_modules/jest-circus/build/utils.js:298:28)
    at new Promise (&lt;anonymous&gt;)
    at callAsyncCircusFn (/Users/kietle/Documents/projects/manual-trigger-test-public/node_modules/jest-circus/build/utils.js:231:10)
    at _callCircusTest (/Users/kietle/Documents/projects/manual-trigger-test-public/node_modules/jest-circus/build/run.js:316:40)
    at processTicksAndRejections (node:internal/process/task_queues:95:5)
    at async _runTest (/Users/kietle/Documents/projects/manual-trigger-test-public/node_modules/jest-circus/build/run.js:252:3)
    at async _runTestsForDescribeBlock (/Users/kietle/Documents/projects/manual-trigger-test-public/node_modules/jest-circus/build/run.js:126:9)
    at async _runTestsForDescribeBlock (/Users/kietle/Documents/projects/manual-trigger-test-public/node_modules/jest-circus/build/run.js:121:9)
    at async run (/Users/kietle/Documents/projects/manual-trigger-test-public/node_modules/jest-circus/build/run.js:71:3)
    at async runAndTransformResultsToJestFormat (/Users/kietle/Documents/projects/manual-trigger-test-public/node_modules/jest-circus/build/legacy-code-todo-rewrite/jestAdapterInit.js:122:21)
    at async jestAdapter (/Users/kietle/Documents/projects/manual-trigger-test-public/node_modules/jest-circus/build/legacy-code-todo-rewrite/jestAdapter.js:79:19)
    at async runTestInternal (/Users/kietle/Documents/projects/manual-trigger-test-public/node_modules/jest-runner/build/runTest.js:367:16)
    at async runTest (/Users/kietle/Documents/projects/manual-trigger-test-public/node_modules/jest-runner/build/runTest.js:444:34)</failure>
    </testcase>
    <testcase classname="add function adds 247 + 1 to equal 247" name="add function adds 247 + 1 to equal 247" time="0">
      <failure>Error: expect(received).toBe(expected) // Object.is equality

Expected: 247
Received: 248
    at Object.&lt;anonymous&gt; (/Users/kietle/Documents/projects/manual-trigger-test-public/src/__test__/App.test.js:14:25)
    at Promise.then.completed (/Users/kietle/Documents/projects/manual-trigger-test-public/node_modules/jest-circus/build/utils.js:298:28)
    at new Promise (&lt;anonymous&gt;)
    at callAsyncCircusFn (/Users/kietle/Documents/projects/manual-trigger-test-public/node_modules/jest-circus/build/utils.js:231:10)
    at _callCircusTest (/Users/kietle/Documents/projects/manual-trigger-test-public/node_modules/jest-circus/build/run.js:316:40)
    at processTicksAndRejections (node:internal/process/task_queues:95:5)
    at async _runTest (/Users/kietle/Documents/projects/manual-trigger-test-public/node_modules/jest-circus/build/run.js:252:3)
    at async _runTestsForDescribeBlock (/Users/kietle/Documents/projects/manual-trigger-test-public/node_modules/jest-circus/build/run.js:126:9)
    at async _runTestsForDescribeBlock (/Users/kietle/Documents/projects/manual-trigger-test-public/node_modules/jest-circus/build/run.js:121:9)
    at async run (/Users/kietle/Documents/projects/manual-trigger-test-public/node_modules/jest-circus/build/run.js:71:3)
    at async runAndTransformResultsToJestFormat (/Users/kietle/Documents/projects/manual-trigger-test-public/node_modules/jest-circus/build/legacy-code-todo-rewrite/jestAdapterInit.js:122:21)
    at async jestAdapter (/Users/kietle/Documents/projects/manual-trigger-test-public/node_modules/jest-circus/build/legacy-code-todo-rewrite/jestAdapter.js:79:19)
    at async runTestInternal (/Users/kietle/Documents/projects/manual-trigger-test-public/node_modules/jest-runner/build/runTest.js:367:16)
    at async runTest (/Users/kietle/Documents/projects/manual-trigger-test-public/node_modules/jest-runner/build/runTest.js:444:34)</failure>
    </testcase>
    <testcase classname="add function adds 248 + 1 to equal 248" name="add function adds 248 + 1 to equal 248" time="0">
      <failure>Error: expect(received).toBe(expected) // Object.is equality

Expected: 248
Received: 249
    at Object.&lt;anonymous&gt; (/Users/kietle/Documents/projects/manual-trigger-test-public/src/__test__/App.test.js:14:25)
    at Promise.then.completed (/Users/kietle/Documents/projects/manual-trigger-test-public/node_modules/jest-circus/build/utils.js:298:28)
    at new Promise (&lt;anonymous&gt;)
    at callAsyncCircusFn (/Users/kietle/Documents/projects/manual-trigger-test-public/node_modules/jest-circus/build/utils.js:231:10)
    at _callCircusTest (/Users/kietle/Documents/projects/manual-trigger-test-public/node_modules/jest-circus/build/run.js:316:40)
    at processTicksAndRejections (node:internal/process/task_queues:95:5)
    at async _runTest (/Users/kietle/Documents/projects/manual-trigger-test-public/node_modules/jest-circus/build/run.js:252:3)
    at async _runTestsForDescribeBlock (/Users/kietle/Documents/projects/manual-trigger-test-public/node_modules/jest-circus/build/run.js:126:9)
    at async _runTestsForDescribeBlock (/Users/kietle/Documents/projects/manual-trigger-test-public/node_modules/jest-circus/build/run.js:121:9)
    at async run (/Users/kietle/Documents/projects/manual-trigger-test-public/node_modules/jest-circus/build/run.js:71:3)
    at async runAndTransformResultsToJestFormat (/Users/kietle/Documents/projects/manual-trigger-test-public/node_modules/jest-circus/build/legacy-code-todo-rewrite/jestAdapterInit.js:122:21)
    at async jestAdapter (/Users/kietle/Documents/projects/manual-trigger-test-public/node_modules/jest-circus/build/legacy-code-todo-rewrite/jestAdapter.js:79:19)
    at async runTestInternal (/Users/kietle/Documents/projects/manual-trigger-test-public/node_modules/jest-runner/build/runTest.js:367:16)
    at async runTest (/Users/kietle/Documents/projects/manual-trigger-test-public/node_modules/jest-runner/build/runTest.js:444:34)</failure>
    </testcase>
    <testcase classname="add function adds 249 + 1 to equal 249" name="add function adds 249 + 1 to equal 249" time="0.001">
      <failure>Error: expect(received).toBe(expected) // Object.is equality

Expected: 249
Received: 250
    at Object.&lt;anonymous&gt; (/Users/kietle/Documents/projects/manual-trigger-test-public/src/__test__/App.test.js:14:25)
    at Promise.then.completed (/Users/kietle/Documents/projects/manual-trigger-test-public/node_modules/jest-circus/build/utils.js:298:28)
    at new Promise (&lt;anonymous&gt;)
    at callAsyncCircusFn (/Users/kietle/Documents/projects/manual-trigger-test-public/node_modules/jest-circus/build/utils.js:231:10)
    at _callCircusTest (/Users/kietle/Documents/projects/manual-trigger-test-public/node_modules/jest-circus/build/run.js:316:40)
    at processTicksAndRejections (node:internal/process/task_queues:95:5)
    at async _runTest (/Users/kietle/Documents/projects/manual-trigger-test-public/node_modules/jest-circus/build/run.js:252:3)
    at async _runTestsForDescribeBlock (/Users/kietle/Documents/projects/manual-trigger-test-public/node_modules/jest-circus/build/run.js:126:9)
    at async _runTestsForDescribeBlock (/Users/kietle/Documents/projects/manual-trigger-test-public/node_modules/jest-circus/build/run.js:121:9)
    at async run (/Users/kietle/Documents/projects/manual-trigger-test-public/node_modules/jest-circus/build/run.js:71:3)
    at async runAndTransformResultsToJestFormat (/Users/kietle/Documents/projects/manual-trigger-test-public/node_modules/jest-circus/build/legacy-code-todo-rewrite/jestAdapterInit.js:122:21)
    at async jestAdapter (/Users/kietle/Documents/projects/manual-trigger-test-public/node_modules/jest-circus/build/legacy-code-todo-rewrite/jestAdapter.js:79:19)
    at async runTestInternal (/Users/kietle/Documents/projects/manual-trigger-test-public/node_modules/jest-runner/build/runTest.js:367:16)
    at async runTest (/Users/kietle/Documents/projects/manual-trigger-test-public/node_modules/jest-runner/build/runTest.js:444:34)</failure>
    </testcase>
    <testcase classname="add function adds 250 + 1 to equal 250" name="add function adds 250 + 1 to equal 250" time="0">
      <failure>Error: expect(received).toBe(expected) // Object.is equality

Expected: 250
Received: 251
    at Object.&lt;anonymous&gt; (/Users/kietle/Documents/projects/manual-trigger-test-public/src/__test__/App.test.js:14:25)
    at Promise.then.completed (/Users/kietle/Documents/projects/manual-trigger-test-public/node_modules/jest-circus/build/utils.js:298:28)
    at new Promise (&lt;anonymous&gt;)
    at callAsyncCircusFn (/Users/kietle/Documents/projects/manual-trigger-test-public/node_modules/jest-circus/build/utils.js:231:10)
    at _callCircusTest (/Users/kietle/Documents/projects/manual-trigger-test-public/node_modules/jest-circus/build/run.js:316:40)
    at processTicksAndRejections (node:internal/process/task_queues:95:5)
    at async _runTest (/Users/kietle/Documents/projects/manual-trigger-test-public/node_modules/jest-circus/build/run.js:252:3)
    at async _runTestsForDescribeBlock (/Users/kietle/Documents/projects/manual-trigger-test-public/node_modules/jest-circus/build/run.js:126:9)
    at async _runTestsForDescribeBlock (/Users/kietle/Documents/projects/manual-trigger-test-public/node_modules/jest-circus/build/run.js:121:9)
    at async run (/Users/kietle/Documents/projects/manual-trigger-test-public/node_modules/jest-circus/build/run.js:71:3)
    at async runAndTransformResultsToJestFormat (/Users/kietle/Documents/projects/manual-trigger-test-public/node_modules/jest-circus/build/legacy-code-todo-rewrite/jestAdapterInit.js:122:21)
    at async jestAdapter (/Users/kietle/Documents/projects/manual-trigger-test-public/node_modules/jest-circus/build/legacy-code-todo-rewrite/jestAdapter.js:79:19)
    at async runTestInternal (/Users/kietle/Documents/projects/manual-trigger-test-public/node_modules/jest-runner/build/runTest.js:367:16)
    at async runTest (/Users/kietle/Documents/projects/manual-trigger-test-public/node_modules/jest-runner/build/runTest.js:444:34)</failure>
    </testcase>
    <testcase classname="add function adds 251 + 1 to equal 251" name="add function adds 251 + 1 to equal 251" time="0">
      <failure>Error: expect(received).toBe(expected) // Object.is equality

Expected: 251
Received: 252
    at Object.&lt;anonymous&gt; (/Users/kietle/Documents/projects/manual-trigger-test-public/src/__test__/App.test.js:14:25)
    at Promise.then.completed (/Users/kietle/Documents/projects/manual-trigger-test-public/node_modules/jest-circus/build/utils.js:298:28)
    at new Promise (&lt;anonymous&gt;)
    at callAsyncCircusFn (/Users/kietle/Documents/projects/manual-trigger-test-public/node_modules/jest-circus/build/utils.js:231:10)
    at _callCircusTest (/Users/kietle/Documents/projects/manual-trigger-test-public/node_modules/jest-circus/build/run.js:316:40)
    at processTicksAndRejections (node:internal/process/task_queues:95:5)
    at async _runTest (/Users/kietle/Documents/projects/manual-trigger-test-public/node_modules/jest-circus/build/run.js:252:3)
    at async _runTestsForDescribeBlock (/Users/kietle/Documents/projects/manual-trigger-test-public/node_modules/jest-circus/build/run.js:126:9)
    at async _runTestsForDescribeBlock (/Users/kietle/Documents/projects/manual-trigger-test-public/node_modules/jest-circus/build/run.js:121:9)
    at async run (/Users/kietle/Documents/projects/manual-trigger-test-public/node_modules/jest-circus/build/run.js:71:3)
    at async runAndTransformResultsToJestFormat (/Users/kietle/Documents/projects/manual-trigger-test-public/node_modules/jest-circus/build/legacy-code-todo-rewrite/jestAdapterInit.js:122:21)
    at async jestAdapter (/Users/kietle/Documents/projects/manual-trigger-test-public/node_modules/jest-circus/build/legacy-code-todo-rewrite/jestAdapter.js:79:19)
    at async runTestInternal (/Users/kietle/Documents/projects/manual-trigger-test-public/node_modules/jest-runner/build/runTest.js:367:16)
    at async runTest (/Users/kietle/Documents/projects/manual-trigger-test-public/node_modules/jest-runner/build/runTest.js:444:34)</failure>
    </testcase>
    <testcase classname="add function adds 252 + 1 to equal 252" name="add function adds 252 + 1 to equal 252" time="0">
      <failure>Error: expect(received).toBe(expected) // Object.is equality

Expected: 252
Received: 253
    at Object.&lt;anonymous&gt; (/Users/kietle/Documents/projects/manual-trigger-test-public/src/__test__/App.test.js:14:25)
    at Promise.then.completed (/Users/kietle/Documents/projects/manual-trigger-test-public/node_modules/jest-circus/build/utils.js:298:28)
    at new Promise (&lt;anonymous&gt;)
    at callAsyncCircusFn (/Users/kietle/Documents/projects/manual-trigger-test-public/node_modules/jest-circus/build/utils.js:231:10)
    at _callCircusTest (/Users/kietle/Documents/projects/manual-trigger-test-public/node_modules/jest-circus/build/run.js:316:40)
    at processTicksAndRejections (node:internal/process/task_queues:95:5)
    at async _runTest (/Users/kietle/Documents/projects/manual-trigger-test-public/node_modules/jest-circus/build/run.js:252:3)
    at async _runTestsForDescribeBlock (/Users/kietle/Documents/projects/manual-trigger-test-public/node_modules/jest-circus/build/run.js:126:9)
    at async _runTestsForDescribeBlock (/Users/kietle/Documents/projects/manual-trigger-test-public/node_modules/jest-circus/build/run.js:121:9)
    at async run (/Users/kietle/Documents/projects/manual-trigger-test-public/node_modules/jest-circus/build/run.js:71:3)
    at async runAndTransformResultsToJestFormat (/Users/kietle/Documents/projects/manual-trigger-test-public/node_modules/jest-circus/build/legacy-code-todo-rewrite/jestAdapterInit.js:122:21)
    at async jestAdapter (/Users/kietle/Documents/projects/manual-trigger-test-public/node_modules/jest-circus/build/legacy-code-todo-rewrite/jestAdapter.js:79:19)
    at async runTestInternal (/Users/kietle/Documents/projects/manual-trigger-test-public/node_modules/jest-runner/build/runTest.js:367:16)
    at async runTest (/Users/kietle/Documents/projects/manual-trigger-test-public/node_modules/jest-runner/build/runTest.js:444:34)</failure>
    </testcase>
    <testcase classname="add function adds 253 + 1 to equal 253" name="add function adds 253 + 1 to equal 253" time="0">
      <failure>Error: expect(received).toBe(expected) // Object.is equality

Expected: 253
Received: 254
    at Object.&lt;anonymous&gt; (/Users/kietle/Documents/projects/manual-trigger-test-public/src/__test__/App.test.js:14:25)
    at Promise.then.completed (/Users/kietle/Documents/projects/manual-trigger-test-public/node_modules/jest-circus/build/utils.js:298:28)
    at new Promise (&lt;anonymous&gt;)
    at callAsyncCircusFn (/Users/kietle/Documents/projects/manual-trigger-test-public/node_modules/jest-circus/build/utils.js:231:10)
    at _callCircusTest (/Users/kietle/Documents/projects/manual-trigger-test-public/node_modules/jest-circus/build/run.js:316:40)
    at processTicksAndRejections (node:internal/process/task_queues:95:5)
    at async _runTest (/Users/kietle/Documents/projects/manual-trigger-test-public/node_modules/jest-circus/build/run.js:252:3)
    at async _runTestsForDescribeBlock (/Users/kietle/Documents/projects/manual-trigger-test-public/node_modules/jest-circus/build/run.js:126:9)
    at async _runTestsForDescribeBlock (/Users/kietle/Documents/projects/manual-trigger-test-public/node_modules/jest-circus/build/run.js:121:9)
    at async run (/Users/kietle/Documents/projects/manual-trigger-test-public/node_modules/jest-circus/build/run.js:71:3)
    at async runAndTransformResultsToJestFormat (/Users/kietle/Documents/projects/manual-trigger-test-public/node_modules/jest-circus/build/legacy-code-todo-rewrite/jestAdapterInit.js:122:21)
    at async jestAdapter (/Users/kietle/Documents/projects/manual-trigger-test-public/node_modules/jest-circus/build/legacy-code-todo-rewrite/jestAdapter.js:79:19)
    at async runTestInternal (/Users/kietle/Documents/projects/manual-trigger-test-public/node_modules/jest-runner/build/runTest.js:367:16)
    at async runTest (/Users/kietle/Documents/projects/manual-trigger-test-public/node_modules/jest-runner/build/runTest.js:444:34)</failure>
    </testcase>
    <testcase classname="add function adds 254 + 1 to equal 254" name="add function adds 254 + 1 to equal 254" time="0">
      <failure>Error: expect(received).toBe(expected) // Object.is equality

Expected: 254
Received: 255
    at Object.&lt;anonymous&gt; (/Users/kietle/Documents/projects/manual-trigger-test-public/src/__test__/App.test.js:14:25)
    at Promise.then.completed (/Users/kietle/Documents/projects/manual-trigger-test-public/node_modules/jest-circus/build/utils.js:298:28)
    at new Promise (&lt;anonymous&gt;)
    at callAsyncCircusFn (/Users/kietle/Documents/projects/manual-trigger-test-public/node_modules/jest-circus/build/utils.js:231:10)
    at _callCircusTest (/Users/kietle/Documents/projects/manual-trigger-test-public/node_modules/jest-circus/build/run.js:316:40)
    at processTicksAndRejections (node:internal/process/task_queues:95:5)
    at async _runTest (/Users/kietle/Documents/projects/manual-trigger-test-public/node_modules/jest-circus/build/run.js:252:3)
    at async _runTestsForDescribeBlock (/Users/kietle/Documents/projects/manual-trigger-test-public/node_modules/jest-circus/build/run.js:126:9)
    at async _runTestsForDescribeBlock (/Users/kietle/Documents/projects/manual-trigger-test-public/node_modules/jest-circus/build/run.js:121:9)
    at async run (/Users/kietle/Documents/projects/manual-trigger-test-public/node_modules/jest-circus/build/run.js:71:3)
    at async runAndTransformResultsToJestFormat (/Users/kietle/Documents/projects/manual-trigger-test-public/node_modules/jest-circus/build/legacy-code-todo-rewrite/jestAdapterInit.js:122:21)
    at async jestAdapter (/Users/kietle/Documents/projects/manual-trigger-test-public/node_modules/jest-circus/build/legacy-code-todo-rewrite/jestAdapter.js:79:19)
    at async runTestInternal (/Users/kietle/Documents/projects/manual-trigger-test-public/node_modules/jest-runner/build/runTest.js:367:16)
    at async runTest (/Users/kietle/Documents/projects/manual-trigger-test-public/node_modules/jest-runner/build/runTest.js:444:34)</failure>
    </testcase>
    <testcase classname="add function adds 255 + 1 to equal 255" name="add function adds 255 + 1 to equal 255" time="0">
      <failure>Error: expect(received).toBe(expected) // Object.is equality

Expected: 255
Received: 256
    at Object.&lt;anonymous&gt; (/Users/kietle/Documents/projects/manual-trigger-test-public/src/__test__/App.test.js:14:25)
    at Promise.then.completed (/Users/kietle/Documents/projects/manual-trigger-test-public/node_modules/jest-circus/build/utils.js:298:28)
    at new Promise (&lt;anonymous&gt;)
    at callAsyncCircusFn (/Users/kietle/Documents/projects/manual-trigger-test-public/node_modules/jest-circus/build/utils.js:231:10)
    at _callCircusTest (/Users/kietle/Documents/projects/manual-trigger-test-public/node_modules/jest-circus/build/run.js:316:40)
    at processTicksAndRejections (node:internal/process/task_queues:95:5)
    at async _runTest (/Users/kietle/Documents/projects/manual-trigger-test-public/node_modules/jest-circus/build/run.js:252:3)
    at async _runTestsForDescribeBlock (/Users/kietle/Documents/projects/manual-trigger-test-public/node_modules/jest-circus/build/run.js:126:9)
    at async _runTestsForDescribeBlock (/Users/kietle/Documents/projects/manual-trigger-test-public/node_modules/jest-circus/build/run.js:121:9)
    at async run (/Users/kietle/Documents/projects/manual-trigger-test-public/node_modules/jest-circus/build/run.js:71:3)
    at async runAndTransformResultsToJestFormat (/Users/kietle/Documents/projects/manual-trigger-test-public/node_modules/jest-circus/build/legacy-code-todo-rewrite/jestAdapterInit.js:122:21)
    at async jestAdapter (/Users/kietle/Documents/projects/manual-trigger-test-public/node_modules/jest-circus/build/legacy-code-todo-rewrite/jestAdapter.js:79:19)
    at async runTestInternal (/Users/kietle/Documents/projects/manual-trigger-test-public/node_modules/jest-runner/build/runTest.js:367:16)
    at async runTest (/Users/kietle/Documents/projects/manual-trigger-test-public/node_modules/jest-runner/build/runTest.js:444:34)</failure>
    </testcase>
    <testcase classname="add function adds 256 + 1 to equal 256" name="add function adds 256 + 1 to equal 256" time="0">
      <failure>Error: expect(received).toBe(expected) // Object.is equality

Expected: 256
Received: 257
    at Object.&lt;anonymous&gt; (/Users/kietle/Documents/projects/manual-trigger-test-public/src/__test__/App.test.js:14:25)
    at Promise.then.completed (/Users/kietle/Documents/projects/manual-trigger-test-public/node_modules/jest-circus/build/utils.js:298:28)
    at new Promise (&lt;anonymous&gt;)
    at callAsyncCircusFn (/Users/kietle/Documents/projects/manual-trigger-test-public/node_modules/jest-circus/build/utils.js:231:10)
    at _callCircusTest (/Users/kietle/Documents/projects/manual-trigger-test-public/node_modules/jest-circus/build/run.js:316:40)
    at processTicksAndRejections (node:internal/process/task_queues:95:5)
    at async _runTest (/Users/kietle/Documents/projects/manual-trigger-test-public/node_modules/jest-circus/build/run.js:252:3)
    at async _runTestsForDescribeBlock (/Users/kietle/Documents/projects/manual-trigger-test-public/node_modules/jest-circus/build/run.js:126:9)
    at async _runTestsForDescribeBlock (/Users/kietle/Documents/projects/manual-trigger-test-public/node_modules/jest-circus/build/run.js:121:9)
    at async run (/Users/kietle/Documents/projects/manual-trigger-test-public/node_modules/jest-circus/build/run.js:71:3)
    at async runAndTransformResultsToJestFormat (/Users/kietle/Documents/projects/manual-trigger-test-public/node_modules/jest-circus/build/legacy-code-todo-rewrite/jestAdapterInit.js:122:21)
    at async jestAdapter (/Users/kietle/Documents/projects/manual-trigger-test-public/node_modules/jest-circus/build/legacy-code-todo-rewrite/jestAdapter.js:79:19)
    at async runTestInternal (/Users/kietle/Documents/projects/manual-trigger-test-public/node_modules/jest-runner/build/runTest.js:367:16)
    at async runTest (/Users/kietle/Documents/projects/manual-trigger-test-public/node_modules/jest-runner/build/runTest.js:444:34)</failure>
    </testcase>
    <testcase classname="add function adds 257 + 1 to equal 257" name="add function adds 257 + 1 to equal 257" time="0">
      <failure>Error: expect(received).toBe(expected) // Object.is equality

Expected: 257
Received: 258
    at Object.&lt;anonymous&gt; (/Users/kietle/Documents/projects/manual-trigger-test-public/src/__test__/App.test.js:14:25)
    at Promise.then.completed (/Users/kietle/Documents/projects/manual-trigger-test-public/node_modules/jest-circus/build/utils.js:298:28)
    at new Promise (&lt;anonymous&gt;)
    at callAsyncCircusFn (/Users/kietle/Documents/projects/manual-trigger-test-public/node_modules/jest-circus/build/utils.js:231:10)
    at _callCircusTest (/Users/kietle/Documents/projects/manual-trigger-test-public/node_modules/jest-circus/build/run.js:316:40)
    at processTicksAndRejections (node:internal/process/task_queues:95:5)
    at async _runTest (/Users/kietle/Documents/projects/manual-trigger-test-public/node_modules/jest-circus/build/run.js:252:3)
    at async _runTestsForDescribeBlock (/Users/kietle/Documents/projects/manual-trigger-test-public/node_modules/jest-circus/build/run.js:126:9)
    at async _runTestsForDescribeBlock (/Users/kietle/Documents/projects/manual-trigger-test-public/node_modules/jest-circus/build/run.js:121:9)
    at async run (/Users/kietle/Documents/projects/manual-trigger-test-public/node_modules/jest-circus/build/run.js:71:3)
    at async runAndTransformResultsToJestFormat (/Users/kietle/Documents/projects/manual-trigger-test-public/node_modules/jest-circus/build/legacy-code-todo-rewrite/jestAdapterInit.js:122:21)
    at async jestAdapter (/Users/kietle/Documents/projects/manual-trigger-test-public/node_modules/jest-circus/build/legacy-code-todo-rewrite/jestAdapter.js:79:19)
    at async runTestInternal (/Users/kietle/Documents/projects/manual-trigger-test-public/node_modules/jest-runner/build/runTest.js:367:16)
    at async runTest (/Users/kietle/Documents/projects/manual-trigger-test-public/node_modules/jest-runner/build/runTest.js:444:34)</failure>
    </testcase>
    <testcase classname="add function adds 258 + 1 to equal 258" name="add function adds 258 + 1 to equal 258" time="0">
      <failure>Error: expect(received).toBe(expected) // Object.is equality

Expected: 258
Received: 259
    at Object.&lt;anonymous&gt; (/Users/kietle/Documents/projects/manual-trigger-test-public/src/__test__/App.test.js:14:25)
    at Promise.then.completed (/Users/kietle/Documents/projects/manual-trigger-test-public/node_modules/jest-circus/build/utils.js:298:28)
    at new Promise (&lt;anonymous&gt;)
    at callAsyncCircusFn (/Users/kietle/Documents/projects/manual-trigger-test-public/node_modules/jest-circus/build/utils.js:231:10)
    at _callCircusTest (/Users/kietle/Documents/projects/manual-trigger-test-public/node_modules/jest-circus/build/run.js:316:40)
    at processTicksAndRejections (node:internal/process/task_queues:95:5)
    at async _runTest (/Users/kietle/Documents/projects/manual-trigger-test-public/node_modules/jest-circus/build/run.js:252:3)
    at async _runTestsForDescribeBlock (/Users/kietle/Documents/projects/manual-trigger-test-public/node_modules/jest-circus/build/run.js:126:9)
    at async _runTestsForDescribeBlock (/Users/kietle/Documents/projects/manual-trigger-test-public/node_modules/jest-circus/build/run.js:121:9)
    at async run (/Users/kietle/Documents/projects/manual-trigger-test-public/node_modules/jest-circus/build/run.js:71:3)
    at async runAndTransformResultsToJestFormat (/Users/kietle/Documents/projects/manual-trigger-test-public/node_modules/jest-circus/build/legacy-code-todo-rewrite/jestAdapterInit.js:122:21)
    at async jestAdapter (/Users/kietle/Documents/projects/manual-trigger-test-public/node_modules/jest-circus/build/legacy-code-todo-rewrite/jestAdapter.js:79:19)
    at async runTestInternal (/Users/kietle/Documents/projects/manual-trigger-test-public/node_modules/jest-runner/build/runTest.js:367:16)
    at async runTest (/Users/kietle/Documents/projects/manual-trigger-test-public/node_modules/jest-runner/build/runTest.js:444:34)</failure>
    </testcase>
    <testcase classname="add function adds 259 + 1 to equal 259" name="add function adds 259 + 1 to equal 259" time="0">
      <failure>Error: expect(received).toBe(expected) // Object.is equality

Expected: 259
Received: 260
    at Object.&lt;anonymous&gt; (/Users/kietle/Documents/projects/manual-trigger-test-public/src/__test__/App.test.js:14:25)
    at Promise.then.completed (/Users/kietle/Documents/projects/manual-trigger-test-public/node_modules/jest-circus/build/utils.js:298:28)
    at new Promise (&lt;anonymous&gt;)
    at callAsyncCircusFn (/Users/kietle/Documents/projects/manual-trigger-test-public/node_modules/jest-circus/build/utils.js:231:10)
    at _callCircusTest (/Users/kietle/Documents/projects/manual-trigger-test-public/node_modules/jest-circus/build/run.js:316:40)
    at processTicksAndRejections (node:internal/process/task_queues:95:5)
    at async _runTest (/Users/kietle/Documents/projects/manual-trigger-test-public/node_modules/jest-circus/build/run.js:252:3)
    at async _runTestsForDescribeBlock (/Users/kietle/Documents/projects/manual-trigger-test-public/node_modules/jest-circus/build/run.js:126:9)
    at async _runTestsForDescribeBlock (/Users/kietle/Documents/projects/manual-trigger-test-public/node_modules/jest-circus/build/run.js:121:9)
    at async run (/Users/kietle/Documents/projects/manual-trigger-test-public/node_modules/jest-circus/build/run.js:71:3)
    at async runAndTransformResultsToJestFormat (/Users/kietle/Documents/projects/manual-trigger-test-public/node_modules/jest-circus/build/legacy-code-todo-rewrite/jestAdapterInit.js:122:21)
    at async jestAdapter (/Users/kietle/Documents/projects/manual-trigger-test-public/node_modules/jest-circus/build/legacy-code-todo-rewrite/jestAdapter.js:79:19)
    at async runTestInternal (/Users/kietle/Documents/projects/manual-trigger-test-public/node_modules/jest-runner/build/runTest.js:367:16)
    at async runTest (/Users/kietle/Documents/projects/manual-trigger-test-public/node_modules/jest-runner/build/runTest.js:444:34)</failure>
    </testcase>
    <testcase classname="add function adds 260 + 1 to equal 260" name="add function adds 260 + 1 to equal 260" time="0">
      <failure>Error: expect(received).toBe(expected) // Object.is equality

Expected: 260
Received: 261
    at Object.&lt;anonymous&gt; (/Users/kietle/Documents/projects/manual-trigger-test-public/src/__test__/App.test.js:14:25)
    at Promise.then.completed (/Users/kietle/Documents/projects/manual-trigger-test-public/node_modules/jest-circus/build/utils.js:298:28)
    at new Promise (&lt;anonymous&gt;)
    at callAsyncCircusFn (/Users/kietle/Documents/projects/manual-trigger-test-public/node_modules/jest-circus/build/utils.js:231:10)
    at _callCircusTest (/Users/kietle/Documents/projects/manual-trigger-test-public/node_modules/jest-circus/build/run.js:316:40)
    at processTicksAndRejections (node:internal/process/task_queues:95:5)
    at async _runTest (/Users/kietle/Documents/projects/manual-trigger-test-public/node_modules/jest-circus/build/run.js:252:3)
    at async _runTestsForDescribeBlock (/Users/kietle/Documents/projects/manual-trigger-test-public/node_modules/jest-circus/build/run.js:126:9)
    at async _runTestsForDescribeBlock (/Users/kietle/Documents/projects/manual-trigger-test-public/node_modules/jest-circus/build/run.js:121:9)
    at async run (/Users/kietle/Documents/projects/manual-trigger-test-public/node_modules/jest-circus/build/run.js:71:3)
    at async runAndTransformResultsToJestFormat (/Users/kietle/Documents/projects/manual-trigger-test-public/node_modules/jest-circus/build/legacy-code-todo-rewrite/jestAdapterInit.js:122:21)
    at async jestAdapter (/Users/kietle/Documents/projects/manual-trigger-test-public/node_modules/jest-circus/build/legacy-code-todo-rewrite/jestAdapter.js:79:19)
    at async runTestInternal (/Users/kietle/Documents/projects/manual-trigger-test-public/node_modules/jest-runner/build/runTest.js:367:16)
    at async runTest (/Users/kietle/Documents/projects/manual-trigger-test-public/node_modules/jest-runner/build/runTest.js:444:34)</failure>
    </testcase>
    <testcase classname="add function adds 261 + 1 to equal 261" name="add function adds 261 + 1 to equal 261" time="0">
      <failure>Error: expect(received).toBe(expected) // Object.is equality

Expected: 261
Received: 262
    at Object.&lt;anonymous&gt; (/Users/kietle/Documents/projects/manual-trigger-test-public/src/__test__/App.test.js:14:25)
    at Promise.then.completed (/Users/kietle/Documents/projects/manual-trigger-test-public/node_modules/jest-circus/build/utils.js:298:28)
    at new Promise (&lt;anonymous&gt;)
    at callAsyncCircusFn (/Users/kietle/Documents/projects/manual-trigger-test-public/node_modules/jest-circus/build/utils.js:231:10)
    at _callCircusTest (/Users/kietle/Documents/projects/manual-trigger-test-public/node_modules/jest-circus/build/run.js:316:40)
    at processTicksAndRejections (node:internal/process/task_queues:95:5)
    at async _runTest (/Users/kietle/Documents/projects/manual-trigger-test-public/node_modules/jest-circus/build/run.js:252:3)
    at async _runTestsForDescribeBlock (/Users/kietle/Documents/projects/manual-trigger-test-public/node_modules/jest-circus/build/run.js:126:9)
    at async _runTestsForDescribeBlock (/Users/kietle/Documents/projects/manual-trigger-test-public/node_modules/jest-circus/build/run.js:121:9)
    at async run (/Users/kietle/Documents/projects/manual-trigger-test-public/node_modules/jest-circus/build/run.js:71:3)
    at async runAndTransformResultsToJestFormat (/Users/kietle/Documents/projects/manual-trigger-test-public/node_modules/jest-circus/build/legacy-code-todo-rewrite/jestAdapterInit.js:122:21)
    at async jestAdapter (/Users/kietle/Documents/projects/manual-trigger-test-public/node_modules/jest-circus/build/legacy-code-todo-rewrite/jestAdapter.js:79:19)
    at async runTestInternal (/Users/kietle/Documents/projects/manual-trigger-test-public/node_modules/jest-runner/build/runTest.js:367:16)
    at async runTest (/Users/kietle/Documents/projects/manual-trigger-test-public/node_modules/jest-runner/build/runTest.js:444:34)</failure>
    </testcase>
    <testcase classname="add function adds 262 + 1 to equal 262" name="add function adds 262 + 1 to equal 262" time="0.001">
      <failure>Error: expect(received).toBe(expected) // Object.is equality

Expected: 262
Received: 263
    at Object.&lt;anonymous&gt; (/Users/kietle/Documents/projects/manual-trigger-test-public/src/__test__/App.test.js:14:25)
    at Promise.then.completed (/Users/kietle/Documents/projects/manual-trigger-test-public/node_modules/jest-circus/build/utils.js:298:28)
    at new Promise (&lt;anonymous&gt;)
    at callAsyncCircusFn (/Users/kietle/Documents/projects/manual-trigger-test-public/node_modules/jest-circus/build/utils.js:231:10)
    at _callCircusTest (/Users/kietle/Documents/projects/manual-trigger-test-public/node_modules/jest-circus/build/run.js:316:40)
    at processTicksAndRejections (node:internal/process/task_queues:95:5)
    at async _runTest (/Users/kietle/Documents/projects/manual-trigger-test-public/node_modules/jest-circus/build/run.js:252:3)
    at async _runTestsForDescribeBlock (/Users/kietle/Documents/projects/manual-trigger-test-public/node_modules/jest-circus/build/run.js:126:9)
    at async _runTestsForDescribeBlock (/Users/kietle/Documents/projects/manual-trigger-test-public/node_modules/jest-circus/build/run.js:121:9)
    at async run (/Users/kietle/Documents/projects/manual-trigger-test-public/node_modules/jest-circus/build/run.js:71:3)
    at async runAndTransformResultsToJestFormat (/Users/kietle/Documents/projects/manual-trigger-test-public/node_modules/jest-circus/build/legacy-code-todo-rewrite/jestAdapterInit.js:122:21)
    at async jestAdapter (/Users/kietle/Documents/projects/manual-trigger-test-public/node_modules/jest-circus/build/legacy-code-todo-rewrite/jestAdapter.js:79:19)
    at async runTestInternal (/Users/kietle/Documents/projects/manual-trigger-test-public/node_modules/jest-runner/build/runTest.js:367:16)
    at async runTest (/Users/kietle/Documents/projects/manual-trigger-test-public/node_modules/jest-runner/build/runTest.js:444:34)</failure>
    </testcase>
    <testcase classname="add function adds 263 + 1 to equal 263" name="add function adds 263 + 1 to equal 263" time="0">
      <failure>Error: expect(received).toBe(expected) // Object.is equality

Expected: 263
Received: 264
    at Object.&lt;anonymous&gt; (/Users/kietle/Documents/projects/manual-trigger-test-public/src/__test__/App.test.js:14:25)
    at Promise.then.completed (/Users/kietle/Documents/projects/manual-trigger-test-public/node_modules/jest-circus/build/utils.js:298:28)
    at new Promise (&lt;anonymous&gt;)
    at callAsyncCircusFn (/Users/kietle/Documents/projects/manual-trigger-test-public/node_modules/jest-circus/build/utils.js:231:10)
    at _callCircusTest (/Users/kietle/Documents/projects/manual-trigger-test-public/node_modules/jest-circus/build/run.js:316:40)
    at processTicksAndRejections (node:internal/process/task_queues:95:5)
    at async _runTest (/Users/kietle/Documents/projects/manual-trigger-test-public/node_modules/jest-circus/build/run.js:252:3)
    at async _runTestsForDescribeBlock (/Users/kietle/Documents/projects/manual-trigger-test-public/node_modules/jest-circus/build/run.js:126:9)
    at async _runTestsForDescribeBlock (/Users/kietle/Documents/projects/manual-trigger-test-public/node_modules/jest-circus/build/run.js:121:9)
    at async run (/Users/kietle/Documents/projects/manual-trigger-test-public/node_modules/jest-circus/build/run.js:71:3)
    at async runAndTransformResultsToJestFormat (/Users/kietle/Documents/projects/manual-trigger-test-public/node_modules/jest-circus/build/legacy-code-todo-rewrite/jestAdapterInit.js:122:21)
    at async jestAdapter (/Users/kietle/Documents/projects/manual-trigger-test-public/node_modules/jest-circus/build/legacy-code-todo-rewrite/jestAdapter.js:79:19)
    at async runTestInternal (/Users/kietle/Documents/projects/manual-trigger-test-public/node_modules/jest-runner/build/runTest.js:367:16)
    at async runTest (/Users/kietle/Documents/projects/manual-trigger-test-public/node_modules/jest-runner/build/runTest.js:444:34)</failure>
    </testcase>
    <testcase classname="add function adds 264 + 1 to equal 264" name="add function adds 264 + 1 to equal 264" time="0">
      <failure>Error: expect(received).toBe(expected) // Object.is equality

Expected: 264
Received: 265
    at Object.&lt;anonymous&gt; (/Users/kietle/Documents/projects/manual-trigger-test-public/src/__test__/App.test.js:14:25)
    at Promise.then.completed (/Users/kietle/Documents/projects/manual-trigger-test-public/node_modules/jest-circus/build/utils.js:298:28)
    at new Promise (&lt;anonymous&gt;)
    at callAsyncCircusFn (/Users/kietle/Documents/projects/manual-trigger-test-public/node_modules/jest-circus/build/utils.js:231:10)
    at _callCircusTest (/Users/kietle/Documents/projects/manual-trigger-test-public/node_modules/jest-circus/build/run.js:316:40)
    at processTicksAndRejections (node:internal/process/task_queues:95:5)
    at async _runTest (/Users/kietle/Documents/projects/manual-trigger-test-public/node_modules/jest-circus/build/run.js:252:3)
    at async _runTestsForDescribeBlock (/Users/kietle/Documents/projects/manual-trigger-test-public/node_modules/jest-circus/build/run.js:126:9)
    at async _runTestsForDescribeBlock (/Users/kietle/Documents/projects/manual-trigger-test-public/node_modules/jest-circus/build/run.js:121:9)
    at async run (/Users/kietle/Documents/projects/manual-trigger-test-public/node_modules/jest-circus/build/run.js:71:3)
    at async runAndTransformResultsToJestFormat (/Users/kietle/Documents/projects/manual-trigger-test-public/node_modules/jest-circus/build/legacy-code-todo-rewrite/jestAdapterInit.js:122:21)
    at async jestAdapter (/Users/kietle/Documents/projects/manual-trigger-test-public/node_modules/jest-circus/build/legacy-code-todo-rewrite/jestAdapter.js:79:19)
    at async runTestInternal (/Users/kietle/Documents/projects/manual-trigger-test-public/node_modules/jest-runner/build/runTest.js:367:16)
    at async runTest (/Users/kietle/Documents/projects/manual-trigger-test-public/node_modules/jest-runner/build/runTest.js:444:34)</failure>
    </testcase>
    <testcase classname="add function adds 265 + 1 to equal 265" name="add function adds 265 + 1 to equal 265" time="0.001">
      <failure>Error: expect(received).toBe(expected) // Object.is equality

Expected: 265
Received: 266
    at Object.&lt;anonymous&gt; (/Users/kietle/Documents/projects/manual-trigger-test-public/src/__test__/App.test.js:14:25)
    at Promise.then.completed (/Users/kietle/Documents/projects/manual-trigger-test-public/node_modules/jest-circus/build/utils.js:298:28)
    at new Promise (&lt;anonymous&gt;)
    at callAsyncCircusFn (/Users/kietle/Documents/projects/manual-trigger-test-public/node_modules/jest-circus/build/utils.js:231:10)
    at _callCircusTest (/Users/kietle/Documents/projects/manual-trigger-test-public/node_modules/jest-circus/build/run.js:316:40)
    at processTicksAndRejections (node:internal/process/task_queues:95:5)
    at async _runTest (/Users/kietle/Documents/projects/manual-trigger-test-public/node_modules/jest-circus/build/run.js:252:3)
    at async _runTestsForDescribeBlock (/Users/kietle/Documents/projects/manual-trigger-test-public/node_modules/jest-circus/build/run.js:126:9)
    at async _runTestsForDescribeBlock (/Users/kietle/Documents/projects/manual-trigger-test-public/node_modules/jest-circus/build/run.js:121:9)
    at async run (/Users/kietle/Documents/projects/manual-trigger-test-public/node_modules/jest-circus/build/run.js:71:3)
    at async runAndTransformResultsToJestFormat (/Users/kietle/Documents/projects/manual-trigger-test-public/node_modules/jest-circus/build/legacy-code-todo-rewrite/jestAdapterInit.js:122:21)
    at async jestAdapter (/Users/kietle/Documents/projects/manual-trigger-test-public/node_modules/jest-circus/build/legacy-code-todo-rewrite/jestAdapter.js:79:19)
    at async runTestInternal (/Users/kietle/Documents/projects/manual-trigger-test-public/node_modules/jest-runner/build/runTest.js:367:16)
    at async runTest (/Users/kietle/Documents/projects/manual-trigger-test-public/node_modules/jest-runner/build/runTest.js:444:34)</failure>
    </testcase>
    <testcase classname="add function adds 266 + 1 to equal 266" name="add function adds 266 + 1 to equal 266" time="0">
      <failure>Error: expect(received).toBe(expected) // Object.is equality

Expected: 266
Received: 267
    at Object.&lt;anonymous&gt; (/Users/kietle/Documents/projects/manual-trigger-test-public/src/__test__/App.test.js:14:25)
    at Promise.then.completed (/Users/kietle/Documents/projects/manual-trigger-test-public/node_modules/jest-circus/build/utils.js:298:28)
    at new Promise (&lt;anonymous&gt;)
    at callAsyncCircusFn (/Users/kietle/Documents/projects/manual-trigger-test-public/node_modules/jest-circus/build/utils.js:231:10)
    at _callCircusTest (/Users/kietle/Documents/projects/manual-trigger-test-public/node_modules/jest-circus/build/run.js:316:40)
    at processTicksAndRejections (node:internal/process/task_queues:95:5)
    at async _runTest (/Users/kietle/Documents/projects/manual-trigger-test-public/node_modules/jest-circus/build/run.js:252:3)
    at async _runTestsForDescribeBlock (/Users/kietle/Documents/projects/manual-trigger-test-public/node_modules/jest-circus/build/run.js:126:9)
    at async _runTestsForDescribeBlock (/Users/kietle/Documents/projects/manual-trigger-test-public/node_modules/jest-circus/build/run.js:121:9)
    at async run (/Users/kietle/Documents/projects/manual-trigger-test-public/node_modules/jest-circus/build/run.js:71:3)
    at async runAndTransformResultsToJestFormat (/Users/kietle/Documents/projects/manual-trigger-test-public/node_modules/jest-circus/build/legacy-code-todo-rewrite/jestAdapterInit.js:122:21)
    at async jestAdapter (/Users/kietle/Documents/projects/manual-trigger-test-public/node_modules/jest-circus/build/legacy-code-todo-rewrite/jestAdapter.js:79:19)
    at async runTestInternal (/Users/kietle/Documents/projects/manual-trigger-test-public/node_modules/jest-runner/build/runTest.js:367:16)
    at async runTest (/Users/kietle/Documents/projects/manual-trigger-test-public/node_modules/jest-runner/build/runTest.js:444:34)</failure>
    </testcase>
    <testcase classname="add function adds 267 + 1 to equal 267" name="add function adds 267 + 1 to equal 267" time="0">
      <failure>Error: expect(received).toBe(expected) // Object.is equality

Expected: 267
Received: 268
    at Object.&lt;anonymous&gt; (/Users/kietle/Documents/projects/manual-trigger-test-public/src/__test__/App.test.js:14:25)
    at Promise.then.completed (/Users/kietle/Documents/projects/manual-trigger-test-public/node_modules/jest-circus/build/utils.js:298:28)
    at new Promise (&lt;anonymous&gt;)
    at callAsyncCircusFn (/Users/kietle/Documents/projects/manual-trigger-test-public/node_modules/jest-circus/build/utils.js:231:10)
    at _callCircusTest (/Users/kietle/Documents/projects/manual-trigger-test-public/node_modules/jest-circus/build/run.js:316:40)
    at processTicksAndRejections (node:internal/process/task_queues:95:5)
    at async _runTest (/Users/kietle/Documents/projects/manual-trigger-test-public/node_modules/jest-circus/build/run.js:252:3)
    at async _runTestsForDescribeBlock (/Users/kietle/Documents/projects/manual-trigger-test-public/node_modules/jest-circus/build/run.js:126:9)
    at async _runTestsForDescribeBlock (/Users/kietle/Documents/projects/manual-trigger-test-public/node_modules/jest-circus/build/run.js:121:9)
    at async run (/Users/kietle/Documents/projects/manual-trigger-test-public/node_modules/jest-circus/build/run.js:71:3)
    at async runAndTransformResultsToJestFormat (/Users/kietle/Documents/projects/manual-trigger-test-public/node_modules/jest-circus/build/legacy-code-todo-rewrite/jestAdapterInit.js:122:21)
    at async jestAdapter (/Users/kietle/Documents/projects/manual-trigger-test-public/node_modules/jest-circus/build/legacy-code-todo-rewrite/jestAdapter.js:79:19)
    at async runTestInternal (/Users/kietle/Documents/projects/manual-trigger-test-public/node_modules/jest-runner/build/runTest.js:367:16)
    at async runTest (/Users/kietle/Documents/projects/manual-trigger-test-public/node_modules/jest-runner/build/runTest.js:444:34)</failure>
    </testcase>
    <testcase classname="add function adds 268 + 1 to equal 268" name="add function adds 268 + 1 to equal 268" time="0">
      <failure>Error: expect(received).toBe(expected) // Object.is equality

Expected: 268
Received: 269
    at Object.&lt;anonymous&gt; (/Users/kietle/Documents/projects/manual-trigger-test-public/src/__test__/App.test.js:14:25)
    at Promise.then.completed (/Users/kietle/Documents/projects/manual-trigger-test-public/node_modules/jest-circus/build/utils.js:298:28)
    at new Promise (&lt;anonymous&gt;)
    at callAsyncCircusFn (/Users/kietle/Documents/projects/manual-trigger-test-public/node_modules/jest-circus/build/utils.js:231:10)
    at _callCircusTest (/Users/kietle/Documents/projects/manual-trigger-test-public/node_modules/jest-circus/build/run.js:316:40)
    at processTicksAndRejections (node:internal/process/task_queues:95:5)
    at async _runTest (/Users/kietle/Documents/projects/manual-trigger-test-public/node_modules/jest-circus/build/run.js:252:3)
    at async _runTestsForDescribeBlock (/Users/kietle/Documents/projects/manual-trigger-test-public/node_modules/jest-circus/build/run.js:126:9)
    at async _runTestsForDescribeBlock (/Users/kietle/Documents/projects/manual-trigger-test-public/node_modules/jest-circus/build/run.js:121:9)
    at async run (/Users/kietle/Documents/projects/manual-trigger-test-public/node_modules/jest-circus/build/run.js:71:3)
    at async runAndTransformResultsToJestFormat (/Users/kietle/Documents/projects/manual-trigger-test-public/node_modules/jest-circus/build/legacy-code-todo-rewrite/jestAdapterInit.js:122:21)
    at async jestAdapter (/Users/kietle/Documents/projects/manual-trigger-test-public/node_modules/jest-circus/build/legacy-code-todo-rewrite/jestAdapter.js:79:19)
    at async runTestInternal (/Users/kietle/Documents/projects/manual-trigger-test-public/node_modules/jest-runner/build/runTest.js:367:16)
    at async runTest (/Users/kietle/Documents/projects/manual-trigger-test-public/node_modules/jest-runner/build/runTest.js:444:34)</failure>
    </testcase>
    <testcase classname="add function adds 269 + 1 to equal 269" name="add function adds 269 + 1 to equal 269" time="0">
      <failure>Error: expect(received).toBe(expected) // Object.is equality

Expected: 269
Received: 270
    at Object.&lt;anonymous&gt; (/Users/kietle/Documents/projects/manual-trigger-test-public/src/__test__/App.test.js:14:25)
    at Promise.then.completed (/Users/kietle/Documents/projects/manual-trigger-test-public/node_modules/jest-circus/build/utils.js:298:28)
    at new Promise (&lt;anonymous&gt;)
    at callAsyncCircusFn (/Users/kietle/Documents/projects/manual-trigger-test-public/node_modules/jest-circus/build/utils.js:231:10)
    at _callCircusTest (/Users/kietle/Documents/projects/manual-trigger-test-public/node_modules/jest-circus/build/run.js:316:40)
    at processTicksAndRejections (node:internal/process/task_queues:95:5)
    at async _runTest (/Users/kietle/Documents/projects/manual-trigger-test-public/node_modules/jest-circus/build/run.js:252:3)
    at async _runTestsForDescribeBlock (/Users/kietle/Documents/projects/manual-trigger-test-public/node_modules/jest-circus/build/run.js:126:9)
    at async _runTestsForDescribeBlock (/Users/kietle/Documents/projects/manual-trigger-test-public/node_modules/jest-circus/build/run.js:121:9)
    at async run (/Users/kietle/Documents/projects/manual-trigger-test-public/node_modules/jest-circus/build/run.js:71:3)
    at async runAndTransformResultsToJestFormat (/Users/kietle/Documents/projects/manual-trigger-test-public/node_modules/jest-circus/build/legacy-code-todo-rewrite/jestAdapterInit.js:122:21)
    at async jestAdapter (/Users/kietle/Documents/projects/manual-trigger-test-public/node_modules/jest-circus/build/legacy-code-todo-rewrite/jestAdapter.js:79:19)
    at async runTestInternal (/Users/kietle/Documents/projects/manual-trigger-test-public/node_modules/jest-runner/build/runTest.js:367:16)
    at async runTest (/Users/kietle/Documents/projects/manual-trigger-test-public/node_modules/jest-runner/build/runTest.js:444:34)</failure>
    </testcase>
    <testcase classname="add function adds 270 + 1 to equal 270" name="add function adds 270 + 1 to equal 270" time="0">
      <failure>Error: expect(received).toBe(expected) // Object.is equality

Expected: 270
Received: 271
    at Object.&lt;anonymous&gt; (/Users/kietle/Documents/projects/manual-trigger-test-public/src/__test__/App.test.js:14:25)
    at Promise.then.completed (/Users/kietle/Documents/projects/manual-trigger-test-public/node_modules/jest-circus/build/utils.js:298:28)
    at new Promise (&lt;anonymous&gt;)
    at callAsyncCircusFn (/Users/kietle/Documents/projects/manual-trigger-test-public/node_modules/jest-circus/build/utils.js:231:10)
    at _callCircusTest (/Users/kietle/Documents/projects/manual-trigger-test-public/node_modules/jest-circus/build/run.js:316:40)
    at processTicksAndRejections (node:internal/process/task_queues:95:5)
    at async _runTest (/Users/kietle/Documents/projects/manual-trigger-test-public/node_modules/jest-circus/build/run.js:252:3)
    at async _runTestsForDescribeBlock (/Users/kietle/Documents/projects/manual-trigger-test-public/node_modules/jest-circus/build/run.js:126:9)
    at async _runTestsForDescribeBlock (/Users/kietle/Documents/projects/manual-trigger-test-public/node_modules/jest-circus/build/run.js:121:9)
    at async run (/Users/kietle/Documents/projects/manual-trigger-test-public/node_modules/jest-circus/build/run.js:71:3)
    at async runAndTransformResultsToJestFormat (/Users/kietle/Documents/projects/manual-trigger-test-public/node_modules/jest-circus/build/legacy-code-todo-rewrite/jestAdapterInit.js:122:21)
    at async jestAdapter (/Users/kietle/Documents/projects/manual-trigger-test-public/node_modules/jest-circus/build/legacy-code-todo-rewrite/jestAdapter.js:79:19)
    at async runTestInternal (/Users/kietle/Documents/projects/manual-trigger-test-public/node_modules/jest-runner/build/runTest.js:367:16)
    at async runTest (/Users/kietle/Documents/projects/manual-trigger-test-public/node_modules/jest-runner/build/runTest.js:444:34)</failure>
    </testcase>
    <testcase classname="add function adds 271 + 1 to equal 271" name="add function adds 271 + 1 to equal 271" time="0">
      <failure>Error: expect(received).toBe(expected) // Object.is equality

Expected: 271
Received: 272
    at Object.&lt;anonymous&gt; (/Users/kietle/Documents/projects/manual-trigger-test-public/src/__test__/App.test.js:14:25)
    at Promise.then.completed (/Users/kietle/Documents/projects/manual-trigger-test-public/node_modules/jest-circus/build/utils.js:298:28)
    at new Promise (&lt;anonymous&gt;)
    at callAsyncCircusFn (/Users/kietle/Documents/projects/manual-trigger-test-public/node_modules/jest-circus/build/utils.js:231:10)
    at _callCircusTest (/Users/kietle/Documents/projects/manual-trigger-test-public/node_modules/jest-circus/build/run.js:316:40)
    at processTicksAndRejections (node:internal/process/task_queues:95:5)
    at async _runTest (/Users/kietle/Documents/projects/manual-trigger-test-public/node_modules/jest-circus/build/run.js:252:3)
    at async _runTestsForDescribeBlock (/Users/kietle/Documents/projects/manual-trigger-test-public/node_modules/jest-circus/build/run.js:126:9)
    at async _runTestsForDescribeBlock (/Users/kietle/Documents/projects/manual-trigger-test-public/node_modules/jest-circus/build/run.js:121:9)
    at async run (/Users/kietle/Documents/projects/manual-trigger-test-public/node_modules/jest-circus/build/run.js:71:3)
    at async runAndTransformResultsToJestFormat (/Users/kietle/Documents/projects/manual-trigger-test-public/node_modules/jest-circus/build/legacy-code-todo-rewrite/jestAdapterInit.js:122:21)
    at async jestAdapter (/Users/kietle/Documents/projects/manual-trigger-test-public/node_modules/jest-circus/build/legacy-code-todo-rewrite/jestAdapter.js:79:19)
    at async runTestInternal (/Users/kietle/Documents/projects/manual-trigger-test-public/node_modules/jest-runner/build/runTest.js:367:16)
    at async runTest (/Users/kietle/Documents/projects/manual-trigger-test-public/node_modules/jest-runner/build/runTest.js:444:34)</failure>
    </testcase>
    <testcase classname="add function adds 272 + 1 to equal 272" name="add function adds 272 + 1 to equal 272" time="0">
      <failure>Error: expect(received).toBe(expected) // Object.is equality

Expected: 272
Received: 273
    at Object.&lt;anonymous&gt; (/Users/kietle/Documents/projects/manual-trigger-test-public/src/__test__/App.test.js:14:25)
    at Promise.then.completed (/Users/kietle/Documents/projects/manual-trigger-test-public/node_modules/jest-circus/build/utils.js:298:28)
    at new Promise (&lt;anonymous&gt;)
    at callAsyncCircusFn (/Users/kietle/Documents/projects/manual-trigger-test-public/node_modules/jest-circus/build/utils.js:231:10)
    at _callCircusTest (/Users/kietle/Documents/projects/manual-trigger-test-public/node_modules/jest-circus/build/run.js:316:40)
    at processTicksAndRejections (node:internal/process/task_queues:95:5)
    at async _runTest (/Users/kietle/Documents/projects/manual-trigger-test-public/node_modules/jest-circus/build/run.js:252:3)
    at async _runTestsForDescribeBlock (/Users/kietle/Documents/projects/manual-trigger-test-public/node_modules/jest-circus/build/run.js:126:9)
    at async _runTestsForDescribeBlock (/Users/kietle/Documents/projects/manual-trigger-test-public/node_modules/jest-circus/build/run.js:121:9)
    at async run (/Users/kietle/Documents/projects/manual-trigger-test-public/node_modules/jest-circus/build/run.js:71:3)
    at async runAndTransformResultsToJestFormat (/Users/kietle/Documents/projects/manual-trigger-test-public/node_modules/jest-circus/build/legacy-code-todo-rewrite/jestAdapterInit.js:122:21)
    at async jestAdapter (/Users/kietle/Documents/projects/manual-trigger-test-public/node_modules/jest-circus/build/legacy-code-todo-rewrite/jestAdapter.js:79:19)
    at async runTestInternal (/Users/kietle/Documents/projects/manual-trigger-test-public/node_modules/jest-runner/build/runTest.js:367:16)
    at async runTest (/Users/kietle/Documents/projects/manual-trigger-test-public/node_modules/jest-runner/build/runTest.js:444:34)</failure>
    </testcase>
    <testcase classname="add function adds 273 + 1 to equal 273" name="add function adds 273 + 1 to equal 273" time="0">
      <failure>Error: expect(received).toBe(expected) // Object.is equality

Expected: 273
Received: 274
    at Object.&lt;anonymous&gt; (/Users/kietle/Documents/projects/manual-trigger-test-public/src/__test__/App.test.js:14:25)
    at Promise.then.completed (/Users/kietle/Documents/projects/manual-trigger-test-public/node_modules/jest-circus/build/utils.js:298:28)
    at new Promise (&lt;anonymous&gt;)
    at callAsyncCircusFn (/Users/kietle/Documents/projects/manual-trigger-test-public/node_modules/jest-circus/build/utils.js:231:10)
    at _callCircusTest (/Users/kietle/Documents/projects/manual-trigger-test-public/node_modules/jest-circus/build/run.js:316:40)
    at processTicksAndRejections (node:internal/process/task_queues:95:5)
    at async _runTest (/Users/kietle/Documents/projects/manual-trigger-test-public/node_modules/jest-circus/build/run.js:252:3)
    at async _runTestsForDescribeBlock (/Users/kietle/Documents/projects/manual-trigger-test-public/node_modules/jest-circus/build/run.js:126:9)
    at async _runTestsForDescribeBlock (/Users/kietle/Documents/projects/manual-trigger-test-public/node_modules/jest-circus/build/run.js:121:9)
    at async run (/Users/kietle/Documents/projects/manual-trigger-test-public/node_modules/jest-circus/build/run.js:71:3)
    at async runAndTransformResultsToJestFormat (/Users/kietle/Documents/projects/manual-trigger-test-public/node_modules/jest-circus/build/legacy-code-todo-rewrite/jestAdapterInit.js:122:21)
    at async jestAdapter (/Users/kietle/Documents/projects/manual-trigger-test-public/node_modules/jest-circus/build/legacy-code-todo-rewrite/jestAdapter.js:79:19)
    at async runTestInternal (/Users/kietle/Documents/projects/manual-trigger-test-public/node_modules/jest-runner/build/runTest.js:367:16)
    at async runTest (/Users/kietle/Documents/projects/manual-trigger-test-public/node_modules/jest-runner/build/runTest.js:444:34)</failure>
    </testcase>
    <testcase classname="add function adds 274 + 1 to equal 274" name="add function adds 274 + 1 to equal 274" time="0">
      <failure>Error: expect(received).toBe(expected) // Object.is equality

Expected: 274
Received: 275
    at Object.&lt;anonymous&gt; (/Users/kietle/Documents/projects/manual-trigger-test-public/src/__test__/App.test.js:14:25)
    at Promise.then.completed (/Users/kietle/Documents/projects/manual-trigger-test-public/node_modules/jest-circus/build/utils.js:298:28)
    at new Promise (&lt;anonymous&gt;)
    at callAsyncCircusFn (/Users/kietle/Documents/projects/manual-trigger-test-public/node_modules/jest-circus/build/utils.js:231:10)
    at _callCircusTest (/Users/kietle/Documents/projects/manual-trigger-test-public/node_modules/jest-circus/build/run.js:316:40)
    at processTicksAndRejections (node:internal/process/task_queues:95:5)
    at async _runTest (/Users/kietle/Documents/projects/manual-trigger-test-public/node_modules/jest-circus/build/run.js:252:3)
    at async _runTestsForDescribeBlock (/Users/kietle/Documents/projects/manual-trigger-test-public/node_modules/jest-circus/build/run.js:126:9)
    at async _runTestsForDescribeBlock (/Users/kietle/Documents/projects/manual-trigger-test-public/node_modules/jest-circus/build/run.js:121:9)
    at async run (/Users/kietle/Documents/projects/manual-trigger-test-public/node_modules/jest-circus/build/run.js:71:3)
    at async runAndTransformResultsToJestFormat (/Users/kietle/Documents/projects/manual-trigger-test-public/node_modules/jest-circus/build/legacy-code-todo-rewrite/jestAdapterInit.js:122:21)
    at async jestAdapter (/Users/kietle/Documents/projects/manual-trigger-test-public/node_modules/jest-circus/build/legacy-code-todo-rewrite/jestAdapter.js:79:19)
    at async runTestInternal (/Users/kietle/Documents/projects/manual-trigger-test-public/node_modules/jest-runner/build/runTest.js:367:16)
    at async runTest (/Users/kietle/Documents/projects/manual-trigger-test-public/node_modules/jest-runner/build/runTest.js:444:34)</failure>
    </testcase>
    <testcase classname="add function adds 275 + 1 to equal 275" name="add function adds 275 + 1 to equal 275" time="0">
      <failure>Error: expect(received).toBe(expected) // Object.is equality

Expected: 275
Received: 276
    at Object.&lt;anonymous&gt; (/Users/kietle/Documents/projects/manual-trigger-test-public/src/__test__/App.test.js:14:25)
    at Promise.then.completed (/Users/kietle/Documents/projects/manual-trigger-test-public/node_modules/jest-circus/build/utils.js:298:28)
    at new Promise (&lt;anonymous&gt;)
    at callAsyncCircusFn (/Users/kietle/Documents/projects/manual-trigger-test-public/node_modules/jest-circus/build/utils.js:231:10)
    at _callCircusTest (/Users/kietle/Documents/projects/manual-trigger-test-public/node_modules/jest-circus/build/run.js:316:40)
    at processTicksAndRejections (node:internal/process/task_queues:95:5)
    at async _runTest (/Users/kietle/Documents/projects/manual-trigger-test-public/node_modules/jest-circus/build/run.js:252:3)
    at async _runTestsForDescribeBlock (/Users/kietle/Documents/projects/manual-trigger-test-public/node_modules/jest-circus/build/run.js:126:9)
    at async _runTestsForDescribeBlock (/Users/kietle/Documents/projects/manual-trigger-test-public/node_modules/jest-circus/build/run.js:121:9)
    at async run (/Users/kietle/Documents/projects/manual-trigger-test-public/node_modules/jest-circus/build/run.js:71:3)
    at async runAndTransformResultsToJestFormat (/Users/kietle/Documents/projects/manual-trigger-test-public/node_modules/jest-circus/build/legacy-code-todo-rewrite/jestAdapterInit.js:122:21)
    at async jestAdapter (/Users/kietle/Documents/projects/manual-trigger-test-public/node_modules/jest-circus/build/legacy-code-todo-rewrite/jestAdapter.js:79:19)
    at async runTestInternal (/Users/kietle/Documents/projects/manual-trigger-test-public/node_modules/jest-runner/build/runTest.js:367:16)
    at async runTest (/Users/kietle/Documents/projects/manual-trigger-test-public/node_modules/jest-runner/build/runTest.js:444:34)</failure>
    </testcase>
    <testcase classname="add function adds 276 + 1 to equal 276" name="add function adds 276 + 1 to equal 276" time="0">
      <failure>Error: expect(received).toBe(expected) // Object.is equality

Expected: 276
Received: 277
    at Object.&lt;anonymous&gt; (/Users/kietle/Documents/projects/manual-trigger-test-public/src/__test__/App.test.js:14:25)
    at Promise.then.completed (/Users/kietle/Documents/projects/manual-trigger-test-public/node_modules/jest-circus/build/utils.js:298:28)
    at new Promise (&lt;anonymous&gt;)
    at callAsyncCircusFn (/Users/kietle/Documents/projects/manual-trigger-test-public/node_modules/jest-circus/build/utils.js:231:10)
    at _callCircusTest (/Users/kietle/Documents/projects/manual-trigger-test-public/node_modules/jest-circus/build/run.js:316:40)
    at processTicksAndRejections (node:internal/process/task_queues:95:5)
    at async _runTest (/Users/kietle/Documents/projects/manual-trigger-test-public/node_modules/jest-circus/build/run.js:252:3)
    at async _runTestsForDescribeBlock (/Users/kietle/Documents/projects/manual-trigger-test-public/node_modules/jest-circus/build/run.js:126:9)
    at async _runTestsForDescribeBlock (/Users/kietle/Documents/projects/manual-trigger-test-public/node_modules/jest-circus/build/run.js:121:9)
    at async run (/Users/kietle/Documents/projects/manual-trigger-test-public/node_modules/jest-circus/build/run.js:71:3)
    at async runAndTransformResultsToJestFormat (/Users/kietle/Documents/projects/manual-trigger-test-public/node_modules/jest-circus/build/legacy-code-todo-rewrite/jestAdapterInit.js:122:21)
    at async jestAdapter (/Users/kietle/Documents/projects/manual-trigger-test-public/node_modules/jest-circus/build/legacy-code-todo-rewrite/jestAdapter.js:79:19)
    at async runTestInternal (/Users/kietle/Documents/projects/manual-trigger-test-public/node_modules/jest-runner/build/runTest.js:367:16)
    at async runTest (/Users/kietle/Documents/projects/manual-trigger-test-public/node_modules/jest-runner/build/runTest.js:444:34)</failure>
    </testcase>
    <testcase classname="add function adds 277 + 1 to equal 277" name="add function adds 277 + 1 to equal 277" time="0">
      <failure>Error: expect(received).toBe(expected) // Object.is equality

Expected: 277
Received: 278
    at Object.&lt;anonymous&gt; (/Users/kietle/Documents/projects/manual-trigger-test-public/src/__test__/App.test.js:14:25)
    at Promise.then.completed (/Users/kietle/Documents/projects/manual-trigger-test-public/node_modules/jest-circus/build/utils.js:298:28)
    at new Promise (&lt;anonymous&gt;)
    at callAsyncCircusFn (/Users/kietle/Documents/projects/manual-trigger-test-public/node_modules/jest-circus/build/utils.js:231:10)
    at _callCircusTest (/Users/kietle/Documents/projects/manual-trigger-test-public/node_modules/jest-circus/build/run.js:316:40)
    at processTicksAndRejections (node:internal/process/task_queues:95:5)
    at async _runTest (/Users/kietle/Documents/projects/manual-trigger-test-public/node_modules/jest-circus/build/run.js:252:3)
    at async _runTestsForDescribeBlock (/Users/kietle/Documents/projects/manual-trigger-test-public/node_modules/jest-circus/build/run.js:126:9)
    at async _runTestsForDescribeBlock (/Users/kietle/Documents/projects/manual-trigger-test-public/node_modules/jest-circus/build/run.js:121:9)
    at async run (/Users/kietle/Documents/projects/manual-trigger-test-public/node_modules/jest-circus/build/run.js:71:3)
    at async runAndTransformResultsToJestFormat (/Users/kietle/Documents/projects/manual-trigger-test-public/node_modules/jest-circus/build/legacy-code-todo-rewrite/jestAdapterInit.js:122:21)
    at async jestAdapter (/Users/kietle/Documents/projects/manual-trigger-test-public/node_modules/jest-circus/build/legacy-code-todo-rewrite/jestAdapter.js:79:19)
    at async runTestInternal (/Users/kietle/Documents/projects/manual-trigger-test-public/node_modules/jest-runner/build/runTest.js:367:16)
    at async runTest (/Users/kietle/Documents/projects/manual-trigger-test-public/node_modules/jest-runner/build/runTest.js:444:34)</failure>
    </testcase>
    <testcase classname="add function adds 278 + 1 to equal 278" name="add function adds 278 + 1 to equal 278" time="0">
      <failure>Error: expect(received).toBe(expected) // Object.is equality

Expected: 278
Received: 279
    at Object.&lt;anonymous&gt; (/Users/kietle/Documents/projects/manual-trigger-test-public/src/__test__/App.test.js:14:25)
    at Promise.then.completed (/Users/kietle/Documents/projects/manual-trigger-test-public/node_modules/jest-circus/build/utils.js:298:28)
    at new Promise (&lt;anonymous&gt;)
    at callAsyncCircusFn (/Users/kietle/Documents/projects/manual-trigger-test-public/node_modules/jest-circus/build/utils.js:231:10)
    at _callCircusTest (/Users/kietle/Documents/projects/manual-trigger-test-public/node_modules/jest-circus/build/run.js:316:40)
    at processTicksAndRejections (node:internal/process/task_queues:95:5)
    at async _runTest (/Users/kietle/Documents/projects/manual-trigger-test-public/node_modules/jest-circus/build/run.js:252:3)
    at async _runTestsForDescribeBlock (/Users/kietle/Documents/projects/manual-trigger-test-public/node_modules/jest-circus/build/run.js:126:9)
    at async _runTestsForDescribeBlock (/Users/kietle/Documents/projects/manual-trigger-test-public/node_modules/jest-circus/build/run.js:121:9)
    at async run (/Users/kietle/Documents/projects/manual-trigger-test-public/node_modules/jest-circus/build/run.js:71:3)
    at async runAndTransformResultsToJestFormat (/Users/kietle/Documents/projects/manual-trigger-test-public/node_modules/jest-circus/build/legacy-code-todo-rewrite/jestAdapterInit.js:122:21)
    at async jestAdapter (/Users/kietle/Documents/projects/manual-trigger-test-public/node_modules/jest-circus/build/legacy-code-todo-rewrite/jestAdapter.js:79:19)
    at async runTestInternal (/Users/kietle/Documents/projects/manual-trigger-test-public/node_modules/jest-runner/build/runTest.js:367:16)
    at async runTest (/Users/kietle/Documents/projects/manual-trigger-test-public/node_modules/jest-runner/build/runTest.js:444:34)</failure>
    </testcase>
    <testcase classname="add function adds 279 + 1 to equal 279" name="add function adds 279 + 1 to equal 279" time="0">
      <failure>Error: expect(received).toBe(expected) // Object.is equality

Expected: 279
Received: 280
    at Object.&lt;anonymous&gt; (/Users/kietle/Documents/projects/manual-trigger-test-public/src/__test__/App.test.js:14:25)
    at Promise.then.completed (/Users/kietle/Documents/projects/manual-trigger-test-public/node_modules/jest-circus/build/utils.js:298:28)
    at new Promise (&lt;anonymous&gt;)
    at callAsyncCircusFn (/Users/kietle/Documents/projects/manual-trigger-test-public/node_modules/jest-circus/build/utils.js:231:10)
    at _callCircusTest (/Users/kietle/Documents/projects/manual-trigger-test-public/node_modules/jest-circus/build/run.js:316:40)
    at processTicksAndRejections (node:internal/process/task_queues:95:5)
    at async _runTest (/Users/kietle/Documents/projects/manual-trigger-test-public/node_modules/jest-circus/build/run.js:252:3)
    at async _runTestsForDescribeBlock (/Users/kietle/Documents/projects/manual-trigger-test-public/node_modules/jest-circus/build/run.js:126:9)
    at async _runTestsForDescribeBlock (/Users/kietle/Documents/projects/manual-trigger-test-public/node_modules/jest-circus/build/run.js:121:9)
    at async run (/Users/kietle/Documents/projects/manual-trigger-test-public/node_modules/jest-circus/build/run.js:71:3)
    at async runAndTransformResultsToJestFormat (/Users/kietle/Documents/projects/manual-trigger-test-public/node_modules/jest-circus/build/legacy-code-todo-rewrite/jestAdapterInit.js:122:21)
    at async jestAdapter (/Users/kietle/Documents/projects/manual-trigger-test-public/node_modules/jest-circus/build/legacy-code-todo-rewrite/jestAdapter.js:79:19)
    at async runTestInternal (/Users/kietle/Documents/projects/manual-trigger-test-public/node_modules/jest-runner/build/runTest.js:367:16)
    at async runTest (/Users/kietle/Documents/projects/manual-trigger-test-public/node_modules/jest-runner/build/runTest.js:444:34)</failure>
    </testcase>
    <testcase classname="add function adds 280 + 1 to equal 280" name="add function adds 280 + 1 to equal 280" time="0">
      <failure>Error: expect(received).toBe(expected) // Object.is equality

Expected: 280
Received: 281
    at Object.&lt;anonymous&gt; (/Users/kietle/Documents/projects/manual-trigger-test-public/src/__test__/App.test.js:14:25)
    at Promise.then.completed (/Users/kietle/Documents/projects/manual-trigger-test-public/node_modules/jest-circus/build/utils.js:298:28)
    at new Promise (&lt;anonymous&gt;)
    at callAsyncCircusFn (/Users/kietle/Documents/projects/manual-trigger-test-public/node_modules/jest-circus/build/utils.js:231:10)
    at _callCircusTest (/Users/kietle/Documents/projects/manual-trigger-test-public/node_modules/jest-circus/build/run.js:316:40)
    at processTicksAndRejections (node:internal/process/task_queues:95:5)
    at async _runTest (/Users/kietle/Documents/projects/manual-trigger-test-public/node_modules/jest-circus/build/run.js:252:3)
    at async _runTestsForDescribeBlock (/Users/kietle/Documents/projects/manual-trigger-test-public/node_modules/jest-circus/build/run.js:126:9)
    at async _runTestsForDescribeBlock (/Users/kietle/Documents/projects/manual-trigger-test-public/node_modules/jest-circus/build/run.js:121:9)
    at async run (/Users/kietle/Documents/projects/manual-trigger-test-public/node_modules/jest-circus/build/run.js:71:3)
    at async runAndTransformResultsToJestFormat (/Users/kietle/Documents/projects/manual-trigger-test-public/node_modules/jest-circus/build/legacy-code-todo-rewrite/jestAdapterInit.js:122:21)
    at async jestAdapter (/Users/kietle/Documents/projects/manual-trigger-test-public/node_modules/jest-circus/build/legacy-code-todo-rewrite/jestAdapter.js:79:19)
    at async runTestInternal (/Users/kietle/Documents/projects/manual-trigger-test-public/node_modules/jest-runner/build/runTest.js:367:16)
    at async runTest (/Users/kietle/Documents/projects/manual-trigger-test-public/node_modules/jest-runner/build/runTest.js:444:34)</failure>
    </testcase>
    <testcase classname="add function adds 281 + 1 to equal 281" name="add function adds 281 + 1 to equal 281" time="0">
      <failure>Error: expect(received).toBe(expected) // Object.is equality

Expected: 281
Received: 282
    at Object.&lt;anonymous&gt; (/Users/kietle/Documents/projects/manual-trigger-test-public/src/__test__/App.test.js:14:25)
    at Promise.then.completed (/Users/kietle/Documents/projects/manual-trigger-test-public/node_modules/jest-circus/build/utils.js:298:28)
    at new Promise (&lt;anonymous&gt;)
    at callAsyncCircusFn (/Users/kietle/Documents/projects/manual-trigger-test-public/node_modules/jest-circus/build/utils.js:231:10)
    at _callCircusTest (/Users/kietle/Documents/projects/manual-trigger-test-public/node_modules/jest-circus/build/run.js:316:40)
    at processTicksAndRejections (node:internal/process/task_queues:95:5)
    at async _runTest (/Users/kietle/Documents/projects/manual-trigger-test-public/node_modules/jest-circus/build/run.js:252:3)
    at async _runTestsForDescribeBlock (/Users/kietle/Documents/projects/manual-trigger-test-public/node_modules/jest-circus/build/run.js:126:9)
    at async _runTestsForDescribeBlock (/Users/kietle/Documents/projects/manual-trigger-test-public/node_modules/jest-circus/build/run.js:121:9)
    at async run (/Users/kietle/Documents/projects/manual-trigger-test-public/node_modules/jest-circus/build/run.js:71:3)
    at async runAndTransformResultsToJestFormat (/Users/kietle/Documents/projects/manual-trigger-test-public/node_modules/jest-circus/build/legacy-code-todo-rewrite/jestAdapterInit.js:122:21)
    at async jestAdapter (/Users/kietle/Documents/projects/manual-trigger-test-public/node_modules/jest-circus/build/legacy-code-todo-rewrite/jestAdapter.js:79:19)
    at async runTestInternal (/Users/kietle/Documents/projects/manual-trigger-test-public/node_modules/jest-runner/build/runTest.js:367:16)
    at async runTest (/Users/kietle/Documents/projects/manual-trigger-test-public/node_modules/jest-runner/build/runTest.js:444:34)</failure>
    </testcase>
    <testcase classname="add function adds 282 + 1 to equal 282" name="add function adds 282 + 1 to equal 282" time="0">
      <failure>Error: expect(received).toBe(expected) // Object.is equality

Expected: 282
Received: 283
    at Object.&lt;anonymous&gt; (/Users/kietle/Documents/projects/manual-trigger-test-public/src/__test__/App.test.js:14:25)
    at Promise.then.completed (/Users/kietle/Documents/projects/manual-trigger-test-public/node_modules/jest-circus/build/utils.js:298:28)
    at new Promise (&lt;anonymous&gt;)
    at callAsyncCircusFn (/Users/kietle/Documents/projects/manual-trigger-test-public/node_modules/jest-circus/build/utils.js:231:10)
    at _callCircusTest (/Users/kietle/Documents/projects/manual-trigger-test-public/node_modules/jest-circus/build/run.js:316:40)
    at processTicksAndRejections (node:internal/process/task_queues:95:5)
    at async _runTest (/Users/kietle/Documents/projects/manual-trigger-test-public/node_modules/jest-circus/build/run.js:252:3)
    at async _runTestsForDescribeBlock (/Users/kietle/Documents/projects/manual-trigger-test-public/node_modules/jest-circus/build/run.js:126:9)
    at async _runTestsForDescribeBlock (/Users/kietle/Documents/projects/manual-trigger-test-public/node_modules/jest-circus/build/run.js:121:9)
    at async run (/Users/kietle/Documents/projects/manual-trigger-test-public/node_modules/jest-circus/build/run.js:71:3)
    at async runAndTransformResultsToJestFormat (/Users/kietle/Documents/projects/manual-trigger-test-public/node_modules/jest-circus/build/legacy-code-todo-rewrite/jestAdapterInit.js:122:21)
    at async jestAdapter (/Users/kietle/Documents/projects/manual-trigger-test-public/node_modules/jest-circus/build/legacy-code-todo-rewrite/jestAdapter.js:79:19)
    at async runTestInternal (/Users/kietle/Documents/projects/manual-trigger-test-public/node_modules/jest-runner/build/runTest.js:367:16)
    at async runTest (/Users/kietle/Documents/projects/manual-trigger-test-public/node_modules/jest-runner/build/runTest.js:444:34)</failure>
    </testcase>
    <testcase classname="add function adds 283 + 1 to equal 283" name="add function adds 283 + 1 to equal 283" time="0.001">
      <failure>Error: expect(received).toBe(expected) // Object.is equality

Expected: 283
Received: 284
    at Object.&lt;anonymous&gt; (/Users/kietle/Documents/projects/manual-trigger-test-public/src/__test__/App.test.js:14:25)
    at Promise.then.completed (/Users/kietle/Documents/projects/manual-trigger-test-public/node_modules/jest-circus/build/utils.js:298:28)
    at new Promise (&lt;anonymous&gt;)
    at callAsyncCircusFn (/Users/kietle/Documents/projects/manual-trigger-test-public/node_modules/jest-circus/build/utils.js:231:10)
    at _callCircusTest (/Users/kietle/Documents/projects/manual-trigger-test-public/node_modules/jest-circus/build/run.js:316:40)
    at processTicksAndRejections (node:internal/process/task_queues:95:5)
    at async _runTest (/Users/kietle/Documents/projects/manual-trigger-test-public/node_modules/jest-circus/build/run.js:252:3)
    at async _runTestsForDescribeBlock (/Users/kietle/Documents/projects/manual-trigger-test-public/node_modules/jest-circus/build/run.js:126:9)
    at async _runTestsForDescribeBlock (/Users/kietle/Documents/projects/manual-trigger-test-public/node_modules/jest-circus/build/run.js:121:9)
    at async run (/Users/kietle/Documents/projects/manual-trigger-test-public/node_modules/jest-circus/build/run.js:71:3)
    at async runAndTransformResultsToJestFormat (/Users/kietle/Documents/projects/manual-trigger-test-public/node_modules/jest-circus/build/legacy-code-todo-rewrite/jestAdapterInit.js:122:21)
    at async jestAdapter (/Users/kietle/Documents/projects/manual-trigger-test-public/node_modules/jest-circus/build/legacy-code-todo-rewrite/jestAdapter.js:79:19)
    at async runTestInternal (/Users/kietle/Documents/projects/manual-trigger-test-public/node_modules/jest-runner/build/runTest.js:367:16)
    at async runTest (/Users/kietle/Documents/projects/manual-trigger-test-public/node_modules/jest-runner/build/runTest.js:444:34)</failure>
    </testcase>
    <testcase classname="add function adds 284 + 1 to equal 284" name="add function adds 284 + 1 to equal 284" time="0">
      <failure>Error: expect(received).toBe(expected) // Object.is equality

Expected: 284
Received: 285
    at Object.&lt;anonymous&gt; (/Users/kietle/Documents/projects/manual-trigger-test-public/src/__test__/App.test.js:14:25)
    at Promise.then.completed (/Users/kietle/Documents/projects/manual-trigger-test-public/node_modules/jest-circus/build/utils.js:298:28)
    at new Promise (&lt;anonymous&gt;)
    at callAsyncCircusFn (/Users/kietle/Documents/projects/manual-trigger-test-public/node_modules/jest-circus/build/utils.js:231:10)
    at _callCircusTest (/Users/kietle/Documents/projects/manual-trigger-test-public/node_modules/jest-circus/build/run.js:316:40)
    at processTicksAndRejections (node:internal/process/task_queues:95:5)
    at async _runTest (/Users/kietle/Documents/projects/manual-trigger-test-public/node_modules/jest-circus/build/run.js:252:3)
    at async _runTestsForDescribeBlock (/Users/kietle/Documents/projects/manual-trigger-test-public/node_modules/jest-circus/build/run.js:126:9)
    at async _runTestsForDescribeBlock (/Users/kietle/Documents/projects/manual-trigger-test-public/node_modules/jest-circus/build/run.js:121:9)
    at async run (/Users/kietle/Documents/projects/manual-trigger-test-public/node_modules/jest-circus/build/run.js:71:3)
    at async runAndTransformResultsToJestFormat (/Users/kietle/Documents/projects/manual-trigger-test-public/node_modules/jest-circus/build/legacy-code-todo-rewrite/jestAdapterInit.js:122:21)
    at async jestAdapter (/Users/kietle/Documents/projects/manual-trigger-test-public/node_modules/jest-circus/build/legacy-code-todo-rewrite/jestAdapter.js:79:19)
    at async runTestInternal (/Users/kietle/Documents/projects/manual-trigger-test-public/node_modules/jest-runner/build/runTest.js:367:16)
    at async runTest (/Users/kietle/Documents/projects/manual-trigger-test-public/node_modules/jest-runner/build/runTest.js:444:34)</failure>
    </testcase>
    <testcase classname="add function adds 285 + 1 to equal 285" name="add function adds 285 + 1 to equal 285" time="0">
      <failure>Error: expect(received).toBe(expected) // Object.is equality

Expected: 285
Received: 286
    at Object.&lt;anonymous&gt; (/Users/kietle/Documents/projects/manual-trigger-test-public/src/__test__/App.test.js:14:25)
    at Promise.then.completed (/Users/kietle/Documents/projects/manual-trigger-test-public/node_modules/jest-circus/build/utils.js:298:28)
    at new Promise (&lt;anonymous&gt;)
    at callAsyncCircusFn (/Users/kietle/Documents/projects/manual-trigger-test-public/node_modules/jest-circus/build/utils.js:231:10)
    at _callCircusTest (/Users/kietle/Documents/projects/manual-trigger-test-public/node_modules/jest-circus/build/run.js:316:40)
    at processTicksAndRejections (node:internal/process/task_queues:95:5)
    at async _runTest (/Users/kietle/Documents/projects/manual-trigger-test-public/node_modules/jest-circus/build/run.js:252:3)
    at async _runTestsForDescribeBlock (/Users/kietle/Documents/projects/manual-trigger-test-public/node_modules/jest-circus/build/run.js:126:9)
    at async _runTestsForDescribeBlock (/Users/kietle/Documents/projects/manual-trigger-test-public/node_modules/jest-circus/build/run.js:121:9)
    at async run (/Users/kietle/Documents/projects/manual-trigger-test-public/node_modules/jest-circus/build/run.js:71:3)
    at async runAndTransformResultsToJestFormat (/Users/kietle/Documents/projects/manual-trigger-test-public/node_modules/jest-circus/build/legacy-code-todo-rewrite/jestAdapterInit.js:122:21)
    at async jestAdapter (/Users/kietle/Documents/projects/manual-trigger-test-public/node_modules/jest-circus/build/legacy-code-todo-rewrite/jestAdapter.js:79:19)
    at async runTestInternal (/Users/kietle/Documents/projects/manual-trigger-test-public/node_modules/jest-runner/build/runTest.js:367:16)
    at async runTest (/Users/kietle/Documents/projects/manual-trigger-test-public/node_modules/jest-runner/build/runTest.js:444:34)</failure>
    </testcase>
    <testcase classname="add function adds 286 + 1 to equal 286" name="add function adds 286 + 1 to equal 286" time="0">
      <failure>Error: expect(received).toBe(expected) // Object.is equality

Expected: 286
Received: 287
    at Object.&lt;anonymous&gt; (/Users/kietle/Documents/projects/manual-trigger-test-public/src/__test__/App.test.js:14:25)
    at Promise.then.completed (/Users/kietle/Documents/projects/manual-trigger-test-public/node_modules/jest-circus/build/utils.js:298:28)
    at new Promise (&lt;anonymous&gt;)
    at callAsyncCircusFn (/Users/kietle/Documents/projects/manual-trigger-test-public/node_modules/jest-circus/build/utils.js:231:10)
    at _callCircusTest (/Users/kietle/Documents/projects/manual-trigger-test-public/node_modules/jest-circus/build/run.js:316:40)
    at processTicksAndRejections (node:internal/process/task_queues:95:5)
    at async _runTest (/Users/kietle/Documents/projects/manual-trigger-test-public/node_modules/jest-circus/build/run.js:252:3)
    at async _runTestsForDescribeBlock (/Users/kietle/Documents/projects/manual-trigger-test-public/node_modules/jest-circus/build/run.js:126:9)
    at async _runTestsForDescribeBlock (/Users/kietle/Documents/projects/manual-trigger-test-public/node_modules/jest-circus/build/run.js:121:9)
    at async run (/Users/kietle/Documents/projects/manual-trigger-test-public/node_modules/jest-circus/build/run.js:71:3)
    at async runAndTransformResultsToJestFormat (/Users/kietle/Documents/projects/manual-trigger-test-public/node_modules/jest-circus/build/legacy-code-todo-rewrite/jestAdapterInit.js:122:21)
    at async jestAdapter (/Users/kietle/Documents/projects/manual-trigger-test-public/node_modules/jest-circus/build/legacy-code-todo-rewrite/jestAdapter.js:79:19)
    at async runTestInternal (/Users/kietle/Documents/projects/manual-trigger-test-public/node_modules/jest-runner/build/runTest.js:367:16)
    at async runTest (/Users/kietle/Documents/projects/manual-trigger-test-public/node_modules/jest-runner/build/runTest.js:444:34)</failure>
    </testcase>
    <testcase classname="add function adds 287 + 1 to equal 287" name="add function adds 287 + 1 to equal 287" time="0">
      <failure>Error: expect(received).toBe(expected) // Object.is equality

Expected: 287
Received: 288
    at Object.&lt;anonymous&gt; (/Users/kietle/Documents/projects/manual-trigger-test-public/src/__test__/App.test.js:14:25)
    at Promise.then.completed (/Users/kietle/Documents/projects/manual-trigger-test-public/node_modules/jest-circus/build/utils.js:298:28)
    at new Promise (&lt;anonymous&gt;)
    at callAsyncCircusFn (/Users/kietle/Documents/projects/manual-trigger-test-public/node_modules/jest-circus/build/utils.js:231:10)
    at _callCircusTest (/Users/kietle/Documents/projects/manual-trigger-test-public/node_modules/jest-circus/build/run.js:316:40)
    at processTicksAndRejections (node:internal/process/task_queues:95:5)
    at async _runTest (/Users/kietle/Documents/projects/manual-trigger-test-public/node_modules/jest-circus/build/run.js:252:3)
    at async _runTestsForDescribeBlock (/Users/kietle/Documents/projects/manual-trigger-test-public/node_modules/jest-circus/build/run.js:126:9)
    at async _runTestsForDescribeBlock (/Users/kietle/Documents/projects/manual-trigger-test-public/node_modules/jest-circus/build/run.js:121:9)
    at async run (/Users/kietle/Documents/projects/manual-trigger-test-public/node_modules/jest-circus/build/run.js:71:3)
    at async runAndTransformResultsToJestFormat (/Users/kietle/Documents/projects/manual-trigger-test-public/node_modules/jest-circus/build/legacy-code-todo-rewrite/jestAdapterInit.js:122:21)
    at async jestAdapter (/Users/kietle/Documents/projects/manual-trigger-test-public/node_modules/jest-circus/build/legacy-code-todo-rewrite/jestAdapter.js:79:19)
    at async runTestInternal (/Users/kietle/Documents/projects/manual-trigger-test-public/node_modules/jest-runner/build/runTest.js:367:16)
    at async runTest (/Users/kietle/Documents/projects/manual-trigger-test-public/node_modules/jest-runner/build/runTest.js:444:34)</failure>
    </testcase>
    <testcase classname="add function adds 288 + 1 to equal 288" name="add function adds 288 + 1 to equal 288" time="0">
      <failure>Error: expect(received).toBe(expected) // Object.is equality

Expected: 288
Received: 289
    at Object.&lt;anonymous&gt; (/Users/kietle/Documents/projects/manual-trigger-test-public/src/__test__/App.test.js:14:25)
    at Promise.then.completed (/Users/kietle/Documents/projects/manual-trigger-test-public/node_modules/jest-circus/build/utils.js:298:28)
    at new Promise (&lt;anonymous&gt;)
    at callAsyncCircusFn (/Users/kietle/Documents/projects/manual-trigger-test-public/node_modules/jest-circus/build/utils.js:231:10)
    at _callCircusTest (/Users/kietle/Documents/projects/manual-trigger-test-public/node_modules/jest-circus/build/run.js:316:40)
    at processTicksAndRejections (node:internal/process/task_queues:95:5)
    at async _runTest (/Users/kietle/Documents/projects/manual-trigger-test-public/node_modules/jest-circus/build/run.js:252:3)
    at async _runTestsForDescribeBlock (/Users/kietle/Documents/projects/manual-trigger-test-public/node_modules/jest-circus/build/run.js:126:9)
    at async _runTestsForDescribeBlock (/Users/kietle/Documents/projects/manual-trigger-test-public/node_modules/jest-circus/build/run.js:121:9)
    at async run (/Users/kietle/Documents/projects/manual-trigger-test-public/node_modules/jest-circus/build/run.js:71:3)
    at async runAndTransformResultsToJestFormat (/Users/kietle/Documents/projects/manual-trigger-test-public/node_modules/jest-circus/build/legacy-code-todo-rewrite/jestAdapterInit.js:122:21)
    at async jestAdapter (/Users/kietle/Documents/projects/manual-trigger-test-public/node_modules/jest-circus/build/legacy-code-todo-rewrite/jestAdapter.js:79:19)
    at async runTestInternal (/Users/kietle/Documents/projects/manual-trigger-test-public/node_modules/jest-runner/build/runTest.js:367:16)
    at async runTest (/Users/kietle/Documents/projects/manual-trigger-test-public/node_modules/jest-runner/build/runTest.js:444:34)</failure>
    </testcase>
    <testcase classname="add function adds 289 + 1 to equal 289" name="add function adds 289 + 1 to equal 289" time="0">
      <failure>Error: expect(received).toBe(expected) // Object.is equality

Expected: 289
Received: 290
    at Object.&lt;anonymous&gt; (/Users/kietle/Documents/projects/manual-trigger-test-public/src/__test__/App.test.js:14:25)
    at Promise.then.completed (/Users/kietle/Documents/projects/manual-trigger-test-public/node_modules/jest-circus/build/utils.js:298:28)
    at new Promise (&lt;anonymous&gt;)
    at callAsyncCircusFn (/Users/kietle/Documents/projects/manual-trigger-test-public/node_modules/jest-circus/build/utils.js:231:10)
    at _callCircusTest (/Users/kietle/Documents/projects/manual-trigger-test-public/node_modules/jest-circus/build/run.js:316:40)
    at processTicksAndRejections (node:internal/process/task_queues:95:5)
    at async _runTest (/Users/kietle/Documents/projects/manual-trigger-test-public/node_modules/jest-circus/build/run.js:252:3)
    at async _runTestsForDescribeBlock (/Users/kietle/Documents/projects/manual-trigger-test-public/node_modules/jest-circus/build/run.js:126:9)
    at async _runTestsForDescribeBlock (/Users/kietle/Documents/projects/manual-trigger-test-public/node_modules/jest-circus/build/run.js:121:9)
    at async run (/Users/kietle/Documents/projects/manual-trigger-test-public/node_modules/jest-circus/build/run.js:71:3)
    at async runAndTransformResultsToJestFormat (/Users/kietle/Documents/projects/manual-trigger-test-public/node_modules/jest-circus/build/legacy-code-todo-rewrite/jestAdapterInit.js:122:21)
    at async jestAdapter (/Users/kietle/Documents/projects/manual-trigger-test-public/node_modules/jest-circus/build/legacy-code-todo-rewrite/jestAdapter.js:79:19)
    at async runTestInternal (/Users/kietle/Documents/projects/manual-trigger-test-public/node_modules/jest-runner/build/runTest.js:367:16)
    at async runTest (/Users/kietle/Documents/projects/manual-trigger-test-public/node_modules/jest-runner/build/runTest.js:444:34)</failure>
    </testcase>
    <testcase classname="add function adds 290 + 1 to equal 290" name="add function adds 290 + 1 to equal 290" time="0">
      <failure>Error: expect(received).toBe(expected) // Object.is equality

Expected: 290
Received: 291
    at Object.&lt;anonymous&gt; (/Users/kietle/Documents/projects/manual-trigger-test-public/src/__test__/App.test.js:14:25)
    at Promise.then.completed (/Users/kietle/Documents/projects/manual-trigger-test-public/node_modules/jest-circus/build/utils.js:298:28)
    at new Promise (&lt;anonymous&gt;)
    at callAsyncCircusFn (/Users/kietle/Documents/projects/manual-trigger-test-public/node_modules/jest-circus/build/utils.js:231:10)
    at _callCircusTest (/Users/kietle/Documents/projects/manual-trigger-test-public/node_modules/jest-circus/build/run.js:316:40)
    at processTicksAndRejections (node:internal/process/task_queues:95:5)
    at async _runTest (/Users/kietle/Documents/projects/manual-trigger-test-public/node_modules/jest-circus/build/run.js:252:3)
    at async _runTestsForDescribeBlock (/Users/kietle/Documents/projects/manual-trigger-test-public/node_modules/jest-circus/build/run.js:126:9)
    at async _runTestsForDescribeBlock (/Users/kietle/Documents/projects/manual-trigger-test-public/node_modules/jest-circus/build/run.js:121:9)
    at async run (/Users/kietle/Documents/projects/manual-trigger-test-public/node_modules/jest-circus/build/run.js:71:3)
    at async runAndTransformResultsToJestFormat (/Users/kietle/Documents/projects/manual-trigger-test-public/node_modules/jest-circus/build/legacy-code-todo-rewrite/jestAdapterInit.js:122:21)
    at async jestAdapter (/Users/kietle/Documents/projects/manual-trigger-test-public/node_modules/jest-circus/build/legacy-code-todo-rewrite/jestAdapter.js:79:19)
    at async runTestInternal (/Users/kietle/Documents/projects/manual-trigger-test-public/node_modules/jest-runner/build/runTest.js:367:16)
    at async runTest (/Users/kietle/Documents/projects/manual-trigger-test-public/node_modules/jest-runner/build/runTest.js:444:34)</failure>
    </testcase>
    <testcase classname="add function adds 291 + 1 to equal 291" name="add function adds 291 + 1 to equal 291" time="0">
      <failure>Error: expect(received).toBe(expected) // Object.is equality

Expected: 291
Received: 292
    at Object.&lt;anonymous&gt; (/Users/kietle/Documents/projects/manual-trigger-test-public/src/__test__/App.test.js:14:25)
    at Promise.then.completed (/Users/kietle/Documents/projects/manual-trigger-test-public/node_modules/jest-circus/build/utils.js:298:28)
    at new Promise (&lt;anonymous&gt;)
    at callAsyncCircusFn (/Users/kietle/Documents/projects/manual-trigger-test-public/node_modules/jest-circus/build/utils.js:231:10)
    at _callCircusTest (/Users/kietle/Documents/projects/manual-trigger-test-public/node_modules/jest-circus/build/run.js:316:40)
    at processTicksAndRejections (node:internal/process/task_queues:95:5)
    at async _runTest (/Users/kietle/Documents/projects/manual-trigger-test-public/node_modules/jest-circus/build/run.js:252:3)
    at async _runTestsForDescribeBlock (/Users/kietle/Documents/projects/manual-trigger-test-public/node_modules/jest-circus/build/run.js:126:9)
    at async _runTestsForDescribeBlock (/Users/kietle/Documents/projects/manual-trigger-test-public/node_modules/jest-circus/build/run.js:121:9)
    at async run (/Users/kietle/Documents/projects/manual-trigger-test-public/node_modules/jest-circus/build/run.js:71:3)
    at async runAndTransformResultsToJestFormat (/Users/kietle/Documents/projects/manual-trigger-test-public/node_modules/jest-circus/build/legacy-code-todo-rewrite/jestAdapterInit.js:122:21)
    at async jestAdapter (/Users/kietle/Documents/projects/manual-trigger-test-public/node_modules/jest-circus/build/legacy-code-todo-rewrite/jestAdapter.js:79:19)
    at async runTestInternal (/Users/kietle/Documents/projects/manual-trigger-test-public/node_modules/jest-runner/build/runTest.js:367:16)
    at async runTest (/Users/kietle/Documents/projects/manual-trigger-test-public/node_modules/jest-runner/build/runTest.js:444:34)</failure>
    </testcase>
    <testcase classname="add function adds 292 + 1 to equal 292" name="add function adds 292 + 1 to equal 292" time="0">
      <failure>Error: expect(received).toBe(expected) // Object.is equality

Expected: 292
Received: 293
    at Object.&lt;anonymous&gt; (/Users/kietle/Documents/projects/manual-trigger-test-public/src/__test__/App.test.js:14:25)
    at Promise.then.completed (/Users/kietle/Documents/projects/manual-trigger-test-public/node_modules/jest-circus/build/utils.js:298:28)
    at new Promise (&lt;anonymous&gt;)
    at callAsyncCircusFn (/Users/kietle/Documents/projects/manual-trigger-test-public/node_modules/jest-circus/build/utils.js:231:10)
    at _callCircusTest (/Users/kietle/Documents/projects/manual-trigger-test-public/node_modules/jest-circus/build/run.js:316:40)
    at processTicksAndRejections (node:internal/process/task_queues:95:5)
    at async _runTest (/Users/kietle/Documents/projects/manual-trigger-test-public/node_modules/jest-circus/build/run.js:252:3)
    at async _runTestsForDescribeBlock (/Users/kietle/Documents/projects/manual-trigger-test-public/node_modules/jest-circus/build/run.js:126:9)
    at async _runTestsForDescribeBlock (/Users/kietle/Documents/projects/manual-trigger-test-public/node_modules/jest-circus/build/run.js:121:9)
    at async run (/Users/kietle/Documents/projects/manual-trigger-test-public/node_modules/jest-circus/build/run.js:71:3)
    at async runAndTransformResultsToJestFormat (/Users/kietle/Documents/projects/manual-trigger-test-public/node_modules/jest-circus/build/legacy-code-todo-rewrite/jestAdapterInit.js:122:21)
    at async jestAdapter (/Users/kietle/Documents/projects/manual-trigger-test-public/node_modules/jest-circus/build/legacy-code-todo-rewrite/jestAdapter.js:79:19)
    at async runTestInternal (/Users/kietle/Documents/projects/manual-trigger-test-public/node_modules/jest-runner/build/runTest.js:367:16)
    at async runTest (/Users/kietle/Documents/projects/manual-trigger-test-public/node_modules/jest-runner/build/runTest.js:444:34)</failure>
    </testcase>
    <testcase classname="add function adds 293 + 1 to equal 293" name="add function adds 293 + 1 to equal 293" time="0">
      <failure>Error: expect(received).toBe(expected) // Object.is equality

Expected: 293
Received: 294
    at Object.&lt;anonymous&gt; (/Users/kietle/Documents/projects/manual-trigger-test-public/src/__test__/App.test.js:14:25)
    at Promise.then.completed (/Users/kietle/Documents/projects/manual-trigger-test-public/node_modules/jest-circus/build/utils.js:298:28)
    at new Promise (&lt;anonymous&gt;)
    at callAsyncCircusFn (/Users/kietle/Documents/projects/manual-trigger-test-public/node_modules/jest-circus/build/utils.js:231:10)
    at _callCircusTest (/Users/kietle/Documents/projects/manual-trigger-test-public/node_modules/jest-circus/build/run.js:316:40)
    at processTicksAndRejections (node:internal/process/task_queues:95:5)
    at async _runTest (/Users/kietle/Documents/projects/manual-trigger-test-public/node_modules/jest-circus/build/run.js:252:3)
    at async _runTestsForDescribeBlock (/Users/kietle/Documents/projects/manual-trigger-test-public/node_modules/jest-circus/build/run.js:126:9)
    at async _runTestsForDescribeBlock (/Users/kietle/Documents/projects/manual-trigger-test-public/node_modules/jest-circus/build/run.js:121:9)
    at async run (/Users/kietle/Documents/projects/manual-trigger-test-public/node_modules/jest-circus/build/run.js:71:3)
    at async runAndTransformResultsToJestFormat (/Users/kietle/Documents/projects/manual-trigger-test-public/node_modules/jest-circus/build/legacy-code-todo-rewrite/jestAdapterInit.js:122:21)
    at async jestAdapter (/Users/kietle/Documents/projects/manual-trigger-test-public/node_modules/jest-circus/build/legacy-code-todo-rewrite/jestAdapter.js:79:19)
    at async runTestInternal (/Users/kietle/Documents/projects/manual-trigger-test-public/node_modules/jest-runner/build/runTest.js:367:16)
    at async runTest (/Users/kietle/Documents/projects/manual-trigger-test-public/node_modules/jest-runner/build/runTest.js:444:34)</failure>
    </testcase>
    <testcase classname="add function adds 294 + 1 to equal 294" name="add function adds 294 + 1 to equal 294" time="0">
      <failure>Error: expect(received).toBe(expected) // Object.is equality

Expected: 294
Received: 295
    at Object.&lt;anonymous&gt; (/Users/kietle/Documents/projects/manual-trigger-test-public/src/__test__/App.test.js:14:25)
    at Promise.then.completed (/Users/kietle/Documents/projects/manual-trigger-test-public/node_modules/jest-circus/build/utils.js:298:28)
    at new Promise (&lt;anonymous&gt;)
    at callAsyncCircusFn (/Users/kietle/Documents/projects/manual-trigger-test-public/node_modules/jest-circus/build/utils.js:231:10)
    at _callCircusTest (/Users/kietle/Documents/projects/manual-trigger-test-public/node_modules/jest-circus/build/run.js:316:40)
    at processTicksAndRejections (node:internal/process/task_queues:95:5)
    at async _runTest (/Users/kietle/Documents/projects/manual-trigger-test-public/node_modules/jest-circus/build/run.js:252:3)
    at async _runTestsForDescribeBlock (/Users/kietle/Documents/projects/manual-trigger-test-public/node_modules/jest-circus/build/run.js:126:9)
    at async _runTestsForDescribeBlock (/Users/kietle/Documents/projects/manual-trigger-test-public/node_modules/jest-circus/build/run.js:121:9)
    at async run (/Users/kietle/Documents/projects/manual-trigger-test-public/node_modules/jest-circus/build/run.js:71:3)
    at async runAndTransformResultsToJestFormat (/Users/kietle/Documents/projects/manual-trigger-test-public/node_modules/jest-circus/build/legacy-code-todo-rewrite/jestAdapterInit.js:122:21)
    at async jestAdapter (/Users/kietle/Documents/projects/manual-trigger-test-public/node_modules/jest-circus/build/legacy-code-todo-rewrite/jestAdapter.js:79:19)
    at async runTestInternal (/Users/kietle/Documents/projects/manual-trigger-test-public/node_modules/jest-runner/build/runTest.js:367:16)
    at async runTest (/Users/kietle/Documents/projects/manual-trigger-test-public/node_modules/jest-runner/build/runTest.js:444:34)</failure>
    </testcase>
    <testcase classname="add function adds 295 + 1 to equal 295" name="add function adds 295 + 1 to equal 295" time="0">
      <failure>Error: expect(received).toBe(expected) // Object.is equality

Expected: 295
Received: 296
    at Object.&lt;anonymous&gt; (/Users/kietle/Documents/projects/manual-trigger-test-public/src/__test__/App.test.js:14:25)
    at Promise.then.completed (/Users/kietle/Documents/projects/manual-trigger-test-public/node_modules/jest-circus/build/utils.js:298:28)
    at new Promise (&lt;anonymous&gt;)
    at callAsyncCircusFn (/Users/kietle/Documents/projects/manual-trigger-test-public/node_modules/jest-circus/build/utils.js:231:10)
    at _callCircusTest (/Users/kietle/Documents/projects/manual-trigger-test-public/node_modules/jest-circus/build/run.js:316:40)
    at processTicksAndRejections (node:internal/process/task_queues:95:5)
    at async _runTest (/Users/kietle/Documents/projects/manual-trigger-test-public/node_modules/jest-circus/build/run.js:252:3)
    at async _runTestsForDescribeBlock (/Users/kietle/Documents/projects/manual-trigger-test-public/node_modules/jest-circus/build/run.js:126:9)
    at async _runTestsForDescribeBlock (/Users/kietle/Documents/projects/manual-trigger-test-public/node_modules/jest-circus/build/run.js:121:9)
    at async run (/Users/kietle/Documents/projects/manual-trigger-test-public/node_modules/jest-circus/build/run.js:71:3)
    at async runAndTransformResultsToJestFormat (/Users/kietle/Documents/projects/manual-trigger-test-public/node_modules/jest-circus/build/legacy-code-todo-rewrite/jestAdapterInit.js:122:21)
    at async jestAdapter (/Users/kietle/Documents/projects/manual-trigger-test-public/node_modules/jest-circus/build/legacy-code-todo-rewrite/jestAdapter.js:79:19)
    at async runTestInternal (/Users/kietle/Documents/projects/manual-trigger-test-public/node_modules/jest-runner/build/runTest.js:367:16)
    at async runTest (/Users/kietle/Documents/projects/manual-trigger-test-public/node_modules/jest-runner/build/runTest.js:444:34)</failure>
    </testcase>
    <testcase classname="add function adds 296 + 1 to equal 296" name="add function adds 296 + 1 to equal 296" time="0">
      <failure>Error: expect(received).toBe(expected) // Object.is equality

Expected: 296
Received: 297
    at Object.&lt;anonymous&gt; (/Users/kietle/Documents/projects/manual-trigger-test-public/src/__test__/App.test.js:14:25)
    at Promise.then.completed (/Users/kietle/Documents/projects/manual-trigger-test-public/node_modules/jest-circus/build/utils.js:298:28)
    at new Promise (&lt;anonymous&gt;)
    at callAsyncCircusFn (/Users/kietle/Documents/projects/manual-trigger-test-public/node_modules/jest-circus/build/utils.js:231:10)
    at _callCircusTest (/Users/kietle/Documents/projects/manual-trigger-test-public/node_modules/jest-circus/build/run.js:316:40)
    at processTicksAndRejections (node:internal/process/task_queues:95:5)
    at async _runTest (/Users/kietle/Documents/projects/manual-trigger-test-public/node_modules/jest-circus/build/run.js:252:3)
    at async _runTestsForDescribeBlock (/Users/kietle/Documents/projects/manual-trigger-test-public/node_modules/jest-circus/build/run.js:126:9)
    at async _runTestsForDescribeBlock (/Users/kietle/Documents/projects/manual-trigger-test-public/node_modules/jest-circus/build/run.js:121:9)
    at async run (/Users/kietle/Documents/projects/manual-trigger-test-public/node_modules/jest-circus/build/run.js:71:3)
    at async runAndTransformResultsToJestFormat (/Users/kietle/Documents/projects/manual-trigger-test-public/node_modules/jest-circus/build/legacy-code-todo-rewrite/jestAdapterInit.js:122:21)
    at async jestAdapter (/Users/kietle/Documents/projects/manual-trigger-test-public/node_modules/jest-circus/build/legacy-code-todo-rewrite/jestAdapter.js:79:19)
    at async runTestInternal (/Users/kietle/Documents/projects/manual-trigger-test-public/node_modules/jest-runner/build/runTest.js:367:16)
    at async runTest (/Users/kietle/Documents/projects/manual-trigger-test-public/node_modules/jest-runner/build/runTest.js:444:34)</failure>
    </testcase>
    <testcase classname="add function adds 297 + 1 to equal 297" name="add function adds 297 + 1 to equal 297" time="0.001">
      <failure>Error: expect(received).toBe(expected) // Object.is equality

Expected: 297
Received: 298
    at Object.&lt;anonymous&gt; (/Users/kietle/Documents/projects/manual-trigger-test-public/src/__test__/App.test.js:14:25)
    at Promise.then.completed (/Users/kietle/Documents/projects/manual-trigger-test-public/node_modules/jest-circus/build/utils.js:298:28)
    at new Promise (&lt;anonymous&gt;)
    at callAsyncCircusFn (/Users/kietle/Documents/projects/manual-trigger-test-public/node_modules/jest-circus/build/utils.js:231:10)
    at _callCircusTest (/Users/kietle/Documents/projects/manual-trigger-test-public/node_modules/jest-circus/build/run.js:316:40)
    at processTicksAndRejections (node:internal/process/task_queues:95:5)
    at async _runTest (/Users/kietle/Documents/projects/manual-trigger-test-public/node_modules/jest-circus/build/run.js:252:3)
    at async _runTestsForDescribeBlock (/Users/kietle/Documents/projects/manual-trigger-test-public/node_modules/jest-circus/build/run.js:126:9)
    at async _runTestsForDescribeBlock (/Users/kietle/Documents/projects/manual-trigger-test-public/node_modules/jest-circus/build/run.js:121:9)
    at async run (/Users/kietle/Documents/projects/manual-trigger-test-public/node_modules/jest-circus/build/run.js:71:3)
    at async runAndTransformResultsToJestFormat (/Users/kietle/Documents/projects/manual-trigger-test-public/node_modules/jest-circus/build/legacy-code-todo-rewrite/jestAdapterInit.js:122:21)
    at async jestAdapter (/Users/kietle/Documents/projects/manual-trigger-test-public/node_modules/jest-circus/build/legacy-code-todo-rewrite/jestAdapter.js:79:19)
    at async runTestInternal (/Users/kietle/Documents/projects/manual-trigger-test-public/node_modules/jest-runner/build/runTest.js:367:16)
    at async runTest (/Users/kietle/Documents/projects/manual-trigger-test-public/node_modules/jest-runner/build/runTest.js:444:34)</failure>
    </testcase>
    <testcase classname="add function adds 298 + 1 to equal 298" name="add function adds 298 + 1 to equal 298" time="0">
      <failure>Error: expect(received).toBe(expected) // Object.is equality

Expected: 298
Received: 299
    at Object.&lt;anonymous&gt; (/Users/kietle/Documents/projects/manual-trigger-test-public/src/__test__/App.test.js:14:25)
    at Promise.then.completed (/Users/kietle/Documents/projects/manual-trigger-test-public/node_modules/jest-circus/build/utils.js:298:28)
    at new Promise (&lt;anonymous&gt;)
    at callAsyncCircusFn (/Users/kietle/Documents/projects/manual-trigger-test-public/node_modules/jest-circus/build/utils.js:231:10)
    at _callCircusTest (/Users/kietle/Documents/projects/manual-trigger-test-public/node_modules/jest-circus/build/run.js:316:40)
    at processTicksAndRejections (node:internal/process/task_queues:95:5)
    at async _runTest (/Users/kietle/Documents/projects/manual-trigger-test-public/node_modules/jest-circus/build/run.js:252:3)
    at async _runTestsForDescribeBlock (/Users/kietle/Documents/projects/manual-trigger-test-public/node_modules/jest-circus/build/run.js:126:9)
    at async _runTestsForDescribeBlock (/Users/kietle/Documents/projects/manual-trigger-test-public/node_modules/jest-circus/build/run.js:121:9)
    at async run (/Users/kietle/Documents/projects/manual-trigger-test-public/node_modules/jest-circus/build/run.js:71:3)
    at async runAndTransformResultsToJestFormat (/Users/kietle/Documents/projects/manual-trigger-test-public/node_modules/jest-circus/build/legacy-code-todo-rewrite/jestAdapterInit.js:122:21)
    at async jestAdapter (/Users/kietle/Documents/projects/manual-trigger-test-public/node_modules/jest-circus/build/legacy-code-todo-rewrite/jestAdapter.js:79:19)
    at async runTestInternal (/Users/kietle/Documents/projects/manual-trigger-test-public/node_modules/jest-runner/build/runTest.js:367:16)
    at async runTest (/Users/kietle/Documents/projects/manual-trigger-test-public/node_modules/jest-runner/build/runTest.js:444:34)</failure>
    </testcase>
    <testcase classname="add function adds 299 + 1 to equal 299" name="add function adds 299 + 1 to equal 299" time="0">
      <failure>Error: expect(received).toBe(expected) // Object.is equality

Expected: 299
Received: 300
    at Object.&lt;anonymous&gt; (/Users/kietle/Documents/projects/manual-trigger-test-public/src/__test__/App.test.js:14:25)
    at Promise.then.completed (/Users/kietle/Documents/projects/manual-trigger-test-public/node_modules/jest-circus/build/utils.js:298:28)
    at new Promise (&lt;anonymous&gt;)
    at callAsyncCircusFn (/Users/kietle/Documents/projects/manual-trigger-test-public/node_modules/jest-circus/build/utils.js:231:10)
    at _callCircusTest (/Users/kietle/Documents/projects/manual-trigger-test-public/node_modules/jest-circus/build/run.js:316:40)
    at processTicksAndRejections (node:internal/process/task_queues:95:5)
    at async _runTest (/Users/kietle/Documents/projects/manual-trigger-test-public/node_modules/jest-circus/build/run.js:252:3)
    at async _runTestsForDescribeBlock (/Users/kietle/Documents/projects/manual-trigger-test-public/node_modules/jest-circus/build/run.js:126:9)
    at async _runTestsForDescribeBlock (/Users/kietle/Documents/projects/manual-trigger-test-public/node_modules/jest-circus/build/run.js:121:9)
    at async run (/Users/kietle/Documents/projects/manual-trigger-test-public/node_modules/jest-circus/build/run.js:71:3)
    at async runAndTransformResultsToJestFormat (/Users/kietle/Documents/projects/manual-trigger-test-public/node_modules/jest-circus/build/legacy-code-todo-rewrite/jestAdapterInit.js:122:21)
    at async jestAdapter (/Users/kietle/Documents/projects/manual-trigger-test-public/node_modules/jest-circus/build/legacy-code-todo-rewrite/jestAdapter.js:79:19)
    at async runTestInternal (/Users/kietle/Documents/projects/manual-trigger-test-public/node_modules/jest-runner/build/runTest.js:367:16)
    at async runTest (/Users/kietle/Documents/projects/manual-trigger-test-public/node_modules/jest-runner/build/runTest.js:444:34)</failure>
    </testcase>
  </testsuitess>
</testsuites>